cuequivariance or cuequivariance_torch is not available. Cuequivariance acceleration will be disabled.
False
Results directory samples/ already exists. Exiting.
Reading data from:  ./raw/bi4-2_parsed.csv
['./raw/bi4-2_parsed.csv']
Reading data from:  ./raw/bi4-2_parsed.csv
[-23366.054471764663]
(4, 3)
Loading saved bootstrap sample 0
Training model 0
Using latent charge and penalty 10
2025-04-29 19:43:05.300 INFO: ===========VERIFYING SETTINGS===========
2025-04-29 19:43:05.300 INFO: MACE version: 0.3.10
2025-04-29 19:43:05.374 INFO: CUDA version: 12.1, CUDA device: 0
default
2025-04-29 19:43:05.443 INFO: ===========LOADING INPUT DATA===========
2025-04-29 19:43:05.443 INFO: Using heads: ['default']
2025-04-29 19:43:05.443 INFO: =============    Processing head default     ===========
2025-04-29 19:43:05.444 INFO: Total number of configurations: train=360, valid=90, 
2025-04-29 19:43:05.448 INFO: Atomic Numbers used: [83]
2025-04-29 19:43:05.448 INFO: Computing average Atomic Energies using least squares regression
{'default': {83: -5841.465865071615}}
2025-04-29 19:43:05.455 INFO: Atomic Energies used (z: eV) for head default: {83: -5841.465865071615}
2025-04-29 19:43:05.569 INFO: Computing average number of neighbors
2025-04-29 19:43:08.233 INFO: Average number of neighbors: 3.0
2025-04-29 19:43:08.234 INFO: During training the following quantities will be reported: energy, forces
2025-04-29 19:43:08.234 INFO: ===========MODEL DETAILS===========
2025-04-29 19:43:08.234 INFO: Building model
2025-04-29 19:43:08.234 INFO: Message passing with 128 channels and max_L=1 (128x0e+128x1o)
2025-04-29 19:43:08.234 INFO: 2 layers, each with correlation order: 3 (body order: 4) and spherical harmonics up to: l=3
2025-04-29 19:43:08.234 INFO: 8 radial and 5 basis functions
2025-04-29 19:43:08.234 INFO: Radial cutoff: 9.0 A (total receptive field for each atom: 18.0 A)
2025-04-29 19:43:08.234 INFO: Distance transform for radial basis functions: None
2025-04-29 19:43:08.234 INFO: Hidden irreps: 128x0e+128x1o
2025-04-29 19:43:08.511 INFO: Mean: 0.0001737652403541936, Std: [0.83874909]
0.0 [0.83874909]
2025-04-29 19:43:08.512 INFO: Scale: [0.83874909], Shift: 0.0
2025-04-29 19:43:09.810 INFO: Total number of parameters: 509618
2025-04-29 19:43:09.810 INFO: 
2025-04-29 19:43:09.810 INFO: ===========OPTIMIZER INFORMATION===========
2025-04-29 19:43:09.810 INFO: Using ADAM as parameter optimizer
2025-04-29 19:43:09.810 INFO: Batch size: 32
2025-04-29 19:43:09.810 INFO: Using Exponential Moving Average with decay: 0.99
2025-04-29 19:43:09.810 INFO: Number of gradient updates: 2250
2025-04-29 19:43:09.810 INFO: Learning rate: 0.01, weight decay: 5e-07
2025-04-29 19:43:09.810 INFO: WeightedEnergyForcesChargeLoss(energy_weight=1.000, forces_weight=100.000, charge_penalty_weight=10.000)
2025-04-29 19:43:09.812 INFO: Using gradient clipping with tolerance=10.000
2025-04-29 19:43:09.812 INFO: 
2025-04-29 19:43:09.812 INFO: ===========TRAINING===========
2025-04-29 19:43:09.812 INFO: Started training, reporting errors on validation set
2025-04-29 19:43:09.812 INFO: Loss metrics on validation set
2025-04-29 19:43:12.402 INFO: Initial: head: validation, loss=33.21768062, MAE_E= 8397.25 meV, MAE_F=  524.93 meV / A
2025-04-29 19:43:17.726 INFO: Epoch 0: head: train, loss=0.50197136, MAE_E= 2316.57 meV, MAE_F=  199.75 meV / A
2025-04-29 19:43:19.027 INFO: Epoch 0: head: validation, loss=0.40794106, MAE_E= 2306.10 meV, MAE_F=  185.87 meV / A
2025-04-29 19:43:21.246 INFO: Epoch 1: head: train, loss=1.06843098, MAE_E=  348.77 meV, MAE_F=  140.11 meV / A
2025-04-29 19:43:21.793 INFO: Epoch 1: head: validation, loss=1.05949514, MAE_E=  344.90 meV, MAE_F=  137.46 meV / A
2025-04-29 19:43:23.925 INFO: Epoch 2: head: train, loss=0.18661389, MAE_E= 2738.64 meV, MAE_F=  162.36 meV / A
2025-04-29 19:43:24.467 INFO: Epoch 2: head: validation, loss=0.21155148, MAE_E= 2740.14 meV, MAE_F=  164.54 meV / A
2025-04-29 19:43:26.688 INFO: Epoch 3: head: train, loss=0.12940502, MAE_E= 3042.77 meV, MAE_F=  128.35 meV / A
2025-04-29 19:43:27.267 INFO: Epoch 3: head: validation, loss=0.10933540, MAE_E= 3036.92 meV, MAE_F=  121.89 meV / A
2025-04-29 19:43:29.481 INFO: Epoch 4: head: train, loss=0.49369089, MAE_E= 8370.73 meV, MAE_F=  271.62 meV / A
2025-04-29 19:43:30.028 INFO: Epoch 4: head: validation, loss=0.50146431, MAE_E= 8367.63 meV, MAE_F=  270.53 meV / A
2025-04-29 19:43:32.230 INFO: Epoch 5: head: train, loss=0.12818028, MAE_E= 3177.98 meV, MAE_F=  133.39 meV / A
2025-04-29 19:43:32.764 INFO: Epoch 5: head: validation, loss=0.11249394, MAE_E= 3181.60 meV, MAE_F=  129.90 meV / A
2025-04-29 19:43:34.996 INFO: Epoch 6: head: train, loss=0.07475146, MAE_E= 1971.39 meV, MAE_F=   98.88 meV / A
2025-04-29 19:43:35.505 INFO: Epoch 6: head: validation, loss=0.06556471, MAE_E= 1967.78 meV, MAE_F=   96.08 meV / A
2025-04-29 19:43:37.762 INFO: Epoch 7: head: train, loss=0.03977476, MAE_E=  413.30 meV, MAE_F=   78.24 meV / A
2025-04-29 19:43:38.313 INFO: Epoch 7: head: validation, loss=0.03413834, MAE_E=  409.33 meV, MAE_F=   75.55 meV / A
2025-04-29 19:43:40.564 INFO: Epoch 8: head: train, loss=0.02564405, MAE_E=  513.67 meV, MAE_F=   65.91 meV / A
2025-04-29 19:43:41.131 INFO: Epoch 8: head: validation, loss=0.02299048, MAE_E=  511.13 meV, MAE_F=   63.92 meV / A
2025-04-29 19:43:43.370 INFO: Epoch 9: head: train, loss=0.02045828, MAE_E=   43.78 meV, MAE_F=   57.42 meV / A
2025-04-29 19:43:43.915 INFO: Epoch 9: head: validation, loss=0.01756819, MAE_E=   45.25 meV, MAE_F=   54.98 meV / A
2025-04-29 19:43:46.167 INFO: Epoch 10: head: train, loss=0.01558187, MAE_E=  351.03 meV, MAE_F=   52.99 meV / A
2025-04-29 19:43:46.729 INFO: Epoch 10: head: validation, loss=0.01447644, MAE_E=  350.21 meV, MAE_F=   51.84 meV / A
2025-04-29 19:43:49.011 INFO: Epoch 11: head: train, loss=0.01650932, MAE_E=  544.47 meV, MAE_F=   47.71 meV / A
2025-04-29 19:43:49.537 INFO: Epoch 11: head: validation, loss=0.01581857, MAE_E=  544.04 meV, MAE_F=   46.35 meV / A
2025-04-29 19:43:51.671 INFO: Epoch 12: head: train, loss=0.01990811, MAE_E= 1059.94 meV, MAE_F=   52.97 meV / A
2025-04-29 19:43:52.268 INFO: Epoch 12: head: validation, loss=0.01663495, MAE_E= 1058.77 meV, MAE_F=   50.47 meV / A
2025-04-29 19:43:54.416 INFO: Epoch 13: head: train, loss=0.03384194, MAE_E=  387.53 meV, MAE_F=   62.07 meV / A
2025-04-29 19:43:54.963 INFO: Epoch 13: head: validation, loss=0.02328041, MAE_E=  384.97 meV, MAE_F=   57.54 meV / A
2025-04-29 19:43:57.094 INFO: Epoch 14: head: train, loss=0.04374548, MAE_E=  662.54 meV, MAE_F=   70.07 meV / A
2025-04-29 19:43:57.643 INFO: Epoch 14: head: validation, loss=0.03040708, MAE_E=  658.77 meV, MAE_F=   64.61 meV / A
2025-04-29 19:43:59.858 INFO: Epoch 15: head: train, loss=0.02560797, MAE_E=  601.59 meV, MAE_F=   64.48 meV / A
2025-04-29 19:44:00.391 INFO: Epoch 15: head: validation, loss=0.02047093, MAE_E=  598.64 meV, MAE_F=   61.61 meV / A
2025-04-29 19:44:02.542 INFO: Epoch 16: head: train, loss=0.02391623, MAE_E=  191.12 meV, MAE_F=   58.41 meV / A
2025-04-29 19:44:03.102 INFO: Epoch 16: head: validation, loss=0.01749296, MAE_E=  188.26 meV, MAE_F=   54.84 meV / A
2025-04-29 19:44:05.269 INFO: Epoch 17: head: train, loss=0.08255301, MAE_E=  635.43 meV, MAE_F=  128.00 meV / A
2025-04-29 19:44:05.827 INFO: Epoch 17: head: validation, loss=0.08259738, MAE_E=  636.72 meV, MAE_F=  125.63 meV / A
2025-04-29 19:44:08.017 INFO: Epoch 18: head: train, loss=0.09161435, MAE_E=  304.78 meV, MAE_F=  110.36 meV / A
2025-04-29 19:44:08.664 INFO: Epoch 18: head: validation, loss=0.08271073, MAE_E=  303.16 meV, MAE_F=  106.95 meV / A
2025-04-29 19:44:10.852 INFO: Epoch 19: head: train, loss=0.06799354, MAE_E=  141.98 meV, MAE_F=  101.22 meV / A
2025-04-29 19:44:11.421 INFO: Epoch 19: head: validation, loss=0.06093572, MAE_E=  139.57 meV, MAE_F=   99.01 meV / A
2025-04-29 19:44:13.610 INFO: Epoch 20: head: train, loss=0.04646961, MAE_E=  133.35 meV, MAE_F=   86.94 meV / A
2025-04-29 19:44:14.177 INFO: Epoch 20: head: validation, loss=0.04290330, MAE_E=  130.87 meV, MAE_F=   86.10 meV / A
2025-04-29 19:44:16.324 INFO: Epoch 21: head: train, loss=0.03361044, MAE_E=   96.64 meV, MAE_F=   73.72 meV / A
2025-04-29 19:44:16.895 INFO: Epoch 21: head: validation, loss=0.03099943, MAE_E=   95.07 meV, MAE_F=   72.95 meV / A
2025-04-29 19:44:19.142 INFO: Epoch 22: head: train, loss=0.07264697, MAE_E=  211.89 meV, MAE_F=  105.15 meV / A
2025-04-29 19:44:19.689 INFO: Epoch 22: head: validation, loss=0.07802129, MAE_E=  211.47 meV, MAE_F=  105.46 meV / A
2025-04-29 19:44:21.884 INFO: Epoch 23: head: train, loss=0.09681163, MAE_E=  149.93 meV, MAE_F=  110.94 meV / A
2025-04-29 19:44:22.453 INFO: Epoch 23: head: validation, loss=0.07141162, MAE_E=  145.85 meV, MAE_F=  102.60 meV / A
2025-04-29 19:44:24.624 INFO: Epoch 24: head: train, loss=0.08551641, MAE_E=  234.35 meV, MAE_F=  112.56 meV / A
2025-04-29 19:44:25.200 INFO: Epoch 24: head: validation, loss=0.06363637, MAE_E=  229.75 meV, MAE_F=  104.69 meV / A
2025-04-29 19:44:27.395 INFO: Epoch 25: head: train, loss=0.07823263, MAE_E=   26.30 meV, MAE_F=  110.83 meV / A
2025-04-29 19:44:27.944 INFO: Epoch 25: head: validation, loss=0.05946581, MAE_E=   22.59 meV, MAE_F=  103.52 meV / A
2025-04-29 19:44:30.220 INFO: Epoch 26: head: train, loss=0.05332664, MAE_E=   95.46 meV, MAE_F=   95.25 meV / A
2025-04-29 19:44:30.782 INFO: Epoch 26: head: validation, loss=0.04196330, MAE_E=   91.00 meV, MAE_F=   89.30 meV / A
2025-04-29 19:44:32.980 INFO: Epoch 27: head: train, loss=0.19769991, MAE_E=  399.85 meV, MAE_F=  169.58 meV / A
2025-04-29 19:44:33.505 INFO: Epoch 27: head: validation, loss=0.16309717, MAE_E=  387.59 meV, MAE_F=  157.79 meV / A
2025-04-29 19:44:35.612 INFO: Epoch 28: head: train, loss=0.31147489, MAE_E=  268.03 meV, MAE_F=  204.82 meV / A
2025-04-29 19:44:36.166 INFO: Epoch 28: head: validation, loss=0.25479366, MAE_E=  252.95 meV, MAE_F=  189.35 meV / A
2025-04-29 19:44:38.324 INFO: Epoch 29: head: train, loss=0.37152605, MAE_E=  388.79 meV, MAE_F=  211.27 meV / A
2025-04-29 19:44:38.885 INFO: Epoch 29: head: validation, loss=0.30828253, MAE_E=  402.86 meV, MAE_F=  196.08 meV / A
2025-04-29 19:44:41.124 INFO: Epoch 30: head: train, loss=0.31917549, MAE_E=  504.57 meV, MAE_F=  197.83 meV / A
2025-04-29 19:44:41.666 INFO: Epoch 30: head: validation, loss=0.26394719, MAE_E=  517.59 meV, MAE_F=  183.96 meV / A
2025-04-29 19:44:41.667 INFO: Stopping optimization after 20 epochs without improvement
2025-04-29 19:44:41.667 INFO: Training complete
!!!!!!!!!!!!!!!!!!!!!!!!!!!!!!!!!!!!!!!!!!!!!!!!
!!!!!!!!!!!!!!!!!!!!!!!!!!!!!!!!!!!!!!!!!!!!!!!
tensor([0.8387], device='cuda:0') tensor(0., device='cuda:0')
2025-04-29 19:44:41.685 INFO: 
2025-04-29 19:44:41.685 INFO: ===========FINISHED TRAINING===========
2025-04-29 19:44:41.685 INFO: eveluation
2025-04-29 19:44:41.686 INFO: The scale is [0.83874909] and shift is 0.0
2025-04-29 19:44:41.810 INFO: Energy Mean: -23365.87810329861, Variance: 0.026372010501814477
2025-04-29 19:44:42.086 INFO: Energy RMSE: 0.2213606834411621
2025-04-29 19:44:42.087 INFO: Energy R2: -0.8580513348815351
2025-04-29 19:44:42.087 INFO: Energy MAE: 0.21484375
90
(90, 4, 3)
torch.Size([90, 4, 3])
2025-04-29 19:44:42.088 INFO: Forces RMSE: 0.4419843925667496
2025-04-29 19:44:42.088 INFO: Forces R2: 0.9182913147524678
2025-04-29 19:44:42.573 INFO: Energy Mean: -23365.86346028646, Variance: 0.040629683335622155
2025-04-29 19:44:42.706 INFO: Loading checkpoint: results/latent_charge_embed_10/bi4-2_logs//sample_0//checkpoints/bi4-2_run-123_epoch-10.pt
2025-04-29 19:44:42.752 INFO: Loaded Stage one model from epoch 10 for evaluation
2025-04-29 19:44:42.753 INFO: Saving model to results/latent_charge_embed_10/bi4-2_logs/sample_0/checkpoints/bi4-2_run-123.model
2025-04-29 19:44:42.915 INFO: Compiling model, saving metadata to results/latent_charge_embed_10/bi4-2_logs/sample_0/bi4-2_compiled.model
2025-04-29 19:44:43.004 INFO: Done
Loading saved bootstrap sample 1
Training model 1
Using latent charge and penalty 10
2025-04-29 19:44:43.406 INFO: ===========VERIFYING SETTINGS===========
2025-04-29 19:44:43.406 INFO: MACE version: 0.3.10
2025-04-29 19:44:43.407 INFO: CUDA version: 12.1, CUDA device: 0
default
2025-04-29 19:44:43.412 INFO: ===========LOADING INPUT DATA===========
2025-04-29 19:44:43.412 INFO: Using heads: ['default']
2025-04-29 19:44:43.412 INFO: =============    Processing head default     ===========
2025-04-29 19:44:43.412 INFO: Total number of configurations: train=360, valid=90, 
2025-04-29 19:44:43.416 INFO: Atomic Numbers used: [83]
2025-04-29 19:44:43.416 INFO: Computing average Atomic Energies using least squares regression
{'default': {83: -5841.469727918838}}
2025-04-29 19:44:43.421 INFO: Atomic Energies used (z: eV) for head default: {83: -5841.469727918838}
2025-04-29 19:44:43.534 INFO: Computing average number of neighbors
2025-04-29 19:44:44.032 INFO: Average number of neighbors: 3.0
2025-04-29 19:44:44.032 INFO: During training the following quantities will be reported: energy, forces
2025-04-29 19:44:44.032 INFO: ===========MODEL DETAILS===========
2025-04-29 19:44:44.034 INFO: Building model
2025-04-29 19:44:44.034 INFO: Message passing with 128 channels and max_L=1 (128x0e+128x1o)
2025-04-29 19:44:44.034 INFO: 2 layers, each with correlation order: 3 (body order: 4) and spherical harmonics up to: l=3
2025-04-29 19:44:44.034 INFO: 8 radial and 5 basis functions
2025-04-29 19:44:44.034 INFO: Radial cutoff: 9.0 A (total receptive field for each atom: 18.0 A)
2025-04-29 19:44:44.035 INFO: Distance transform for radial basis functions: None
2025-04-29 19:44:44.035 INFO: Hidden irreps: 128x0e+128x1o
2025-04-29 19:44:44.516 INFO: Mean: -4.4420029553293716e-05, Std: [0.78510303]
0.0 [0.78510303]
2025-04-29 19:44:44.517 INFO: Scale: [0.78510303], Shift: 0.0
2025-04-29 19:44:45.633 INFO: Total number of parameters: 509618
2025-04-29 19:44:45.634 INFO: 
2025-04-29 19:44:45.634 INFO: ===========OPTIMIZER INFORMATION===========
2025-04-29 19:44:45.634 INFO: Using ADAM as parameter optimizer
2025-04-29 19:44:45.634 INFO: Batch size: 32
2025-04-29 19:44:45.634 INFO: Using Exponential Moving Average with decay: 0.99
2025-04-29 19:44:45.634 INFO: Number of gradient updates: 2250
2025-04-29 19:44:45.634 INFO: Learning rate: 0.01, weight decay: 5e-07
2025-04-29 19:44:45.634 INFO: WeightedEnergyForcesChargeLoss(energy_weight=1.000, forces_weight=100.000, charge_penalty_weight=10.000)
2025-04-29 19:44:45.635 INFO: Using gradient clipping with tolerance=10.000
2025-04-29 19:44:45.635 INFO: 
2025-04-29 19:44:45.635 INFO: ===========TRAINING===========
2025-04-29 19:44:45.635 INFO: Started training, reporting errors on validation set
2025-04-29 19:44:45.635 INFO: Loss metrics on validation set
2025-04-29 19:44:46.528 INFO: Initial: head: validation, loss=33.41731808, MAE_E= 7849.91 meV, MAE_F=  514.08 meV / A
2025-04-29 19:44:48.901 INFO: Epoch 0: head: train, loss=0.54520372, MAE_E= 2478.50 meV, MAE_F=  194.38 meV / A
2025-04-29 19:44:49.685 INFO: Epoch 0: head: validation, loss=0.62309321, MAE_E= 2478.34 meV, MAE_F=  196.77 meV / A
2025-04-29 19:44:52.008 INFO: Epoch 1: head: train, loss=0.16373302, MAE_E= 4155.39 meV, MAE_F=  136.45 meV / A
2025-04-29 19:44:52.635 INFO: Epoch 1: head: validation, loss=0.19382509, MAE_E= 4160.75 meV, MAE_F=  142.45 meV / A
2025-04-29 19:44:54.990 INFO: Epoch 2: head: train, loss=1.53990523, MAE_E= 6347.16 meV, MAE_F=  425.47 meV / A
2025-04-29 19:44:55.632 INFO: Epoch 2: head: validation, loss=1.76906591, MAE_E= 6332.24 meV, MAE_F=  445.60 meV / A
2025-04-29 19:44:57.894 INFO: Epoch 3: head: train, loss=0.36268776, MAE_E= 5464.55 meV, MAE_F=  183.63 meV / A
2025-04-29 19:44:58.574 INFO: Epoch 3: head: validation, loss=0.40552288, MAE_E= 5471.97 meV, MAE_F=  175.94 meV / A
2025-04-29 19:45:00.875 INFO: Epoch 4: head: train, loss=0.13395169, MAE_E=  189.89 meV, MAE_F=  145.29 meV / A
2025-04-29 19:45:01.515 INFO: Epoch 4: head: validation, loss=0.15179022, MAE_E=  192.80 meV, MAE_F=  138.18 meV / A
2025-04-29 19:45:03.866 INFO: Epoch 5: head: train, loss=0.10328502, MAE_E= 1108.17 meV, MAE_F=  118.16 meV / A
2025-04-29 19:45:04.503 INFO: Epoch 5: head: validation, loss=0.11751334, MAE_E= 1108.13 meV, MAE_F=  115.69 meV / A
2025-04-29 19:45:07.080 INFO: Epoch 6: head: train, loss=0.04795099, MAE_E=  203.79 meV, MAE_F=   86.06 meV / A
2025-04-29 19:45:07.721 INFO: Epoch 6: head: validation, loss=0.05336618, MAE_E=  203.02 meV, MAE_F=   83.08 meV / A
2025-04-29 19:45:10.144 INFO: Epoch 7: head: train, loss=0.02346794, MAE_E=  477.18 meV, MAE_F=   62.92 meV / A
2025-04-29 19:45:10.763 INFO: Epoch 7: head: validation, loss=0.02486465, MAE_E=  475.76 meV, MAE_F=   61.33 meV / A
2025-04-29 19:45:13.113 INFO: Epoch 8: head: train, loss=0.03963757, MAE_E=   89.90 meV, MAE_F=   64.42 meV / A
2025-04-29 19:45:13.737 INFO: Epoch 8: head: validation, loss=0.04196709, MAE_E=   88.70 meV, MAE_F=   62.26 meV / A
2025-04-29 19:45:16.062 INFO: Epoch 9: head: train, loss=0.57425110, MAE_E=   89.37 meV, MAE_F=  274.62 meV / A
2025-04-29 19:45:16.668 INFO: Epoch 9: head: validation, loss=0.65478375, MAE_E=   89.74 meV, MAE_F=  277.62 meV / A
2025-04-29 19:45:19.045 INFO: Epoch 10: head: train, loss=0.25258215, MAE_E=  877.09 meV, MAE_F=  160.19 meV / A
2025-04-29 19:45:19.680 INFO: Epoch 10: head: validation, loss=0.31401082, MAE_E=  880.14 meV, MAE_F=  164.60 meV / A
2025-04-29 19:45:22.014 INFO: Epoch 11: head: train, loss=0.45502192, MAE_E= 2586.91 meV, MAE_F=  227.13 meV / A
2025-04-29 19:45:22.637 INFO: Epoch 11: head: validation, loss=0.52953198, MAE_E= 2593.46 meV, MAE_F=  221.43 meV / A
2025-04-29 19:45:24.952 INFO: Epoch 12: head: train, loss=0.24595105, MAE_E= 4294.15 meV, MAE_F=  150.50 meV / A
2025-04-29 19:45:25.531 INFO: Epoch 12: head: validation, loss=0.27352233, MAE_E= 4299.69 meV, MAE_F=  143.32 meV / A
2025-04-29 19:45:27.892 INFO: Epoch 13: head: train, loss=0.40576995, MAE_E= 2689.64 meV, MAE_F=  198.07 meV / A
2025-04-29 19:45:28.506 INFO: Epoch 13: head: validation, loss=0.46320664, MAE_E= 2694.18 meV, MAE_F=  192.00 meV / A
2025-04-29 19:45:30.856 INFO: Epoch 14: head: train, loss=0.23943405, MAE_E=  991.46 meV, MAE_F=  146.41 meV / A
2025-04-29 19:45:31.440 INFO: Epoch 14: head: validation, loss=0.28394466, MAE_E=  992.60 meV, MAE_F=  143.37 meV / A
2025-04-29 19:45:33.821 INFO: Epoch 15: head: train, loss=0.23926677, MAE_E=  496.31 meV, MAE_F=  135.39 meV / A
2025-04-29 19:45:34.442 INFO: Epoch 15: head: validation, loss=0.27833322, MAE_E=  498.06 meV, MAE_F=  132.18 meV / A
2025-04-29 19:45:36.775 INFO: Epoch 16: head: train, loss=0.12096262, MAE_E=  582.26 meV, MAE_F=  101.28 meV / A
2025-04-29 19:45:37.388 INFO: Epoch 16: head: validation, loss=0.14600524, MAE_E=  583.23 meV, MAE_F=  100.53 meV / A
2025-04-29 19:45:39.727 INFO: Epoch 17: head: train, loss=0.08196745, MAE_E=  336.15 meV, MAE_F=   94.12 meV / A
2025-04-29 19:45:40.348 INFO: Epoch 17: head: validation, loss=0.10165371, MAE_E=  336.67 meV, MAE_F=   93.07 meV / A
2025-04-29 19:45:42.702 INFO: Epoch 18: head: train, loss=0.04466483, MAE_E=  194.74 meV, MAE_F=   78.70 meV / A
2025-04-29 19:45:43.300 INFO: Epoch 18: head: validation, loss=0.05683224, MAE_E=  194.94 meV, MAE_F=   77.92 meV / A
2025-04-29 19:45:45.701 INFO: Epoch 19: head: train, loss=0.04956019, MAE_E=   16.41 meV, MAE_F=   79.57 meV / A
2025-04-29 19:45:46.306 INFO: Epoch 19: head: validation, loss=0.06005053, MAE_E=   19.02 meV, MAE_F=   78.47 meV / A
2025-04-29 19:45:48.654 INFO: Epoch 20: head: train, loss=0.03139609, MAE_E=  226.12 meV, MAE_F=   71.32 meV / A
2025-04-29 19:45:49.249 INFO: Epoch 20: head: validation, loss=0.04048801, MAE_E=  226.10 meV, MAE_F=   72.69 meV / A
2025-04-29 19:45:51.546 INFO: Epoch 21: head: train, loss=0.02391377, MAE_E=   70.36 meV, MAE_F=   65.46 meV / A
2025-04-29 19:45:52.130 INFO: Epoch 21: head: validation, loss=0.03014984, MAE_E=   70.74 meV, MAE_F=   66.73 meV / A
2025-04-29 19:45:54.441 INFO: Epoch 22: head: train, loss=0.01926361, MAE_E=   13.17 meV, MAE_F=   59.89 meV / A
2025-04-29 19:45:55.015 INFO: Epoch 22: head: validation, loss=0.02401315, MAE_E=   15.30 meV, MAE_F=   60.61 meV / A
2025-04-29 19:45:57.350 INFO: Epoch 23: head: train, loss=0.01691859, MAE_E=   36.75 meV, MAE_F=   56.96 meV / A
2025-04-29 19:45:58.003 INFO: Epoch 23: head: validation, loss=0.01999663, MAE_E=   37.78 meV, MAE_F=   57.36 meV / A
2025-04-29 19:46:00.397 INFO: Epoch 24: head: train, loss=0.01439062, MAE_E=   18.45 meV, MAE_F=   53.22 meV / A
2025-04-29 19:46:01.066 INFO: Epoch 24: head: validation, loss=0.01763551, MAE_E=   20.13 meV, MAE_F=   54.31 meV / A
2025-04-29 19:46:03.455 INFO: Epoch 25: head: train, loss=0.01428282, MAE_E=   15.39 meV, MAE_F=   51.40 meV / A
2025-04-29 19:46:04.108 INFO: Epoch 25: head: validation, loss=0.01669247, MAE_E=   16.45 meV, MAE_F=   52.20 meV / A
2025-04-29 19:46:06.526 INFO: Epoch 26: head: train, loss=0.01422907, MAE_E=   11.90 meV, MAE_F=   49.30 meV / A
2025-04-29 19:46:07.170 INFO: Epoch 26: head: validation, loss=0.01643516, MAE_E=   13.24 meV, MAE_F=   50.05 meV / A
2025-04-29 19:46:09.515 INFO: Epoch 27: head: train, loss=0.01384889, MAE_E=   14.01 meV, MAE_F=   47.43 meV / A
2025-04-29 19:46:10.143 INFO: Epoch 27: head: validation, loss=0.01594052, MAE_E=   14.97 meV, MAE_F=   48.19 meV / A
2025-04-29 19:46:12.539 INFO: Epoch 28: head: train, loss=0.01262122, MAE_E=   17.93 meV, MAE_F=   45.40 meV / A
2025-04-29 19:46:13.164 INFO: Epoch 28: head: validation, loss=0.01458175, MAE_E=   17.94 meV, MAE_F=   46.09 meV / A
2025-04-29 19:46:15.595 INFO: Epoch 29: head: train, loss=0.01152812, MAE_E=   17.64 meV, MAE_F=   43.40 meV / A
2025-04-29 19:46:16.217 INFO: Epoch 29: head: validation, loss=0.01330657, MAE_E=   17.62 meV, MAE_F=   44.04 meV / A
2025-04-29 19:46:18.646 INFO: Epoch 30: head: train, loss=0.01088367, MAE_E=   18.28 meV, MAE_F=   41.34 meV / A
2025-04-29 19:46:19.309 INFO: Epoch 30: head: validation, loss=0.01258233, MAE_E=   17.96 meV, MAE_F=   41.96 meV / A
2025-04-29 19:46:21.770 INFO: Epoch 31: head: train, loss=0.01087563, MAE_E=   20.19 meV, MAE_F=   39.32 meV / A
2025-04-29 19:46:22.412 INFO: Epoch 31: head: validation, loss=0.01249302, MAE_E=   19.41 meV, MAE_F=   40.00 meV / A
2025-04-29 19:46:24.788 INFO: Epoch 32: head: train, loss=0.01086213, MAE_E=   19.07 meV, MAE_F=   37.49 meV / A
2025-04-29 19:46:25.391 INFO: Epoch 32: head: validation, loss=0.01234919, MAE_E=   18.29 meV, MAE_F=   38.01 meV / A
2025-04-29 19:46:27.800 INFO: Epoch 33: head: train, loss=0.00979937, MAE_E=   17.12 meV, MAE_F=   35.46 meV / A
2025-04-29 19:46:28.437 INFO: Epoch 33: head: validation, loss=0.01117529, MAE_E=   16.55 meV, MAE_F=   36.12 meV / A
2025-04-29 19:46:30.879 INFO: Epoch 34: head: train, loss=0.00847491, MAE_E=   15.66 meV, MAE_F=   33.49 meV / A
2025-04-29 19:46:31.496 INFO: Epoch 34: head: validation, loss=0.00980919, MAE_E=   15.16 meV, MAE_F=   34.44 meV / A
2025-04-29 19:46:33.882 INFO: Epoch 35: head: train, loss=0.00751797, MAE_E=   15.98 meV, MAE_F=   31.87 meV / A
2025-04-29 19:46:34.507 INFO: Epoch 35: head: validation, loss=0.00870022, MAE_E=   15.31 meV, MAE_F=   32.89 meV / A
2025-04-29 19:46:36.877 INFO: Epoch 36: head: train, loss=0.00727495, MAE_E=   13.93 meV, MAE_F=   30.26 meV / A
2025-04-29 19:46:37.508 INFO: Epoch 36: head: validation, loss=0.00838225, MAE_E=   13.48 meV, MAE_F=   31.47 meV / A
2025-04-29 19:46:39.882 INFO: Epoch 37: head: train, loss=0.00735157, MAE_E=   12.84 meV, MAE_F=   28.83 meV / A
2025-04-29 19:46:40.510 INFO: Epoch 37: head: validation, loss=0.00835214, MAE_E=   12.49 meV, MAE_F=   30.07 meV / A
2025-04-29 19:46:42.887 INFO: Epoch 38: head: train, loss=0.00713385, MAE_E=   11.29 meV, MAE_F=   27.11 meV / A
2025-04-29 19:46:43.490 INFO: Epoch 38: head: validation, loss=0.00825179, MAE_E=   11.05 meV, MAE_F=   28.80 meV / A
2025-04-29 19:46:45.915 INFO: Epoch 39: head: train, loss=0.00643767, MAE_E=    9.77 meV, MAE_F=   25.98 meV / A
2025-04-29 19:46:46.488 INFO: Epoch 39: head: validation, loss=0.00722837, MAE_E=    9.60 meV, MAE_F=   27.24 meV / A
2025-04-29 19:46:48.899 INFO: Epoch 40: head: train, loss=0.00547840, MAE_E=    7.77 meV, MAE_F=   24.58 meV / A
2025-04-29 19:46:49.525 INFO: Epoch 40: head: validation, loss=0.00610266, MAE_E=    7.71 meV, MAE_F=   25.61 meV / A
2025-04-29 19:46:51.858 INFO: Epoch 41: head: train, loss=0.00479826, MAE_E=    7.50 meV, MAE_F=   23.05 meV / A
2025-04-29 19:46:52.485 INFO: Epoch 41: head: validation, loss=0.00535013, MAE_E=    7.34 meV, MAE_F=   24.01 meV / A
2025-04-29 19:46:54.854 INFO: Epoch 42: head: train, loss=0.00464480, MAE_E=    6.79 meV, MAE_F=   21.65 meV / A
2025-04-29 19:46:55.447 INFO: Epoch 42: head: validation, loss=0.00516159, MAE_E=    6.59 meV, MAE_F=   22.53 meV / A
2025-04-29 19:46:57.789 INFO: Epoch 43: head: train, loss=0.00477918, MAE_E=    6.78 meV, MAE_F=   20.62 meV / A
2025-04-29 19:46:58.402 INFO: Epoch 43: head: validation, loss=0.00516239, MAE_E=    6.48 meV, MAE_F=   21.18 meV / A
2025-04-29 19:47:00.700 INFO: Epoch 44: head: train, loss=0.00469104, MAE_E=    4.80 meV, MAE_F=   19.27 meV / A
2025-04-29 19:47:01.332 INFO: Epoch 44: head: validation, loss=0.00503820, MAE_E=    4.65 meV, MAE_F=   19.74 meV / A
2025-04-29 19:47:03.709 INFO: Epoch 45: head: train, loss=0.00419505, MAE_E=    4.41 meV, MAE_F=   18.00 meV / A
2025-04-29 19:47:04.300 INFO: Epoch 45: head: validation, loss=0.00448554, MAE_E=    4.17 meV, MAE_F=   18.39 meV / A
2025-04-29 19:47:06.709 INFO: Epoch 46: head: train, loss=0.00359366, MAE_E=    4.07 meV, MAE_F=   16.82 meV / A
2025-04-29 19:47:07.286 INFO: Epoch 46: head: validation, loss=0.00384618, MAE_E=    3.78 meV, MAE_F=   17.18 meV / A
2025-04-29 19:47:09.629 INFO: Epoch 47: head: train, loss=0.00317944, MAE_E=    4.22 meV, MAE_F=   16.14 meV / A
2025-04-29 19:47:10.283 INFO: Epoch 47: head: validation, loss=0.00335067, MAE_E=    3.80 meV, MAE_F=   16.17 meV / A
2025-04-29 19:47:12.686 INFO: Epoch 48: head: train, loss=0.00310667, MAE_E=    3.81 meV, MAE_F=   15.23 meV / A
2025-04-29 19:47:13.261 INFO: Epoch 48: head: validation, loss=0.00323147, MAE_E=    3.37 meV, MAE_F=   15.03 meV / A
2025-04-29 19:47:15.609 INFO: Epoch 49: head: train, loss=0.00339886, MAE_E=    3.01 meV, MAE_F=   14.41 meV / A
2025-04-29 19:47:16.243 INFO: Epoch 49: head: validation, loss=0.00355049, MAE_E=    3.16 meV, MAE_F=   14.32 meV / A
2025-04-29 19:47:18.603 INFO: Epoch 50: head: train, loss=0.00361276, MAE_E=    3.37 meV, MAE_F=   13.86 meV / A
2025-04-29 19:47:19.256 INFO: Epoch 50: head: validation, loss=0.00371995, MAE_E=    2.93 meV, MAE_F=   13.64 meV / A
2025-04-29 19:47:21.524 INFO: Epoch 51: head: train, loss=0.00331073, MAE_E=    2.99 meV, MAE_F=   13.29 meV / A
2025-04-29 19:47:22.210 INFO: Epoch 51: head: validation, loss=0.00341079, MAE_E=    3.07 meV, MAE_F=   13.04 meV / A
2025-04-29 19:47:24.548 INFO: Epoch 52: head: train, loss=0.00288444, MAE_E=    3.07 meV, MAE_F=   12.80 meV / A
2025-04-29 19:47:25.222 INFO: Epoch 52: head: validation, loss=0.00296197, MAE_E=    2.81 meV, MAE_F=   12.52 meV / A
2025-04-29 19:47:27.549 INFO: Epoch 53: head: train, loss=0.00257286, MAE_E=    3.13 meV, MAE_F=   12.32 meV / A
2025-04-29 19:47:28.161 INFO: Epoch 53: head: validation, loss=0.00263949, MAE_E=    3.03 meV, MAE_F=   11.94 meV / A
2025-04-29 19:47:30.568 INFO: Epoch 54: head: train, loss=0.00254574, MAE_E=    3.03 meV, MAE_F=   11.84 meV / A
2025-04-29 19:47:31.202 INFO: Epoch 54: head: validation, loss=0.00266886, MAE_E=    2.89 meV, MAE_F=   11.57 meV / A
2025-04-29 19:47:33.494 INFO: Epoch 55: head: train, loss=0.00291063, MAE_E=    3.40 meV, MAE_F=   11.67 meV / A
2025-04-29 19:47:34.125 INFO: Epoch 55: head: validation, loss=0.00296024, MAE_E=    3.79 meV, MAE_F=   11.22 meV / A
2025-04-29 19:47:36.404 INFO: Epoch 56: head: train, loss=0.00309871, MAE_E=    3.26 meV, MAE_F=   11.39 meV / A
2025-04-29 19:47:37.063 INFO: Epoch 56: head: validation, loss=0.00318005, MAE_E=    3.57 meV, MAE_F=   10.99 meV / A
2025-04-29 19:47:39.412 INFO: Epoch 57: head: train, loss=0.00290776, MAE_E=    3.10 meV, MAE_F=   11.16 meV / A
2025-04-29 19:47:40.052 INFO: Epoch 57: head: validation, loss=0.00296957, MAE_E=    3.23 meV, MAE_F=   10.76 meV / A
2025-04-29 19:47:42.355 INFO: Epoch 58: head: train, loss=0.00254301, MAE_E=    3.60 meV, MAE_F=   10.87 meV / A
2025-04-29 19:47:43.011 INFO: Epoch 58: head: validation, loss=0.00259057, MAE_E=    4.00 meV, MAE_F=   10.48 meV / A
2025-04-29 19:47:45.372 INFO: Epoch 59: head: train, loss=0.00224668, MAE_E=    3.41 meV, MAE_F=   10.63 meV / A
2025-04-29 19:47:46.003 INFO: Epoch 59: head: validation, loss=0.00229143, MAE_E=    3.76 meV, MAE_F=   10.28 meV / A
2025-04-29 19:47:48.311 INFO: Epoch 60: head: train, loss=0.00224726, MAE_E=    3.37 meV, MAE_F=   10.38 meV / A
2025-04-29 19:47:48.948 INFO: Epoch 60: head: validation, loss=0.00230372, MAE_E=    3.65 meV, MAE_F=   10.08 meV / A
2025-04-29 19:47:51.227 INFO: Epoch 61: head: train, loss=0.00232519, MAE_E=    3.68 meV, MAE_F=   10.34 meV / A
2025-04-29 19:47:51.859 INFO: Epoch 61: head: validation, loss=0.00239194, MAE_E=    4.15 meV, MAE_F=   10.05 meV / A
2025-04-29 19:47:54.175 INFO: Epoch 62: head: train, loss=0.00232154, MAE_E=    3.52 meV, MAE_F=   10.16 meV / A
2025-04-29 19:47:54.813 INFO: Epoch 62: head: validation, loss=0.00238086, MAE_E=    3.83 meV, MAE_F=    9.82 meV / A
2025-04-29 19:47:57.109 INFO: Epoch 63: head: train, loss=0.00218091, MAE_E=    4.11 meV, MAE_F=   10.02 meV / A
2025-04-29 19:47:57.779 INFO: Epoch 63: head: validation, loss=0.00224021, MAE_E=    4.73 meV, MAE_F=    9.67 meV / A
2025-04-29 19:48:00.136 INFO: Epoch 64: head: train, loss=0.00188202, MAE_E=    3.24 meV, MAE_F=    9.78 meV / A
2025-04-29 19:48:00.722 INFO: Epoch 64: head: validation, loss=0.00194759, MAE_E=    3.35 meV, MAE_F=    9.51 meV / A
2025-04-29 19:48:03.183 INFO: Epoch 65: head: train, loss=0.00172091, MAE_E=    3.76 meV, MAE_F=    9.72 meV / A
2025-04-29 19:48:03.812 INFO: Epoch 65: head: validation, loss=0.00175652, MAE_E=    4.24 meV, MAE_F=    9.35 meV / A
2025-04-29 19:48:06.166 INFO: Epoch 66: head: train, loss=0.00178163, MAE_E=    3.69 meV, MAE_F=    9.51 meV / A
2025-04-29 19:48:06.848 INFO: Epoch 66: head: validation, loss=0.00183186, MAE_E=    4.11 meV, MAE_F=    9.20 meV / A
2025-04-29 19:48:09.208 INFO: Epoch 67: head: train, loss=0.00191591, MAE_E=    3.53 meV, MAE_F=    9.44 meV / A
2025-04-29 19:48:09.841 INFO: Epoch 67: head: validation, loss=0.00196135, MAE_E=    3.85 meV, MAE_F=    9.05 meV / A
2025-04-29 19:48:12.254 INFO: Epoch 68: head: train, loss=0.00208785, MAE_E=    5.01 meV, MAE_F=    9.37 meV / A
2025-04-29 19:48:12.857 INFO: Epoch 68: head: validation, loss=0.00214783, MAE_E=    5.82 meV, MAE_F=    9.03 meV / A
2025-04-29 19:48:15.150 INFO: Epoch 69: head: train, loss=0.00195922, MAE_E=    3.18 meV, MAE_F=    9.26 meV / A
2025-04-29 19:48:15.781 INFO: Epoch 69: head: validation, loss=0.00201206, MAE_E=    3.29 meV, MAE_F=    8.91 meV / A
2025-04-29 19:48:17.990 INFO: Epoch 70: head: train, loss=0.00172318, MAE_E=    5.15 meV, MAE_F=    9.15 meV / A
2025-04-29 19:48:18.739 INFO: Epoch 70: head: validation, loss=0.00175669, MAE_E=    5.87 meV, MAE_F=    8.75 meV / A
2025-04-29 19:48:20.991 INFO: Epoch 71: head: train, loss=0.00156709, MAE_E=    3.39 meV, MAE_F=    9.04 meV / A
2025-04-29 19:48:21.609 INFO: Epoch 71: head: validation, loss=0.00161237, MAE_E=    3.61 meV, MAE_F=    8.72 meV / A
2025-04-29 19:48:23.972 INFO: Epoch 72: head: train, loss=0.00152237, MAE_E=    3.83 meV, MAE_F=    8.95 meV / A
2025-04-29 19:48:24.600 INFO: Epoch 72: head: validation, loss=0.00156169, MAE_E=    4.28 meV, MAE_F=    8.59 meV / A
2025-04-29 19:48:26.899 INFO: Epoch 73: head: train, loss=0.00163726, MAE_E=    5.24 meV, MAE_F=    8.89 meV / A
2025-04-29 19:48:27.559 INFO: Epoch 73: head: validation, loss=0.00166830, MAE_E=    5.96 meV, MAE_F=    8.50 meV / A
2025-04-29 19:48:29.774 INFO: Epoch 74: head: train, loss=0.00180523, MAE_E=    4.81 meV, MAE_F=    8.88 meV / A
2025-04-29 19:48:30.381 INFO: Epoch 74: head: validation, loss=0.00185290, MAE_E=    5.48 meV, MAE_F=    8.50 meV / A
2025-04-29 19:48:32.657 INFO: Epoch 75: head: train, loss=0.00173906, MAE_E=    4.83 meV, MAE_F=    8.83 meV / A
2025-04-29 19:48:33.273 INFO: Epoch 75: head: validation, loss=0.00178926, MAE_E=    5.52 meV, MAE_F=    8.42 meV / A
2025-04-29 19:48:35.621 INFO: Epoch 76: head: train, loss=0.00159855, MAE_E=    5.24 meV, MAE_F=    8.71 meV / A
2025-04-29 19:48:36.265 INFO: Epoch 76: head: validation, loss=0.00165659, MAE_E=    6.00 meV, MAE_F=    8.36 meV / A
2025-04-29 19:48:38.610 INFO: Epoch 77: head: train, loss=0.00144914, MAE_E=    4.34 meV, MAE_F=    8.62 meV / A
2025-04-29 19:48:39.234 INFO: Epoch 77: head: validation, loss=0.00149984, MAE_E=    4.96 meV, MAE_F=    8.25 meV / A
2025-04-29 19:48:41.586 INFO: Epoch 78: head: train, loss=0.00143075, MAE_E=    4.97 meV, MAE_F=    8.42 meV / A
2025-04-29 19:48:42.235 INFO: Epoch 78: head: validation, loss=0.00148181, MAE_E=    5.65 meV, MAE_F=    8.15 meV / A
2025-04-29 19:48:44.664 INFO: Epoch 79: head: train, loss=0.00145076, MAE_E=    4.38 meV, MAE_F=    8.34 meV / A
2025-04-29 19:48:45.266 INFO: Epoch 79: head: validation, loss=0.00151039, MAE_E=    4.98 meV, MAE_F=    8.04 meV / A
2025-04-29 19:48:47.544 INFO: Epoch 80: head: train, loss=0.00153591, MAE_E=    6.16 meV, MAE_F=    8.36 meV / A
2025-04-29 19:48:48.173 INFO: Epoch 80: head: validation, loss=0.00159482, MAE_E=    6.95 meV, MAE_F=    8.03 meV / A
2025-04-29 19:48:50.495 INFO: Epoch 81: head: train, loss=0.00149823, MAE_E=    4.43 meV, MAE_F=    8.31 meV / A
2025-04-29 19:48:51.117 INFO: Epoch 81: head: validation, loss=0.00155823, MAE_E=    5.08 meV, MAE_F=    8.01 meV / A
2025-04-29 19:48:53.514 INFO: Epoch 82: head: train, loss=0.00133390, MAE_E=    5.21 meV, MAE_F=    8.22 meV / A
2025-04-29 19:48:54.132 INFO: Epoch 82: head: validation, loss=0.00139835, MAE_E=    5.99 meV, MAE_F=    7.89 meV / A
2025-04-29 19:48:56.495 INFO: Epoch 83: head: train, loss=0.00119513, MAE_E=    5.01 meV, MAE_F=    8.19 meV / A
2025-04-29 19:48:57.139 INFO: Epoch 83: head: validation, loss=0.00123745, MAE_E=    5.71 meV, MAE_F=    7.80 meV / A
2025-04-29 19:48:59.518 INFO: Epoch 84: head: train, loss=0.00129821, MAE_E=    5.85 meV, MAE_F=    8.12 meV / A
2025-04-29 19:49:00.112 INFO: Epoch 84: head: validation, loss=0.00135305, MAE_E=    6.57 meV, MAE_F=    7.80 meV / A
2025-04-29 19:49:02.492 INFO: Epoch 85: head: train, loss=0.00141514, MAE_E=    4.67 meV, MAE_F=    8.12 meV / A
2025-04-29 19:49:03.161 INFO: Epoch 85: head: validation, loss=0.00147228, MAE_E=    5.38 meV, MAE_F=    7.78 meV / A
2025-04-29 19:49:05.494 INFO: Epoch 86: head: train, loss=0.00143977, MAE_E=    6.36 meV, MAE_F=    8.04 meV / A
2025-04-29 19:49:06.153 INFO: Epoch 86: head: validation, loss=0.00149650, MAE_E=    7.23 meV, MAE_F=    7.71 meV / A
2025-04-29 19:49:08.431 INFO: Epoch 87: head: train, loss=0.00139487, MAE_E=    5.14 meV, MAE_F=    8.07 meV / A
2025-04-29 19:49:09.050 INFO: Epoch 87: head: validation, loss=0.00144602, MAE_E=    5.87 meV, MAE_F=    7.71 meV / A
2025-04-29 19:49:11.326 INFO: Epoch 88: head: train, loss=0.00123089, MAE_E=    4.48 meV, MAE_F=    8.01 meV / A
2025-04-29 19:49:11.946 INFO: Epoch 88: head: validation, loss=0.00127661, MAE_E=    5.14 meV, MAE_F=    7.63 meV / A
2025-04-29 19:49:14.315 INFO: Epoch 89: head: train, loss=0.00108395, MAE_E=    5.42 meV, MAE_F=    7.84 meV / A
2025-04-29 19:49:14.941 INFO: Epoch 89: head: validation, loss=0.00112506, MAE_E=    6.15 meV, MAE_F=    7.54 meV / A
2025-04-29 19:49:17.344 INFO: Epoch 90: head: train, loss=0.00107648, MAE_E=    4.20 meV, MAE_F=    7.76 meV / A
2025-04-29 19:49:18.003 INFO: Epoch 90: head: validation, loss=0.00112877, MAE_E=    4.83 meV, MAE_F=    7.53 meV / A
2025-04-29 19:49:20.373 INFO: Epoch 91: head: train, loss=0.00111791, MAE_E=    5.75 meV, MAE_F=    7.68 meV / A
2025-04-29 19:49:20.998 INFO: Epoch 91: head: validation, loss=0.00119520, MAE_E=    6.54 meV, MAE_F=    7.47 meV / A
2025-04-29 19:49:23.289 INFO: Epoch 92: head: train, loss=0.00126368, MAE_E=    5.50 meV, MAE_F=    7.78 meV / A
2025-04-29 19:49:23.918 INFO: Epoch 92: head: validation, loss=0.00131263, MAE_E=    6.23 meV, MAE_F=    7.48 meV / A
2025-04-29 19:49:26.209 INFO: Epoch 93: head: train, loss=0.00123641, MAE_E=    5.50 meV, MAE_F=    7.73 meV / A
2025-04-29 19:49:26.802 INFO: Epoch 93: head: validation, loss=0.00129282, MAE_E=    6.28 meV, MAE_F=    7.44 meV / A
2025-04-29 19:49:29.078 INFO: Epoch 94: head: train, loss=0.00109558, MAE_E=    4.91 meV, MAE_F=    7.65 meV / A
2025-04-29 19:49:29.662 INFO: Epoch 94: head: validation, loss=0.00114154, MAE_E=    5.59 meV, MAE_F=    7.33 meV / A
2025-04-29 19:49:31.947 INFO: Epoch 95: head: train, loss=0.00099069, MAE_E=    5.86 meV, MAE_F=    7.59 meV / A
2025-04-29 19:49:32.521 INFO: Epoch 95: head: validation, loss=0.00104253, MAE_E=    6.65 meV, MAE_F=    7.29 meV / A
2025-04-29 19:49:34.906 INFO: Epoch 96: head: train, loss=0.00107574, MAE_E=    3.62 meV, MAE_F=    7.62 meV / A
2025-04-29 19:49:35.537 INFO: Epoch 96: head: validation, loss=0.00113313, MAE_E=    4.09 meV, MAE_F=    7.35 meV / A
2025-04-29 19:49:37.980 INFO: Epoch 97: head: train, loss=0.00109556, MAE_E=    5.23 meV, MAE_F=    7.47 meV / A
2025-04-29 19:49:38.687 INFO: Epoch 97: head: validation, loss=0.00115986, MAE_E=    5.93 meV, MAE_F=    7.26 meV / A
2025-04-29 19:49:40.956 INFO: Epoch 98: head: train, loss=0.00115742, MAE_E=    5.03 meV, MAE_F=    7.61 meV / A
2025-04-29 19:49:41.552 INFO: Epoch 98: head: validation, loss=0.00121139, MAE_E=    5.73 meV, MAE_F=    7.31 meV / A
2025-04-29 19:49:43.892 INFO: Epoch 99: head: train, loss=0.00106734, MAE_E=    3.94 meV, MAE_F=    7.50 meV / A
2025-04-29 19:49:44.564 INFO: Epoch 99: head: validation, loss=0.00113116, MAE_E=    4.50 meV, MAE_F=    7.28 meV / A
2025-04-29 19:49:46.894 INFO: Epoch 100: head: train, loss=0.00094454, MAE_E=    4.56 meV, MAE_F=    7.51 meV / A
2025-04-29 19:49:47.560 INFO: Epoch 100: head: validation, loss=0.00099016, MAE_E=    5.18 meV, MAE_F=    7.19 meV / A
2025-04-29 19:49:49.989 INFO: Epoch 101: head: train, loss=0.00089201, MAE_E=    3.85 meV, MAE_F=    7.46 meV / A
2025-04-29 19:49:50.641 INFO: Epoch 101: head: validation, loss=0.00094302, MAE_E=    4.39 meV, MAE_F=    7.17 meV / A
2025-04-29 19:49:53.010 INFO: Epoch 102: head: train, loss=0.00092524, MAE_E=    4.30 meV, MAE_F=    7.47 meV / A
2025-04-29 19:49:53.667 INFO: Epoch 102: head: validation, loss=0.00097335, MAE_E=    4.93 meV, MAE_F=    7.16 meV / A
2025-04-29 19:49:56.000 INFO: Epoch 103: head: train, loss=0.00098133, MAE_E=    3.82 meV, MAE_F=    7.46 meV / A
2025-04-29 19:49:56.661 INFO: Epoch 103: head: validation, loss=0.00102993, MAE_E=    4.33 meV, MAE_F=    7.13 meV / A
2025-04-29 19:49:59.080 INFO: Epoch 104: head: train, loss=0.00102151, MAE_E=    4.48 meV, MAE_F=    7.37 meV / A
2025-04-29 19:49:59.725 INFO: Epoch 104: head: validation, loss=0.00109892, MAE_E=    5.14 meV, MAE_F=    7.13 meV / A
2025-04-29 19:50:02.065 INFO: Epoch 105: head: train, loss=0.00101899, MAE_E=    3.52 meV, MAE_F=    7.39 meV / A
2025-04-29 19:50:02.708 INFO: Epoch 105: head: validation, loss=0.00108007, MAE_E=    3.98 meV, MAE_F=    7.10 meV / A
2025-04-29 19:50:04.947 INFO: Epoch 106: head: train, loss=0.00094359, MAE_E=    3.63 meV, MAE_F=    7.35 meV / A
2025-04-29 19:50:05.548 INFO: Epoch 106: head: validation, loss=0.00099852, MAE_E=    4.11 meV, MAE_F=    7.04 meV / A
2025-04-29 19:50:07.894 INFO: Epoch 107: head: train, loss=0.00084399, MAE_E=    3.23 meV, MAE_F=    7.29 meV / A
2025-04-29 19:50:08.575 INFO: Epoch 107: head: validation, loss=0.00089646, MAE_E=    3.56 meV, MAE_F=    6.98 meV / A
2025-04-29 19:50:10.949 INFO: Epoch 108: head: train, loss=0.00086279, MAE_E=    3.74 meV, MAE_F=    7.24 meV / A
2025-04-29 19:50:11.578 INFO: Epoch 108: head: validation, loss=0.00091870, MAE_E=    4.23 meV, MAE_F=    6.98 meV / A
2025-04-29 19:50:13.857 INFO: Epoch 109: head: train, loss=0.00094756, MAE_E=    3.30 meV, MAE_F=    7.32 meV / A
2025-04-29 19:50:14.485 INFO: Epoch 109: head: validation, loss=0.00100760, MAE_E=    3.69 meV, MAE_F=    7.04 meV / A
2025-04-29 19:50:16.758 INFO: Epoch 110: head: train, loss=0.00097202, MAE_E=    3.58 meV, MAE_F=    7.28 meV / A
2025-04-29 19:50:17.375 INFO: Epoch 110: head: validation, loss=0.00103531, MAE_E=    4.10 meV, MAE_F=    7.02 meV / A
2025-04-29 19:50:19.689 INFO: Epoch 111: head: train, loss=0.00089803, MAE_E=    3.65 meV, MAE_F=    7.21 meV / A
2025-04-29 19:50:20.328 INFO: Epoch 111: head: validation, loss=0.00096034, MAE_E=    4.14 meV, MAE_F=    6.96 meV / A
2025-04-29 19:50:22.624 INFO: Epoch 112: head: train, loss=0.00083532, MAE_E=    3.34 meV, MAE_F=    7.23 meV / A
2025-04-29 19:50:23.241 INFO: Epoch 112: head: validation, loss=0.00089320, MAE_E=    3.74 meV, MAE_F=    6.94 meV / A
2025-04-29 19:50:25.593 INFO: Epoch 113: head: train, loss=0.00075388, MAE_E=    3.18 meV, MAE_F=    7.11 meV / A
2025-04-29 19:50:26.225 INFO: Epoch 113: head: validation, loss=0.00080933, MAE_E=    3.50 meV, MAE_F=    6.86 meV / A
2025-04-29 19:50:28.499 INFO: Epoch 114: head: train, loss=0.00075937, MAE_E=    3.28 meV, MAE_F=    7.16 meV / A
2025-04-29 19:50:29.137 INFO: Epoch 114: head: validation, loss=0.00081480, MAE_E=    3.71 meV, MAE_F=    6.89 meV / A
2025-04-29 19:50:31.452 INFO: Epoch 115: head: train, loss=0.00083850, MAE_E=    4.19 meV, MAE_F=    7.17 meV / A
2025-04-29 19:50:32.048 INFO: Epoch 115: head: validation, loss=0.00090218, MAE_E=    4.74 meV, MAE_F=    6.95 meV / A
2025-04-29 19:50:34.336 INFO: Epoch 116: head: train, loss=0.00084387, MAE_E=    3.39 meV, MAE_F=    7.11 meV / A
2025-04-29 19:50:34.911 INFO: Epoch 116: head: validation, loss=0.00090811, MAE_E=    3.80 meV, MAE_F=    6.90 meV / A
2025-04-29 19:50:37.317 INFO: Epoch 117: head: train, loss=0.00077562, MAE_E=    4.20 meV, MAE_F=    7.05 meV / A
2025-04-29 19:50:37.931 INFO: Epoch 117: head: validation, loss=0.00083773, MAE_E=    4.82 meV, MAE_F=    6.82 meV / A
2025-04-29 19:50:40.297 INFO: Epoch 118: head: train, loss=0.00069771, MAE_E=    3.44 meV, MAE_F=    7.01 meV / A
2025-04-29 19:50:40.947 INFO: Epoch 118: head: validation, loss=0.00076050, MAE_E=    3.88 meV, MAE_F=    6.80 meV / A
2025-04-29 19:50:43.319 INFO: Epoch 119: head: train, loss=0.00066606, MAE_E=    3.34 meV, MAE_F=    7.00 meV / A
2025-04-29 19:50:43.891 INFO: Epoch 119: head: validation, loss=0.00072910, MAE_E=    3.73 meV, MAE_F=    6.77 meV / A
2025-04-29 19:50:46.277 INFO: Epoch 120: head: train, loss=0.00069066, MAE_E=    3.82 meV, MAE_F=    6.93 meV / A
2025-04-29 19:50:46.872 INFO: Epoch 120: head: validation, loss=0.00075999, MAE_E=    4.37 meV, MAE_F=    6.74 meV / A
2025-04-29 19:50:49.203 INFO: Epoch 121: head: train, loss=0.00075231, MAE_E=    4.22 meV, MAE_F=    6.90 meV / A
2025-04-29 19:50:49.808 INFO: Epoch 121: head: validation, loss=0.00082157, MAE_E=    4.82 meV, MAE_F=    6.74 meV / A
2025-04-29 19:50:52.118 INFO: Epoch 122: head: train, loss=0.00078596, MAE_E=    4.34 meV, MAE_F=    6.93 meV / A
2025-04-29 19:50:52.738 INFO: Epoch 122: head: validation, loss=0.00084914, MAE_E=    4.95 meV, MAE_F=    6.72 meV / A
2025-04-29 19:50:55.110 INFO: Epoch 123: head: train, loss=0.00074978, MAE_E=    4.02 meV, MAE_F=    6.84 meV / A
2025-04-29 19:50:55.719 INFO: Epoch 123: head: validation, loss=0.00082523, MAE_E=    4.59 meV, MAE_F=    6.72 meV / A
2025-04-29 19:50:57.985 INFO: Epoch 124: head: train, loss=0.00067640, MAE_E=    4.10 meV, MAE_F=    6.90 meV / A
2025-04-29 19:50:58.704 INFO: Epoch 124: head: validation, loss=0.00073744, MAE_E=    4.66 meV, MAE_F=    6.68 meV / A
2025-04-29 19:51:01.017 INFO: Epoch 125: head: train, loss=0.00063926, MAE_E=    3.89 meV, MAE_F=    6.88 meV / A
2025-04-29 19:51:01.685 INFO: Epoch 125: head: validation, loss=0.00070138, MAE_E=    4.43 meV, MAE_F=    6.68 meV / A
2025-04-29 19:51:04.170 INFO: Epoch 126: head: train, loss=0.00069007, MAE_E=    4.12 meV, MAE_F=    6.86 meV / A
2025-04-29 19:51:04.793 INFO: Epoch 126: head: validation, loss=0.00075889, MAE_E=    4.70 meV, MAE_F=    6.70 meV / A
2025-04-29 19:51:07.159 INFO: Epoch 127: head: train, loss=0.00070838, MAE_E=    5.29 meV, MAE_F=    6.80 meV / A
2025-04-29 19:51:07.789 INFO: Epoch 127: head: validation, loss=0.00078244, MAE_E=    5.98 meV, MAE_F=    6.68 meV / A
2025-04-29 19:51:10.144 INFO: Epoch 128: head: train, loss=0.00071235, MAE_E=    3.45 meV, MAE_F=    6.84 meV / A
2025-04-29 19:51:10.746 INFO: Epoch 128: head: validation, loss=0.00077424, MAE_E=    3.92 meV, MAE_F=    6.64 meV / A
2025-04-29 19:51:12.952 INFO: Epoch 129: head: train, loss=0.00066108, MAE_E=    5.02 meV, MAE_F=    6.81 meV / A
2025-04-29 19:51:13.569 INFO: Epoch 129: head: validation, loss=0.00071925, MAE_E=    5.66 meV, MAE_F=    6.60 meV / A
2025-04-29 19:51:15.896 INFO: Epoch 130: head: train, loss=0.00061092, MAE_E=    3.85 meV, MAE_F=    6.81 meV / A
2025-04-29 19:51:16.537 INFO: Epoch 130: head: validation, loss=0.00066394, MAE_E=    4.36 meV, MAE_F=    6.56 meV / A
2025-04-29 19:51:18.965 INFO: Epoch 131: head: train, loss=0.00060102, MAE_E=    3.92 meV, MAE_F=    6.80 meV / A
2025-04-29 19:51:19.593 INFO: Epoch 131: head: validation, loss=0.00065922, MAE_E=    4.46 meV, MAE_F=    6.57 meV / A
2025-04-29 19:51:21.988 INFO: Epoch 132: head: train, loss=0.00059700, MAE_E=    4.83 meV, MAE_F=    6.71 meV / A
2025-04-29 19:51:22.651 INFO: Epoch 132: head: validation, loss=0.00065840, MAE_E=    5.50 meV, MAE_F=    6.52 meV / A
2025-04-29 19:51:25.012 INFO: Epoch 133: head: train, loss=0.00063361, MAE_E=    3.72 meV, MAE_F=    6.68 meV / A
2025-04-29 19:51:25.689 INFO: Epoch 133: head: validation, loss=0.00069793, MAE_E=    4.18 meV, MAE_F=    6.53 meV / A
2025-04-29 19:51:28.001 INFO: Epoch 134: head: train, loss=0.00066325, MAE_E=    5.32 meV, MAE_F=    6.71 meV / A
2025-04-29 19:51:28.655 INFO: Epoch 134: head: validation, loss=0.00072546, MAE_E=    6.00 meV, MAE_F=    6.51 meV / A
2025-04-29 19:51:30.847 INFO: Epoch 135: head: train, loss=0.00062156, MAE_E=    4.57 meV, MAE_F=    6.61 meV / A
2025-04-29 19:51:31.497 INFO: Epoch 135: head: validation, loss=0.00068557, MAE_E=    5.18 meV, MAE_F=    6.48 meV / A
2025-04-29 19:51:33.690 INFO: Epoch 136: head: train, loss=0.00060020, MAE_E=    4.08 meV, MAE_F=    6.62 meV / A
2025-04-29 19:51:34.264 INFO: Epoch 136: head: validation, loss=0.00066685, MAE_E=    4.61 meV, MAE_F=    6.49 meV / A
2025-04-29 19:51:36.430 INFO: Epoch 137: head: train, loss=0.00053359, MAE_E=    5.73 meV, MAE_F=    6.59 meV / A
2025-04-29 19:51:37.026 INFO: Epoch 137: head: validation, loss=0.00060971, MAE_E=    6.45 meV, MAE_F=    6.42 meV / A
2025-04-29 19:51:39.293 INFO: Epoch 138: head: train, loss=0.00055647, MAE_E=    4.04 meV, MAE_F=    6.72 meV / A
2025-04-29 19:51:39.852 INFO: Epoch 138: head: validation, loss=0.00060309, MAE_E=    4.50 meV, MAE_F=    6.38 meV / A
2025-04-29 19:51:42.115 INFO: Epoch 139: head: train, loss=0.00060949, MAE_E=    6.97 meV, MAE_F=    6.72 meV / A
2025-04-29 19:51:42.688 INFO: Epoch 139: head: validation, loss=0.00065704, MAE_E=    7.70 meV, MAE_F=    6.42 meV / A
2025-04-29 19:51:44.936 INFO: Epoch 140: head: train, loss=0.00065708, MAE_E=    3.62 meV, MAE_F=    6.77 meV / A
2025-04-29 19:51:45.488 INFO: Epoch 140: head: validation, loss=0.00071309, MAE_E=    3.98 meV, MAE_F=    6.49 meV / A
2025-04-29 19:51:47.649 INFO: Epoch 141: head: train, loss=0.00061565, MAE_E=    5.98 meV, MAE_F=    6.73 meV / A
2025-04-29 19:51:48.208 INFO: Epoch 141: head: validation, loss=0.00066905, MAE_E=    6.65 meV, MAE_F=    6.45 meV / A
2025-04-29 19:51:50.428 INFO: Epoch 142: head: train, loss=0.00054246, MAE_E=    4.22 meV, MAE_F=    6.65 meV / A
2025-04-29 19:51:51.021 INFO: Epoch 142: head: validation, loss=0.00059487, MAE_E=    4.70 meV, MAE_F=    6.42 meV / A
2025-04-29 19:51:53.309 INFO: Epoch 143: head: train, loss=0.00049450, MAE_E=    5.27 meV, MAE_F=    6.62 meV / A
2025-04-29 19:51:53.895 INFO: Epoch 143: head: validation, loss=0.00055154, MAE_E=    5.93 meV, MAE_F=    6.40 meV / A
2025-04-29 19:51:56.180 INFO: Epoch 144: head: train, loss=0.00050703, MAE_E=    4.42 meV, MAE_F=    6.58 meV / A
2025-04-29 19:51:56.743 INFO: Epoch 144: head: validation, loss=0.00055761, MAE_E=    4.96 meV, MAE_F=    6.38 meV / A
2025-04-29 19:51:59.065 INFO: Epoch 145: head: train, loss=0.00057420, MAE_E=    4.63 meV, MAE_F=    6.68 meV / A
2025-04-29 19:51:59.657 INFO: Epoch 145: head: validation, loss=0.00062360, MAE_E=    5.19 meV, MAE_F=    6.41 meV / A
2025-04-29 19:52:01.930 INFO: Epoch 146: head: train, loss=0.00059779, MAE_E=    5.24 meV, MAE_F=    6.59 meV / A
2025-04-29 19:52:02.517 INFO: Epoch 146: head: validation, loss=0.00065074, MAE_E=    5.86 meV, MAE_F=    6.38 meV / A
2025-04-29 19:52:04.730 INFO: Epoch 147: head: train, loss=0.00057204, MAE_E=    4.84 meV, MAE_F=    6.63 meV / A
2025-04-29 19:52:05.293 INFO: Epoch 147: head: validation, loss=0.00061504, MAE_E=    5.41 meV, MAE_F=    6.35 meV / A
2025-04-29 19:52:07.470 INFO: Epoch 148: head: train, loss=0.00051881, MAE_E=    3.77 meV, MAE_F=    6.55 meV / A
2025-04-29 19:52:08.062 INFO: Epoch 148: head: validation, loss=0.00056764, MAE_E=    4.15 meV, MAE_F=    6.32 meV / A
2025-04-29 19:52:10.325 INFO: Epoch 149: head: train, loss=0.00046643, MAE_E=    4.90 meV, MAE_F=    6.45 meV / A
2025-04-29 19:52:10.934 INFO: Epoch 149: head: validation, loss=0.00052903, MAE_E=    5.49 meV, MAE_F=    6.29 meV / A
2025-04-29 19:52:13.255 INFO: Epoch 150: head: train, loss=0.00048810, MAE_E=    4.17 meV, MAE_F=    6.49 meV / A
2025-04-29 19:52:13.821 INFO: Epoch 150: head: validation, loss=0.00053405, MAE_E=    4.60 meV, MAE_F=    6.27 meV / A
2025-04-29 19:52:16.000 INFO: Epoch 151: head: train, loss=0.00053113, MAE_E=    4.58 meV, MAE_F=    6.48 meV / A
2025-04-29 19:52:16.586 INFO: Epoch 151: head: validation, loss=0.00058132, MAE_E=    5.12 meV, MAE_F=    6.28 meV / A
2025-04-29 19:52:18.871 INFO: Epoch 152: head: train, loss=0.00056379, MAE_E=    5.64 meV, MAE_F=    6.45 meV / A
2025-04-29 19:52:19.459 INFO: Epoch 152: head: validation, loss=0.00061731, MAE_E=    6.28 meV, MAE_F=    6.27 meV / A
2025-04-29 19:52:21.697 INFO: Epoch 153: head: train, loss=0.00054397, MAE_E=    4.76 meV, MAE_F=    6.44 meV / A
2025-04-29 19:52:22.299 INFO: Epoch 153: head: validation, loss=0.00059704, MAE_E=    5.29 meV, MAE_F=    6.29 meV / A
2025-04-29 19:52:24.469 INFO: Epoch 154: head: train, loss=0.00053792, MAE_E=    7.34 meV, MAE_F=    7.10 meV / A
2025-04-29 19:52:25.098 INFO: Epoch 154: head: validation, loss=0.00060083, MAE_E=    8.17 meV, MAE_F=    7.03 meV / A
2025-04-29 19:52:27.287 INFO: Epoch 155: head: train, loss=0.00420342, MAE_E=   70.09 meV, MAE_F=   25.32 meV / A
2025-04-29 19:52:27.866 INFO: Epoch 155: head: validation, loss=0.00466300, MAE_E=   71.52 meV, MAE_F=   25.76 meV / A
2025-04-29 19:52:30.104 INFO: Epoch 156: head: train, loss=0.00634147, MAE_E=  114.40 meV, MAE_F=   29.34 meV / A
2025-04-29 19:52:30.706 INFO: Epoch 156: head: validation, loss=0.00677318, MAE_E=  116.95 meV, MAE_F=   29.27 meV / A
2025-04-29 19:52:32.910 INFO: Epoch 157: head: train, loss=0.01063042, MAE_E=   49.57 meV, MAE_F=   30.13 meV / A
2025-04-29 19:52:33.552 INFO: Epoch 157: head: validation, loss=0.01098475, MAE_E=   51.69 meV, MAE_F=   30.06 meV / A
2025-04-29 19:52:35.720 INFO: Epoch 158: head: train, loss=0.01492494, MAE_E=   55.53 meV, MAE_F=   32.78 meV / A
2025-04-29 19:52:36.272 INFO: Epoch 158: head: validation, loss=0.01573793, MAE_E=   57.10 meV, MAE_F=   33.41 meV / A
2025-04-29 19:52:38.489 INFO: Epoch 159: head: train, loss=0.01936326, MAE_E=   16.49 meV, MAE_F=   35.95 meV / A
2025-04-29 19:52:39.090 INFO: Epoch 159: head: validation, loss=0.02034782, MAE_E=   15.82 meV, MAE_F=   36.20 meV / A
2025-04-29 19:52:41.324 INFO: Epoch 160: head: train, loss=0.01982633, MAE_E=   17.05 meV, MAE_F=   38.02 meV / A
2025-04-29 19:52:41.935 INFO: Epoch 160: head: validation, loss=0.02091715, MAE_E=   17.96 meV, MAE_F=   38.05 meV / A
2025-04-29 19:52:44.167 INFO: Epoch 161: head: train, loss=0.01857966, MAE_E=   20.85 meV, MAE_F=   38.70 meV / A
2025-04-29 19:52:44.713 INFO: Epoch 161: head: validation, loss=0.01965973, MAE_E=   21.91 meV, MAE_F=   38.64 meV / A
2025-04-29 19:52:46.925 INFO: Epoch 162: head: train, loss=0.01624811, MAE_E=   18.05 meV, MAE_F=   37.72 meV / A
2025-04-29 19:52:47.479 INFO: Epoch 162: head: validation, loss=0.01723520, MAE_E=   19.03 meV, MAE_F=   37.52 meV / A
2025-04-29 19:52:49.642 INFO: Epoch 163: head: train, loss=0.01438220, MAE_E=    9.09 meV, MAE_F=   36.06 meV / A
2025-04-29 19:52:50.261 INFO: Epoch 163: head: validation, loss=0.01538302, MAE_E=    9.28 meV, MAE_F=   36.07 meV / A
2025-04-29 19:52:52.499 INFO: Epoch 164: head: train, loss=0.02024380, MAE_E=   11.72 meV, MAE_F=   46.87 meV / A
2025-04-29 19:52:53.095 INFO: Epoch 164: head: validation, loss=0.02203221, MAE_E=   11.87 meV, MAE_F=   47.07 meV / A
2025-04-29 19:52:55.335 INFO: Epoch 165: head: train, loss=0.02804118, MAE_E=   17.25 meV, MAE_F=   56.93 meV / A
2025-04-29 19:52:55.929 INFO: Epoch 165: head: validation, loss=0.03047072, MAE_E=   16.73 meV, MAE_F=   57.18 meV / A
2025-04-29 19:52:58.145 INFO: Epoch 166: head: train, loss=0.06496765, MAE_E=   32.61 meV, MAE_F=   84.07 meV / A
2025-04-29 19:52:58.761 INFO: Epoch 166: head: validation, loss=0.06993614, MAE_E=   35.61 meV, MAE_F=   85.11 meV / A
2025-04-29 19:53:00.978 INFO: Epoch 167: head: train, loss=0.04085168, MAE_E=  313.44 meV, MAE_F=   79.27 meV / A
2025-04-29 19:53:01.561 INFO: Epoch 167: head: validation, loss=0.04847209, MAE_E=  316.91 meV, MAE_F=   80.44 meV / A
2025-04-29 19:53:03.896 INFO: Epoch 168: head: train, loss=0.14566071, MAE_E=  456.88 meV, MAE_F=  123.40 meV / A
2025-04-29 19:53:04.444 INFO: Epoch 168: head: validation, loss=0.17717882, MAE_E=  458.04 meV, MAE_F=  126.26 meV / A
2025-04-29 19:53:06.651 INFO: Epoch 169: head: train, loss=0.22993805, MAE_E=  228.74 meV, MAE_F=  156.81 meV / A
2025-04-29 19:53:07.261 INFO: Epoch 169: head: validation, loss=0.28010048, MAE_E=  228.91 meV, MAE_F=  159.00 meV / A
2025-04-29 19:53:07.261 INFO: Stopping optimization after 20 epochs without improvement
2025-04-29 19:53:07.261 INFO: Training complete
!!!!!!!!!!!!!!!!!!!!!!!!!!!!!!!!!!!!!!!!!!!!!!!!
!!!!!!!!!!!!!!!!!!!!!!!!!!!!!!!!!!!!!!!!!!!!!!!
tensor([0.7851], device='cuda:0') tensor(0., device='cuda:0')
2025-04-29 19:53:07.266 INFO: 
2025-04-29 19:53:07.266 INFO: ===========FINISHED TRAINING===========
2025-04-29 19:53:07.266 INFO: eveluation
2025-04-29 19:53:07.266 INFO: The scale is [0.78510303] and shift is 0.0
2025-04-29 19:53:07.393 INFO: Energy Mean: -23365.89040798611, Variance: 0.03818753089433835
2025-04-29 19:53:07.655 INFO: Energy RMSE: 2.588590621948242
2025-04-29 19:53:07.655 INFO: Energy R2: -174.47094755551257
2025-04-29 19:53:07.655 INFO: Energy MAE: 2.5877387523651123
90
(90, 4, 3)
torch.Size([90, 4, 3])
2025-04-29 19:53:07.657 INFO: Forces RMSE: 0.568725592210847
2025-04-29 19:53:07.657 INFO: Forces R2: 0.8745551470664057
2025-04-29 19:53:09.813 INFO: Energy Mean: -23365.878911675347, Variance: 0.03167575197455324
2025-04-29 19:53:09.937 INFO: Loading checkpoint: results/latent_charge_embed_10/bi4-2_logs//sample_1//checkpoints/bi4-2_run-123_epoch-149.pt
2025-04-29 19:53:09.987 INFO: Loaded Stage one model from epoch 149 for evaluation
2025-04-29 19:53:09.987 INFO: Saving model to results/latent_charge_embed_10/bi4-2_logs/sample_1/checkpoints/bi4-2_run-123.model
2025-04-29 19:53:10.152 INFO: Compiling model, saving metadata to results/latent_charge_embed_10/bi4-2_logs/sample_1/bi4-2_compiled.model
2025-04-29 19:53:10.243 INFO: Done
Loading saved bootstrap sample 2
Training model 2
Using latent charge and penalty 10
2025-04-29 19:53:10.627 INFO: ===========VERIFYING SETTINGS===========
2025-04-29 19:53:10.628 INFO: MACE version: 0.3.10
2025-04-29 19:53:10.628 INFO: CUDA version: 12.1, CUDA device: 0
default
2025-04-29 19:53:10.633 INFO: ===========LOADING INPUT DATA===========
2025-04-29 19:53:10.633 INFO: Using heads: ['default']
2025-04-29 19:53:10.633 INFO: =============    Processing head default     ===========
2025-04-29 19:53:10.633 INFO: Total number of configurations: train=360, valid=90, 
2025-04-29 19:53:10.637 INFO: Atomic Numbers used: [83]
2025-04-29 19:53:10.637 INFO: Computing average Atomic Energies using least squares regression
{'default': {83: -5841.4672105577265}}
2025-04-29 19:53:10.641 INFO: Atomic Energies used (z: eV) for head default: {83: -5841.4672105577265}
2025-04-29 19:53:10.753 INFO: Computing average number of neighbors
2025-04-29 19:53:11.250 INFO: Average number of neighbors: 3.0
2025-04-29 19:53:11.250 INFO: During training the following quantities will be reported: energy, forces
2025-04-29 19:53:11.250 INFO: ===========MODEL DETAILS===========
2025-04-29 19:53:11.252 INFO: Building model
2025-04-29 19:53:11.252 INFO: Message passing with 128 channels and max_L=1 (128x0e+128x1o)
2025-04-29 19:53:11.252 INFO: 2 layers, each with correlation order: 3 (body order: 4) and spherical harmonics up to: l=3
2025-04-29 19:53:11.252 INFO: 8 radial and 5 basis functions
2025-04-29 19:53:11.252 INFO: Radial cutoff: 9.0 A (total receptive field for each atom: 18.0 A)
2025-04-29 19:53:11.252 INFO: Distance transform for radial basis functions: None
2025-04-29 19:53:11.253 INFO: Hidden irreps: 128x0e+128x1o
2025-04-29 19:53:11.703 INFO: Mean: -0.0002854472450880249, Std: [0.82781588]
0.0 [0.82781588]
2025-04-29 19:53:11.703 INFO: Scale: [0.82781588], Shift: 0.0
2025-04-29 19:53:12.817 INFO: Total number of parameters: 509618
2025-04-29 19:53:12.817 INFO: 
2025-04-29 19:53:12.817 INFO: ===========OPTIMIZER INFORMATION===========
2025-04-29 19:53:12.817 INFO: Using ADAM as parameter optimizer
2025-04-29 19:53:12.817 INFO: Batch size: 32
2025-04-29 19:53:12.817 INFO: Using Exponential Moving Average with decay: 0.99
2025-04-29 19:53:12.817 INFO: Number of gradient updates: 2250
2025-04-29 19:53:12.817 INFO: Learning rate: 0.01, weight decay: 5e-07
2025-04-29 19:53:12.818 INFO: WeightedEnergyForcesChargeLoss(energy_weight=1.000, forces_weight=100.000, charge_penalty_weight=10.000)
2025-04-29 19:53:12.819 INFO: Using gradient clipping with tolerance=10.000
2025-04-29 19:53:12.819 INFO: 
2025-04-29 19:53:12.819 INFO: ===========TRAINING===========
2025-04-29 19:53:12.819 INFO: Started training, reporting errors on validation set
2025-04-29 19:53:12.819 INFO: Loss metrics on validation set
2025-04-29 19:53:13.660 INFO: Initial: head: validation, loss=33.34098893, MAE_E= 8261.84 meV, MAE_F=  547.65 meV / A
2025-04-29 19:53:15.875 INFO: Epoch 0: head: train, loss=0.53204385, MAE_E= 1932.73 meV, MAE_F=  169.44 meV / A
2025-04-29 19:53:16.566 INFO: Epoch 0: head: validation, loss=0.49264828, MAE_E= 1937.03 meV, MAE_F=  167.33 meV / A
2025-04-29 19:53:18.974 INFO: Epoch 1: head: train, loss=0.37984570, MAE_E= 1116.84 meV, MAE_F=  217.89 meV / A
2025-04-29 19:53:19.545 INFO: Epoch 1: head: validation, loss=0.35968261, MAE_E= 1123.28 meV, MAE_F=  216.88 meV / A
2025-04-29 19:53:21.774 INFO: Epoch 2: head: train, loss=0.30610798, MAE_E= 1170.75 meV, MAE_F=  188.38 meV / A
2025-04-29 19:53:22.379 INFO: Epoch 2: head: validation, loss=0.28785072, MAE_E= 1175.08 meV, MAE_F=  194.92 meV / A
2025-04-29 19:53:24.690 INFO: Epoch 3: head: train, loss=0.17329556, MAE_E=  382.79 meV, MAE_F=  141.29 meV / A
2025-04-29 19:53:25.247 INFO: Epoch 3: head: validation, loss=0.15341982, MAE_E=  384.69 meV, MAE_F=  141.68 meV / A
2025-04-29 19:53:27.522 INFO: Epoch 4: head: train, loss=0.45477533, MAE_E= 1355.70 meV, MAE_F=  280.50 meV / A
2025-04-29 19:53:28.132 INFO: Epoch 4: head: validation, loss=0.43536515, MAE_E= 1360.60 meV, MAE_F=  271.16 meV / A
2025-04-29 19:53:30.438 INFO: Epoch 5: head: train, loss=0.46960759, MAE_E= 1888.77 meV, MAE_F=  239.67 meV / A
2025-04-29 19:53:31.007 INFO: Epoch 5: head: validation, loss=0.42592450, MAE_E= 1894.71 meV, MAE_F=  236.00 meV / A
2025-04-29 19:53:33.251 INFO: Epoch 6: head: train, loss=0.11528724, MAE_E=  991.01 meV, MAE_F=  121.65 meV / A
2025-04-29 19:53:33.876 INFO: Epoch 6: head: validation, loss=0.10694214, MAE_E=  987.39 meV, MAE_F=  121.37 meV / A
2025-04-29 19:53:36.095 INFO: Epoch 7: head: train, loss=0.14446181, MAE_E= 5915.22 meV, MAE_F=  108.00 meV / A
2025-04-29 19:53:36.842 INFO: Epoch 7: head: validation, loss=0.15175372, MAE_E= 5917.32 meV, MAE_F=  109.56 meV / A
2025-04-29 19:53:39.127 INFO: Epoch 8: head: train, loss=0.08385080, MAE_E= 2035.43 meV, MAE_F=   91.72 meV / A
2025-04-29 19:53:39.700 INFO: Epoch 8: head: validation, loss=0.07158458, MAE_E= 2037.07 meV, MAE_F=   92.44 meV / A
2025-04-29 19:53:41.964 INFO: Epoch 9: head: train, loss=0.04511165, MAE_E=  730.73 meV, MAE_F=   71.75 meV / A
2025-04-29 19:53:42.563 INFO: Epoch 9: head: validation, loss=0.03932270, MAE_E=  731.50 meV, MAE_F=   71.55 meV / A
2025-04-29 19:53:44.838 INFO: Epoch 10: head: train, loss=0.06146104, MAE_E=  141.79 meV, MAE_F=   79.68 meV / A
2025-04-29 19:53:45.447 INFO: Epoch 10: head: validation, loss=0.06540714, MAE_E=  141.54 meV, MAE_F=   80.46 meV / A
2025-04-29 19:53:47.672 INFO: Epoch 11: head: train, loss=0.02457487, MAE_E=  693.59 meV, MAE_F=   68.13 meV / A
2025-04-29 19:53:48.228 INFO: Epoch 11: head: validation, loss=0.02705576, MAE_E=  693.03 meV, MAE_F=   68.70 meV / A
2025-04-29 19:53:50.538 INFO: Epoch 12: head: train, loss=0.02252322, MAE_E= 1353.57 meV, MAE_F=   62.86 meV / A
2025-04-29 19:53:51.135 INFO: Epoch 12: head: validation, loss=0.02491251, MAE_E= 1352.95 meV, MAE_F=   62.82 meV / A
2025-04-29 19:53:53.461 INFO: Epoch 13: head: train, loss=0.01693553, MAE_E=  257.58 meV, MAE_F=   58.36 meV / A
2025-04-29 19:53:54.049 INFO: Epoch 13: head: validation, loss=0.01886845, MAE_E=  256.27 meV, MAE_F=   59.24 meV / A
2025-04-29 19:53:56.332 INFO: Epoch 14: head: train, loss=0.01472920, MAE_E=  309.04 meV, MAE_F=   52.18 meV / A
2025-04-29 19:53:56.951 INFO: Epoch 14: head: validation, loss=0.01689650, MAE_E=  307.85 meV, MAE_F=   53.28 meV / A
2025-04-29 19:53:59.254 INFO: Epoch 15: head: train, loss=0.01515560, MAE_E=  121.80 meV, MAE_F=   50.53 meV / A
2025-04-29 19:53:59.859 INFO: Epoch 15: head: validation, loss=0.01687821, MAE_E=  120.58 meV, MAE_F=   52.09 meV / A
2025-04-29 19:54:02.192 INFO: Epoch 16: head: train, loss=0.01479022, MAE_E=  127.50 meV, MAE_F=   54.44 meV / A
2025-04-29 19:54:02.821 INFO: Epoch 16: head: validation, loss=0.01685221, MAE_E=  127.29 meV, MAE_F=   54.95 meV / A
2025-04-29 19:54:05.120 INFO: Epoch 17: head: train, loss=0.01438487, MAE_E=   18.14 meV, MAE_F=   49.97 meV / A
2025-04-29 19:54:05.707 INFO: Epoch 17: head: validation, loss=0.01502662, MAE_E=   19.32 meV, MAE_F=   49.94 meV / A
2025-04-29 19:54:07.961 INFO: Epoch 18: head: train, loss=0.01381741, MAE_E=   24.30 meV, MAE_F=   48.81 meV / A
2025-04-29 19:54:08.624 INFO: Epoch 18: head: validation, loss=0.01486600, MAE_E=   24.74 meV, MAE_F=   49.17 meV / A
2025-04-29 19:54:10.953 INFO: Epoch 19: head: train, loss=0.01196169, MAE_E=   16.68 meV, MAE_F=   46.33 meV / A
2025-04-29 19:54:11.568 INFO: Epoch 19: head: validation, loss=0.01346463, MAE_E=   17.66 meV, MAE_F=   46.83 meV / A
2025-04-29 19:54:13.928 INFO: Epoch 20: head: train, loss=0.01176519, MAE_E=   11.07 meV, MAE_F=   43.18 meV / A
2025-04-29 19:54:14.534 INFO: Epoch 20: head: validation, loss=0.01337615, MAE_E=   12.65 meV, MAE_F=   44.18 meV / A
2025-04-29 19:54:16.848 INFO: Epoch 21: head: train, loss=0.01707664, MAE_E=  405.23 meV, MAE_F=   55.31 meV / A
2025-04-29 19:54:17.443 INFO: Epoch 21: head: validation, loss=0.01964482, MAE_E=  402.86 meV, MAE_F=   59.20 meV / A
2025-04-29 19:54:19.634 INFO: Epoch 22: head: train, loss=0.01532798, MAE_E=   48.17 meV, MAE_F=   52.30 meV / A
2025-04-29 19:54:20.184 INFO: Epoch 22: head: validation, loss=0.01794875, MAE_E=   46.00 meV, MAE_F=   55.70 meV / A
2025-04-29 19:54:22.387 INFO: Epoch 23: head: train, loss=0.01384937, MAE_E=   10.41 meV, MAE_F=   48.36 meV / A
2025-04-29 19:54:23.036 INFO: Epoch 23: head: validation, loss=0.01650854, MAE_E=   12.05 meV, MAE_F=   51.27 meV / A
2025-04-29 19:54:25.299 INFO: Epoch 24: head: train, loss=0.01198937, MAE_E=  179.78 meV, MAE_F=   44.40 meV / A
2025-04-29 19:54:25.891 INFO: Epoch 24: head: validation, loss=0.01424333, MAE_E=  177.46 meV, MAE_F=   47.30 meV / A
2025-04-29 19:54:28.202 INFO: Epoch 25: head: train, loss=0.01464435, MAE_E=   69.28 meV, MAE_F=   48.82 meV / A
2025-04-29 19:54:28.836 INFO: Epoch 25: head: validation, loss=0.01653664, MAE_E=   67.34 meV, MAE_F=   52.52 meV / A
2025-04-29 19:54:31.094 INFO: Epoch 26: head: train, loss=0.01506763, MAE_E=   36.66 meV, MAE_F=   43.49 meV / A
2025-04-29 19:54:31.699 INFO: Epoch 26: head: validation, loss=0.01728690, MAE_E=   35.22 meV, MAE_F=   46.80 meV / A
2025-04-29 19:54:34.000 INFO: Epoch 27: head: train, loss=0.01542514, MAE_E=   95.14 meV, MAE_F=   50.91 meV / A
2025-04-29 19:54:34.617 INFO: Epoch 27: head: validation, loss=0.01873677, MAE_E=   98.00 meV, MAE_F=   55.83 meV / A
2025-04-29 19:54:36.925 INFO: Epoch 28: head: train, loss=0.01566504, MAE_E=   94.69 meV, MAE_F=   52.81 meV / A
2025-04-29 19:54:37.551 INFO: Epoch 28: head: validation, loss=0.01851146, MAE_E=   97.06 meV, MAE_F=   56.93 meV / A
2025-04-29 19:54:39.742 INFO: Epoch 29: head: train, loss=0.01625352, MAE_E=   61.95 meV, MAE_F=   51.48 meV / A
2025-04-29 19:54:40.313 INFO: Epoch 29: head: validation, loss=0.01855858, MAE_E=   63.96 meV, MAE_F=   54.74 meV / A
2025-04-29 19:54:42.492 INFO: Epoch 30: head: train, loss=0.02133165, MAE_E=  122.98 meV, MAE_F=   64.76 meV / A
2025-04-29 19:54:43.071 INFO: Epoch 30: head: validation, loss=0.02456566, MAE_E=  126.42 meV, MAE_F=   66.94 meV / A
2025-04-29 19:54:45.287 INFO: Epoch 31: head: train, loss=0.01629424, MAE_E=   98.14 meV, MAE_F=   52.86 meV / A
2025-04-29 19:54:45.885 INFO: Epoch 31: head: validation, loss=0.01885833, MAE_E=  100.72 meV, MAE_F=   56.66 meV / A
2025-04-29 19:54:48.079 INFO: Epoch 32: head: train, loss=0.01181929, MAE_E=   73.52 meV, MAE_F=   44.95 meV / A
2025-04-29 19:54:48.684 INFO: Epoch 32: head: validation, loss=0.01352172, MAE_E=   75.18 meV, MAE_F=   47.28 meV / A
2025-04-29 19:54:50.972 INFO: Epoch 33: head: train, loss=0.02684765, MAE_E=   45.54 meV, MAE_F=   66.46 meV / A
2025-04-29 19:54:51.606 INFO: Epoch 33: head: validation, loss=0.02782365, MAE_E=   48.03 meV, MAE_F=   68.58 meV / A
2025-04-29 19:54:53.871 INFO: Epoch 34: head: train, loss=0.02633541, MAE_E=   30.34 meV, MAE_F=   67.80 meV / A
2025-04-29 19:54:54.480 INFO: Epoch 34: head: validation, loss=0.02796746, MAE_E=   32.95 meV, MAE_F=   69.80 meV / A
2025-04-29 19:54:56.660 INFO: Epoch 35: head: train, loss=0.02174355, MAE_E=   13.14 meV, MAE_F=   61.65 meV / A
2025-04-29 19:54:57.263 INFO: Epoch 35: head: validation, loss=0.02416439, MAE_E=   14.74 meV, MAE_F=   65.07 meV / A
2025-04-29 19:54:59.435 INFO: Epoch 36: head: train, loss=0.01769351, MAE_E=   38.03 meV, MAE_F=   56.36 meV / A
2025-04-29 19:55:00.060 INFO: Epoch 36: head: validation, loss=0.02002976, MAE_E=   36.20 meV, MAE_F=   58.80 meV / A
2025-04-29 19:55:02.288 INFO: Epoch 37: head: train, loss=0.01516914, MAE_E=   19.49 meV, MAE_F=   52.50 meV / A
2025-04-29 19:55:02.886 INFO: Epoch 37: head: validation, loss=0.01771389, MAE_E=   21.84 meV, MAE_F=   54.90 meV / A
2025-04-29 19:55:05.152 INFO: Epoch 38: head: train, loss=0.02551507, MAE_E=   16.35 meV, MAE_F=   74.88 meV / A
2025-04-29 19:55:05.827 INFO: Epoch 38: head: validation, loss=0.02804395, MAE_E=   19.89 meV, MAE_F=   76.01 meV / A
2025-04-29 19:55:08.059 INFO: Epoch 39: head: train, loss=0.02276915, MAE_E=   26.14 meV, MAE_F=   68.85 meV / A
2025-04-29 19:55:08.740 INFO: Epoch 39: head: validation, loss=0.02515023, MAE_E=   25.06 meV, MAE_F=   70.57 meV / A
2025-04-29 19:55:10.957 INFO: Epoch 40: head: train, loss=0.02055734, MAE_E=   12.66 meV, MAE_F=   62.37 meV / A
2025-04-29 19:55:11.554 INFO: Epoch 40: head: validation, loss=0.02175398, MAE_E=   14.91 meV, MAE_F=   63.44 meV / A
2025-04-29 19:55:11.554 INFO: Stopping optimization after 20 epochs without improvement
2025-04-29 19:55:11.554 INFO: Training complete
!!!!!!!!!!!!!!!!!!!!!!!!!!!!!!!!!!!!!!!!!!!!!!!!
!!!!!!!!!!!!!!!!!!!!!!!!!!!!!!!!!!!!!!!!!!!!!!!
tensor([0.8278], device='cuda:0') tensor(0., device='cuda:0')
2025-04-29 19:55:11.557 INFO: 
2025-04-29 19:55:11.557 INFO: ===========FINISHED TRAINING===========
2025-04-29 19:55:11.557 INFO: eveluation
2025-04-29 19:55:11.557 INFO: The scale is [0.82781588] and shift is 0.0
2025-04-29 19:55:11.683 INFO: Energy Mean: -23365.859049479168, Variance: 0.03361742231580946
2025-04-29 19:55:11.958 INFO: Energy RMSE: 0.7522380948066711
2025-04-29 19:55:11.958 INFO: Energy R2: -15.832407365963782
2025-04-29 19:55:11.958 INFO: Energy MAE: 0.7519314289093018
90
(90, 4, 3)
torch.Size([90, 4, 3])
2025-04-29 19:55:11.960 INFO: Forces RMSE: 0.18720421724641087
2025-04-29 19:55:11.960 INFO: Forces R2: 0.9860889831594878
2025-04-29 19:55:12.447 INFO: Energy Mean: -23365.868842230902, Variance: 0.04177327259087268
2025-04-29 19:55:12.571 INFO: Loading checkpoint: results/latent_charge_embed_10/bi4-2_logs//sample_2//checkpoints/bi4-2_run-123_epoch-20.pt
2025-04-29 19:55:12.616 INFO: Loaded Stage one model from epoch 20 for evaluation
2025-04-29 19:55:12.617 INFO: Saving model to results/latent_charge_embed_10/bi4-2_logs/sample_2/checkpoints/bi4-2_run-123.model
2025-04-29 19:55:12.776 INFO: Compiling model, saving metadata to results/latent_charge_embed_10/bi4-2_logs/sample_2/bi4-2_compiled.model
2025-04-29 19:55:12.865 INFO: Done
Loading saved bootstrap sample 3
Training model 3
Using latent charge and penalty 10
2025-04-29 19:55:13.263 INFO: ===========VERIFYING SETTINGS===========
2025-04-29 19:55:13.263 INFO: MACE version: 0.3.10
2025-04-29 19:55:13.263 INFO: CUDA version: 12.1, CUDA device: 0
default
2025-04-29 19:55:13.268 INFO: ===========LOADING INPUT DATA===========
2025-04-29 19:55:13.268 INFO: Using heads: ['default']
2025-04-29 19:55:13.269 INFO: =============    Processing head default     ===========
2025-04-29 19:55:13.269 INFO: Total number of configurations: train=360, valid=90, 
2025-04-29 19:55:13.273 INFO: Atomic Numbers used: [83]
2025-04-29 19:55:13.273 INFO: Computing average Atomic Energies using least squares regression
{'default': {83: -5841.465680609809}}
2025-04-29 19:55:13.277 INFO: Atomic Energies used (z: eV) for head default: {83: -5841.465680609809}
2025-04-29 19:55:13.391 INFO: Computing average number of neighbors
2025-04-29 19:55:13.900 INFO: Average number of neighbors: 3.0
2025-04-29 19:55:13.900 INFO: During training the following quantities will be reported: energy, forces
2025-04-29 19:55:13.900 INFO: ===========MODEL DETAILS===========
2025-04-29 19:55:13.902 INFO: Building model
2025-04-29 19:55:13.902 INFO: Message passing with 128 channels and max_L=1 (128x0e+128x1o)
2025-04-29 19:55:13.902 INFO: 2 layers, each with correlation order: 3 (body order: 4) and spherical harmonics up to: l=3
2025-04-29 19:55:13.902 INFO: 8 radial and 5 basis functions
2025-04-29 19:55:13.902 INFO: Radial cutoff: 9.0 A (total receptive field for each atom: 18.0 A)
2025-04-29 19:55:13.902 INFO: Distance transform for radial basis functions: None
2025-04-29 19:55:13.902 INFO: Hidden irreps: 128x0e+128x1o
2025-04-29 19:55:14.388 INFO: Mean: 0.0001543757892828911, Std: [0.82247126]
0.0 [0.82247126]
2025-04-29 19:55:14.389 INFO: Scale: [0.82247126], Shift: 0.0
2025-04-29 19:55:15.526 INFO: Total number of parameters: 509618
2025-04-29 19:55:15.526 INFO: 
2025-04-29 19:55:15.526 INFO: ===========OPTIMIZER INFORMATION===========
2025-04-29 19:55:15.526 INFO: Using ADAM as parameter optimizer
2025-04-29 19:55:15.526 INFO: Batch size: 32
2025-04-29 19:55:15.526 INFO: Using Exponential Moving Average with decay: 0.99
2025-04-29 19:55:15.526 INFO: Number of gradient updates: 2250
2025-04-29 19:55:15.526 INFO: Learning rate: 0.01, weight decay: 5e-07
2025-04-29 19:55:15.526 INFO: WeightedEnergyForcesChargeLoss(energy_weight=1.000, forces_weight=100.000, charge_penalty_weight=10.000)
2025-04-29 19:55:15.528 INFO: Using gradient clipping with tolerance=10.000
2025-04-29 19:55:15.528 INFO: 
2025-04-29 19:55:15.528 INFO: ===========TRAINING===========
2025-04-29 19:55:15.528 INFO: Started training, reporting errors on validation set
2025-04-29 19:55:15.528 INFO: Loss metrics on validation set
2025-04-29 19:55:16.393 INFO: Initial: head: validation, loss=33.24282027, MAE_E= 8243.46 meV, MAE_F=  508.83 meV / A
2025-04-29 19:55:18.560 INFO: Epoch 0: head: train, loss=0.42483596, MAE_E= 3107.22 meV, MAE_F=  202.45 meV / A
2025-04-29 19:55:19.260 INFO: Epoch 0: head: validation, loss=0.42966324, MAE_E= 3107.53 meV, MAE_F=  200.86 meV / A
2025-04-29 19:55:21.565 INFO: Epoch 1: head: train, loss=1.45446872, MAE_E= 1027.62 meV, MAE_F=  221.09 meV / A
2025-04-29 19:55:22.169 INFO: Epoch 1: head: validation, loss=1.46702655, MAE_E= 1027.17 meV, MAE_F=  221.99 meV / A
2025-04-29 19:55:24.395 INFO: Epoch 2: head: train, loss=0.13949188, MAE_E=  824.70 meV, MAE_F=  121.19 meV / A
2025-04-29 19:55:25.020 INFO: Epoch 2: head: validation, loss=0.13593593, MAE_E=  822.94 meV, MAE_F=  117.84 meV / A
2025-04-29 19:55:27.324 INFO: Epoch 3: head: train, loss=0.26727427, MAE_E=  287.30 meV, MAE_F=  198.27 meV / A
2025-04-29 19:55:27.894 INFO: Epoch 3: head: validation, loss=0.27363469, MAE_E=  287.93 meV, MAE_F=  195.90 meV / A
2025-04-29 19:55:30.101 INFO: Epoch 4: head: train, loss=0.38470701, MAE_E=  776.98 meV, MAE_F=  257.63 meV / A
2025-04-29 19:55:30.684 INFO: Epoch 4: head: validation, loss=0.40949943, MAE_E=  769.44 meV, MAE_F=  260.33 meV / A
2025-04-29 19:55:32.941 INFO: Epoch 5: head: train, loss=0.25401517, MAE_E=  104.63 meV, MAE_F=  221.66 meV / A
2025-04-29 19:55:33.565 INFO: Epoch 5: head: validation, loss=0.27283793, MAE_E=   96.60 meV, MAE_F=  229.07 meV / A
2025-04-29 19:55:35.762 INFO: Epoch 6: head: train, loss=0.23871267, MAE_E=  386.51 meV, MAE_F=  214.19 meV / A
2025-04-29 19:55:36.364 INFO: Epoch 6: head: validation, loss=0.25721805, MAE_E=  389.09 meV, MAE_F=  220.33 meV / A
2025-04-29 19:55:38.685 INFO: Epoch 7: head: train, loss=0.09197847, MAE_E=  408.33 meV, MAE_F=  104.35 meV / A
2025-04-29 19:55:39.246 INFO: Epoch 7: head: validation, loss=0.09207604, MAE_E=  404.14 meV, MAE_F=  103.33 meV / A
2025-04-29 19:55:41.602 INFO: Epoch 8: head: train, loss=0.16899611, MAE_E=  435.88 meV, MAE_F=  183.10 meV / A
2025-04-29 19:55:42.186 INFO: Epoch 8: head: validation, loss=0.18417301, MAE_E=  441.81 meV, MAE_F=  186.51 meV / A
2025-04-29 19:55:44.452 INFO: Epoch 9: head: train, loss=0.07684843, MAE_E=  130.40 meV, MAE_F=  113.19 meV / A
2025-04-29 19:55:45.039 INFO: Epoch 9: head: validation, loss=0.07777309, MAE_E=  132.80 meV, MAE_F=  113.05 meV / A
2025-04-29 19:55:47.313 INFO: Epoch 10: head: train, loss=0.04854233, MAE_E=   65.04 meV, MAE_F=   85.80 meV / A
2025-04-29 19:55:47.881 INFO: Epoch 10: head: validation, loss=0.04455932, MAE_E=   64.61 meV, MAE_F=   83.92 meV / A
2025-04-29 19:55:50.247 INFO: Epoch 11: head: train, loss=0.03485367, MAE_E=   39.63 meV, MAE_F=   73.89 meV / A
2025-04-29 19:55:50.839 INFO: Epoch 11: head: validation, loss=0.03093444, MAE_E=   39.60 meV, MAE_F=   72.31 meV / A
2025-04-29 19:55:53.091 INFO: Epoch 12: head: train, loss=0.02991199, MAE_E=   94.20 meV, MAE_F=   65.62 meV / A
2025-04-29 19:55:53.713 INFO: Epoch 12: head: validation, loss=0.02565426, MAE_E=   95.86 meV, MAE_F=   61.27 meV / A
2025-04-29 19:55:56.295 INFO: Epoch 13: head: train, loss=0.01988329, MAE_E=   18.93 meV, MAE_F=   58.26 meV / A
2025-04-29 19:55:56.901 INFO: Epoch 13: head: validation, loss=0.01778571, MAE_E=   18.05 meV, MAE_F=   56.02 meV / A
2025-04-29 19:55:59.191 INFO: Epoch 14: head: train, loss=0.01816544, MAE_E=   26.81 meV, MAE_F=   55.14 meV / A
2025-04-29 19:55:59.824 INFO: Epoch 14: head: validation, loss=0.01610507, MAE_E=   26.48 meV, MAE_F=   52.76 meV / A
2025-04-29 19:56:02.137 INFO: Epoch 15: head: train, loss=0.02171813, MAE_E=   48.08 meV, MAE_F=   61.49 meV / A
2025-04-29 19:56:02.728 INFO: Epoch 15: head: validation, loss=0.02027038, MAE_E=   47.14 meV, MAE_F=   60.42 meV / A
2025-04-29 19:56:05.059 INFO: Epoch 16: head: train, loss=0.02551338, MAE_E=  400.91 meV, MAE_F=   64.28 meV / A
2025-04-29 19:56:05.676 INFO: Epoch 16: head: validation, loss=0.02343028, MAE_E=  400.28 meV, MAE_F=   61.49 meV / A
2025-04-29 19:56:07.984 INFO: Epoch 17: head: train, loss=0.02371097, MAE_E=  121.22 meV, MAE_F=   62.68 meV / A
2025-04-29 19:56:08.623 INFO: Epoch 17: head: validation, loss=0.02326504, MAE_E=  120.59 meV, MAE_F=   60.70 meV / A
2025-04-29 19:56:10.858 INFO: Epoch 18: head: train, loss=0.02846908, MAE_E=  812.07 meV, MAE_F=   69.99 meV / A
2025-04-29 19:56:11.437 INFO: Epoch 18: head: validation, loss=0.02722757, MAE_E=  814.53 meV, MAE_F=   68.49 meV / A
2025-04-29 19:56:13.740 INFO: Epoch 19: head: train, loss=0.02004669, MAE_E=  399.03 meV, MAE_F=   58.99 meV / A
2025-04-29 19:56:14.308 INFO: Epoch 19: head: validation, loss=0.01860381, MAE_E=  400.62 meV, MAE_F=   57.75 meV / A
2025-04-29 19:56:16.533 INFO: Epoch 20: head: train, loss=0.01734094, MAE_E=  224.79 meV, MAE_F=   54.25 meV / A
2025-04-29 19:56:17.195 INFO: Epoch 20: head: validation, loss=0.01572448, MAE_E=  226.27 meV, MAE_F=   52.72 meV / A
2025-04-29 19:56:19.532 INFO: Epoch 21: head: train, loss=0.01510802, MAE_E=  326.35 meV, MAE_F=   50.87 meV / A
2025-04-29 19:56:20.148 INFO: Epoch 21: head: validation, loss=0.01398591, MAE_E=  326.91 meV, MAE_F=   49.87 meV / A
2025-04-29 19:56:22.446 INFO: Epoch 22: head: train, loss=0.01401174, MAE_E=  201.71 meV, MAE_F=   48.66 meV / A
2025-04-29 19:56:23.075 INFO: Epoch 22: head: validation, loss=0.01313156, MAE_E=  201.96 meV, MAE_F=   47.61 meV / A
2025-04-29 19:56:25.400 INFO: Epoch 23: head: train, loss=0.01542311, MAE_E=  404.85 meV, MAE_F=   50.36 meV / A
2025-04-29 19:56:25.971 INFO: Epoch 23: head: validation, loss=0.01417793, MAE_E=  405.25 meV, MAE_F=   48.25 meV / A
2025-04-29 19:56:28.262 INFO: Epoch 24: head: train, loss=0.01446305, MAE_E=  190.92 meV, MAE_F=   48.58 meV / A
2025-04-29 19:56:28.872 INFO: Epoch 24: head: validation, loss=0.01343576, MAE_E=  191.10 meV, MAE_F=   47.03 meV / A
2025-04-29 19:56:31.088 INFO: Epoch 25: head: train, loss=0.01890244, MAE_E=  155.88 meV, MAE_F=   50.86 meV / A
2025-04-29 19:56:31.670 INFO: Epoch 25: head: validation, loss=0.01824244, MAE_E=  156.04 meV, MAE_F=   49.29 meV / A
2025-04-29 19:56:33.993 INFO: Epoch 26: head: train, loss=0.01704335, MAE_E=   65.87 meV, MAE_F=   50.44 meV / A
2025-04-29 19:56:34.620 INFO: Epoch 26: head: validation, loss=0.01564462, MAE_E=   65.18 meV, MAE_F=   48.10 meV / A
2025-04-29 19:56:36.910 INFO: Epoch 27: head: train, loss=0.01474916, MAE_E=   55.88 meV, MAE_F=   45.32 meV / A
2025-04-29 19:56:37.526 INFO: Epoch 27: head: validation, loss=0.01430378, MAE_E=   55.58 meV, MAE_F=   44.86 meV / A
2025-04-29 19:56:39.812 INFO: Epoch 28: head: train, loss=0.01511360, MAE_E=   35.19 meV, MAE_F=   49.21 meV / A
2025-04-29 19:56:40.423 INFO: Epoch 28: head: validation, loss=0.01388098, MAE_E=   35.37 meV, MAE_F=   47.14 meV / A
2025-04-29 19:56:42.725 INFO: Epoch 29: head: train, loss=0.02084600, MAE_E=  149.50 meV, MAE_F=   58.01 meV / A
2025-04-29 19:56:43.383 INFO: Epoch 29: head: validation, loss=0.01898731, MAE_E=  150.29 meV, MAE_F=   55.18 meV / A
2025-04-29 19:56:45.662 INFO: Epoch 30: head: train, loss=0.02826364, MAE_E=  135.53 meV, MAE_F=   68.07 meV / A
2025-04-29 19:56:46.292 INFO: Epoch 30: head: validation, loss=0.02645799, MAE_E=  136.99 meV, MAE_F=   64.95 meV / A
2025-04-29 19:56:48.653 INFO: Epoch 31: head: train, loss=0.03187490, MAE_E=  114.58 meV, MAE_F=   70.42 meV / A
2025-04-29 19:56:49.256 INFO: Epoch 31: head: validation, loss=0.03004009, MAE_E=  115.55 meV, MAE_F=   67.07 meV / A
2025-04-29 19:56:51.499 INFO: Epoch 32: head: train, loss=0.26069866, MAE_E=   84.12 meV, MAE_F=  169.44 meV / A
2025-04-29 19:56:52.061 INFO: Epoch 32: head: validation, loss=0.25520449, MAE_E=   89.89 meV, MAE_F=  159.04 meV / A
2025-04-29 19:56:54.264 INFO: Epoch 33: head: train, loss=0.52061195, MAE_E=  142.53 meV, MAE_F=  239.12 meV / A
2025-04-29 19:56:54.850 INFO: Epoch 33: head: validation, loss=0.50177629, MAE_E=  151.98 meV, MAE_F=  221.50 meV / A
2025-04-29 19:56:57.143 INFO: Epoch 34: head: train, loss=0.44972795, MAE_E=  238.76 meV, MAE_F=  204.26 meV / A
2025-04-29 19:56:57.759 INFO: Epoch 34: head: validation, loss=0.42555612, MAE_E=  248.05 meV, MAE_F=  188.21 meV / A
2025-04-29 19:57:00.052 INFO: Epoch 35: head: train, loss=0.33409502, MAE_E=  297.96 meV, MAE_F=  175.90 meV / A
2025-04-29 19:57:00.636 INFO: Epoch 35: head: validation, loss=0.32245032, MAE_E=  303.60 meV, MAE_F=  163.75 meV / A
2025-04-29 19:57:02.860 INFO: Epoch 36: head: train, loss=0.26790628, MAE_E=  317.42 meV, MAE_F=  161.97 meV / A
2025-04-29 19:57:03.443 INFO: Epoch 36: head: validation, loss=0.24981528, MAE_E=  323.70 meV, MAE_F=  149.13 meV / A
2025-04-29 19:57:05.738 INFO: Epoch 37: head: train, loss=0.18731625, MAE_E=  201.38 meV, MAE_F=  139.65 meV / A
2025-04-29 19:57:06.376 INFO: Epoch 37: head: validation, loss=0.17492208, MAE_E=  205.54 meV, MAE_F=  129.39 meV / A
2025-04-29 19:57:08.680 INFO: Epoch 38: head: train, loss=0.13037828, MAE_E=  157.51 meV, MAE_F=  119.63 meV / A
2025-04-29 19:57:09.288 INFO: Epoch 38: head: validation, loss=0.12651804, MAE_E=  160.43 meV, MAE_F=  112.41 meV / A
2025-04-29 19:57:11.560 INFO: Epoch 39: head: train, loss=0.08408073, MAE_E=  172.20 meV, MAE_F=  101.23 meV / A
2025-04-29 19:57:12.167 INFO: Epoch 39: head: validation, loss=0.07775652, MAE_E=  174.44 meV, MAE_F=   95.35 meV / A
2025-04-29 19:57:14.445 INFO: Epoch 40: head: train, loss=0.11783328, MAE_E=  222.75 meV, MAE_F=  121.24 meV / A
2025-04-29 19:57:15.086 INFO: Epoch 40: head: validation, loss=0.11480585, MAE_E=  225.03 meV, MAE_F=  116.22 meV / A
2025-04-29 19:57:17.352 INFO: Epoch 41: head: train, loss=0.10957902, MAE_E=  137.88 meV, MAE_F=  122.95 meV / A
2025-04-29 19:57:18.006 INFO: Epoch 41: head: validation, loss=0.10378080, MAE_E=  140.51 meV, MAE_F=  117.45 meV / A
2025-04-29 19:57:20.392 INFO: Epoch 42: head: train, loss=0.09923668, MAE_E=  280.61 meV, MAE_F=  114.64 meV / A
2025-04-29 19:57:20.978 INFO: Epoch 42: head: validation, loss=0.09207753, MAE_E=  283.13 meV, MAE_F=  108.54 meV / A
2025-04-29 19:57:20.978 INFO: Stopping optimization after 20 epochs without improvement
2025-04-29 19:57:20.978 INFO: Training complete
!!!!!!!!!!!!!!!!!!!!!!!!!!!!!!!!!!!!!!!!!!!!!!!!
!!!!!!!!!!!!!!!!!!!!!!!!!!!!!!!!!!!!!!!!!!!!!!!
tensor([0.8225], device='cuda:0') tensor(0., device='cuda:0')
2025-04-29 19:57:20.981 INFO: 
2025-04-29 19:57:20.981 INFO: ===========FINISHED TRAINING===========
2025-04-29 19:57:20.981 INFO: eveluation
2025-04-29 19:57:20.982 INFO: The scale is [0.82247126] and shift is 0.0
2025-04-29 19:57:21.110 INFO: Energy Mean: -23365.88454861111, Variance: 0.037756639645423425
2025-04-29 19:57:21.363 INFO: Energy RMSE: 0.38061240315437317
2025-04-29 19:57:21.363 INFO: Energy R2: -2.8368297685028456
2025-04-29 19:57:21.363 INFO: Energy MAE: 0.3787543475627899
90
(90, 4, 3)
torch.Size([90, 4, 3])
2025-04-29 19:57:21.364 INFO: Forces RMSE: 0.25759217532360795
2025-04-29 19:57:21.364 INFO: Forces R2: 0.973813029207351
2025-04-29 19:57:21.849 INFO: Energy Mean: -23365.862722439237, Variance: 0.03679525089852604
2025-04-29 19:57:21.973 INFO: Loading checkpoint: results/latent_charge_embed_10/bi4-2_logs//sample_3//checkpoints/bi4-2_run-123_epoch-22.pt
2025-04-29 19:57:22.018 INFO: Loaded Stage one model from epoch 22 for evaluation
2025-04-29 19:57:22.018 INFO: Saving model to results/latent_charge_embed_10/bi4-2_logs/sample_3/checkpoints/bi4-2_run-123.model
2025-04-29 19:57:22.177 INFO: Compiling model, saving metadata to results/latent_charge_embed_10/bi4-2_logs/sample_3/bi4-2_compiled.model
2025-04-29 19:57:22.265 INFO: Done
Loading saved bootstrap sample 4
Training model 4
Using latent charge and penalty 10
2025-04-29 19:57:22.643 INFO: ===========VERIFYING SETTINGS===========
2025-04-29 19:57:22.643 INFO: MACE version: 0.3.10
2025-04-29 19:57:22.643 INFO: CUDA version: 12.1, CUDA device: 0
default
2025-04-29 19:57:22.648 INFO: ===========LOADING INPUT DATA===========
2025-04-29 19:57:22.648 INFO: Using heads: ['default']
2025-04-29 19:57:22.648 INFO: =============    Processing head default     ===========
2025-04-29 19:57:22.648 INFO: Total number of configurations: train=360, valid=90, 
2025-04-29 19:57:22.652 INFO: Atomic Numbers used: [83]
2025-04-29 19:57:22.652 INFO: Computing average Atomic Energies using least squares regression
{'default': {83: -5841.468482801651}}
2025-04-29 19:57:22.656 INFO: Atomic Energies used (z: eV) for head default: {83: -5841.468482801651}
2025-04-29 19:57:22.768 INFO: Computing average number of neighbors
2025-04-29 19:57:23.297 INFO: Average number of neighbors: 3.0
2025-04-29 19:57:23.297 INFO: During training the following quantities will be reported: energy, forces
2025-04-29 19:57:23.297 INFO: ===========MODEL DETAILS===========
2025-04-29 19:57:23.299 INFO: Building model
2025-04-29 19:57:23.299 INFO: Message passing with 128 channels and max_L=1 (128x0e+128x1o)
2025-04-29 19:57:23.299 INFO: 2 layers, each with correlation order: 3 (body order: 4) and spherical harmonics up to: l=3
2025-04-29 19:57:23.299 INFO: 8 radial and 5 basis functions
2025-04-29 19:57:23.299 INFO: Radial cutoff: 9.0 A (total receptive field for each atom: 18.0 A)
2025-04-29 19:57:23.299 INFO: Distance transform for radial basis functions: None
2025-04-29 19:57:23.299 INFO: Hidden irreps: 128x0e+128x1o
2025-04-29 19:57:23.813 INFO: Mean: 0.00013646597951513039, Std: [0.82742609]
0.0 [0.82742609]
2025-04-29 19:57:23.814 INFO: Scale: [0.82742609], Shift: 0.0
2025-04-29 19:57:24.916 INFO: Total number of parameters: 509618
2025-04-29 19:57:24.916 INFO: 
2025-04-29 19:57:24.916 INFO: ===========OPTIMIZER INFORMATION===========
2025-04-29 19:57:24.916 INFO: Using ADAM as parameter optimizer
2025-04-29 19:57:24.916 INFO: Batch size: 32
2025-04-29 19:57:24.916 INFO: Using Exponential Moving Average with decay: 0.99
2025-04-29 19:57:24.916 INFO: Number of gradient updates: 2250
2025-04-29 19:57:24.916 INFO: Learning rate: 0.01, weight decay: 5e-07
2025-04-29 19:57:24.916 INFO: WeightedEnergyForcesChargeLoss(energy_weight=1.000, forces_weight=100.000, charge_penalty_weight=10.000)
2025-04-29 19:57:24.917 INFO: Using gradient clipping with tolerance=10.000
2025-04-29 19:57:24.918 INFO: 
2025-04-29 19:57:24.918 INFO: ===========TRAINING===========
2025-04-29 19:57:24.918 INFO: Started training, reporting errors on validation set
2025-04-29 19:57:24.918 INFO: Loss metrics on validation set
2025-04-29 19:57:25.768 INFO: Initial: head: validation, loss=33.98495706, MAE_E= 8226.94 meV, MAE_F=  565.89 meV / A
2025-04-29 19:57:28.013 INFO: Epoch 0: head: train, loss=0.48704786, MAE_E= 2440.76 meV, MAE_F=  185.38 meV / A
2025-04-29 19:57:28.866 INFO: Epoch 0: head: validation, loss=0.61611252, MAE_E= 2459.14 meV, MAE_F=  210.75 meV / A
2025-04-29 19:57:31.142 INFO: Epoch 1: head: train, loss=0.71398643, MAE_E= 2144.58 meV, MAE_F=  168.74 meV / A
2025-04-29 19:57:31.728 INFO: Epoch 1: head: validation, loss=0.77799156, MAE_E= 2159.56 meV, MAE_F=  183.78 meV / A
2025-04-29 19:57:33.957 INFO: Epoch 2: head: train, loss=1.43421315, MAE_E=14568.50 meV, MAE_F=  378.18 meV / A
2025-04-29 19:57:34.565 INFO: Epoch 2: head: validation, loss=1.72254211, MAE_E=14546.25 meV, MAE_F=  402.49 meV / A
2025-04-29 19:57:36.847 INFO: Epoch 3: head: train, loss=0.35494463, MAE_E= 7539.71 meV, MAE_F=  190.51 meV / A
2025-04-29 19:57:37.437 INFO: Epoch 3: head: validation, loss=0.43797599, MAE_E= 7525.10 meV, MAE_F=  211.01 meV / A
2025-04-29 19:57:39.787 INFO: Epoch 4: head: train, loss=0.44862064, MAE_E= 4417.63 meV, MAE_F=  265.82 meV / A
2025-04-29 19:57:40.380 INFO: Epoch 4: head: validation, loss=0.54166293, MAE_E= 4430.90 meV, MAE_F=  280.39 meV / A
2025-04-29 19:57:42.646 INFO: Epoch 5: head: train, loss=0.14198649, MAE_E= 2458.33 meV, MAE_F=  142.09 meV / A
2025-04-29 19:57:43.228 INFO: Epoch 5: head: validation, loss=0.19340876, MAE_E= 2471.02 meV, MAE_F=  161.19 meV / A
2025-04-29 19:57:45.517 INFO: Epoch 6: head: train, loss=0.27693483, MAE_E= 1151.57 meV, MAE_F=  181.62 meV / A
2025-04-29 19:57:46.099 INFO: Epoch 6: head: validation, loss=0.37816436, MAE_E= 1134.93 meV, MAE_F=  204.35 meV / A
2025-04-29 19:57:48.431 INFO: Epoch 7: head: train, loss=0.13971563, MAE_E= 1582.52 meV, MAE_F=  135.22 meV / A
2025-04-29 19:57:49.057 INFO: Epoch 7: head: validation, loss=0.19554212, MAE_E= 1569.50 meV, MAE_F=  154.13 meV / A
2025-04-29 19:57:51.267 INFO: Epoch 8: head: train, loss=0.07132717, MAE_E=  155.23 meV, MAE_F=  106.49 meV / A
2025-04-29 19:57:51.825 INFO: Epoch 8: head: validation, loss=0.09683982, MAE_E=  164.07 meV, MAE_F=  119.90 meV / A
2025-04-29 19:57:54.094 INFO: Epoch 9: head: train, loss=0.05791190, MAE_E=  450.43 meV, MAE_F=   83.90 meV / A
2025-04-29 19:57:54.755 INFO: Epoch 9: head: validation, loss=0.07319797, MAE_E=  456.54 meV, MAE_F=   92.32 meV / A
2025-04-29 19:57:57.082 INFO: Epoch 10: head: train, loss=0.03335508, MAE_E=  119.46 meV, MAE_F=   70.95 meV / A
2025-04-29 19:57:57.657 INFO: Epoch 10: head: validation, loss=0.04343437, MAE_E=  114.75 meV, MAE_F=   76.26 meV / A
2025-04-29 19:58:00.082 INFO: Epoch 11: head: train, loss=0.03366674, MAE_E=  140.64 meV, MAE_F=   74.37 meV / A
2025-04-29 19:58:00.684 INFO: Epoch 11: head: validation, loss=0.03923750, MAE_E=  143.26 meV, MAE_F=   75.41 meV / A
2025-04-29 19:58:02.927 INFO: Epoch 12: head: train, loss=0.05538301, MAE_E=   55.25 meV, MAE_F=   87.87 meV / A
2025-04-29 19:58:03.536 INFO: Epoch 12: head: validation, loss=0.07279361, MAE_E=   54.98 meV, MAE_F=   97.18 meV / A
2025-04-29 19:58:05.774 INFO: Epoch 13: head: train, loss=0.03215836, MAE_E=   94.04 meV, MAE_F=   68.56 meV / A
2025-04-29 19:58:06.383 INFO: Epoch 13: head: validation, loss=0.04532193, MAE_E=   87.50 meV, MAE_F=   77.46 meV / A
2025-04-29 19:58:08.676 INFO: Epoch 14: head: train, loss=0.04418678, MAE_E=   84.79 meV, MAE_F=   58.98 meV / A
2025-04-29 19:58:09.298 INFO: Epoch 14: head: validation, loss=0.05183087, MAE_E=   80.18 meV, MAE_F=   64.54 meV / A
2025-04-29 19:58:11.546 INFO: Epoch 15: head: train, loss=0.02206696, MAE_E=   15.65 meV, MAE_F=   58.24 meV / A
2025-04-29 19:58:12.116 INFO: Epoch 15: head: validation, loss=0.02984755, MAE_E=   17.69 meV, MAE_F=   62.85 meV / A
2025-04-29 19:58:14.422 INFO: Epoch 16: head: train, loss=0.01812694, MAE_E=  113.03 meV, MAE_F=   54.02 meV / A
2025-04-29 19:58:15.160 INFO: Epoch 16: head: validation, loss=0.02553750, MAE_E=  108.69 meV, MAE_F=   59.12 meV / A
2025-04-29 19:58:17.453 INFO: Epoch 17: head: train, loss=0.01616834, MAE_E=  197.57 meV, MAE_F=   52.04 meV / A
2025-04-29 19:58:18.076 INFO: Epoch 17: head: validation, loss=0.02407322, MAE_E=  192.72 meV, MAE_F=   58.00 meV / A
2025-04-29 19:58:20.473 INFO: Epoch 18: head: train, loss=0.02423814, MAE_E=  369.17 meV, MAE_F=   61.07 meV / A
2025-04-29 19:58:21.103 INFO: Epoch 18: head: validation, loss=0.03013432, MAE_E=  365.84 meV, MAE_F=   64.02 meV / A
2025-04-29 19:58:23.380 INFO: Epoch 19: head: train, loss=0.02318538, MAE_E=  208.40 meV, MAE_F=   65.98 meV / A
2025-04-29 19:58:23.971 INFO: Epoch 19: head: validation, loss=0.02878517, MAE_E=  206.74 meV, MAE_F=   68.42 meV / A
2025-04-29 19:58:26.188 INFO: Epoch 20: head: train, loss=0.02029684, MAE_E=   78.16 meV, MAE_F=   59.60 meV / A
2025-04-29 19:58:26.812 INFO: Epoch 20: head: validation, loss=0.02627073, MAE_E=   76.07 meV, MAE_F=   62.28 meV / A
2025-04-29 19:58:29.081 INFO: Epoch 21: head: train, loss=0.01734065, MAE_E=   19.52 meV, MAE_F=   50.66 meV / A
2025-04-29 19:58:29.667 INFO: Epoch 21: head: validation, loss=0.02332303, MAE_E=   20.02 meV, MAE_F=   54.37 meV / A
2025-04-29 19:58:31.997 INFO: Epoch 22: head: train, loss=0.01555382, MAE_E=   18.07 meV, MAE_F=   48.92 meV / A
2025-04-29 19:58:32.602 INFO: Epoch 22: head: validation, loss=0.02138292, MAE_E=   18.62 meV, MAE_F=   53.03 meV / A
2025-04-29 19:58:34.901 INFO: Epoch 23: head: train, loss=0.01513449, MAE_E=   19.28 meV, MAE_F=   49.84 meV / A
2025-04-29 19:58:35.510 INFO: Epoch 23: head: validation, loss=0.02065427, MAE_E=   19.75 meV, MAE_F=   53.34 meV / A
2025-04-29 19:58:37.826 INFO: Epoch 24: head: train, loss=0.01394232, MAE_E=   14.75 meV, MAE_F=   47.57 meV / A
2025-04-29 19:58:38.462 INFO: Epoch 24: head: validation, loss=0.01947909, MAE_E=   16.05 meV, MAE_F=   51.09 meV / A
2025-04-29 19:58:40.809 INFO: Epoch 25: head: train, loss=0.01360424, MAE_E=   33.70 meV, MAE_F=   45.56 meV / A
2025-04-29 19:58:41.407 INFO: Epoch 25: head: validation, loss=0.01900867, MAE_E=   32.31 meV, MAE_F=   49.07 meV / A
2025-04-29 19:58:43.744 INFO: Epoch 26: head: train, loss=0.01297839, MAE_E=   11.94 meV, MAE_F=   41.47 meV / A
2025-04-29 19:58:44.347 INFO: Epoch 26: head: validation, loss=0.01979534, MAE_E=   15.27 meV, MAE_F=   47.20 meV / A
2025-04-29 19:58:46.567 INFO: Epoch 27: head: train, loss=0.01425116, MAE_E=   22.20 meV, MAE_F=   43.99 meV / A
2025-04-29 19:58:47.192 INFO: Epoch 27: head: validation, loss=0.02167678, MAE_E=   26.68 meV, MAE_F=   50.25 meV / A
2025-04-29 19:58:49.555 INFO: Epoch 28: head: train, loss=0.01777317, MAE_E=   11.30 meV, MAE_F=   52.77 meV / A
2025-04-29 19:58:50.151 INFO: Epoch 28: head: validation, loss=0.02574710, MAE_E=   15.50 meV, MAE_F=   58.49 meV / A
2025-04-29 19:58:52.478 INFO: Epoch 29: head: train, loss=0.01378183, MAE_E=   17.34 meV, MAE_F=   43.18 meV / A
2025-04-29 19:58:53.073 INFO: Epoch 29: head: validation, loss=0.01976941, MAE_E=   18.33 meV, MAE_F=   48.09 meV / A
2025-04-29 19:58:55.262 INFO: Epoch 30: head: train, loss=0.02041585, MAE_E=   11.71 meV, MAE_F=   44.66 meV / A
2025-04-29 19:58:55.852 INFO: Epoch 30: head: validation, loss=0.02525011, MAE_E=   14.09 meV, MAE_F=   48.28 meV / A
2025-04-29 19:58:58.060 INFO: Epoch 31: head: train, loss=0.02175362, MAE_E=   35.55 meV, MAE_F=   67.10 meV / A
2025-04-29 19:58:58.751 INFO: Epoch 31: head: validation, loss=0.02580706, MAE_E=   36.04 meV, MAE_F=   69.08 meV / A
2025-04-29 19:59:00.970 INFO: Epoch 32: head: train, loss=0.05096370, MAE_E=   63.32 meV, MAE_F=  100.96 meV / A
2025-04-29 19:59:01.580 INFO: Epoch 32: head: validation, loss=0.06050138, MAE_E=   60.14 meV, MAE_F=  104.95 meV / A
2025-04-29 19:59:03.882 INFO: Epoch 33: head: train, loss=0.04776625, MAE_E=   21.75 meV, MAE_F=   94.87 meV / A
2025-04-29 19:59:04.469 INFO: Epoch 33: head: validation, loss=0.05862910, MAE_E=   26.11 meV, MAE_F=  100.77 meV / A
2025-04-29 19:59:06.779 INFO: Epoch 34: head: train, loss=0.07283523, MAE_E=   68.45 meV, MAE_F=   97.88 meV / A
2025-04-29 19:59:07.412 INFO: Epoch 34: head: validation, loss=0.08698617, MAE_E=   63.03 meV, MAE_F=  105.03 meV / A
2025-04-29 19:59:09.648 INFO: Epoch 35: head: train, loss=0.05336287, MAE_E=   39.97 meV, MAE_F=   84.11 meV / A
2025-04-29 19:59:10.241 INFO: Epoch 35: head: validation, loss=0.06505773, MAE_E=   38.30 meV, MAE_F=   91.80 meV / A
2025-04-29 19:59:12.474 INFO: Epoch 36: head: train, loss=0.06351811, MAE_E=   37.13 meV, MAE_F=   78.57 meV / A
2025-04-29 19:59:13.091 INFO: Epoch 36: head: validation, loss=0.07094838, MAE_E=   35.91 meV, MAE_F=   84.27 meV / A
2025-04-29 19:59:15.343 INFO: Epoch 37: head: train, loss=0.03710445, MAE_E=  231.93 meV, MAE_F=   80.89 meV / A
2025-04-29 19:59:15.955 INFO: Epoch 37: head: validation, loss=0.04997594, MAE_E=  237.79 meV, MAE_F=   87.64 meV / A
2025-04-29 19:59:18.223 INFO: Epoch 38: head: train, loss=0.18441329, MAE_E=  353.04 meV, MAE_F=  139.68 meV / A
2025-04-29 19:59:18.842 INFO: Epoch 38: head: validation, loss=0.25237228, MAE_E=  366.19 meV, MAE_F=  154.02 meV / A
2025-04-29 19:59:21.115 INFO: Epoch 39: head: train, loss=0.25821071, MAE_E=   51.61 meV, MAE_F=  160.84 meV / A
2025-04-29 19:59:21.702 INFO: Epoch 39: head: validation, loss=0.34824892, MAE_E=   66.25 meV, MAE_F=  177.85 meV / A
2025-04-29 19:59:23.963 INFO: Epoch 40: head: train, loss=0.21452236, MAE_E=  257.51 meV, MAE_F=  145.42 meV / A
2025-04-29 19:59:24.529 INFO: Epoch 40: head: validation, loss=0.29403347, MAE_E=  244.38 meV, MAE_F=  162.34 meV / A
2025-04-29 19:59:26.683 INFO: Epoch 41: head: train, loss=0.15723866, MAE_E=  705.14 meV, MAE_F=  123.03 meV / A
2025-04-29 19:59:27.257 INFO: Epoch 41: head: validation, loss=0.21347736, MAE_E=  693.64 meV, MAE_F=  137.80 meV / A
2025-04-29 19:59:29.629 INFO: Epoch 42: head: train, loss=0.11072487, MAE_E=  830.49 meV, MAE_F=  105.13 meV / A
2025-04-29 19:59:30.283 INFO: Epoch 42: head: validation, loss=0.14887235, MAE_E=  820.91 meV, MAE_F=  116.79 meV / A
2025-04-29 19:59:32.526 INFO: Epoch 43: head: train, loss=0.07433106, MAE_E=  503.82 meV, MAE_F=   92.52 meV / A
2025-04-29 19:59:33.210 INFO: Epoch 43: head: validation, loss=0.10223810, MAE_E=  495.63 meV, MAE_F=  102.28 meV / A
2025-04-29 19:59:35.486 INFO: Epoch 44: head: train, loss=0.05307426, MAE_E=  536.55 meV, MAE_F=   82.39 meV / A
2025-04-29 19:59:36.086 INFO: Epoch 44: head: validation, loss=0.07206860, MAE_E=  529.82 meV, MAE_F=   90.20 meV / A
2025-04-29 19:59:38.348 INFO: Epoch 45: head: train, loss=0.05486180, MAE_E=  446.37 meV, MAE_F=   81.91 meV / A
2025-04-29 19:59:38.974 INFO: Epoch 45: head: validation, loss=0.06608676, MAE_E=  441.38 meV, MAE_F=   87.65 meV / A
2025-04-29 19:59:38.975 INFO: Stopping optimization after 20 epochs without improvement
2025-04-29 19:59:38.975 INFO: Training complete
!!!!!!!!!!!!!!!!!!!!!!!!!!!!!!!!!!!!!!!!!!!!!!!!
!!!!!!!!!!!!!!!!!!!!!!!!!!!!!!!!!!!!!!!!!!!!!!!
tensor([0.8274], device='cuda:0') tensor(0., device='cuda:0')
2025-04-29 19:59:39.007 INFO: 
2025-04-29 19:59:39.007 INFO: ===========FINISHED TRAINING===========
2025-04-29 19:59:39.007 INFO: eveluation
2025-04-29 19:59:39.007 INFO: The scale is [0.82742609] and shift is 0.0
2025-04-29 19:59:39.135 INFO: Energy Mean: -23365.842230902777, Variance: 0.06320544584297838
2025-04-29 19:59:39.397 INFO: Energy RMSE: 2.1755316257476807
2025-04-29 19:59:39.397 INFO: Energy R2: -73.88180576286182
2025-04-29 19:59:39.397 INFO: Energy MAE: 2.139388084411621
90
(90, 4, 3)
torch.Size([90, 4, 3])
2025-04-29 19:59:39.398 INFO: Forces RMSE: 2.4269927697691447
2025-04-29 19:59:39.398 INFO: Forces R2: -0.8306354489810381
2025-04-29 19:59:39.885 INFO: Energy Mean: -23365.873931206595, Variance: 0.04038602190253176
2025-04-29 19:59:40.031 INFO: Loading checkpoint: results/latent_charge_embed_10/bi4-2_logs//sample_4//checkpoints/bi4-2_run-123_epoch-25.pt
2025-04-29 19:59:40.078 INFO: Loaded Stage one model from epoch 25 for evaluation
2025-04-29 19:59:40.078 INFO: Saving model to results/latent_charge_embed_10/bi4-2_logs/sample_4/checkpoints/bi4-2_run-123.model
2025-04-29 19:59:40.237 INFO: Compiling model, saving metadata to results/latent_charge_embed_10/bi4-2_logs/sample_4/bi4-2_compiled.model
2025-04-29 19:59:40.327 INFO: Done

============================= JOB FEEDBACK =============================

Job ID: 3119742
Cluster: hk
User/Group: hv3694/hk-project-aimat2
Account: hk-project-aimat2
State: COMPLETED (exit code 0)
Partition: accelerated
Nodes: 1
Cores per node: 8
Nodelist: hkn0610
CPU Utilized: 00:30:06
CPU Efficiency: 21.94% of 02:17:12 core-walltime
Job Wall-clock time: 00:17:09
Starttime: Tue Apr 29 19:42:32 2025
Endtime: Tue Apr 29 19:59:41 2025
Memory Utilized: 1.84 GB
Memory Efficiency: 0.00% of 0.00 MB
Energy Consumed: 688481 Joule / 191.244722222222 Watthours
Average node power draw: 669.077745383868 Watt
