2025-04-23 15:02:42.222 INFO: ===========VERIFYING SETTINGS===========
2025-04-23 15:02:42.222 INFO: MACE version: 0.3.10
2025-04-23 15:02:42.222 DEBUG: Configuration: Namespace(name='bi0', seed=123, work_dir='.', log_dir='./logs//sample_0//logs', model_dir='./logs//sample_0/', checkpoints_dir='./logs//sample_0//checkpoints', results_dir='./logs//sample_0//results', downloads_dir='./downloads', device='cuda', default_dtype='float64', distributed=False, log_level='INFO', error_table='TotalMAE', model='MACE_with_charge', r_max=9.0, radial_type='bessel', num_radial_basis=8, num_cutoff_basis=5, pair_repulsion=False, distance_transform='None', interaction='RealAgnosticResidualInteractionBlock', interaction_first='RealAgnosticResidualInteractionBlock', max_ell=3, correlation=3, num_interactions=2, MLP_irreps='16x0e', radial_MLP='[64, 64, 64]', hidden_irreps=128x0e+128x1o, num_channels=128, max_L=1, gate='silu', scaling='rms_forces_scaling', avg_num_neighbors=1, compute_avg_num_neighbors=True, compute_stress=False, compute_forces=True, train_file='train.xyz', valid_file='test.xyz', valid_fraction=0.1, test_file='test.xyz', test_dir=None, multi_processed_test=False, num_workers=16, pin_memory=True, atomic_numbers=None, mean=None, std=None, statistics_file='None', E0s='average', foundation_filter_elements=True, heads=None, multiheads_finetuning=True, foundation_head=None, weight_pt_head=1.0, num_samples_pt=10000, force_mh_ft_lr=False, subselect_pt='random', pt_train_file=None, pt_valid_file=None, foundation_model_elements=False, keep_isolated_atoms=False, energy_key='REF_energy', forces_key='REF_forces', virials_key='REF_virials', stress_key='REF_stress', dipole_key='REF_dipole', charges_key='REF_charges', loss='weighted', forces_weight=100.0, energy_weight=1.0, virials_weight=1.0, stress_weight=1.0, dipole_weight=1.0, config_type_weights='{"Default":1.0}', huber_delta=0.01, optimizer='adam', beta=0.9, batch_size=32, valid_batch_size=32, lr=0.01, weight_decay=5e-07, amsgrad=True, scheduler='ReduceLROnPlateau', lr_factor=0.8, scheduler_patience=50, lr_scheduler_gamma=0.9993, ema=True, ema_decay=0.99, max_num_epochs=300, patience=20, foundation_model=None, foundation_model_readout=True, eval_interval=1, keep_checkpoints=False, save_all_checkpoints=False, restart_latest=False, save_cpu=False, clip_grad=10.0, enable_cueq=False, wandb=False, wandb_dir=None, wandb_project='', wandb_entity='', wandb_name='', swa=False, start_swa=None, swa_lr=0.001, swa_energy_weight=1000.0, swa_forces_weight=100.0, swa_virials_weight=10.0, swa_stress_weight=10.0, swa_dipole_weight=1.0, scale=True, shift=True)
2025-04-23 15:02:42.287 INFO: CUDA version: 12.1, CUDA device: 0
2025-04-23 15:02:42.400 DEBUG: Popen(['git', 'version'], cwd=/hkfs/home/project/hk-project-aimat2/hv3694/ALParallel_hardcode_mace/usr/initial_pyg/full_data_charge_embed, stdin=None, shell=False, universal_newlines=False)
2025-04-23 15:02:42.403 DEBUG: Popen(['git', 'version'], cwd=/hkfs/home/project/hk-project-aimat2/hv3694/ALParallel_hardcode_mace/usr/initial_pyg/full_data_charge_embed, stdin=None, shell=False, universal_newlines=False)
2025-04-23 15:02:42.411 DEBUG: Popen(['git', 'cat-file', '--batch-check'], cwd=/hkfs/home/project/hk-project-aimat2/hv3694/ALParallel_hardcode_mace, stdin=<valid stream>, shell=False, universal_newlines=False)
2025-04-23 15:02:42.416 DEBUG: Current Git commit: 375c24608777fb59d36c35af6207eccfa3ec7008
2025-04-23 15:02:42.417 INFO: ===========LOADING INPUT DATA===========
2025-04-23 15:02:42.417 INFO: Using heads: ['default']
2025-04-23 15:02:42.417 INFO: =============    Processing head default     ===========
2025-04-23 15:02:42.417 INFO: Total number of configurations: train=1616, valid=404, 
2025-04-23 15:02:42.441 INFO: Atomic Numbers used: [83]
2025-04-23 15:02:42.442 INFO: Computing average Atomic Energies using least squares regression
2025-04-23 15:02:42.468 INFO: Atomic Energies used (z: eV) for head default: {83: -5841.2284721459555}
2025-04-23 15:02:43.197 INFO: Computing average number of neighbors
2025-04-23 15:02:45.770 INFO: Average number of neighbors: 7.3335713010887025
2025-04-23 15:02:45.771 INFO: During training the following quantities will be reported: energy, forces
2025-04-23 15:02:45.771 INFO: ===========MODEL DETAILS===========
2025-04-23 15:02:45.771 INFO: Building model
2025-04-23 15:02:45.771 INFO: Message passing with 128 channels and max_L=1 (128x0e+128x1o)
2025-04-23 15:02:45.771 INFO: 2 layers, each with correlation order: 3 (body order: 4) and spherical harmonics up to: l=3
2025-04-23 15:02:45.771 INFO: 8 radial and 5 basis functions
2025-04-23 15:02:45.771 INFO: Radial cutoff: 9.0 A (total receptive field for each atom: 18.0 A)
2025-04-23 15:02:45.771 INFO: Distance transform for radial basis functions: None
2025-04-23 15:02:45.771 INFO: Hidden irreps: 128x0e+128x1o
2025-04-23 15:02:47.391 DEBUG: ScaleShiftMACE_with_charge(
  (node_embedding): LinearNodeEmbeddingBlockwithcharge(
    (linear): Linear(1x0e -> 128x0e | 128 weights)
    (charge_embed): Linear(in_features=1, out_features=32, bias=True)
    (projection_layer): Linear(in_features=33, out_features=1, bias=True)
  )
  (radial_embedding): RadialEmbeddingBlock(
    (bessel_fn): BesselBasis(r_max=9.0, num_basis=8, trainable=False)
    (cutoff_fn): PolynomialCutoff(p=5, r_max=9.0)
  )
  (spherical_harmonics): SphericalHarmonics()
  (atomic_energies_fn): AtomicEnergiesBlock(energies=[[-5841.2285]])
  (interactions): ModuleList(
    (0): RealAgnosticResidualInteractionBlock(
      (linear_up): Linear(128x0e -> 128x0e | 16384 weights)
      (conv_tp): TensorProduct(128x0e x 1x0e+1x1o+1x2e+1x3o -> 128x0e+128x1o+128x2e+128x3o | 512 paths | 512 weights)
      (conv_tp_weights): FullyConnectedNet[8, 64, 64, 64, 512]
      (linear): Linear(128x0e+128x1o+128x2e+128x3o -> 128x0e+128x1o+128x2e+128x3o | 65536 weights)
      (skip_tp): FullyConnectedTensorProduct(128x0e x 1x0e -> 128x0e+128x1o | 16384 paths | 16384 weights)
      (reshape): reshape_irreps()
    )
    (1): RealAgnosticResidualInteractionBlock(
      (linear_up): Linear(128x0e+128x1o -> 128x0e+128x1o | 32768 weights)
      (conv_tp): TensorProduct(128x0e+128x1o x 1x0e+1x1o+1x2e+1x3o -> 256x0e+384x1o+384x2e+256x3o | 1280 paths | 1280 weights)
      (conv_tp_weights): FullyConnectedNet[8, 64, 64, 64, 1280]
      (linear): Linear(128x0e+128x0e+128x1o+128x1o+128x1o+128x2e+128x2e+128x2e+128x3o+128x3o -> 128x0e+128x1o+128x2e+128x3o | 163840 weights)
      (skip_tp): FullyConnectedTensorProduct(128x0e+128x1o x 1x0e -> 128x0e | 16384 paths | 16384 weights)
      (reshape): reshape_irreps()
    )
  )
  (products): ModuleList(
    (0): EquivariantProductBasisBlock(
      (symmetric_contractions): SymmetricContraction(
        (contractions): ModuleList(
          (0): Contraction(
            (contractions_weighting): ModuleList(
              (0-1): 2 x GraphModule()
            )
            (contractions_features): ModuleList(
              (0-1): 2 x GraphModule()
            )
            (weights): ParameterList(
                (0): Parameter containing: [torch.float64 of size 1x4x128 (cuda:0)]
                (1): Parameter containing: [torch.float64 of size 1x1x128 (cuda:0)]
            )
            (graph_opt_main): GraphModule()
          )
          (1): Contraction(
            (contractions_weighting): ModuleList(
              (0-1): 2 x GraphModule()
            )
            (contractions_features): ModuleList(
              (0-1): 2 x GraphModule()
            )
            (weights): ParameterList(
                (0): Parameter containing: [torch.float64 of size 1x6x128 (cuda:0)]
                (1): Parameter containing: [torch.float64 of size 1x1x128 (cuda:0)]
            )
            (graph_opt_main): GraphModule()
          )
        )
      )
      (linear): Linear(128x0e+128x1o -> 128x0e+128x1o | 32768 weights)
    )
    (1): EquivariantProductBasisBlock(
      (symmetric_contractions): SymmetricContraction(
        (contractions): ModuleList(
          (0): Contraction(
            (contractions_weighting): ModuleList(
              (0-1): 2 x GraphModule()
            )
            (contractions_features): ModuleList(
              (0-1): 2 x GraphModule()
            )
            (weights): ParameterList(
                (0): Parameter containing: [torch.float64 of size 1x4x128 (cuda:0)]
                (1): Parameter containing: [torch.float64 of size 1x1x128 (cuda:0)]
            )
            (graph_opt_main): GraphModule()
          )
        )
      )
      (linear): Linear(128x0e -> 128x0e | 16384 weights)
    )
  )
  (readouts): ModuleList(
    (0): LinearReadoutBlock(
      (linear): Linear(128x0e+128x1o -> 1x0e | 128 weights)
    )
    (1): NonLinearReadoutBlock(
      (linear_1): Linear(128x0e -> 16x0e | 2048 weights)
      (non_linearity): Activation [x] (16x0e -> 16x0e)
      (linear_2): Linear(16x0e -> 1x0e | 16 weights)
    )
  )
  (scale_shift): ScaleShiftBlock(scale=0.6783, shift=-0.5201)
  (charge_embed): Linear(in_features=1, out_features=32, bias=True)
)
2025-04-23 15:02:47.393 INFO: Total number of parameters: 509618
2025-04-23 15:02:47.393 INFO: 
2025-04-23 15:02:47.393 INFO: ===========OPTIMIZER INFORMATION===========
2025-04-23 15:02:47.393 INFO: Using ADAM as parameter optimizer
2025-04-23 15:02:47.393 INFO: Batch size: 32
2025-04-23 15:02:47.393 INFO: Using Exponential Moving Average with decay: 0.99
2025-04-23 15:02:47.393 INFO: Number of gradient updates: 15150
2025-04-23 15:02:47.393 INFO: Learning rate: 0.01, weight decay: 5e-07
2025-04-23 15:02:47.393 INFO: WeightedEnergyForcesLoss(energy_weight=1.000, forces_weight=100.000)
2025-04-23 15:02:47.395 INFO: Using gradient clipping with tolerance=10.000
2025-04-23 15:02:47.395 INFO: 
2025-04-23 15:02:47.395 INFO: ===========TRAINING===========
2025-04-23 15:02:47.395 INFO: Started training, reporting errors on validation set
2025-04-23 15:02:47.395 INFO: Loss metrics on validation set
2025-04-23 15:02:53.340 INFO: Initial: head: validation, loss=2.15832449, MAE_E=17460.79 meV, MAE_F=  480.16 meV / A
2025-04-23 15:03:04.678 INFO: Epoch 0: head: train, loss=0.32013005, MAE_E= 4184.50 meV, MAE_F=  228.34 meV / A
2025-04-23 15:03:05.374 INFO: Epoch 0: head: validation, loss=0.32539630, MAE_E= 4104.57 meV, MAE_F=  225.53 meV / A
2025-04-23 15:03:05.377 DEBUG: Saving checkpoint: ./logs//sample_0//checkpoints/bi0_run-123_epoch-0.pt
2025-04-23 15:03:10.155 INFO: Epoch 1: head: train, loss=0.32677459, MAE_E= 5442.92 meV, MAE_F=  222.07 meV / A
2025-04-23 15:03:10.861 INFO: Epoch 1: head: validation, loss=0.33268652, MAE_E= 5353.52 meV, MAE_F=  220.25 meV / A
2025-04-23 15:03:15.667 INFO: Epoch 2: head: train, loss=0.23206023, MAE_E= 5501.12 meV, MAE_F=  187.83 meV / A
2025-04-23 15:03:16.437 INFO: Epoch 2: head: validation, loss=0.24006258, MAE_E= 5396.77 meV, MAE_F=  187.84 meV / A
2025-04-23 15:03:16.440 DEBUG: Deleting old checkpoint file: ./logs//sample_0//checkpoints/bi0_run-123_epoch-0.pt
2025-04-23 15:03:16.440 DEBUG: Saving checkpoint: ./logs//sample_0//checkpoints/bi0_run-123_epoch-2.pt
2025-04-23 15:03:21.503 INFO: Epoch 3: head: train, loss=0.14960707, MAE_E= 5274.82 meV, MAE_F=  144.22 meV / A
2025-04-23 15:03:22.205 INFO: Epoch 3: head: validation, loss=0.15459099, MAE_E= 5194.03 meV, MAE_F=  144.03 meV / A
2025-04-23 15:03:22.209 DEBUG: Deleting old checkpoint file: ./logs//sample_0//checkpoints/bi0_run-123_epoch-2.pt
2025-04-23 15:03:22.210 DEBUG: Saving checkpoint: ./logs//sample_0//checkpoints/bi0_run-123_epoch-3.pt
2025-04-23 15:03:27.105 INFO: Epoch 4: head: train, loss=0.14715935, MAE_E= 4884.48 meV, MAE_F=  144.85 meV / A
2025-04-23 15:03:27.811 INFO: Epoch 4: head: validation, loss=0.15418788, MAE_E= 4823.94 meV, MAE_F=  145.46 meV / A
2025-04-23 15:03:27.813 DEBUG: Deleting old checkpoint file: ./logs//sample_0//checkpoints/bi0_run-123_epoch-3.pt
2025-04-23 15:03:27.814 DEBUG: Saving checkpoint: ./logs//sample_0//checkpoints/bi0_run-123_epoch-4.pt
2025-04-23 15:03:32.871 INFO: Epoch 5: head: train, loss=0.10253930, MAE_E= 4633.49 meV, MAE_F=  114.06 meV / A
2025-04-23 15:03:33.576 INFO: Epoch 5: head: validation, loss=0.10612688, MAE_E= 4564.24 meV, MAE_F=  114.61 meV / A
2025-04-23 15:03:33.581 DEBUG: Deleting old checkpoint file: ./logs//sample_0//checkpoints/bi0_run-123_epoch-4.pt
2025-04-23 15:03:33.582 DEBUG: Saving checkpoint: ./logs//sample_0//checkpoints/bi0_run-123_epoch-5.pt
2025-04-23 15:03:38.489 INFO: Epoch 6: head: train, loss=0.12397149, MAE_E= 4080.67 meV, MAE_F=  135.05 meV / A
2025-04-23 15:03:39.186 INFO: Epoch 6: head: validation, loss=0.13143538, MAE_E= 4029.75 meV, MAE_F=  136.86 meV / A
2025-04-23 15:03:44.048 INFO: Epoch 7: head: train, loss=0.08878531, MAE_E= 4765.52 meV, MAE_F=  101.41 meV / A
2025-04-23 15:03:44.826 INFO: Epoch 7: head: validation, loss=0.09448762, MAE_E= 4704.04 meV, MAE_F=  103.34 meV / A
2025-04-23 15:03:44.829 DEBUG: Deleting old checkpoint file: ./logs//sample_0//checkpoints/bi0_run-123_epoch-5.pt
2025-04-23 15:03:44.831 DEBUG: Saving checkpoint: ./logs//sample_0//checkpoints/bi0_run-123_epoch-7.pt
2025-04-23 15:03:49.740 INFO: Epoch 8: head: train, loss=0.06836559, MAE_E= 4377.24 meV, MAE_F=   83.98 meV / A
2025-04-23 15:03:50.464 INFO: Epoch 8: head: validation, loss=0.07286182, MAE_E= 4320.83 meV, MAE_F=   85.75 meV / A
2025-04-23 15:03:50.466 DEBUG: Deleting old checkpoint file: ./logs//sample_0//checkpoints/bi0_run-123_epoch-7.pt
2025-04-23 15:03:50.466 DEBUG: Saving checkpoint: ./logs//sample_0//checkpoints/bi0_run-123_epoch-8.pt
2025-04-23 15:03:55.348 INFO: Epoch 9: head: train, loss=0.08398585, MAE_E= 3882.71 meV, MAE_F=  105.08 meV / A
2025-04-23 15:03:56.069 INFO: Epoch 9: head: validation, loss=0.08903942, MAE_E= 3843.26 meV, MAE_F=  107.58 meV / A
2025-04-23 15:04:01.017 INFO: Epoch 10: head: train, loss=0.09026182, MAE_E= 4417.22 meV, MAE_F=  107.01 meV / A
2025-04-23 15:04:01.734 INFO: Epoch 10: head: validation, loss=0.09562873, MAE_E= 4349.79 meV, MAE_F=  108.60 meV / A
2025-04-23 15:04:06.566 INFO: Epoch 11: head: train, loss=0.06564818, MAE_E= 4247.94 meV, MAE_F=   86.08 meV / A
2025-04-23 15:04:07.276 INFO: Epoch 11: head: validation, loss=0.06993126, MAE_E= 4189.98 meV, MAE_F=   88.02 meV / A
2025-04-23 15:04:07.278 DEBUG: Deleting old checkpoint file: ./logs//sample_0//checkpoints/bi0_run-123_epoch-8.pt
2025-04-23 15:04:07.282 DEBUG: Saving checkpoint: ./logs//sample_0//checkpoints/bi0_run-123_epoch-11.pt
2025-04-23 15:04:12.280 INFO: Epoch 12: head: train, loss=0.05268653, MAE_E= 3507.90 meV, MAE_F=   76.99 meV / A
2025-04-23 15:04:13.018 INFO: Epoch 12: head: validation, loss=0.05686260, MAE_E= 3457.71 meV, MAE_F=   79.33 meV / A
2025-04-23 15:04:13.020 DEBUG: Deleting old checkpoint file: ./logs//sample_0//checkpoints/bi0_run-123_epoch-11.pt
2025-04-23 15:04:13.020 DEBUG: Saving checkpoint: ./logs//sample_0//checkpoints/bi0_run-123_epoch-12.pt
2025-04-23 15:04:18.153 INFO: Epoch 13: head: train, loss=0.10272821, MAE_E= 3338.01 meV, MAE_F=  122.15 meV / A
2025-04-23 15:04:18.860 INFO: Epoch 13: head: validation, loss=0.10910883, MAE_E= 3301.87 meV, MAE_F=  124.49 meV / A
2025-04-23 15:04:23.960 INFO: Epoch 14: head: train, loss=0.08673391, MAE_E= 3709.06 meV, MAE_F=  110.41 meV / A
2025-04-23 15:04:24.660 INFO: Epoch 14: head: validation, loss=0.09290858, MAE_E= 3659.53 meV, MAE_F=  112.84 meV / A
2025-04-23 15:04:29.698 INFO: Epoch 15: head: train, loss=0.06429789, MAE_E= 3768.77 meV, MAE_F=   90.96 meV / A
2025-04-23 15:04:30.424 INFO: Epoch 15: head: validation, loss=0.06938753, MAE_E= 3707.86 meV, MAE_F=   93.62 meV / A
2025-04-23 15:04:35.362 INFO: Epoch 16: head: train, loss=0.04597280, MAE_E= 2945.01 meV, MAE_F=   75.20 meV / A
2025-04-23 15:04:36.045 INFO: Epoch 16: head: validation, loss=0.05011222, MAE_E= 2903.04 meV, MAE_F=   78.07 meV / A
2025-04-23 15:04:36.047 DEBUG: Deleting old checkpoint file: ./logs//sample_0//checkpoints/bi0_run-123_epoch-12.pt
2025-04-23 15:04:36.048 DEBUG: Saving checkpoint: ./logs//sample_0//checkpoints/bi0_run-123_epoch-16.pt
2025-04-23 15:04:41.090 INFO: Epoch 17: head: train, loss=0.03489960, MAE_E= 2119.07 meV, MAE_F=   64.84 meV / A
2025-04-23 15:04:41.794 INFO: Epoch 17: head: validation, loss=0.03845016, MAE_E= 2081.26 meV, MAE_F=   67.40 meV / A
2025-04-23 15:04:41.797 DEBUG: Deleting old checkpoint file: ./logs//sample_0//checkpoints/bi0_run-123_epoch-16.pt
2025-04-23 15:04:41.797 DEBUG: Saving checkpoint: ./logs//sample_0//checkpoints/bi0_run-123_epoch-17.pt
2025-04-23 15:04:46.782 INFO: Epoch 18: head: train, loss=0.02789559, MAE_E= 1550.51 meV, MAE_F=   56.83 meV / A
2025-04-23 15:04:47.503 INFO: Epoch 18: head: validation, loss=0.03114965, MAE_E= 1519.87 meV, MAE_F=   59.29 meV / A
2025-04-23 15:04:47.506 DEBUG: Deleting old checkpoint file: ./logs//sample_0//checkpoints/bi0_run-123_epoch-17.pt
2025-04-23 15:04:47.506 DEBUG: Saving checkpoint: ./logs//sample_0//checkpoints/bi0_run-123_epoch-18.pt
2025-04-23 15:04:52.487 INFO: Epoch 19: head: train, loss=0.02323622, MAE_E= 1118.59 meV, MAE_F=   50.98 meV / A
2025-04-23 15:04:53.169 INFO: Epoch 19: head: validation, loss=0.02603764, MAE_E= 1092.20 meV, MAE_F=   52.99 meV / A
2025-04-23 15:04:53.173 DEBUG: Deleting old checkpoint file: ./logs//sample_0//checkpoints/bi0_run-123_epoch-18.pt
2025-04-23 15:04:53.173 DEBUG: Saving checkpoint: ./logs//sample_0//checkpoints/bi0_run-123_epoch-19.pt
2025-04-23 15:04:58.041 INFO: Epoch 20: head: train, loss=0.01989141, MAE_E=  936.64 meV, MAE_F=   46.36 meV / A
2025-04-23 15:04:58.766 INFO: Epoch 20: head: validation, loss=0.02282052, MAE_E=  915.09 meV, MAE_F=   48.60 meV / A
2025-04-23 15:04:58.768 DEBUG: Deleting old checkpoint file: ./logs//sample_0//checkpoints/bi0_run-123_epoch-19.pt
2025-04-23 15:04:58.769 DEBUG: Saving checkpoint: ./logs//sample_0//checkpoints/bi0_run-123_epoch-20.pt
2025-04-23 15:05:03.694 INFO: Epoch 21: head: train, loss=0.01727545, MAE_E=  823.83 meV, MAE_F=   42.93 meV / A
2025-04-23 15:05:04.433 INFO: Epoch 21: head: validation, loss=0.02041234, MAE_E=  800.97 meV, MAE_F=   45.40 meV / A
2025-04-23 15:05:04.436 DEBUG: Deleting old checkpoint file: ./logs//sample_0//checkpoints/bi0_run-123_epoch-20.pt
2025-04-23 15:05:04.436 DEBUG: Saving checkpoint: ./logs//sample_0//checkpoints/bi0_run-123_epoch-21.pt
2025-04-23 15:05:09.572 INFO: Epoch 22: head: train, loss=0.01573875, MAE_E=  794.54 meV, MAE_F=   40.66 meV / A
2025-04-23 15:05:10.289 INFO: Epoch 22: head: validation, loss=0.01922990, MAE_E=  775.62 meV, MAE_F=   43.69 meV / A
2025-04-23 15:05:10.292 DEBUG: Deleting old checkpoint file: ./logs//sample_0//checkpoints/bi0_run-123_epoch-21.pt
2025-04-23 15:05:10.292 DEBUG: Saving checkpoint: ./logs//sample_0//checkpoints/bi0_run-123_epoch-22.pt
2025-04-23 15:05:15.413 INFO: Epoch 23: head: train, loss=0.01409175, MAE_E=  711.44 meV, MAE_F=   38.43 meV / A
2025-04-23 15:05:16.146 INFO: Epoch 23: head: validation, loss=0.01785076, MAE_E=  690.22 meV, MAE_F=   41.71 meV / A
2025-04-23 15:05:16.149 DEBUG: Deleting old checkpoint file: ./logs//sample_0//checkpoints/bi0_run-123_epoch-22.pt
2025-04-23 15:05:16.149 DEBUG: Saving checkpoint: ./logs//sample_0//checkpoints/bi0_run-123_epoch-23.pt
2025-04-23 15:05:21.169 INFO: Epoch 24: head: train, loss=0.01244270, MAE_E=  642.81 meV, MAE_F=   36.06 meV / A
2025-04-23 15:05:21.881 INFO: Epoch 24: head: validation, loss=0.01662112, MAE_E=  624.69 meV, MAE_F=   39.99 meV / A
2025-04-23 15:05:21.883 DEBUG: Deleting old checkpoint file: ./logs//sample_0//checkpoints/bi0_run-123_epoch-23.pt
2025-04-23 15:05:21.883 DEBUG: Saving checkpoint: ./logs//sample_0//checkpoints/bi0_run-123_epoch-24.pt
2025-04-23 15:05:26.887 INFO: Epoch 25: head: train, loss=0.01119832, MAE_E=  606.33 meV, MAE_F=   34.18 meV / A
2025-04-23 15:05:27.593 INFO: Epoch 25: head: validation, loss=0.01562389, MAE_E=  589.02 meV, MAE_F=   38.48 meV / A
2025-04-23 15:05:27.595 DEBUG: Deleting old checkpoint file: ./logs//sample_0//checkpoints/bi0_run-123_epoch-24.pt
2025-04-23 15:05:27.595 DEBUG: Saving checkpoint: ./logs//sample_0//checkpoints/bi0_run-123_epoch-25.pt
2025-04-23 15:05:32.567 INFO: Epoch 26: head: train, loss=0.01016828, MAE_E=  571.99 meV, MAE_F=   32.59 meV / A
2025-04-23 15:05:33.278 INFO: Epoch 26: head: validation, loss=0.01483590, MAE_E=  555.08 meV, MAE_F=   37.26 meV / A
2025-04-23 15:05:33.280 DEBUG: Deleting old checkpoint file: ./logs//sample_0//checkpoints/bi0_run-123_epoch-25.pt
2025-04-23 15:05:33.281 DEBUG: Saving checkpoint: ./logs//sample_0//checkpoints/bi0_run-123_epoch-26.pt
2025-04-23 15:05:38.365 INFO: Epoch 27: head: train, loss=0.00904614, MAE_E=  542.41 meV, MAE_F=   30.90 meV / A
2025-04-23 15:05:39.087 INFO: Epoch 27: head: validation, loss=0.01415461, MAE_E=  528.73 meV, MAE_F=   36.09 meV / A
2025-04-23 15:05:39.089 DEBUG: Deleting old checkpoint file: ./logs//sample_0//checkpoints/bi0_run-123_epoch-26.pt
2025-04-23 15:05:39.091 DEBUG: Saving checkpoint: ./logs//sample_0//checkpoints/bi0_run-123_epoch-27.pt
2025-04-23 15:05:44.116 INFO: Epoch 28: head: train, loss=0.00823409, MAE_E=  523.69 meV, MAE_F=   29.47 meV / A
2025-04-23 15:05:44.877 INFO: Epoch 28: head: validation, loss=0.01348883, MAE_E=  509.14 meV, MAE_F=   34.99 meV / A
2025-04-23 15:05:44.880 DEBUG: Deleting old checkpoint file: ./logs//sample_0//checkpoints/bi0_run-123_epoch-27.pt
2025-04-23 15:05:44.880 DEBUG: Saving checkpoint: ./logs//sample_0//checkpoints/bi0_run-123_epoch-28.pt
2025-04-23 15:05:49.827 INFO: Epoch 29: head: train, loss=0.00766972, MAE_E=  507.82 meV, MAE_F=   28.28 meV / A
2025-04-23 15:05:50.522 INFO: Epoch 29: head: validation, loss=0.01298954, MAE_E=  493.47 meV, MAE_F=   34.08 meV / A
2025-04-23 15:05:50.524 DEBUG: Deleting old checkpoint file: ./logs//sample_0//checkpoints/bi0_run-123_epoch-28.pt
2025-04-23 15:05:50.524 DEBUG: Saving checkpoint: ./logs//sample_0//checkpoints/bi0_run-123_epoch-29.pt
2025-04-23 15:05:55.567 INFO: Epoch 30: head: train, loss=0.00697829, MAE_E=  483.62 meV, MAE_F=   26.87 meV / A
2025-04-23 15:05:56.271 INFO: Epoch 30: head: validation, loss=0.01253802, MAE_E=  472.25 meV, MAE_F=   33.16 meV / A
2025-04-23 15:05:56.273 DEBUG: Deleting old checkpoint file: ./logs//sample_0//checkpoints/bi0_run-123_epoch-29.pt
2025-04-23 15:05:56.273 DEBUG: Saving checkpoint: ./logs//sample_0//checkpoints/bi0_run-123_epoch-30.pt
2025-04-23 15:06:01.348 INFO: Epoch 31: head: train, loss=0.00642446, MAE_E=  466.08 meV, MAE_F=   25.97 meV / A
2025-04-23 15:06:02.084 INFO: Epoch 31: head: validation, loss=0.01214128, MAE_E=  453.11 meV, MAE_F=   32.34 meV / A
2025-04-23 15:06:02.087 DEBUG: Deleting old checkpoint file: ./logs//sample_0//checkpoints/bi0_run-123_epoch-30.pt
2025-04-23 15:06:02.087 DEBUG: Saving checkpoint: ./logs//sample_0//checkpoints/bi0_run-123_epoch-31.pt
2025-04-23 15:06:07.494 INFO: Epoch 32: head: train, loss=0.00601602, MAE_E=  470.45 meV, MAE_F=   25.29 meV / A
2025-04-23 15:06:08.207 INFO: Epoch 32: head: validation, loss=0.01198986, MAE_E=  454.89 meV, MAE_F=   31.87 meV / A
2025-04-23 15:06:08.210 DEBUG: Deleting old checkpoint file: ./logs//sample_0//checkpoints/bi0_run-123_epoch-31.pt
2025-04-23 15:06:08.210 DEBUG: Saving checkpoint: ./logs//sample_0//checkpoints/bi0_run-123_epoch-32.pt
2025-04-23 15:06:13.198 INFO: Epoch 33: head: train, loss=0.00561663, MAE_E=  459.52 meV, MAE_F=   24.39 meV / A
2025-04-23 15:06:14.004 INFO: Epoch 33: head: validation, loss=0.01178193, MAE_E=  445.89 meV, MAE_F=   31.35 meV / A
2025-04-23 15:06:14.007 DEBUG: Deleting old checkpoint file: ./logs//sample_0//checkpoints/bi0_run-123_epoch-32.pt
2025-04-23 15:06:14.007 DEBUG: Saving checkpoint: ./logs//sample_0//checkpoints/bi0_run-123_epoch-33.pt
2025-04-23 15:06:19.076 INFO: Epoch 34: head: train, loss=0.00526259, MAE_E=  441.95 meV, MAE_F=   23.68 meV / A
2025-04-23 15:06:19.803 INFO: Epoch 34: head: validation, loss=0.01168975, MAE_E=  428.83 meV, MAE_F=   30.95 meV / A
2025-04-23 15:06:19.805 DEBUG: Deleting old checkpoint file: ./logs//sample_0//checkpoints/bi0_run-123_epoch-33.pt
2025-04-23 15:06:19.805 DEBUG: Saving checkpoint: ./logs//sample_0//checkpoints/bi0_run-123_epoch-34.pt
2025-04-23 15:06:24.715 INFO: Epoch 35: head: train, loss=0.00488541, MAE_E=  432.51 meV, MAE_F=   22.78 meV / A
2025-04-23 15:06:25.421 INFO: Epoch 35: head: validation, loss=0.01154860, MAE_E=  419.80 meV, MAE_F=   30.51 meV / A
2025-04-23 15:06:25.423 DEBUG: Deleting old checkpoint file: ./logs//sample_0//checkpoints/bi0_run-123_epoch-34.pt
2025-04-23 15:06:25.423 DEBUG: Saving checkpoint: ./logs//sample_0//checkpoints/bi0_run-123_epoch-35.pt
2025-04-23 15:06:30.367 INFO: Epoch 36: head: train, loss=0.00467130, MAE_E=  431.35 meV, MAE_F=   22.35 meV / A
2025-04-23 15:06:31.154 INFO: Epoch 36: head: validation, loss=0.01139481, MAE_E=  417.46 meV, MAE_F=   30.17 meV / A
2025-04-23 15:06:31.156 DEBUG: Deleting old checkpoint file: ./logs//sample_0//checkpoints/bi0_run-123_epoch-35.pt
2025-04-23 15:06:31.157 DEBUG: Saving checkpoint: ./logs//sample_0//checkpoints/bi0_run-123_epoch-36.pt
2025-04-23 15:06:36.273 INFO: Epoch 37: head: train, loss=0.00440455, MAE_E=  425.36 meV, MAE_F=   21.78 meV / A
2025-04-23 15:06:36.973 INFO: Epoch 37: head: validation, loss=0.01128057, MAE_E=  413.01 meV, MAE_F=   29.82 meV / A
2025-04-23 15:06:36.975 DEBUG: Deleting old checkpoint file: ./logs//sample_0//checkpoints/bi0_run-123_epoch-36.pt
2025-04-23 15:06:36.976 DEBUG: Saving checkpoint: ./logs//sample_0//checkpoints/bi0_run-123_epoch-37.pt
2025-04-23 15:06:42.048 INFO: Epoch 38: head: train, loss=0.00409410, MAE_E=  406.83 meV, MAE_F=   21.27 meV / A
2025-04-23 15:06:42.786 INFO: Epoch 38: head: validation, loss=0.01123246, MAE_E=  395.57 meV, MAE_F=   29.51 meV / A
2025-04-23 15:06:42.788 DEBUG: Deleting old checkpoint file: ./logs//sample_0//checkpoints/bi0_run-123_epoch-37.pt
2025-04-23 15:06:42.788 DEBUG: Saving checkpoint: ./logs//sample_0//checkpoints/bi0_run-123_epoch-38.pt
2025-04-23 15:06:48.002 INFO: Epoch 39: head: train, loss=0.00369328, MAE_E=  401.61 meV, MAE_F=   20.52 meV / A
2025-04-23 15:06:48.712 INFO: Epoch 39: head: validation, loss=0.01125778, MAE_E=  391.53 meV, MAE_F=   29.27 meV / A
2025-04-23 15:06:53.525 INFO: Epoch 40: head: train, loss=0.00364963, MAE_E=  386.44 meV, MAE_F=   20.17 meV / A
2025-04-23 15:06:54.249 INFO: Epoch 40: head: validation, loss=0.01118573, MAE_E=  374.27 meV, MAE_F=   28.92 meV / A
2025-04-23 15:06:54.251 DEBUG: Deleting old checkpoint file: ./logs//sample_0//checkpoints/bi0_run-123_epoch-38.pt
2025-04-23 15:06:54.252 DEBUG: Saving checkpoint: ./logs//sample_0//checkpoints/bi0_run-123_epoch-40.pt
2025-04-23 15:06:59.195 INFO: Epoch 41: head: train, loss=0.00342699, MAE_E=  374.92 meV, MAE_F=   19.60 meV / A
2025-04-23 15:06:59.909 INFO: Epoch 41: head: validation, loss=0.01109064, MAE_E=  363.74 meV, MAE_F=   28.67 meV / A
2025-04-23 15:06:59.912 DEBUG: Deleting old checkpoint file: ./logs//sample_0//checkpoints/bi0_run-123_epoch-40.pt
2025-04-23 15:06:59.912 DEBUG: Saving checkpoint: ./logs//sample_0//checkpoints/bi0_run-123_epoch-41.pt
2025-04-23 15:07:05.165 INFO: Epoch 42: head: train, loss=0.00317624, MAE_E=  363.84 meV, MAE_F=   19.02 meV / A
2025-04-23 15:07:05.886 INFO: Epoch 42: head: validation, loss=0.01110855, MAE_E=  354.61 meV, MAE_F=   28.47 meV / A
2025-04-23 15:07:10.795 INFO: Epoch 43: head: train, loss=0.00304837, MAE_E=  356.83 meV, MAE_F=   18.65 meV / A
2025-04-23 15:07:11.565 INFO: Epoch 43: head: validation, loss=0.01104403, MAE_E=  347.86 meV, MAE_F=   28.20 meV / A
2025-04-23 15:07:11.568 DEBUG: Deleting old checkpoint file: ./logs//sample_0//checkpoints/bi0_run-123_epoch-41.pt
2025-04-23 15:07:11.568 DEBUG: Saving checkpoint: ./logs//sample_0//checkpoints/bi0_run-123_epoch-43.pt
2025-04-23 15:07:16.556 INFO: Epoch 44: head: train, loss=0.00295344, MAE_E=  363.34 meV, MAE_F=   18.42 meV / A
2025-04-23 15:07:17.273 INFO: Epoch 44: head: validation, loss=0.01106683, MAE_E=  352.55 meV, MAE_F=   28.10 meV / A
2025-04-23 15:07:22.108 INFO: Epoch 45: head: train, loss=0.00284445, MAE_E=  367.84 meV, MAE_F=   18.18 meV / A
2025-04-23 15:07:22.822 INFO: Epoch 45: head: validation, loss=0.01098554, MAE_E=  356.05 meV, MAE_F=   27.90 meV / A
2025-04-23 15:07:22.825 DEBUG: Deleting old checkpoint file: ./logs//sample_0//checkpoints/bi0_run-123_epoch-43.pt
2025-04-23 15:07:22.826 DEBUG: Saving checkpoint: ./logs//sample_0//checkpoints/bi0_run-123_epoch-45.pt
2025-04-23 15:07:27.764 INFO: Epoch 46: head: train, loss=0.00278258, MAE_E=  368.72 meV, MAE_F=   18.01 meV / A
2025-04-23 15:07:28.489 INFO: Epoch 46: head: validation, loss=0.01100904, MAE_E=  357.40 meV, MAE_F=   27.78 meV / A
2025-04-23 15:07:33.578 INFO: Epoch 47: head: train, loss=0.00267960, MAE_E=  360.48 meV, MAE_F=   17.73 meV / A
2025-04-23 15:07:34.268 INFO: Epoch 47: head: validation, loss=0.01089059, MAE_E=  349.68 meV, MAE_F=   27.57 meV / A
2025-04-23 15:07:34.270 DEBUG: Deleting old checkpoint file: ./logs//sample_0//checkpoints/bi0_run-123_epoch-45.pt
2025-04-23 15:07:34.270 DEBUG: Saving checkpoint: ./logs//sample_0//checkpoints/bi0_run-123_epoch-47.pt
2025-04-23 15:07:39.296 INFO: Epoch 48: head: train, loss=0.00249737, MAE_E=  359.75 meV, MAE_F=   17.31 meV / A
2025-04-23 15:07:40.030 INFO: Epoch 48: head: validation, loss=0.01092806, MAE_E=  351.04 meV, MAE_F=   27.51 meV / A
2025-04-23 15:07:44.993 INFO: Epoch 49: head: train, loss=0.00244510, MAE_E=  358.62 meV, MAE_F=   17.03 meV / A
2025-04-23 15:07:45.703 INFO: Epoch 49: head: validation, loss=0.01093830, MAE_E=  347.77 meV, MAE_F=   27.37 meV / A
2025-04-23 15:07:50.664 INFO: Epoch 50: head: train, loss=0.00229147, MAE_E=  348.45 meV, MAE_F=   16.62 meV / A
2025-04-23 15:07:51.470 INFO: Epoch 50: head: validation, loss=0.01100012, MAE_E=  339.26 meV, MAE_F=   27.26 meV / A
2025-04-23 15:07:56.496 INFO: Epoch 51: head: train, loss=0.00220932, MAE_E=  342.72 meV, MAE_F=   16.35 meV / A
2025-04-23 15:07:57.208 INFO: Epoch 51: head: validation, loss=0.01102281, MAE_E=  332.54 meV, MAE_F=   27.09 meV / A
2025-04-23 15:08:02.109 INFO: Epoch 52: head: train, loss=0.00212367, MAE_E=  334.35 meV, MAE_F=   16.06 meV / A
2025-04-23 15:08:02.814 INFO: Epoch 52: head: validation, loss=0.01094340, MAE_E=  325.13 meV, MAE_F=   26.90 meV / A
2025-04-23 15:08:07.664 INFO: Epoch 53: head: train, loss=0.00204824, MAE_E=  328.60 meV, MAE_F=   15.79 meV / A
2025-04-23 15:08:08.391 INFO: Epoch 53: head: validation, loss=0.01098419, MAE_E=  318.82 meV, MAE_F=   26.79 meV / A
2025-04-23 15:08:13.236 INFO: Epoch 54: head: train, loss=0.00196285, MAE_E=  330.95 meV, MAE_F=   15.64 meV / A
2025-04-23 15:08:13.983 INFO: Epoch 54: head: validation, loss=0.01094327, MAE_E=  320.28 meV, MAE_F=   26.61 meV / A
2025-04-23 15:08:18.878 INFO: Epoch 55: head: train, loss=0.00196835, MAE_E=  331.37 meV, MAE_F=   15.53 meV / A
2025-04-23 15:08:19.636 INFO: Epoch 55: head: validation, loss=0.01089127, MAE_E=  321.33 meV, MAE_F=   26.57 meV / A
2025-04-23 15:08:24.680 INFO: Epoch 56: head: train, loss=0.00189534, MAE_E=  320.07 meV, MAE_F=   15.35 meV / A
2025-04-23 15:08:25.412 INFO: Epoch 56: head: validation, loss=0.01089477, MAE_E=  310.90 meV, MAE_F=   26.48 meV / A
2025-04-23 15:08:30.361 INFO: Epoch 57: head: train, loss=0.00179189, MAE_E=  314.90 meV, MAE_F=   15.03 meV / A
2025-04-23 15:08:31.087 INFO: Epoch 57: head: validation, loss=0.01086717, MAE_E=  304.36 meV, MAE_F=   26.34 meV / A
2025-04-23 15:08:31.090 DEBUG: Deleting old checkpoint file: ./logs//sample_0//checkpoints/bi0_run-123_epoch-47.pt
2025-04-23 15:08:31.090 DEBUG: Saving checkpoint: ./logs//sample_0//checkpoints/bi0_run-123_epoch-57.pt
2025-04-23 15:08:36.300 INFO: Epoch 58: head: train, loss=0.00171358, MAE_E=  305.61 meV, MAE_F=   14.71 meV / A
2025-04-23 15:08:37.097 INFO: Epoch 58: head: validation, loss=0.01084847, MAE_E=  296.67 meV, MAE_F=   26.16 meV / A
2025-04-23 15:08:37.099 DEBUG: Deleting old checkpoint file: ./logs//sample_0//checkpoints/bi0_run-123_epoch-57.pt
2025-04-23 15:08:37.100 DEBUG: Saving checkpoint: ./logs//sample_0//checkpoints/bi0_run-123_epoch-58.pt
2025-04-23 15:08:42.198 INFO: Epoch 59: head: train, loss=0.00167198, MAE_E=  295.46 meV, MAE_F=   14.55 meV / A
2025-04-23 15:08:42.904 INFO: Epoch 59: head: validation, loss=0.01084758, MAE_E=  286.96 meV, MAE_F=   26.10 meV / A
2025-04-23 15:08:42.907 DEBUG: Deleting old checkpoint file: ./logs//sample_0//checkpoints/bi0_run-123_epoch-58.pt
2025-04-23 15:08:42.907 DEBUG: Saving checkpoint: ./logs//sample_0//checkpoints/bi0_run-123_epoch-59.pt
2025-04-23 15:08:48.008 INFO: Epoch 60: head: train, loss=0.00163966, MAE_E=  298.49 meV, MAE_F=   14.49 meV / A
2025-04-23 15:08:48.740 INFO: Epoch 60: head: validation, loss=0.01069797, MAE_E=  290.83 meV, MAE_F=   26.04 meV / A
2025-04-23 15:08:48.744 DEBUG: Deleting old checkpoint file: ./logs//sample_0//checkpoints/bi0_run-123_epoch-59.pt
2025-04-23 15:08:48.744 DEBUG: Saving checkpoint: ./logs//sample_0//checkpoints/bi0_run-123_epoch-60.pt
2025-04-23 15:08:53.681 INFO: Epoch 61: head: train, loss=0.00161140, MAE_E=  297.50 meV, MAE_F=   14.38 meV / A
2025-04-23 15:08:54.442 INFO: Epoch 61: head: validation, loss=0.01077390, MAE_E=  289.52 meV, MAE_F=   26.03 meV / A
2025-04-23 15:08:59.399 INFO: Epoch 62: head: train, loss=0.00154554, MAE_E=  290.55 meV, MAE_F=   14.04 meV / A
2025-04-23 15:09:00.091 INFO: Epoch 62: head: validation, loss=0.01069836, MAE_E=  283.82 meV, MAE_F=   25.86 meV / A
2025-04-23 15:09:05.095 INFO: Epoch 63: head: train, loss=0.00146984, MAE_E=  286.97 meV, MAE_F=   13.76 meV / A
2025-04-23 15:09:05.887 INFO: Epoch 63: head: validation, loss=0.01068979, MAE_E=  280.01 meV, MAE_F=   25.70 meV / A
2025-04-23 15:09:05.890 DEBUG: Deleting old checkpoint file: ./logs//sample_0//checkpoints/bi0_run-123_epoch-60.pt
2025-04-23 15:09:05.890 DEBUG: Saving checkpoint: ./logs//sample_0//checkpoints/bi0_run-123_epoch-63.pt
2025-04-23 15:09:10.911 INFO: Epoch 64: head: train, loss=0.00141394, MAE_E=  287.42 meV, MAE_F=   13.55 meV / A
2025-04-23 15:09:11.639 INFO: Epoch 64: head: validation, loss=0.01064802, MAE_E=  280.17 meV, MAE_F=   25.59 meV / A
2025-04-23 15:09:11.641 DEBUG: Deleting old checkpoint file: ./logs//sample_0//checkpoints/bi0_run-123_epoch-63.pt
2025-04-23 15:09:11.642 DEBUG: Saving checkpoint: ./logs//sample_0//checkpoints/bi0_run-123_epoch-64.pt
2025-04-23 15:09:16.633 INFO: Epoch 65: head: train, loss=0.00138999, MAE_E=  282.87 meV, MAE_F=   13.52 meV / A
2025-04-23 15:09:17.340 INFO: Epoch 65: head: validation, loss=0.01064543, MAE_E=  274.44 meV, MAE_F=   25.50 meV / A
2025-04-23 15:09:17.342 DEBUG: Deleting old checkpoint file: ./logs//sample_0//checkpoints/bi0_run-123_epoch-64.pt
2025-04-23 15:09:17.342 DEBUG: Saving checkpoint: ./logs//sample_0//checkpoints/bi0_run-123_epoch-65.pt
2025-04-23 15:09:22.413 INFO: Epoch 66: head: train, loss=0.00132380, MAE_E=  270.03 meV, MAE_F=   13.20 meV / A
2025-04-23 15:09:23.111 INFO: Epoch 66: head: validation, loss=0.01063696, MAE_E=  263.43 meV, MAE_F=   25.42 meV / A
2025-04-23 15:09:23.113 DEBUG: Deleting old checkpoint file: ./logs//sample_0//checkpoints/bi0_run-123_epoch-65.pt
2025-04-23 15:09:23.113 DEBUG: Saving checkpoint: ./logs//sample_0//checkpoints/bi0_run-123_epoch-66.pt
2025-04-23 15:09:27.980 INFO: Epoch 67: head: train, loss=0.00124259, MAE_E=  261.99 meV, MAE_F=   12.94 meV / A
2025-04-23 15:09:28.707 INFO: Epoch 67: head: validation, loss=0.01066047, MAE_E=  255.23 meV, MAE_F=   25.36 meV / A
2025-04-23 15:09:33.661 INFO: Epoch 68: head: train, loss=0.00122845, MAE_E=  256.94 meV, MAE_F=   12.86 meV / A
2025-04-23 15:09:34.367 INFO: Epoch 68: head: validation, loss=0.01069243, MAE_E=  249.99 meV, MAE_F=   25.30 meV / A
2025-04-23 15:09:39.291 INFO: Epoch 69: head: train, loss=0.00118227, MAE_E=  257.31 meV, MAE_F=   12.74 meV / A
2025-04-23 15:09:40.000 INFO: Epoch 69: head: validation, loss=0.01063701, MAE_E=  249.58 meV, MAE_F=   25.22 meV / A
2025-04-23 15:09:44.894 INFO: Epoch 70: head: train, loss=0.00118704, MAE_E=  250.99 meV, MAE_F=   12.65 meV / A
2025-04-23 15:09:45.705 INFO: Epoch 70: head: validation, loss=0.01062716, MAE_E=  243.59 meV, MAE_F=   25.13 meV / A
2025-04-23 15:09:45.708 DEBUG: Deleting old checkpoint file: ./logs//sample_0//checkpoints/bi0_run-123_epoch-66.pt
2025-04-23 15:09:45.708 DEBUG: Saving checkpoint: ./logs//sample_0//checkpoints/bi0_run-123_epoch-70.pt
2025-04-23 15:09:50.680 INFO: Epoch 71: head: train, loss=0.00114634, MAE_E=  242.61 meV, MAE_F=   12.47 meV / A
2025-04-23 15:09:51.511 INFO: Epoch 71: head: validation, loss=0.01058589, MAE_E=  236.75 meV, MAE_F=   25.07 meV / A
2025-04-23 15:09:51.513 DEBUG: Deleting old checkpoint file: ./logs//sample_0//checkpoints/bi0_run-123_epoch-70.pt
2025-04-23 15:09:51.513 DEBUG: Saving checkpoint: ./logs//sample_0//checkpoints/bi0_run-123_epoch-71.pt
2025-04-23 15:09:56.419 INFO: Epoch 72: head: train, loss=0.00113433, MAE_E=  245.32 meV, MAE_F=   12.42 meV / A
2025-04-23 15:09:57.141 INFO: Epoch 72: head: validation, loss=0.01059895, MAE_E=  238.62 meV, MAE_F=   25.01 meV / A
2025-04-23 15:10:02.030 INFO: Epoch 73: head: train, loss=0.00109476, MAE_E=  237.20 meV, MAE_F=   12.24 meV / A
2025-04-23 15:10:02.737 INFO: Epoch 73: head: validation, loss=0.01046938, MAE_E=  230.35 meV, MAE_F=   24.83 meV / A
2025-04-23 15:10:02.740 DEBUG: Deleting old checkpoint file: ./logs//sample_0//checkpoints/bi0_run-123_epoch-71.pt
2025-04-23 15:10:02.740 DEBUG: Saving checkpoint: ./logs//sample_0//checkpoints/bi0_run-123_epoch-73.pt
2025-04-23 15:10:07.826 INFO: Epoch 74: head: train, loss=0.00110799, MAE_E=  249.79 meV, MAE_F=   12.33 meV / A
2025-04-23 15:10:08.559 INFO: Epoch 74: head: validation, loss=0.01038432, MAE_E=  242.21 meV, MAE_F=   24.79 meV / A
2025-04-23 15:10:08.562 DEBUG: Deleting old checkpoint file: ./logs//sample_0//checkpoints/bi0_run-123_epoch-73.pt
2025-04-23 15:10:08.562 DEBUG: Saving checkpoint: ./logs//sample_0//checkpoints/bi0_run-123_epoch-74.pt
2025-04-23 15:10:13.750 INFO: Epoch 75: head: train, loss=0.00107735, MAE_E=  250.65 meV, MAE_F=   12.23 meV / A
2025-04-23 15:10:14.531 INFO: Epoch 75: head: validation, loss=0.01039337, MAE_E=  242.31 meV, MAE_F=   24.74 meV / A
2025-04-23 15:10:19.579 INFO: Epoch 76: head: train, loss=0.00106220, MAE_E=  246.68 meV, MAE_F=   12.09 meV / A
2025-04-23 15:10:20.301 INFO: Epoch 76: head: validation, loss=0.01039460, MAE_E=  239.48 meV, MAE_F=   24.65 meV / A
2025-04-23 15:10:25.243 INFO: Epoch 77: head: train, loss=0.00103493, MAE_E=  249.49 meV, MAE_F=   11.93 meV / A
2025-04-23 15:10:26.033 INFO: Epoch 77: head: validation, loss=0.01040778, MAE_E=  241.62 meV, MAE_F=   24.58 meV / A
2025-04-23 15:10:31.033 INFO: Epoch 78: head: train, loss=0.00100034, MAE_E=  248.93 meV, MAE_F=   11.77 meV / A
2025-04-23 15:10:31.762 INFO: Epoch 78: head: validation, loss=0.01033199, MAE_E=  241.33 meV, MAE_F=   24.48 meV / A
2025-04-23 15:10:31.764 DEBUG: Deleting old checkpoint file: ./logs//sample_0//checkpoints/bi0_run-123_epoch-74.pt
2025-04-23 15:10:31.764 DEBUG: Saving checkpoint: ./logs//sample_0//checkpoints/bi0_run-123_epoch-78.pt
2025-04-23 15:10:36.708 INFO: Epoch 79: head: train, loss=0.00097243, MAE_E=  239.09 meV, MAE_F=   11.63 meV / A
2025-04-23 15:10:37.431 INFO: Epoch 79: head: validation, loss=0.01042729, MAE_E=  232.09 meV, MAE_F=   24.43 meV / A
2025-04-23 15:10:42.387 INFO: Epoch 80: head: train, loss=0.00092802, MAE_E=  235.58 meV, MAE_F=   11.48 meV / A
2025-04-23 15:10:43.098 INFO: Epoch 80: head: validation, loss=0.01036692, MAE_E=  229.55 meV, MAE_F=   24.37 meV / A
2025-04-23 15:10:48.019 INFO: Epoch 81: head: train, loss=0.00091915, MAE_E=  233.11 meV, MAE_F=   11.38 meV / A
2025-04-23 15:10:48.719 INFO: Epoch 81: head: validation, loss=0.01039426, MAE_E=  226.54 meV, MAE_F=   24.39 meV / A
2025-04-23 15:10:53.711 INFO: Epoch 82: head: train, loss=0.00092860, MAE_E=  234.81 meV, MAE_F=   11.47 meV / A
2025-04-23 15:10:54.430 INFO: Epoch 82: head: validation, loss=0.01022511, MAE_E=  228.32 meV, MAE_F=   24.31 meV / A
2025-04-23 15:10:54.432 DEBUG: Deleting old checkpoint file: ./logs//sample_0//checkpoints/bi0_run-123_epoch-78.pt
2025-04-23 15:10:54.432 DEBUG: Saving checkpoint: ./logs//sample_0//checkpoints/bi0_run-123_epoch-82.pt
2025-04-23 15:10:59.540 INFO: Epoch 83: head: train, loss=0.00094878, MAE_E=  235.55 meV, MAE_F=   11.60 meV / A
2025-04-23 15:11:00.268 INFO: Epoch 83: head: validation, loss=0.01018641, MAE_E=  230.16 meV, MAE_F=   24.30 meV / A
2025-04-23 15:11:00.271 DEBUG: Deleting old checkpoint file: ./logs//sample_0//checkpoints/bi0_run-123_epoch-82.pt
2025-04-23 15:11:00.271 DEBUG: Saving checkpoint: ./logs//sample_0//checkpoints/bi0_run-123_epoch-83.pt
2025-04-23 15:11:05.544 INFO: Epoch 84: head: train, loss=0.00099137, MAE_E=  242.89 meV, MAE_F=   11.70 meV / A
2025-04-23 15:11:06.275 INFO: Epoch 84: head: validation, loss=0.01015881, MAE_E=  236.25 meV, MAE_F=   24.32 meV / A
2025-04-23 15:11:06.278 DEBUG: Deleting old checkpoint file: ./logs//sample_0//checkpoints/bi0_run-123_epoch-83.pt
2025-04-23 15:11:06.278 DEBUG: Saving checkpoint: ./logs//sample_0//checkpoints/bi0_run-123_epoch-84.pt
2025-04-23 15:11:11.781 INFO: Epoch 85: head: train, loss=0.00095275, MAE_E=  242.32 meV, MAE_F=   11.49 meV / A
2025-04-23 15:11:12.595 INFO: Epoch 85: head: validation, loss=0.01014104, MAE_E=  235.37 meV, MAE_F=   24.24 meV / A
2025-04-23 15:11:12.597 DEBUG: Deleting old checkpoint file: ./logs//sample_0//checkpoints/bi0_run-123_epoch-84.pt
2025-04-23 15:11:12.598 DEBUG: Saving checkpoint: ./logs//sample_0//checkpoints/bi0_run-123_epoch-85.pt
2025-04-23 15:11:17.678 INFO: Epoch 86: head: train, loss=0.00090346, MAE_E=  234.55 meV, MAE_F=   11.27 meV / A
2025-04-23 15:11:18.484 INFO: Epoch 86: head: validation, loss=0.01016582, MAE_E=  226.57 meV, MAE_F=   24.17 meV / A
2025-04-23 15:11:23.498 INFO: Epoch 87: head: train, loss=0.00085883, MAE_E=  226.40 meV, MAE_F=   11.04 meV / A
2025-04-23 15:11:24.230 INFO: Epoch 87: head: validation, loss=0.01020377, MAE_E=  220.27 meV, MAE_F=   24.11 meV / A
2025-04-23 15:11:29.182 INFO: Epoch 88: head: train, loss=0.00080398, MAE_E=  215.59 meV, MAE_F=   10.76 meV / A
2025-04-23 15:11:29.902 INFO: Epoch 88: head: validation, loss=0.01026139, MAE_E=  209.61 meV, MAE_F=   24.07 meV / A
2025-04-23 15:11:34.848 INFO: Epoch 89: head: train, loss=0.00077817, MAE_E=  208.73 meV, MAE_F=   10.61 meV / A
2025-04-23 15:11:35.588 INFO: Epoch 89: head: validation, loss=0.01034979, MAE_E=  202.60 meV, MAE_F=   24.05 meV / A
2025-04-23 15:11:40.531 INFO: Epoch 90: head: train, loss=0.00082034, MAE_E=  210.31 meV, MAE_F=   10.80 meV / A
2025-04-23 15:11:41.271 INFO: Epoch 90: head: validation, loss=0.01038535, MAE_E=  205.20 meV, MAE_F=   24.05 meV / A
2025-04-23 15:11:46.282 INFO: Epoch 91: head: train, loss=0.00086554, MAE_E=  211.40 meV, MAE_F=   10.81 meV / A
2025-04-23 15:11:47.022 INFO: Epoch 91: head: validation, loss=0.01037866, MAE_E=  205.64 meV, MAE_F=   24.02 meV / A
2025-04-23 15:11:51.986 INFO: Epoch 92: head: train, loss=0.00085586, MAE_E=  219.25 meV, MAE_F=   10.93 meV / A
2025-04-23 15:11:52.772 INFO: Epoch 92: head: validation, loss=0.01031084, MAE_E=  212.43 meV, MAE_F=   23.99 meV / A
2025-04-23 15:11:57.861 INFO: Epoch 93: head: train, loss=0.00081893, MAE_E=  218.86 meV, MAE_F=   10.78 meV / A
2025-04-23 15:11:58.615 INFO: Epoch 93: head: validation, loss=0.01016732, MAE_E=  211.95 meV, MAE_F=   23.81 meV / A
2025-04-23 15:12:03.495 INFO: Epoch 94: head: train, loss=0.00077422, MAE_E=  213.63 meV, MAE_F=   10.54 meV / A
2025-04-23 15:12:04.226 INFO: Epoch 94: head: validation, loss=0.01022105, MAE_E=  208.62 meV, MAE_F=   23.76 meV / A
2025-04-23 15:12:09.193 INFO: Epoch 95: head: train, loss=0.00073555, MAE_E=  209.71 meV, MAE_F=   10.34 meV / A
2025-04-23 15:12:09.972 INFO: Epoch 95: head: validation, loss=0.01023923, MAE_E=  204.28 meV, MAE_F=   23.74 meV / A
2025-04-23 15:12:15.101 INFO: Epoch 96: head: train, loss=0.00070448, MAE_E=  201.84 meV, MAE_F=   10.16 meV / A
2025-04-23 15:12:15.804 INFO: Epoch 96: head: validation, loss=0.01027330, MAE_E=  195.88 meV, MAE_F=   23.69 meV / A
2025-04-23 15:12:20.835 INFO: Epoch 97: head: train, loss=0.00067644, MAE_E=  194.61 meV, MAE_F=   10.03 meV / A
2025-04-23 15:12:21.583 INFO: Epoch 97: head: validation, loss=0.01031642, MAE_E=  189.53 meV, MAE_F=   23.68 meV / A
2025-04-23 15:12:26.562 INFO: Epoch 98: head: train, loss=0.00065286, MAE_E=  189.00 meV, MAE_F=    9.86 meV / A
2025-04-23 15:12:27.296 INFO: Epoch 98: head: validation, loss=0.01034442, MAE_E=  184.13 meV, MAE_F=   23.62 meV / A
2025-04-23 15:12:32.195 INFO: Epoch 99: head: train, loss=0.00062550, MAE_E=  181.27 meV, MAE_F=    9.74 meV / A
2025-04-23 15:12:32.982 INFO: Epoch 99: head: validation, loss=0.01035855, MAE_E=  176.14 meV, MAE_F=   23.56 meV / A
2025-04-23 15:12:37.854 INFO: Epoch 100: head: train, loss=0.00060909, MAE_E=  173.11 meV, MAE_F=    9.61 meV / A
2025-04-23 15:12:38.641 INFO: Epoch 100: head: validation, loss=0.01035758, MAE_E=  168.59 meV, MAE_F=   23.47 meV / A
2025-04-23 15:12:43.595 INFO: Epoch 101: head: train, loss=0.00058935, MAE_E=  167.51 meV, MAE_F=    9.48 meV / A
2025-04-23 15:12:44.421 INFO: Epoch 101: head: validation, loss=0.01039668, MAE_E=  163.51 meV, MAE_F=   23.43 meV / A
2025-04-23 15:12:49.549 INFO: Epoch 102: head: train, loss=0.00058168, MAE_E=  165.66 meV, MAE_F=    9.44 meV / A
2025-04-23 15:12:50.268 INFO: Epoch 102: head: validation, loss=0.01033606, MAE_E=  161.10 meV, MAE_F=   23.34 meV / A
2025-04-23 15:12:55.317 INFO: Epoch 103: head: train, loss=0.00056785, MAE_E=  163.03 meV, MAE_F=    9.36 meV / A
2025-04-23 15:12:56.063 INFO: Epoch 103: head: validation, loss=0.01028781, MAE_E=  158.75 meV, MAE_F=   23.27 meV / A
2025-04-23 15:13:00.956 INFO: Epoch 104: head: train, loss=0.00054747, MAE_E=  160.36 meV, MAE_F=    9.25 meV / A
2025-04-23 15:13:01.678 INFO: Epoch 104: head: validation, loss=0.01028624, MAE_E=  157.22 meV, MAE_F=   23.23 meV / A
2025-04-23 15:13:06.601 INFO: Epoch 105: head: train, loss=0.00055868, MAE_E=  158.62 meV, MAE_F=    9.28 meV / A
2025-04-23 15:13:07.316 INFO: Epoch 105: head: validation, loss=0.01025191, MAE_E=  154.12 meV, MAE_F=   23.23 meV / A
2025-04-23 15:13:07.316 INFO: Stopping optimization after 20 epochs without improvement
2025-04-23 15:13:07.316 INFO: Training complete
2025-04-23 15:13:07.393 INFO: 
2025-04-23 15:13:07.393 INFO: ===========FINISHED TRAINING===========
2025-04-23 15:13:07.393 INFO: eveluation
2025-04-23 15:13:07.393 INFO: The scale is [0.67830326] and shift is -0.5200510569152375
2025-04-23 15:13:07.827 INFO: Energy Mean: -40384.157593982054, Variance: 315904212.9578789
2025-04-23 15:13:08.206 INFO: Energy RMSE: 0.2784041166305542
2025-04-23 15:13:08.206 INFO: Energy R2: 0.9999999997546445
2025-04-23 15:13:08.206 INFO: Energy MAE: 0.16594310104846954
2025-04-23 15:13:08.209 INFO: Forces RMSE: 0.09893577956615687
2025-04-23 15:13:08.210 INFO: Forces R2: 0.9930701719783617
2025-04-23 15:13:10.038 INFO: Energy Mean: -40944.38179121867, Variance: 318160074.94528925
2025-04-23 15:13:10.180 INFO: Loading checkpoint: ./logs//sample_0//checkpoints/bi0_run-123_epoch-85.pt
2025-04-23 15:13:10.228 INFO: Loaded Stage one model from epoch 85 for evaluation
2025-04-23 15:13:10.228 INFO: Saving model to logs/sample_0/checkpoints/bi0_run-123.model
2025-04-23 15:13:10.428 INFO: Compiling model, saving metadata to logs/sample_0/bi0_compiled.model
2025-04-23 15:13:10.542 INFO: Done
