2025-04-23 15:13:11.456 INFO: ===========VERIFYING SETTINGS===========
2025-04-23 15:13:11.456 INFO: MACE version: 0.3.10
2025-04-23 15:13:11.456 DEBUG: Configuration: Namespace(name='bi0', seed=123, work_dir='.', log_dir='./logs//sample_1//logs', model_dir='./logs//sample_1/', checkpoints_dir='./logs//sample_1//checkpoints', results_dir='./logs//sample_1//results', downloads_dir='./downloads', device='cuda', default_dtype='float64', distributed=False, log_level='INFO', error_table='TotalMAE', model='MACE_with_charge', r_max=9.0, radial_type='bessel', num_radial_basis=8, num_cutoff_basis=5, pair_repulsion=False, distance_transform='None', interaction='RealAgnosticResidualInteractionBlock', interaction_first='RealAgnosticResidualInteractionBlock', max_ell=3, correlation=3, num_interactions=2, MLP_irreps='16x0e', radial_MLP='[64, 64, 64]', hidden_irreps=128x0e+128x1o, num_channels=128, max_L=1, gate='silu', scaling='rms_forces_scaling', avg_num_neighbors=1, compute_avg_num_neighbors=True, compute_stress=False, compute_forces=True, train_file='train.xyz', valid_file='test.xyz', valid_fraction=0.1, test_file='test.xyz', test_dir=None, multi_processed_test=False, num_workers=16, pin_memory=True, atomic_numbers=None, mean=None, std=None, statistics_file='None', E0s='average', foundation_filter_elements=True, heads=None, multiheads_finetuning=True, foundation_head=None, weight_pt_head=1.0, num_samples_pt=10000, force_mh_ft_lr=False, subselect_pt='random', pt_train_file=None, pt_valid_file=None, foundation_model_elements=False, keep_isolated_atoms=False, energy_key='REF_energy', forces_key='REF_forces', virials_key='REF_virials', stress_key='REF_stress', dipole_key='REF_dipole', charges_key='REF_charges', loss='weighted', forces_weight=100.0, energy_weight=1.0, virials_weight=1.0, stress_weight=1.0, dipole_weight=1.0, config_type_weights='{"Default":1.0}', huber_delta=0.01, optimizer='adam', beta=0.9, batch_size=32, valid_batch_size=32, lr=0.01, weight_decay=5e-07, amsgrad=True, scheduler='ReduceLROnPlateau', lr_factor=0.8, scheduler_patience=50, lr_scheduler_gamma=0.9993, ema=True, ema_decay=0.99, max_num_epochs=300, patience=20, foundation_model=None, foundation_model_readout=True, eval_interval=1, keep_checkpoints=False, save_all_checkpoints=False, restart_latest=False, save_cpu=False, clip_grad=10.0, enable_cueq=False, wandb=False, wandb_dir=None, wandb_project='', wandb_entity='', wandb_name='', swa=False, start_swa=None, swa_lr=0.001, swa_energy_weight=1000.0, swa_forces_weight=100.0, swa_virials_weight=10.0, swa_stress_weight=10.0, swa_dipole_weight=1.0, scale=True, shift=True)
2025-04-23 15:13:11.456 INFO: CUDA version: 12.1, CUDA device: 0
2025-04-23 15:13:11.457 DEBUG: Popen(['git', 'cat-file', '--batch-check'], cwd=/hkfs/home/project/hk-project-aimat2/hv3694/ALParallel_hardcode_mace, stdin=<valid stream>, shell=False, universal_newlines=False)
2025-04-23 15:13:11.461 DEBUG: Current Git commit: 375c24608777fb59d36c35af6207eccfa3ec7008
2025-04-23 15:13:11.461 INFO: ===========LOADING INPUT DATA===========
2025-04-23 15:13:11.461 INFO: Using heads: ['default']
2025-04-23 15:13:11.461 INFO: =============    Processing head default     ===========
2025-04-23 15:13:11.461 INFO: Total number of configurations: train=1616, valid=404, 
2025-04-23 15:13:11.485 INFO: Atomic Numbers used: [83]
2025-04-23 15:13:11.485 INFO: Computing average Atomic Energies using least squares regression
2025-04-23 15:13:11.503 INFO: Atomic Energies used (z: eV) for head default: {83: -5841.231129256916}
2025-04-23 15:13:12.150 INFO: Computing average number of neighbors
2025-04-23 15:13:12.822 INFO: Average number of neighbors: 7.318757808316973
2025-04-23 15:13:12.822 INFO: During training the following quantities will be reported: energy, forces
2025-04-23 15:13:12.822 INFO: ===========MODEL DETAILS===========
2025-04-23 15:13:12.822 INFO: Building model
2025-04-23 15:13:12.822 INFO: Message passing with 128 channels and max_L=1 (128x0e+128x1o)
2025-04-23 15:13:12.824 INFO: 2 layers, each with correlation order: 3 (body order: 4) and spherical harmonics up to: l=3
2025-04-23 15:13:12.824 INFO: 8 radial and 5 basis functions
2025-04-23 15:13:12.824 INFO: Radial cutoff: 9.0 A (total receptive field for each atom: 18.0 A)
2025-04-23 15:13:12.824 INFO: Distance transform for radial basis functions: None
2025-04-23 15:13:12.824 INFO: Hidden irreps: 128x0e+128x1o
2025-04-23 15:13:14.691 DEBUG: ScaleShiftMACE_with_charge(
  (node_embedding): LinearNodeEmbeddingBlockwithcharge(
    (linear): Linear(1x0e -> 128x0e | 128 weights)
    (charge_embed): Linear(in_features=1, out_features=32, bias=True)
    (projection_layer): Linear(in_features=33, out_features=1, bias=True)
  )
  (radial_embedding): RadialEmbeddingBlock(
    (bessel_fn): BesselBasis(r_max=9.0, num_basis=8, trainable=False)
    (cutoff_fn): PolynomialCutoff(p=5, r_max=9.0)
  )
  (spherical_harmonics): SphericalHarmonics()
  (atomic_energies_fn): AtomicEnergiesBlock(energies=[[-5841.2311]])
  (interactions): ModuleList(
    (0): RealAgnosticResidualInteractionBlock(
      (linear_up): Linear(128x0e -> 128x0e | 16384 weights)
      (conv_tp): TensorProduct(128x0e x 1x0e+1x1o+1x2e+1x3o -> 128x0e+128x1o+128x2e+128x3o | 512 paths | 512 weights)
      (conv_tp_weights): FullyConnectedNet[8, 64, 64, 64, 512]
      (linear): Linear(128x0e+128x1o+128x2e+128x3o -> 128x0e+128x1o+128x2e+128x3o | 65536 weights)
      (skip_tp): FullyConnectedTensorProduct(128x0e x 1x0e -> 128x0e+128x1o | 16384 paths | 16384 weights)
      (reshape): reshape_irreps()
    )
    (1): RealAgnosticResidualInteractionBlock(
      (linear_up): Linear(128x0e+128x1o -> 128x0e+128x1o | 32768 weights)
      (conv_tp): TensorProduct(128x0e+128x1o x 1x0e+1x1o+1x2e+1x3o -> 256x0e+384x1o+384x2e+256x3o | 1280 paths | 1280 weights)
      (conv_tp_weights): FullyConnectedNet[8, 64, 64, 64, 1280]
      (linear): Linear(128x0e+128x0e+128x1o+128x1o+128x1o+128x2e+128x2e+128x2e+128x3o+128x3o -> 128x0e+128x1o+128x2e+128x3o | 163840 weights)
      (skip_tp): FullyConnectedTensorProduct(128x0e+128x1o x 1x0e -> 128x0e | 16384 paths | 16384 weights)
      (reshape): reshape_irreps()
    )
  )
  (products): ModuleList(
    (0): EquivariantProductBasisBlock(
      (symmetric_contractions): SymmetricContraction(
        (contractions): ModuleList(
          (0): Contraction(
            (contractions_weighting): ModuleList(
              (0-1): 2 x GraphModule()
            )
            (contractions_features): ModuleList(
              (0-1): 2 x GraphModule()
            )
            (weights): ParameterList(
                (0): Parameter containing: [torch.float64 of size 1x4x128 (cuda:0)]
                (1): Parameter containing: [torch.float64 of size 1x1x128 (cuda:0)]
            )
            (graph_opt_main): GraphModule()
          )
          (1): Contraction(
            (contractions_weighting): ModuleList(
              (0-1): 2 x GraphModule()
            )
            (contractions_features): ModuleList(
              (0-1): 2 x GraphModule()
            )
            (weights): ParameterList(
                (0): Parameter containing: [torch.float64 of size 1x6x128 (cuda:0)]
                (1): Parameter containing: [torch.float64 of size 1x1x128 (cuda:0)]
            )
            (graph_opt_main): GraphModule()
          )
        )
      )
      (linear): Linear(128x0e+128x1o -> 128x0e+128x1o | 32768 weights)
    )
    (1): EquivariantProductBasisBlock(
      (symmetric_contractions): SymmetricContraction(
        (contractions): ModuleList(
          (0): Contraction(
            (contractions_weighting): ModuleList(
              (0-1): 2 x GraphModule()
            )
            (contractions_features): ModuleList(
              (0-1): 2 x GraphModule()
            )
            (weights): ParameterList(
                (0): Parameter containing: [torch.float64 of size 1x4x128 (cuda:0)]
                (1): Parameter containing: [torch.float64 of size 1x1x128 (cuda:0)]
            )
            (graph_opt_main): GraphModule()
          )
        )
      )
      (linear): Linear(128x0e -> 128x0e | 16384 weights)
    )
  )
  (readouts): ModuleList(
    (0): LinearReadoutBlock(
      (linear): Linear(128x0e+128x1o -> 1x0e | 128 weights)
    )
    (1): NonLinearReadoutBlock(
      (linear_1): Linear(128x0e -> 16x0e | 2048 weights)
      (non_linearity): Activation [x] (16x0e -> 16x0e)
      (linear_2): Linear(16x0e -> 1x0e | 16 weights)
    )
  )
  (scale_shift): ScaleShiftBlock(scale=0.6688, shift=-0.5167)
  (charge_embed): Linear(in_features=1, out_features=32, bias=True)
)
2025-04-23 15:13:14.692 INFO: Total number of parameters: 509618
2025-04-23 15:13:14.693 INFO: 
2025-04-23 15:13:14.693 INFO: ===========OPTIMIZER INFORMATION===========
2025-04-23 15:13:14.693 INFO: Using ADAM as parameter optimizer
2025-04-23 15:13:14.693 INFO: Batch size: 32
2025-04-23 15:13:14.693 INFO: Using Exponential Moving Average with decay: 0.99
2025-04-23 15:13:14.693 INFO: Number of gradient updates: 15150
2025-04-23 15:13:14.693 INFO: Learning rate: 0.01, weight decay: 5e-07
2025-04-23 15:13:14.693 INFO: WeightedEnergyForcesLoss(energy_weight=1.000, forces_weight=100.000)
2025-04-23 15:13:14.694 INFO: Using gradient clipping with tolerance=10.000
2025-04-23 15:13:14.694 INFO: 
2025-04-23 15:13:14.695 INFO: ===========TRAINING===========
2025-04-23 15:13:14.695 INFO: Started training, reporting errors on validation set
2025-04-23 15:13:14.695 INFO: Loss metrics on validation set
2025-04-23 15:13:16.115 INFO: Initial: head: validation, loss=2.15655201, MAE_E=17305.99 meV, MAE_F=  476.89 meV / A
2025-04-23 15:13:21.732 INFO: Epoch 0: head: train, loss=0.29319542, MAE_E= 2913.11 meV, MAE_F=  214.97 meV / A
2025-04-23 15:13:22.525 INFO: Epoch 0: head: validation, loss=0.29417233, MAE_E= 2957.60 meV, MAE_F=  210.63 meV / A
2025-04-23 15:13:22.527 DEBUG: Saving checkpoint: ./logs//sample_1//checkpoints/bi0_run-123_epoch-0.pt
2025-04-23 15:13:27.802 INFO: Epoch 1: head: train, loss=0.47567299, MAE_E= 3590.49 meV, MAE_F=  280.34 meV / A
2025-04-23 15:13:28.609 INFO: Epoch 1: head: validation, loss=0.48028498, MAE_E= 3660.20 meV, MAE_F=  276.75 meV / A
2025-04-23 15:13:33.768 INFO: Epoch 2: head: train, loss=0.21151831, MAE_E= 5012.53 meV, MAE_F=  180.84 meV / A
2025-04-23 15:13:34.649 INFO: Epoch 2: head: validation, loss=0.21238814, MAE_E= 5052.04 meV, MAE_F=  179.94 meV / A
2025-04-23 15:13:34.652 DEBUG: Deleting old checkpoint file: ./logs//sample_1//checkpoints/bi0_run-123_epoch-0.pt
2025-04-23 15:13:34.652 DEBUG: Saving checkpoint: ./logs//sample_1//checkpoints/bi0_run-123_epoch-2.pt
2025-04-23 15:13:39.842 INFO: Epoch 3: head: train, loss=0.31544611, MAE_E= 6105.89 meV, MAE_F=  229.52 meV / A
2025-04-23 15:13:40.728 INFO: Epoch 3: head: validation, loss=0.31543849, MAE_E= 6126.25 meV, MAE_F=  225.89 meV / A
2025-04-23 15:13:46.210 INFO: Epoch 4: head: train, loss=0.15860147, MAE_E= 5406.73 meV, MAE_F=  148.87 meV / A
2025-04-23 15:13:47.085 INFO: Epoch 4: head: validation, loss=0.15823474, MAE_E= 5448.97 meV, MAE_F=  146.69 meV / A
2025-04-23 15:13:47.087 DEBUG: Deleting old checkpoint file: ./logs//sample_1//checkpoints/bi0_run-123_epoch-2.pt
2025-04-23 15:13:47.087 DEBUG: Saving checkpoint: ./logs//sample_1//checkpoints/bi0_run-123_epoch-4.pt
2025-04-23 15:13:52.459 INFO: Epoch 5: head: train, loss=0.12594135, MAE_E= 5122.89 meV, MAE_F=  128.98 meV / A
2025-04-23 15:13:53.336 INFO: Epoch 5: head: validation, loss=0.12497722, MAE_E= 5166.77 meV, MAE_F=  127.03 meV / A
2025-04-23 15:13:53.340 DEBUG: Deleting old checkpoint file: ./logs//sample_1//checkpoints/bi0_run-123_epoch-4.pt
2025-04-23 15:13:53.341 DEBUG: Saving checkpoint: ./logs//sample_1//checkpoints/bi0_run-123_epoch-5.pt
2025-04-23 15:13:58.655 INFO: Epoch 6: head: train, loss=0.13906211, MAE_E= 6993.30 meV, MAE_F=  132.63 meV / A
2025-04-23 15:13:59.568 INFO: Epoch 6: head: validation, loss=0.13950758, MAE_E= 6979.97 meV, MAE_F=  130.78 meV / A
2025-04-23 15:14:05.057 INFO: Epoch 7: head: train, loss=0.15362469, MAE_E= 5225.07 meV, MAE_F=  147.17 meV / A
2025-04-23 15:14:05.823 INFO: Epoch 7: head: validation, loss=0.15150317, MAE_E= 5273.63 meV, MAE_F=  143.16 meV / A
2025-04-23 15:14:10.932 INFO: Epoch 8: head: train, loss=0.12361083, MAE_E= 5363.34 meV, MAE_F=  127.33 meV / A
2025-04-23 15:14:11.747 INFO: Epoch 8: head: validation, loss=0.12294833, MAE_E= 5410.76 meV, MAE_F=  124.88 meV / A
2025-04-23 15:14:11.749 DEBUG: Deleting old checkpoint file: ./logs//sample_1//checkpoints/bi0_run-123_epoch-5.pt
2025-04-23 15:14:11.749 DEBUG: Saving checkpoint: ./logs//sample_1//checkpoints/bi0_run-123_epoch-8.pt
2025-04-23 15:14:16.944 INFO: Epoch 9: head: train, loss=0.09990187, MAE_E= 4881.85 meV, MAE_F=  109.23 meV / A
2025-04-23 15:14:17.845 INFO: Epoch 9: head: validation, loss=0.09924061, MAE_E= 4934.16 meV, MAE_F=  106.83 meV / A
2025-04-23 15:14:17.847 DEBUG: Deleting old checkpoint file: ./logs//sample_1//checkpoints/bi0_run-123_epoch-8.pt
2025-04-23 15:14:17.847 DEBUG: Saving checkpoint: ./logs//sample_1//checkpoints/bi0_run-123_epoch-9.pt
2025-04-23 15:14:23.142 INFO: Epoch 10: head: train, loss=0.07982603, MAE_E= 4675.38 meV, MAE_F=   94.09 meV / A
2025-04-23 15:14:23.958 INFO: Epoch 10: head: validation, loss=0.08044045, MAE_E= 4737.98 meV, MAE_F=   92.42 meV / A
2025-04-23 15:14:23.960 DEBUG: Deleting old checkpoint file: ./logs//sample_1//checkpoints/bi0_run-123_epoch-9.pt
2025-04-23 15:14:23.961 DEBUG: Saving checkpoint: ./logs//sample_1//checkpoints/bi0_run-123_epoch-10.pt
2025-04-23 15:14:29.152 INFO: Epoch 11: head: train, loss=0.06504127, MAE_E= 4246.06 meV, MAE_F=   84.71 meV / A
2025-04-23 15:14:30.067 INFO: Epoch 11: head: validation, loss=0.06491687, MAE_E= 4288.23 meV, MAE_F=   82.76 meV / A
2025-04-23 15:14:30.070 DEBUG: Deleting old checkpoint file: ./logs//sample_1//checkpoints/bi0_run-123_epoch-10.pt
2025-04-23 15:14:30.070 DEBUG: Saving checkpoint: ./logs//sample_1//checkpoints/bi0_run-123_epoch-11.pt
2025-04-23 15:14:35.397 INFO: Epoch 12: head: train, loss=0.14021657, MAE_E= 4625.28 meV, MAE_F=  146.04 meV / A
2025-04-23 15:14:36.193 INFO: Epoch 12: head: validation, loss=0.14152308, MAE_E= 4649.38 meV, MAE_F=  144.99 meV / A
2025-04-23 15:14:41.590 INFO: Epoch 13: head: train, loss=0.15743278, MAE_E= 4253.02 meV, MAE_F=  153.78 meV / A
2025-04-23 15:14:42.390 INFO: Epoch 13: head: validation, loss=0.15666659, MAE_E= 4304.25 meV, MAE_F=  151.03 meV / A
2025-04-23 15:14:47.450 INFO: Epoch 14: head: train, loss=0.10038931, MAE_E= 4642.76 meV, MAE_F=  114.85 meV / A
2025-04-23 15:14:48.366 INFO: Epoch 14: head: validation, loss=0.10082498, MAE_E= 4682.44 meV, MAE_F=  113.09 meV / A
2025-04-23 15:14:53.582 INFO: Epoch 15: head: train, loss=0.07323192, MAE_E= 4100.82 meV, MAE_F=   97.49 meV / A
2025-04-23 15:14:54.389 INFO: Epoch 15: head: validation, loss=0.07422240, MAE_E= 4136.01 meV, MAE_F=   95.74 meV / A
2025-04-23 15:14:59.494 INFO: Epoch 16: head: train, loss=0.07504959, MAE_E= 4259.42 meV, MAE_F=   99.16 meV / A
2025-04-23 15:15:00.311 INFO: Epoch 16: head: validation, loss=0.07619685, MAE_E= 4270.90 meV, MAE_F=   97.73 meV / A
2025-04-23 15:15:05.552 INFO: Epoch 17: head: train, loss=0.05687203, MAE_E= 3620.01 meV, MAE_F=   85.49 meV / A
2025-04-23 15:15:06.374 INFO: Epoch 17: head: validation, loss=0.05769341, MAE_E= 3636.45 meV, MAE_F=   84.22 meV / A
2025-04-23 15:15:06.376 DEBUG: Deleting old checkpoint file: ./logs//sample_1//checkpoints/bi0_run-123_epoch-11.pt
2025-04-23 15:15:06.377 DEBUG: Saving checkpoint: ./logs//sample_1//checkpoints/bi0_run-123_epoch-17.pt
2025-04-23 15:15:11.575 INFO: Epoch 18: head: train, loss=0.04185964, MAE_E= 2703.02 meV, MAE_F=   72.92 meV / A
2025-04-23 15:15:12.380 INFO: Epoch 18: head: validation, loss=0.04249416, MAE_E= 2715.16 meV, MAE_F=   71.58 meV / A
2025-04-23 15:15:12.383 DEBUG: Deleting old checkpoint file: ./logs//sample_1//checkpoints/bi0_run-123_epoch-17.pt
2025-04-23 15:15:12.383 DEBUG: Saving checkpoint: ./logs//sample_1//checkpoints/bi0_run-123_epoch-18.pt
2025-04-23 15:15:17.584 INFO: Epoch 19: head: train, loss=0.03238933, MAE_E= 2003.47 meV, MAE_F=   63.60 meV / A
2025-04-23 15:15:18.427 INFO: Epoch 19: head: validation, loss=0.03277253, MAE_E= 2021.20 meV, MAE_F=   62.21 meV / A
2025-04-23 15:15:18.429 DEBUG: Deleting old checkpoint file: ./logs//sample_1//checkpoints/bi0_run-123_epoch-18.pt
2025-04-23 15:15:18.429 DEBUG: Saving checkpoint: ./logs//sample_1//checkpoints/bi0_run-123_epoch-19.pt
2025-04-23 15:15:23.853 INFO: Epoch 20: head: train, loss=0.02560505, MAE_E= 1464.68 meV, MAE_F=   55.40 meV / A
2025-04-23 15:15:24.655 INFO: Epoch 20: head: validation, loss=0.02635047, MAE_E= 1485.34 meV, MAE_F=   54.51 meV / A
2025-04-23 15:15:24.658 DEBUG: Deleting old checkpoint file: ./logs//sample_1//checkpoints/bi0_run-123_epoch-19.pt
2025-04-23 15:15:24.658 DEBUG: Saving checkpoint: ./logs//sample_1//checkpoints/bi0_run-123_epoch-20.pt
2025-04-23 15:15:30.024 INFO: Epoch 21: head: train, loss=0.02104529, MAE_E= 1107.90 meV, MAE_F=   49.18 meV / A
2025-04-23 15:15:30.880 INFO: Epoch 21: head: validation, loss=0.02231754, MAE_E= 1127.75 meV, MAE_F=   48.97 meV / A
2025-04-23 15:15:30.883 DEBUG: Deleting old checkpoint file: ./logs//sample_1//checkpoints/bi0_run-123_epoch-20.pt
2025-04-23 15:15:30.883 DEBUG: Saving checkpoint: ./logs//sample_1//checkpoints/bi0_run-123_epoch-21.pt
2025-04-23 15:15:36.214 INFO: Epoch 22: head: train, loss=0.01760499, MAE_E=  938.47 meV, MAE_F=   44.58 meV / A
2025-04-23 15:15:37.008 INFO: Epoch 22: head: validation, loss=0.01978951, MAE_E=  938.77 meV, MAE_F=   45.23 meV / A
2025-04-23 15:15:37.010 DEBUG: Deleting old checkpoint file: ./logs//sample_1//checkpoints/bi0_run-123_epoch-21.pt
2025-04-23 15:15:37.010 DEBUG: Saving checkpoint: ./logs//sample_1//checkpoints/bi0_run-123_epoch-22.pt
2025-04-23 15:15:42.353 INFO: Epoch 23: head: train, loss=0.01550177, MAE_E=  848.68 meV, MAE_F=   41.37 meV / A
2025-04-23 15:15:43.153 INFO: Epoch 23: head: validation, loss=0.01791751, MAE_E=  832.99 meV, MAE_F=   42.33 meV / A
2025-04-23 15:15:43.156 DEBUG: Deleting old checkpoint file: ./logs//sample_1//checkpoints/bi0_run-123_epoch-22.pt
2025-04-23 15:15:43.156 DEBUG: Saving checkpoint: ./logs//sample_1//checkpoints/bi0_run-123_epoch-23.pt
2025-04-23 15:15:48.393 INFO: Epoch 24: head: train, loss=0.01327712, MAE_E=  783.40 meV, MAE_F=   38.03 meV / A
2025-04-23 15:15:49.185 INFO: Epoch 24: head: validation, loss=0.01656643, MAE_E=  767.37 meV, MAE_F=   39.96 meV / A
2025-04-23 15:15:49.187 DEBUG: Deleting old checkpoint file: ./logs//sample_1//checkpoints/bi0_run-123_epoch-23.pt
2025-04-23 15:15:49.187 DEBUG: Saving checkpoint: ./logs//sample_1//checkpoints/bi0_run-123_epoch-24.pt
2025-04-23 15:15:54.555 INFO: Epoch 25: head: train, loss=0.01198201, MAE_E=  705.82 meV, MAE_F=   35.94 meV / A
2025-04-23 15:15:55.376 INFO: Epoch 25: head: validation, loss=0.01540282, MAE_E=  683.75 meV, MAE_F=   38.15 meV / A
2025-04-23 15:15:55.379 DEBUG: Deleting old checkpoint file: ./logs//sample_1//checkpoints/bi0_run-123_epoch-24.pt
2025-04-23 15:15:55.379 DEBUG: Saving checkpoint: ./logs//sample_1//checkpoints/bi0_run-123_epoch-25.pt
2025-04-23 15:16:00.490 INFO: Epoch 26: head: train, loss=0.01056962, MAE_E=  672.87 meV, MAE_F=   33.73 meV / A
2025-04-23 15:16:01.368 INFO: Epoch 26: head: validation, loss=0.01443289, MAE_E=  649.26 meV, MAE_F=   36.56 meV / A
2025-04-23 15:16:01.371 DEBUG: Deleting old checkpoint file: ./logs//sample_1//checkpoints/bi0_run-123_epoch-25.pt
2025-04-23 15:16:01.371 DEBUG: Saving checkpoint: ./logs//sample_1//checkpoints/bi0_run-123_epoch-26.pt
2025-04-23 15:16:06.976 INFO: Epoch 27: head: train, loss=0.00991196, MAE_E=  648.41 meV, MAE_F=   32.43 meV / A
2025-04-23 15:16:07.823 INFO: Epoch 27: head: validation, loss=0.01372577, MAE_E=  618.62 meV, MAE_F=   35.25 meV / A
2025-04-23 15:16:07.826 DEBUG: Deleting old checkpoint file: ./logs//sample_1//checkpoints/bi0_run-123_epoch-26.pt
2025-04-23 15:16:07.826 DEBUG: Saving checkpoint: ./logs//sample_1//checkpoints/bi0_run-123_epoch-27.pt
2025-04-23 15:16:13.308 INFO: Epoch 28: head: train, loss=0.00907916, MAE_E=  624.09 meV, MAE_F=   31.30 meV / A
2025-04-23 15:16:14.209 INFO: Epoch 28: head: validation, loss=0.01319427, MAE_E=  596.53 meV, MAE_F=   34.44 meV / A
2025-04-23 15:16:14.211 DEBUG: Deleting old checkpoint file: ./logs//sample_1//checkpoints/bi0_run-123_epoch-27.pt
2025-04-23 15:16:14.212 DEBUG: Saving checkpoint: ./logs//sample_1//checkpoints/bi0_run-123_epoch-28.pt
2025-04-23 15:16:19.677 INFO: Epoch 29: head: train, loss=0.00845468, MAE_E=  610.07 meV, MAE_F=   30.11 meV / A
2025-04-23 15:16:20.564 INFO: Epoch 29: head: validation, loss=0.01267996, MAE_E=  579.96 meV, MAE_F=   33.51 meV / A
2025-04-23 15:16:20.566 DEBUG: Deleting old checkpoint file: ./logs//sample_1//checkpoints/bi0_run-123_epoch-28.pt
2025-04-23 15:16:20.567 DEBUG: Saving checkpoint: ./logs//sample_1//checkpoints/bi0_run-123_epoch-29.pt
2025-04-23 15:16:26.195 INFO: Epoch 30: head: train, loss=0.00785166, MAE_E=  597.08 meV, MAE_F=   29.13 meV / A
2025-04-23 15:16:27.119 INFO: Epoch 30: head: validation, loss=0.01229251, MAE_E=  568.03 meV, MAE_F=   32.75 meV / A
2025-04-23 15:16:27.121 DEBUG: Deleting old checkpoint file: ./logs//sample_1//checkpoints/bi0_run-123_epoch-29.pt
2025-04-23 15:16:27.122 DEBUG: Saving checkpoint: ./logs//sample_1//checkpoints/bi0_run-123_epoch-30.pt
2025-04-23 15:16:32.947 INFO: Epoch 31: head: train, loss=0.00732153, MAE_E=  580.07 meV, MAE_F=   28.18 meV / A
2025-04-23 15:16:33.833 INFO: Epoch 31: head: validation, loss=0.01185807, MAE_E=  548.49 meV, MAE_F=   31.96 meV / A
2025-04-23 15:16:33.835 DEBUG: Deleting old checkpoint file: ./logs//sample_1//checkpoints/bi0_run-123_epoch-30.pt
2025-04-23 15:16:33.835 DEBUG: Saving checkpoint: ./logs//sample_1//checkpoints/bi0_run-123_epoch-31.pt
2025-04-23 15:16:39.345 INFO: Epoch 32: head: train, loss=0.00674504, MAE_E=  562.79 meV, MAE_F=   27.15 meV / A
2025-04-23 15:16:40.247 INFO: Epoch 32: head: validation, loss=0.01155293, MAE_E=  534.60 meV, MAE_F=   31.35 meV / A
2025-04-23 15:16:40.249 DEBUG: Deleting old checkpoint file: ./logs//sample_1//checkpoints/bi0_run-123_epoch-31.pt
2025-04-23 15:16:40.250 DEBUG: Saving checkpoint: ./logs//sample_1//checkpoints/bi0_run-123_epoch-32.pt
2025-04-23 15:16:45.998 INFO: Epoch 33: head: train, loss=0.00643381, MAE_E=  541.48 meV, MAE_F=   26.42 meV / A
2025-04-23 15:16:46.880 INFO: Epoch 33: head: validation, loss=0.01124410, MAE_E=  511.72 meV, MAE_F=   30.80 meV / A
2025-04-23 15:16:46.882 DEBUG: Deleting old checkpoint file: ./logs//sample_1//checkpoints/bi0_run-123_epoch-32.pt
2025-04-23 15:16:46.883 DEBUG: Saving checkpoint: ./logs//sample_1//checkpoints/bi0_run-123_epoch-33.pt
2025-04-23 15:16:52.379 INFO: Epoch 34: head: train, loss=0.00605062, MAE_E=  526.07 meV, MAE_F=   25.56 meV / A
2025-04-23 15:16:53.185 INFO: Epoch 34: head: validation, loss=0.01093734, MAE_E=  494.77 meV, MAE_F=   30.25 meV / A
2025-04-23 15:16:53.187 DEBUG: Deleting old checkpoint file: ./logs//sample_1//checkpoints/bi0_run-123_epoch-33.pt
2025-04-23 15:16:53.187 DEBUG: Saving checkpoint: ./logs//sample_1//checkpoints/bi0_run-123_epoch-34.pt
2025-04-23 15:16:58.476 INFO: Epoch 35: head: train, loss=0.00565964, MAE_E=  515.05 meV, MAE_F=   24.88 meV / A
2025-04-23 15:16:59.271 INFO: Epoch 35: head: validation, loss=0.01070325, MAE_E=  484.52 meV, MAE_F=   29.78 meV / A
2025-04-23 15:16:59.274 DEBUG: Deleting old checkpoint file: ./logs//sample_1//checkpoints/bi0_run-123_epoch-34.pt
2025-04-23 15:16:59.274 DEBUG: Saving checkpoint: ./logs//sample_1//checkpoints/bi0_run-123_epoch-35.pt
2025-04-23 15:17:04.596 INFO: Epoch 36: head: train, loss=0.00529877, MAE_E=  496.90 meV, MAE_F=   24.15 meV / A
2025-04-23 15:17:05.429 INFO: Epoch 36: head: validation, loss=0.01048942, MAE_E=  467.55 meV, MAE_F=   29.27 meV / A
2025-04-23 15:17:05.432 DEBUG: Deleting old checkpoint file: ./logs//sample_1//checkpoints/bi0_run-123_epoch-35.pt
2025-04-23 15:17:05.432 DEBUG: Saving checkpoint: ./logs//sample_1//checkpoints/bi0_run-123_epoch-36.pt
2025-04-23 15:17:10.925 INFO: Epoch 37: head: train, loss=0.00505605, MAE_E=  496.07 meV, MAE_F=   23.69 meV / A
2025-04-23 15:17:11.729 INFO: Epoch 37: head: validation, loss=0.01029387, MAE_E=  464.05 meV, MAE_F=   28.87 meV / A
2025-04-23 15:17:11.731 DEBUG: Deleting old checkpoint file: ./logs//sample_1//checkpoints/bi0_run-123_epoch-36.pt
2025-04-23 15:17:11.731 DEBUG: Saving checkpoint: ./logs//sample_1//checkpoints/bi0_run-123_epoch-37.pt
2025-04-23 15:17:17.085 INFO: Epoch 38: head: train, loss=0.00477040, MAE_E=  485.81 meV, MAE_F=   23.06 meV / A
2025-04-23 15:17:17.881 INFO: Epoch 38: head: validation, loss=0.01011385, MAE_E=  454.48 meV, MAE_F=   28.42 meV / A
2025-04-23 15:17:17.883 DEBUG: Deleting old checkpoint file: ./logs//sample_1//checkpoints/bi0_run-123_epoch-37.pt
2025-04-23 15:17:17.883 DEBUG: Saving checkpoint: ./logs//sample_1//checkpoints/bi0_run-123_epoch-38.pt
2025-04-23 15:17:23.438 INFO: Epoch 39: head: train, loss=0.00455486, MAE_E=  471.81 meV, MAE_F=   22.57 meV / A
2025-04-23 15:17:24.356 INFO: Epoch 39: head: validation, loss=0.01000693, MAE_E=  439.36 meV, MAE_F=   28.08 meV / A
2025-04-23 15:17:24.359 DEBUG: Deleting old checkpoint file: ./logs//sample_1//checkpoints/bi0_run-123_epoch-38.pt
2025-04-23 15:17:24.359 DEBUG: Saving checkpoint: ./logs//sample_1//checkpoints/bi0_run-123_epoch-39.pt
2025-04-23 15:17:30.115 INFO: Epoch 40: head: train, loss=0.00424478, MAE_E=  462.90 meV, MAE_F=   21.89 meV / A
2025-04-23 15:17:31.066 INFO: Epoch 40: head: validation, loss=0.00995178, MAE_E=  430.83 meV, MAE_F=   27.77 meV / A
2025-04-23 15:17:31.068 DEBUG: Deleting old checkpoint file: ./logs//sample_1//checkpoints/bi0_run-123_epoch-39.pt
2025-04-23 15:17:31.068 DEBUG: Saving checkpoint: ./logs//sample_1//checkpoints/bi0_run-123_epoch-40.pt
2025-04-23 15:17:36.503 INFO: Epoch 41: head: train, loss=0.00401355, MAE_E=  448.85 meV, MAE_F=   21.35 meV / A
2025-04-23 15:17:37.370 INFO: Epoch 41: head: validation, loss=0.00985380, MAE_E=  417.31 meV, MAE_F=   27.48 meV / A
2025-04-23 15:17:37.372 DEBUG: Deleting old checkpoint file: ./logs//sample_1//checkpoints/bi0_run-123_epoch-40.pt
2025-04-23 15:17:37.372 DEBUG: Saving checkpoint: ./logs//sample_1//checkpoints/bi0_run-123_epoch-41.pt
2025-04-23 15:17:42.999 INFO: Epoch 42: head: train, loss=0.00380774, MAE_E=  431.95 meV, MAE_F=   20.84 meV / A
2025-04-23 15:17:43.924 INFO: Epoch 42: head: validation, loss=0.00974049, MAE_E=  399.07 meV, MAE_F=   27.10 meV / A
2025-04-23 15:17:43.927 DEBUG: Deleting old checkpoint file: ./logs//sample_1//checkpoints/bi0_run-123_epoch-41.pt
2025-04-23 15:17:43.927 DEBUG: Saving checkpoint: ./logs//sample_1//checkpoints/bi0_run-123_epoch-42.pt
2025-04-23 15:17:49.508 INFO: Epoch 43: head: train, loss=0.00362032, MAE_E=  437.34 meV, MAE_F=   20.33 meV / A
2025-04-23 15:17:50.341 INFO: Epoch 43: head: validation, loss=0.00956183, MAE_E=  407.66 meV, MAE_F=   26.69 meV / A
2025-04-23 15:17:50.343 DEBUG: Deleting old checkpoint file: ./logs//sample_1//checkpoints/bi0_run-123_epoch-42.pt
2025-04-23 15:17:50.343 DEBUG: Saving checkpoint: ./logs//sample_1//checkpoints/bi0_run-123_epoch-43.pt
2025-04-23 15:17:55.860 INFO: Epoch 44: head: train, loss=0.00344238, MAE_E=  422.60 meV, MAE_F=   19.83 meV / A
2025-04-23 15:17:56.735 INFO: Epoch 44: head: validation, loss=0.00945826, MAE_E=  391.88 meV, MAE_F=   26.45 meV / A
2025-04-23 15:17:56.737 DEBUG: Deleting old checkpoint file: ./logs//sample_1//checkpoints/bi0_run-123_epoch-43.pt
2025-04-23 15:17:56.738 DEBUG: Saving checkpoint: ./logs//sample_1//checkpoints/bi0_run-123_epoch-44.pt
2025-04-23 15:18:02.141 INFO: Epoch 45: head: train, loss=0.00331140, MAE_E=  416.71 meV, MAE_F=   19.53 meV / A
2025-04-23 15:18:03.056 INFO: Epoch 45: head: validation, loss=0.00937523, MAE_E=  384.55 meV, MAE_F=   26.18 meV / A
2025-04-23 15:18:03.058 DEBUG: Deleting old checkpoint file: ./logs//sample_1//checkpoints/bi0_run-123_epoch-44.pt
2025-04-23 15:18:03.058 DEBUG: Saving checkpoint: ./logs//sample_1//checkpoints/bi0_run-123_epoch-45.pt
2025-04-23 15:18:08.411 INFO: Epoch 46: head: train, loss=0.00313669, MAE_E=  409.69 meV, MAE_F=   19.14 meV / A
2025-04-23 15:18:09.263 INFO: Epoch 46: head: validation, loss=0.00926085, MAE_E=  378.60 meV, MAE_F=   25.92 meV / A
2025-04-23 15:18:09.265 DEBUG: Deleting old checkpoint file: ./logs//sample_1//checkpoints/bi0_run-123_epoch-45.pt
2025-04-23 15:18:09.266 DEBUG: Saving checkpoint: ./logs//sample_1//checkpoints/bi0_run-123_epoch-46.pt
2025-04-23 15:18:14.582 INFO: Epoch 47: head: train, loss=0.00306446, MAE_E=  407.85 meV, MAE_F=   18.93 meV / A
2025-04-23 15:18:15.404 INFO: Epoch 47: head: validation, loss=0.00921585, MAE_E=  377.94 meV, MAE_F=   25.74 meV / A
2025-04-23 15:18:15.406 DEBUG: Deleting old checkpoint file: ./logs//sample_1//checkpoints/bi0_run-123_epoch-46.pt
2025-04-23 15:18:15.407 DEBUG: Saving checkpoint: ./logs//sample_1//checkpoints/bi0_run-123_epoch-47.pt
2025-04-23 15:18:20.791 INFO: Epoch 48: head: train, loss=0.00293143, MAE_E=  395.02 meV, MAE_F=   18.45 meV / A
2025-04-23 15:18:21.673 INFO: Epoch 48: head: validation, loss=0.00912712, MAE_E=  364.49 meV, MAE_F=   25.42 meV / A
2025-04-23 15:18:21.675 DEBUG: Deleting old checkpoint file: ./logs//sample_1//checkpoints/bi0_run-123_epoch-47.pt
2025-04-23 15:18:21.675 DEBUG: Saving checkpoint: ./logs//sample_1//checkpoints/bi0_run-123_epoch-48.pt
2025-04-23 15:18:26.937 INFO: Epoch 49: head: train, loss=0.00280201, MAE_E=  393.17 meV, MAE_F=   18.11 meV / A
2025-04-23 15:18:27.745 INFO: Epoch 49: head: validation, loss=0.00913115, MAE_E=  362.47 meV, MAE_F=   25.23 meV / A
2025-04-23 15:18:32.872 INFO: Epoch 50: head: train, loss=0.00264017, MAE_E=  381.43 meV, MAE_F=   17.66 meV / A
2025-04-23 15:18:33.773 INFO: Epoch 50: head: validation, loss=0.00905914, MAE_E=  350.50 meV, MAE_F=   24.98 meV / A
2025-04-23 15:18:33.775 DEBUG: Deleting old checkpoint file: ./logs//sample_1//checkpoints/bi0_run-123_epoch-48.pt
2025-04-23 15:18:33.776 DEBUG: Saving checkpoint: ./logs//sample_1//checkpoints/bi0_run-123_epoch-50.pt
2025-04-23 15:18:39.030 INFO: Epoch 51: head: train, loss=0.00257409, MAE_E=  376.77 meV, MAE_F=   17.41 meV / A
2025-04-23 15:18:39.860 INFO: Epoch 51: head: validation, loss=0.00899756, MAE_E=  346.92 meV, MAE_F=   24.77 meV / A
2025-04-23 15:18:39.862 DEBUG: Deleting old checkpoint file: ./logs//sample_1//checkpoints/bi0_run-123_epoch-50.pt
2025-04-23 15:18:39.863 DEBUG: Saving checkpoint: ./logs//sample_1//checkpoints/bi0_run-123_epoch-51.pt
2025-04-23 15:18:45.197 INFO: Epoch 52: head: train, loss=0.00245144, MAE_E=  368.71 meV, MAE_F=   17.08 meV / A
2025-04-23 15:18:46.072 INFO: Epoch 52: head: validation, loss=0.00893276, MAE_E=  338.94 meV, MAE_F=   24.59 meV / A
2025-04-23 15:18:46.075 DEBUG: Deleting old checkpoint file: ./logs//sample_1//checkpoints/bi0_run-123_epoch-51.pt
2025-04-23 15:18:46.075 DEBUG: Saving checkpoint: ./logs//sample_1//checkpoints/bi0_run-123_epoch-52.pt
2025-04-23 15:18:51.638 INFO: Epoch 53: head: train, loss=0.00236547, MAE_E=  364.91 meV, MAE_F=   16.88 meV / A
2025-04-23 15:18:52.511 INFO: Epoch 53: head: validation, loss=0.00887379, MAE_E=  334.97 meV, MAE_F=   24.45 meV / A
2025-04-23 15:18:52.514 DEBUG: Deleting old checkpoint file: ./logs//sample_1//checkpoints/bi0_run-123_epoch-52.pt
2025-04-23 15:18:52.514 DEBUG: Saving checkpoint: ./logs//sample_1//checkpoints/bi0_run-123_epoch-53.pt
2025-04-23 15:18:57.828 INFO: Epoch 54: head: train, loss=0.00239926, MAE_E=  388.68 meV, MAE_F=   16.99 meV / A
2025-04-23 15:18:58.735 INFO: Epoch 54: head: validation, loss=0.00884957, MAE_E=  360.08 meV, MAE_F=   24.37 meV / A
2025-04-23 15:18:58.737 DEBUG: Deleting old checkpoint file: ./logs//sample_1//checkpoints/bi0_run-123_epoch-53.pt
2025-04-23 15:18:58.737 DEBUG: Saving checkpoint: ./logs//sample_1//checkpoints/bi0_run-123_epoch-54.pt
2025-04-23 15:19:03.984 INFO: Epoch 55: head: train, loss=0.00232385, MAE_E=  383.16 meV, MAE_F=   16.66 meV / A
2025-04-23 15:19:04.806 INFO: Epoch 55: head: validation, loss=0.00879230, MAE_E=  356.71 meV, MAE_F=   24.17 meV / A
2025-04-23 15:19:04.808 DEBUG: Deleting old checkpoint file: ./logs//sample_1//checkpoints/bi0_run-123_epoch-54.pt
2025-04-23 15:19:04.808 DEBUG: Saving checkpoint: ./logs//sample_1//checkpoints/bi0_run-123_epoch-55.pt
2025-04-23 15:19:10.003 INFO: Epoch 56: head: train, loss=0.00229228, MAE_E=  374.08 meV, MAE_F=   16.66 meV / A
2025-04-23 15:19:10.835 INFO: Epoch 56: head: validation, loss=0.00879283, MAE_E=  345.69 meV, MAE_F=   24.09 meV / A
2025-04-23 15:19:16.025 INFO: Epoch 57: head: train, loss=0.00219827, MAE_E=  364.87 meV, MAE_F=   16.37 meV / A
2025-04-23 15:19:16.825 INFO: Epoch 57: head: validation, loss=0.00875059, MAE_E=  338.06 meV, MAE_F=   23.95 meV / A
2025-04-23 15:19:16.828 DEBUG: Deleting old checkpoint file: ./logs//sample_1//checkpoints/bi0_run-123_epoch-55.pt
2025-04-23 15:19:16.828 DEBUG: Saving checkpoint: ./logs//sample_1//checkpoints/bi0_run-123_epoch-57.pt
2025-04-23 15:19:22.110 INFO: Epoch 58: head: train, loss=0.00209817, MAE_E=  351.88 meV, MAE_F=   16.07 meV / A
2025-04-23 15:19:23.007 INFO: Epoch 58: head: validation, loss=0.00874404, MAE_E=  323.50 meV, MAE_F=   23.80 meV / A
2025-04-23 15:19:23.009 DEBUG: Deleting old checkpoint file: ./logs//sample_1//checkpoints/bi0_run-123_epoch-57.pt
2025-04-23 15:19:23.010 DEBUG: Saving checkpoint: ./logs//sample_1//checkpoints/bi0_run-123_epoch-58.pt
2025-04-23 15:19:28.394 INFO: Epoch 59: head: train, loss=0.00197294, MAE_E=  339.65 meV, MAE_F=   15.67 meV / A
2025-04-23 15:19:29.231 INFO: Epoch 59: head: validation, loss=0.00876616, MAE_E=  312.23 meV, MAE_F=   23.67 meV / A
2025-04-23 15:19:34.367 INFO: Epoch 60: head: train, loss=0.00186152, MAE_E=  322.73 meV, MAE_F=   15.28 meV / A
2025-04-23 15:19:35.189 INFO: Epoch 60: head: validation, loss=0.00874594, MAE_E=  293.89 meV, MAE_F=   23.45 meV / A
2025-04-23 15:19:40.537 INFO: Epoch 61: head: train, loss=0.00175692, MAE_E=  313.71 meV, MAE_F=   14.97 meV / A
2025-04-23 15:19:41.512 INFO: Epoch 61: head: validation, loss=0.00877484, MAE_E=  285.03 meV, MAE_F=   23.29 meV / A
2025-04-23 15:19:46.913 INFO: Epoch 62: head: train, loss=0.00172034, MAE_E=  310.52 meV, MAE_F=   14.86 meV / A
2025-04-23 15:19:47.833 INFO: Epoch 62: head: validation, loss=0.00880300, MAE_E=  283.34 meV, MAE_F=   23.23 meV / A
2025-04-23 15:19:53.311 INFO: Epoch 63: head: train, loss=0.00169979, MAE_E=  317.46 meV, MAE_F=   14.77 meV / A
2025-04-23 15:19:54.114 INFO: Epoch 63: head: validation, loss=0.00873935, MAE_E=  289.68 meV, MAE_F=   23.07 meV / A
2025-04-23 15:19:54.116 DEBUG: Deleting old checkpoint file: ./logs//sample_1//checkpoints/bi0_run-123_epoch-58.pt
2025-04-23 15:19:54.117 DEBUG: Saving checkpoint: ./logs//sample_1//checkpoints/bi0_run-123_epoch-63.pt
2025-04-23 15:19:59.409 INFO: Epoch 64: head: train, loss=0.00166114, MAE_E=  307.56 meV, MAE_F=   14.59 meV / A
2025-04-23 15:20:00.238 INFO: Epoch 64: head: validation, loss=0.00870231, MAE_E=  280.84 meV, MAE_F=   22.87 meV / A
2025-04-23 15:20:00.241 DEBUG: Deleting old checkpoint file: ./logs//sample_1//checkpoints/bi0_run-123_epoch-63.pt
2025-04-23 15:20:00.241 DEBUG: Saving checkpoint: ./logs//sample_1//checkpoints/bi0_run-123_epoch-64.pt
2025-04-23 15:20:06.540 INFO: Epoch 65: head: train, loss=0.00161786, MAE_E=  305.90 meV, MAE_F=   14.36 meV / A
2025-04-23 15:20:07.452 INFO: Epoch 65: head: validation, loss=0.00862521, MAE_E=  279.18 meV, MAE_F=   22.73 meV / A
2025-04-23 15:20:07.454 DEBUG: Deleting old checkpoint file: ./logs//sample_1//checkpoints/bi0_run-123_epoch-64.pt
2025-04-23 15:20:07.454 DEBUG: Saving checkpoint: ./logs//sample_1//checkpoints/bi0_run-123_epoch-65.pt
2025-04-23 15:20:12.765 INFO: Epoch 66: head: train, loss=0.00155135, MAE_E=  295.59 meV, MAE_F=   14.11 meV / A
2025-04-23 15:20:13.636 INFO: Epoch 66: head: validation, loss=0.00854436, MAE_E=  269.42 meV, MAE_F=   22.56 meV / A
2025-04-23 15:20:13.639 DEBUG: Deleting old checkpoint file: ./logs//sample_1//checkpoints/bi0_run-123_epoch-65.pt
2025-04-23 15:20:13.639 DEBUG: Saving checkpoint: ./logs//sample_1//checkpoints/bi0_run-123_epoch-66.pt
2025-04-23 15:20:18.927 INFO: Epoch 67: head: train, loss=0.00150503, MAE_E=  294.55 meV, MAE_F=   14.00 meV / A
2025-04-23 15:20:19.740 INFO: Epoch 67: head: validation, loss=0.00853544, MAE_E=  266.93 meV, MAE_F=   22.48 meV / A
2025-04-23 15:20:19.743 DEBUG: Deleting old checkpoint file: ./logs//sample_1//checkpoints/bi0_run-123_epoch-66.pt
2025-04-23 15:20:19.743 DEBUG: Saving checkpoint: ./logs//sample_1//checkpoints/bi0_run-123_epoch-67.pt
2025-04-23 15:20:24.959 INFO: Epoch 68: head: train, loss=0.00146853, MAE_E=  296.92 meV, MAE_F=   13.87 meV / A
2025-04-23 15:20:25.785 INFO: Epoch 68: head: validation, loss=0.00859432, MAE_E=  269.74 meV, MAE_F=   22.40 meV / A
2025-04-23 15:20:30.959 INFO: Epoch 69: head: train, loss=0.00142938, MAE_E=  296.26 meV, MAE_F=   13.72 meV / A
2025-04-23 15:20:31.793 INFO: Epoch 69: head: validation, loss=0.00859450, MAE_E=  269.96 meV, MAE_F=   22.28 meV / A
2025-04-23 15:20:37.094 INFO: Epoch 70: head: train, loss=0.00138604, MAE_E=  288.35 meV, MAE_F=   13.56 meV / A
2025-04-23 15:20:37.902 INFO: Epoch 70: head: validation, loss=0.00867204, MAE_E=  261.90 meV, MAE_F=   22.28 meV / A
2025-04-23 15:20:43.033 INFO: Epoch 71: head: train, loss=0.00138631, MAE_E=  292.09 meV, MAE_F=   13.53 meV / A
2025-04-23 15:20:43.871 INFO: Epoch 71: head: validation, loss=0.00862261, MAE_E=  264.89 meV, MAE_F=   22.18 meV / A
2025-04-23 15:20:49.135 INFO: Epoch 72: head: train, loss=0.00134319, MAE_E=  286.89 meV, MAE_F=   13.35 meV / A
2025-04-23 15:20:49.934 INFO: Epoch 72: head: validation, loss=0.00859539, MAE_E=  260.38 meV, MAE_F=   22.07 meV / A
2025-04-23 15:20:55.167 INFO: Epoch 73: head: train, loss=0.00129363, MAE_E=  282.25 meV, MAE_F=   13.14 meV / A
2025-04-23 15:20:56.008 INFO: Epoch 73: head: validation, loss=0.00862898, MAE_E=  255.92 meV, MAE_F=   21.96 meV / A
2025-04-23 15:21:01.281 INFO: Epoch 74: head: train, loss=0.00124769, MAE_E=  275.55 meV, MAE_F=   12.94 meV / A
2025-04-23 15:21:02.135 INFO: Epoch 74: head: validation, loss=0.00864351, MAE_E=  249.35 meV, MAE_F=   21.88 meV / A
2025-04-23 15:21:07.391 INFO: Epoch 75: head: train, loss=0.00119720, MAE_E=  269.66 meV, MAE_F=   12.76 meV / A
2025-04-23 15:21:08.256 INFO: Epoch 75: head: validation, loss=0.00855980, MAE_E=  243.53 meV, MAE_F=   21.69 meV / A
2025-04-23 15:21:13.535 INFO: Epoch 76: head: train, loss=0.00116003, MAE_E=  263.34 meV, MAE_F=   12.53 meV / A
2025-04-23 15:21:14.460 INFO: Epoch 76: head: validation, loss=0.00853262, MAE_E=  237.45 meV, MAE_F=   21.58 meV / A
2025-04-23 15:21:14.463 DEBUG: Deleting old checkpoint file: ./logs//sample_1//checkpoints/bi0_run-123_epoch-67.pt
2025-04-23 15:21:14.463 DEBUG: Saving checkpoint: ./logs//sample_1//checkpoints/bi0_run-123_epoch-76.pt
2025-04-23 15:21:19.767 INFO: Epoch 77: head: train, loss=0.00112308, MAE_E=  254.62 meV, MAE_F=   12.36 meV / A
2025-04-23 15:21:20.586 INFO: Epoch 77: head: validation, loss=0.00859443, MAE_E=  227.77 meV, MAE_F=   21.51 meV / A
2025-04-23 15:21:25.892 INFO: Epoch 78: head: train, loss=0.00111202, MAE_E=  254.03 meV, MAE_F=   12.34 meV / A
2025-04-23 15:21:26.737 INFO: Epoch 78: head: validation, loss=0.00857248, MAE_E=  228.36 meV, MAE_F=   21.44 meV / A
2025-04-23 15:21:31.976 INFO: Epoch 79: head: train, loss=0.00110863, MAE_E=  256.59 meV, MAE_F=   12.32 meV / A
2025-04-23 15:21:32.814 INFO: Epoch 79: head: validation, loss=0.00855357, MAE_E=  231.46 meV, MAE_F=   21.40 meV / A
2025-04-23 15:21:38.056 INFO: Epoch 80: head: train, loss=0.00112179, MAE_E=  264.74 meV, MAE_F=   12.37 meV / A
2025-04-23 15:21:38.928 INFO: Epoch 80: head: validation, loss=0.00852081, MAE_E=  238.94 meV, MAE_F=   21.36 meV / A
2025-04-23 15:21:38.931 DEBUG: Deleting old checkpoint file: ./logs//sample_1//checkpoints/bi0_run-123_epoch-76.pt
2025-04-23 15:21:38.931 DEBUG: Saving checkpoint: ./logs//sample_1//checkpoints/bi0_run-123_epoch-80.pt
2025-04-23 15:21:44.340 INFO: Epoch 81: head: train, loss=0.00105139, MAE_E=  258.08 meV, MAE_F=   12.12 meV / A
2025-04-23 15:21:45.251 INFO: Epoch 81: head: validation, loss=0.00859333, MAE_E=  232.86 meV, MAE_F=   21.29 meV / A
2025-04-23 15:21:50.842 INFO: Epoch 82: head: train, loss=0.00104169, MAE_E=  253.05 meV, MAE_F=   12.00 meV / A
2025-04-23 15:21:51.685 INFO: Epoch 82: head: validation, loss=0.00864532, MAE_E=  228.83 meV, MAE_F=   21.22 meV / A
2025-04-23 15:21:56.984 INFO: Epoch 83: head: train, loss=0.00101780, MAE_E=  244.52 meV, MAE_F=   11.87 meV / A
2025-04-23 15:21:57.804 INFO: Epoch 83: head: validation, loss=0.00864413, MAE_E=  218.59 meV, MAE_F=   21.08 meV / A
2025-04-23 15:22:02.983 INFO: Epoch 84: head: train, loss=0.00097200, MAE_E=  240.73 meV, MAE_F=   11.69 meV / A
2025-04-23 15:22:03.847 INFO: Epoch 84: head: validation, loss=0.00860490, MAE_E=  215.66 meV, MAE_F=   21.02 meV / A
2025-04-23 15:22:09.201 INFO: Epoch 85: head: train, loss=0.00094761, MAE_E=  235.41 meV, MAE_F=   11.56 meV / A
2025-04-23 15:22:09.989 INFO: Epoch 85: head: validation, loss=0.00869571, MAE_E=  211.01 meV, MAE_F=   21.04 meV / A
2025-04-23 15:22:15.284 INFO: Epoch 86: head: train, loss=0.00093894, MAE_E=  233.67 meV, MAE_F=   11.51 meV / A
2025-04-23 15:22:16.099 INFO: Epoch 86: head: validation, loss=0.00860718, MAE_E=  208.42 meV, MAE_F=   20.99 meV / A
2025-04-23 15:22:21.242 INFO: Epoch 87: head: train, loss=0.00092595, MAE_E=  234.67 meV, MAE_F=   11.48 meV / A
2025-04-23 15:22:22.073 INFO: Epoch 87: head: validation, loss=0.00864262, MAE_E=  210.06 meV, MAE_F=   20.91 meV / A
2025-04-23 15:22:27.213 INFO: Epoch 88: head: train, loss=0.00090883, MAE_E=  234.99 meV, MAE_F=   11.35 meV / A
2025-04-23 15:22:28.013 INFO: Epoch 88: head: validation, loss=0.00858013, MAE_E=  210.63 meV, MAE_F=   20.81 meV / A
2025-04-23 15:22:33.089 INFO: Epoch 89: head: train, loss=0.00087772, MAE_E=  228.89 meV, MAE_F=   11.22 meV / A
2025-04-23 15:22:33.906 INFO: Epoch 89: head: validation, loss=0.00856459, MAE_E=  204.57 meV, MAE_F=   20.75 meV / A
2025-04-23 15:22:39.112 INFO: Epoch 90: head: train, loss=0.00086721, MAE_E=  224.35 meV, MAE_F=   11.18 meV / A
2025-04-23 15:22:40.028 INFO: Epoch 90: head: validation, loss=0.00857784, MAE_E=  200.92 meV, MAE_F=   20.66 meV / A
2025-04-23 15:22:45.523 INFO: Epoch 91: head: train, loss=0.00083261, MAE_E=  222.96 meV, MAE_F=   11.03 meV / A
2025-04-23 15:22:46.417 INFO: Epoch 91: head: validation, loss=0.00858921, MAE_E=  201.00 meV, MAE_F=   20.66 meV / A
2025-04-23 15:22:51.582 INFO: Epoch 92: head: train, loss=0.00082750, MAE_E=  220.40 meV, MAE_F=   10.95 meV / A
2025-04-23 15:22:52.416 INFO: Epoch 92: head: validation, loss=0.00855956, MAE_E=  198.08 meV, MAE_F=   20.57 meV / A
2025-04-23 15:22:57.674 INFO: Epoch 93: head: train, loss=0.00081811, MAE_E=  218.40 meV, MAE_F=   10.91 meV / A
2025-04-23 15:22:58.535 INFO: Epoch 93: head: validation, loss=0.00859225, MAE_E=  195.70 meV, MAE_F=   20.50 meV / A
2025-04-23 15:23:03.850 INFO: Epoch 94: head: train, loss=0.00081914, MAE_E=  219.86 meV, MAE_F=   10.89 meV / A
2025-04-23 15:23:04.672 INFO: Epoch 94: head: validation, loss=0.00853726, MAE_E=  196.32 meV, MAE_F=   20.48 meV / A
2025-04-23 15:23:10.055 INFO: Epoch 95: head: train, loss=0.00080966, MAE_E=  222.95 meV, MAE_F=   10.86 meV / A
2025-04-23 15:23:10.910 INFO: Epoch 95: head: validation, loss=0.00860868, MAE_E=  200.97 meV, MAE_F=   20.48 meV / A
2025-04-23 15:23:16.088 INFO: Epoch 96: head: train, loss=0.00080765, MAE_E=  225.26 meV, MAE_F=   10.84 meV / A
2025-04-23 15:23:16.877 INFO: Epoch 96: head: validation, loss=0.00854570, MAE_E=  202.35 meV, MAE_F=   20.39 meV / A
2025-04-23 15:23:22.041 INFO: Epoch 97: head: train, loss=0.00078774, MAE_E=  223.89 meV, MAE_F=   10.74 meV / A
2025-04-23 15:23:22.854 INFO: Epoch 97: head: validation, loss=0.00856939, MAE_E=  200.54 meV, MAE_F=   20.40 meV / A
2025-04-23 15:23:28.043 INFO: Epoch 98: head: train, loss=0.00078379, MAE_E=  222.05 meV, MAE_F=   10.68 meV / A
2025-04-23 15:23:28.889 INFO: Epoch 98: head: validation, loss=0.00859246, MAE_E=  197.72 meV, MAE_F=   20.34 meV / A
2025-04-23 15:23:34.148 INFO: Epoch 99: head: train, loss=0.00078988, MAE_E=  220.49 meV, MAE_F=   10.66 meV / A
2025-04-23 15:23:34.976 INFO: Epoch 99: head: validation, loss=0.00858573, MAE_E=  195.55 meV, MAE_F=   20.28 meV / A
2025-04-23 15:23:40.115 INFO: Epoch 100: head: train, loss=0.00077297, MAE_E=  217.05 meV, MAE_F=   10.62 meV / A
2025-04-23 15:23:40.919 INFO: Epoch 100: head: validation, loss=0.00856675, MAE_E=  193.11 meV, MAE_F=   20.21 meV / A
2025-04-23 15:23:40.920 INFO: Stopping optimization after 20 epochs without improvement
2025-04-23 15:23:40.920 INFO: Training complete
2025-04-23 15:23:40.924 INFO: 
2025-04-23 15:23:40.924 INFO: ===========FINISHED TRAINING===========
2025-04-23 15:23:40.924 INFO: eveluation
2025-04-23 15:23:40.924 INFO: The scale is [0.66877724] and shift is -0.5167293444444766
2025-04-23 15:23:41.356 INFO: Energy Mean: -40528.74765528311, Variance: 330044405.8427906
2025-04-23 15:23:41.650 INFO: Energy RMSE: 0.30168837308883667
2025-04-23 15:23:41.650 INFO: Energy R2: 0.9999999997242315
2025-04-23 15:23:41.650 INFO: Energy MAE: 0.20163114368915558
2025-04-23 15:23:41.653 INFO: Forces RMSE: 0.0907847704433182
2025-04-23 15:23:41.653 INFO: Forces R2: 0.9940402045186522
2025-04-23 15:23:43.570 INFO: Energy Mean: -40908.24091966081, Variance: 314659276.5257381
2025-04-23 15:23:43.721 INFO: Loading checkpoint: ./logs//sample_1//checkpoints/bi0_run-123_epoch-80.pt
2025-04-23 15:23:43.786 INFO: Loaded Stage one model from epoch 80 for evaluation
2025-04-23 15:23:43.787 INFO: Saving model to logs/sample_1/checkpoints/bi0_run-123.model
2025-04-23 15:23:43.959 INFO: Compiling model, saving metadata to logs/sample_1/bi0_compiled.model
2025-04-23 15:23:44.054 INFO: Done
