2025-04-23 15:41:01.561 INFO: ===========VERIFYING SETTINGS===========
2025-04-23 15:41:01.561 INFO: MACE version: 0.3.10
2025-04-23 15:41:01.561 INFO: CUDA version: 12.1, CUDA device: 0
2025-04-23 15:41:01.566 INFO: ===========LOADING INPUT DATA===========
2025-04-23 15:41:01.566 INFO: Using heads: ['default']
2025-04-23 15:41:01.567 INFO: =============    Processing head default     ===========
2025-04-23 15:41:01.567 INFO: Total number of configurations: train=1616, valid=404, 
2025-04-23 15:41:01.592 INFO: Atomic Numbers used: [83]
2025-04-23 15:41:01.592 INFO: Computing average Atomic Energies using least squares regression
2025-04-23 15:41:01.610 INFO: Atomic Energies used (z: eV) for head default: {83: -5841.223956612566}
2025-04-23 15:41:02.398 INFO: Computing average number of neighbors
2025-04-23 15:41:03.128 INFO: Average number of neighbors: 7.352207977207978
2025-04-23 15:41:03.128 INFO: During training the following quantities will be reported: energy, forces
2025-04-23 15:41:03.128 INFO: ===========MODEL DETAILS===========
2025-04-23 15:41:03.128 INFO: Building model
2025-04-23 15:41:03.128 INFO: Message passing with 128 channels and max_L=1 (128x0e+128x1o)
2025-04-23 15:41:03.130 INFO: 2 layers, each with correlation order: 3 (body order: 4) and spherical harmonics up to: l=3
2025-04-23 15:41:03.130 INFO: 8 radial and 5 basis functions
2025-04-23 15:41:03.130 INFO: Radial cutoff: 9.0 A (total receptive field for each atom: 18.0 A)
2025-04-23 15:41:03.130 INFO: Distance transform for radial basis functions: None
2025-04-23 15:41:03.130 INFO: Hidden irreps: 128x0e+128x1o
2025-04-23 15:41:05.041 INFO: Total number of parameters: 509618
2025-04-23 15:41:05.041 INFO: 
2025-04-23 15:41:05.041 INFO: ===========OPTIMIZER INFORMATION===========
2025-04-23 15:41:05.041 INFO: Using ADAM as parameter optimizer
2025-04-23 15:41:05.041 INFO: Batch size: 32
2025-04-23 15:41:05.041 INFO: Using Exponential Moving Average with decay: 0.99
2025-04-23 15:41:05.041 INFO: Number of gradient updates: 15150
2025-04-23 15:41:05.041 INFO: Learning rate: 0.01, weight decay: 5e-07
2025-04-23 15:41:05.041 INFO: WeightedEnergyForcesLoss(energy_weight=1.000, forces_weight=100.000)
2025-04-23 15:41:05.043 INFO: Using gradient clipping with tolerance=10.000
2025-04-23 15:41:05.043 INFO: 
2025-04-23 15:41:05.043 INFO: ===========TRAINING===========
2025-04-23 15:41:05.043 INFO: Started training, reporting errors on validation set
2025-04-23 15:41:05.043 INFO: Loss metrics on validation set
2025-04-23 15:41:06.457 INFO: Initial: head: validation, loss=2.08018520, MAE_E=17581.95 meV, MAE_F=  466.34 meV / A
2025-04-23 15:41:11.858 INFO: Epoch 0: head: train, loss=0.43572231, MAE_E= 4768.73 meV, MAE_F=  269.51 meV / A
2025-04-23 15:41:12.771 INFO: Epoch 0: head: validation, loss=0.45920640, MAE_E= 4784.41 meV, MAE_F=  269.26 meV / A
2025-04-23 15:41:18.218 INFO: Epoch 1: head: train, loss=0.27077712, MAE_E= 3836.52 meV, MAE_F=  213.90 meV / A
2025-04-23 15:41:19.047 INFO: Epoch 1: head: validation, loss=0.27258690, MAE_E= 3895.21 meV, MAE_F=  209.24 meV / A
2025-04-23 15:41:24.645 INFO: Epoch 2: head: train, loss=0.21183808, MAE_E= 4196.91 meV, MAE_F=  183.86 meV / A
2025-04-23 15:41:25.475 INFO: Epoch 2: head: validation, loss=0.21910674, MAE_E= 4234.61 meV, MAE_F=  181.03 meV / A
2025-04-23 15:41:30.710 INFO: Epoch 3: head: train, loss=0.16284737, MAE_E= 3725.47 meV, MAE_F=  152.93 meV / A
2025-04-23 15:41:31.632 INFO: Epoch 3: head: validation, loss=0.17139343, MAE_E= 3786.75 meV, MAE_F=  151.64 meV / A
2025-04-23 15:41:37.069 INFO: Epoch 4: head: train, loss=0.35281794, MAE_E= 6845.36 meV, MAE_F=  249.14 meV / A
2025-04-23 15:41:37.859 INFO: Epoch 4: head: validation, loss=0.36001855, MAE_E= 6750.80 meV, MAE_F=  246.48 meV / A
2025-04-23 15:41:43.245 INFO: Epoch 5: head: train, loss=0.14861719, MAE_E= 4943.88 meV, MAE_F=  144.63 meV / A
2025-04-23 15:41:44.191 INFO: Epoch 5: head: validation, loss=0.15557454, MAE_E= 4936.72 meV, MAE_F=  143.61 meV / A
2025-04-23 15:41:49.775 INFO: Epoch 6: head: train, loss=0.11146415, MAE_E= 5155.21 meV, MAE_F=  120.88 meV / A
2025-04-23 15:41:50.616 INFO: Epoch 6: head: validation, loss=0.11847974, MAE_E= 5124.26 meV, MAE_F=  121.05 meV / A
2025-04-23 15:41:56.093 INFO: Epoch 7: head: train, loss=0.10613068, MAE_E= 4386.72 meV, MAE_F=  117.45 meV / A
2025-04-23 15:41:56.935 INFO: Epoch 7: head: validation, loss=0.11442698, MAE_E= 4405.67 meV, MAE_F=  118.08 meV / A
2025-04-23 15:42:02.244 INFO: Epoch 8: head: train, loss=0.07694031, MAE_E= 4178.56 meV, MAE_F=   94.59 meV / A
2025-04-23 15:42:03.155 INFO: Epoch 8: head: validation, loss=0.08405772, MAE_E= 4164.51 meV, MAE_F=   95.48 meV / A
2025-04-23 15:42:08.502 INFO: Epoch 9: head: train, loss=0.05610047, MAE_E= 3477.89 meV, MAE_F=   80.14 meV / A
2025-04-23 15:42:09.333 INFO: Epoch 9: head: validation, loss=0.06275082, MAE_E= 3448.91 meV, MAE_F=   82.14 meV / A
2025-04-23 15:42:14.792 INFO: Epoch 10: head: train, loss=0.04279576, MAE_E= 2490.90 meV, MAE_F=   70.29 meV / A
2025-04-23 15:42:15.703 INFO: Epoch 10: head: validation, loss=0.05026296, MAE_E= 2470.32 meV, MAE_F=   73.72 meV / A
2025-04-23 15:42:21.233 INFO: Epoch 11: head: train, loss=0.03507871, MAE_E= 1906.28 meV, MAE_F=   63.52 meV / A
2025-04-23 15:42:22.144 INFO: Epoch 11: head: validation, loss=0.04284735, MAE_E= 1878.93 meV, MAE_F=   67.70 meV / A
2025-04-23 15:42:27.818 INFO: Epoch 12: head: train, loss=0.04474367, MAE_E= 2167.75 meV, MAE_F=   78.52 meV / A
2025-04-23 15:42:28.673 INFO: Epoch 12: head: validation, loss=0.05248532, MAE_E= 2138.17 meV, MAE_F=   82.51 meV / A
2025-04-23 15:42:33.946 INFO: Epoch 13: head: train, loss=0.03540976, MAE_E= 2321.70 meV, MAE_F=   65.29 meV / A
2025-04-23 15:42:34.877 INFO: Epoch 13: head: validation, loss=0.04328729, MAE_E= 2281.47 meV, MAE_F=   69.87 meV / A
2025-04-23 15:42:40.305 INFO: Epoch 14: head: train, loss=0.02809093, MAE_E= 1620.34 meV, MAE_F=   56.38 meV / A
2025-04-23 15:42:41.231 INFO: Epoch 14: head: validation, loss=0.03557194, MAE_E= 1578.93 meV, MAE_F=   61.17 meV / A
2025-04-23 15:42:46.731 INFO: Epoch 15: head: train, loss=0.02353770, MAE_E= 1116.65 meV, MAE_F=   50.74 meV / A
2025-04-23 15:42:47.572 INFO: Epoch 15: head: validation, loss=0.03117165, MAE_E= 1078.65 meV, MAE_F=   55.95 meV / A
2025-04-23 15:42:53.237 INFO: Epoch 16: head: train, loss=0.02047462, MAE_E=  924.79 meV, MAE_F=   46.60 meV / A
2025-04-23 15:42:54.035 INFO: Epoch 16: head: validation, loss=0.02806620, MAE_E=  898.38 meV, MAE_F=   52.19 meV / A
2025-04-23 15:42:59.312 INFO: Epoch 17: head: train, loss=0.01798654, MAE_E=  814.89 meV, MAE_F=   43.59 meV / A
2025-04-23 15:43:00.120 INFO: Epoch 17: head: validation, loss=0.02580123, MAE_E=  791.17 meV, MAE_F=   49.52 meV / A
2025-04-23 15:43:05.530 INFO: Epoch 18: head: train, loss=0.01625650, MAE_E=  752.19 meV, MAE_F=   41.13 meV / A
2025-04-23 15:43:06.373 INFO: Epoch 18: head: validation, loss=0.02394672, MAE_E=  734.41 meV, MAE_F=   47.21 meV / A
2025-04-23 15:43:11.759 INFO: Epoch 19: head: train, loss=0.01434541, MAE_E=  699.32 meV, MAE_F=   38.62 meV / A
2025-04-23 15:43:12.616 INFO: Epoch 19: head: validation, loss=0.02220000, MAE_E=  685.57 meV, MAE_F=   45.01 meV / A
2025-04-23 15:43:17.960 INFO: Epoch 20: head: train, loss=0.01285892, MAE_E=  643.07 meV, MAE_F=   36.40 meV / A
2025-04-23 15:43:18.779 INFO: Epoch 20: head: validation, loss=0.02074483, MAE_E=  635.41 meV, MAE_F=   43.02 meV / A
2025-04-23 15:43:24.011 INFO: Epoch 21: head: train, loss=0.01155756, MAE_E=  633.31 meV, MAE_F=   34.66 meV / A
2025-04-23 15:43:24.827 INFO: Epoch 21: head: validation, loss=0.01932830, MAE_E=  624.86 meV, MAE_F=   41.24 meV / A
2025-04-23 15:43:30.405 INFO: Epoch 22: head: train, loss=0.01064471, MAE_E=  619.96 meV, MAE_F=   33.12 meV / A
2025-04-23 15:43:31.337 INFO: Epoch 22: head: validation, loss=0.01830718, MAE_E=  612.68 meV, MAE_F=   39.82 meV / A
2025-04-23 15:43:37.025 INFO: Epoch 23: head: train, loss=0.00975242, MAE_E=  596.18 meV, MAE_F=   31.74 meV / A
2025-04-23 15:43:37.926 INFO: Epoch 23: head: validation, loss=0.01726905, MAE_E=  589.78 meV, MAE_F=   38.49 meV / A
2025-04-23 15:43:43.594 INFO: Epoch 24: head: train, loss=0.00902818, MAE_E=  598.51 meV, MAE_F=   30.55 meV / A
2025-04-23 15:43:44.552 INFO: Epoch 24: head: validation, loss=0.01652821, MAE_E=  594.76 meV, MAE_F=   37.42 meV / A
2025-04-23 15:43:50.116 INFO: Epoch 25: head: train, loss=0.00822412, MAE_E=  583.07 meV, MAE_F=   29.21 meV / A
2025-04-23 15:43:50.974 INFO: Epoch 25: head: validation, loss=0.01573240, MAE_E=  578.08 meV, MAE_F=   36.20 meV / A
2025-04-23 15:43:56.251 INFO: Epoch 26: head: train, loss=0.00750800, MAE_E=  543.96 meV, MAE_F=   28.04 meV / A
2025-04-23 15:43:57.089 INFO: Epoch 26: head: validation, loss=0.01500654, MAE_E=  541.57 meV, MAE_F=   35.15 meV / A
2025-04-23 15:44:02.481 INFO: Epoch 27: head: train, loss=0.00701083, MAE_E=  530.14 meV, MAE_F=   27.13 meV / A
2025-04-23 15:44:03.342 INFO: Epoch 27: head: validation, loss=0.01430654, MAE_E=  526.14 meV, MAE_F=   34.09 meV / A
2025-04-23 15:44:08.711 INFO: Epoch 28: head: train, loss=0.00637522, MAE_E=  511.80 meV, MAE_F=   25.95 meV / A
2025-04-23 15:44:09.516 INFO: Epoch 28: head: validation, loss=0.01372057, MAE_E=  509.00 meV, MAE_F=   33.13 meV / A
2025-04-23 15:44:14.921 INFO: Epoch 29: head: train, loss=0.00593682, MAE_E=  490.50 meV, MAE_F=   25.12 meV / A
2025-04-23 15:44:15.775 INFO: Epoch 29: head: validation, loss=0.01328002, MAE_E=  489.54 meV, MAE_F=   32.44 meV / A
2025-04-23 15:44:21.207 INFO: Epoch 30: head: train, loss=0.00559022, MAE_E=  484.90 meV, MAE_F=   24.39 meV / A
2025-04-23 15:44:22.023 INFO: Epoch 30: head: validation, loss=0.01286186, MAE_E=  482.76 meV, MAE_F=   31.67 meV / A
2025-04-23 15:44:27.430 INFO: Epoch 31: head: train, loss=0.00513484, MAE_E=  465.46 meV, MAE_F=   23.58 meV / A
2025-04-23 15:44:28.377 INFO: Epoch 31: head: validation, loss=0.01247849, MAE_E=  466.47 meV, MAE_F=   30.95 meV / A
2025-04-23 15:44:33.761 INFO: Epoch 32: head: train, loss=0.00472003, MAE_E=  454.76 meV, MAE_F=   22.78 meV / A
2025-04-23 15:44:34.594 INFO: Epoch 32: head: validation, loss=0.01213624, MAE_E=  455.66 meV, MAE_F=   30.27 meV / A
2025-04-23 15:44:40.165 INFO: Epoch 33: head: train, loss=0.00457332, MAE_E=  439.45 meV, MAE_F=   22.25 meV / A
2025-04-23 15:44:41.017 INFO: Epoch 33: head: validation, loss=0.01175970, MAE_E=  440.75 meV, MAE_F=   29.61 meV / A
2025-04-23 15:44:46.597 INFO: Epoch 34: head: train, loss=0.00426923, MAE_E=  426.97 meV, MAE_F=   21.68 meV / A
2025-04-23 15:44:47.439 INFO: Epoch 34: head: validation, loss=0.01142496, MAE_E=  427.67 meV, MAE_F=   28.98 meV / A
2025-04-23 15:44:52.885 INFO: Epoch 35: head: train, loss=0.00411813, MAE_E=  433.69 meV, MAE_F=   21.25 meV / A
2025-04-23 15:44:53.826 INFO: Epoch 35: head: validation, loss=0.01118072, MAE_E=  433.64 meV, MAE_F=   28.52 meV / A
2025-04-23 15:44:59.115 INFO: Epoch 36: head: train, loss=0.00382832, MAE_E=  420.84 meV, MAE_F=   20.62 meV / A
2025-04-23 15:44:59.942 INFO: Epoch 36: head: validation, loss=0.01089650, MAE_E=  422.82 meV, MAE_F=   28.04 meV / A
2025-04-23 15:45:05.326 INFO: Epoch 37: head: train, loss=0.00374008, MAE_E=  417.05 meV, MAE_F=   20.34 meV / A
2025-04-23 15:45:06.126 INFO: Epoch 37: head: validation, loss=0.01076738, MAE_E=  417.55 meV, MAE_F=   27.74 meV / A
2025-04-23 15:45:11.495 INFO: Epoch 38: head: train, loss=0.00348857, MAE_E=  403.32 meV, MAE_F=   19.82 meV / A
2025-04-23 15:45:12.429 INFO: Epoch 38: head: validation, loss=0.01049291, MAE_E=  404.98 meV, MAE_F=   27.26 meV / A
2025-04-23 15:45:17.843 INFO: Epoch 39: head: train, loss=0.00334071, MAE_E=  384.07 meV, MAE_F=   19.46 meV / A
2025-04-23 15:45:18.670 INFO: Epoch 39: head: validation, loss=0.01036279, MAE_E=  387.47 meV, MAE_F=   26.96 meV / A
2025-04-23 15:45:24.591 INFO: Epoch 40: head: train, loss=0.00310761, MAE_E=  377.60 meV, MAE_F=   18.86 meV / A
2025-04-23 15:45:25.536 INFO: Epoch 40: head: validation, loss=0.01018907, MAE_E=  380.99 meV, MAE_F=   26.46 meV / A
2025-04-23 15:45:31.314 INFO: Epoch 41: head: train, loss=0.00294486, MAE_E=  366.81 meV, MAE_F=   18.46 meV / A
2025-04-23 15:45:32.192 INFO: Epoch 41: head: validation, loss=0.01004765, MAE_E=  372.08 meV, MAE_F=   26.06 meV / A
2025-04-23 15:45:37.917 INFO: Epoch 42: head: train, loss=0.00293653, MAE_E=  379.52 meV, MAE_F=   18.39 meV / A
2025-04-23 15:45:38.835 INFO: Epoch 42: head: validation, loss=0.00994252, MAE_E=  382.25 meV, MAE_F=   25.89 meV / A
2025-04-23 15:45:44.579 INFO: Epoch 43: head: train, loss=0.00273129, MAE_E=  368.51 meV, MAE_F=   17.98 meV / A
2025-04-23 15:45:45.429 INFO: Epoch 43: head: validation, loss=0.00983381, MAE_E=  373.22 meV, MAE_F=   25.60 meV / A
2025-04-23 15:45:51.129 INFO: Epoch 44: head: train, loss=0.00268287, MAE_E=  361.51 meV, MAE_F=   17.75 meV / A
2025-04-23 15:45:51.973 INFO: Epoch 44: head: validation, loss=0.00966857, MAE_E=  365.22 meV, MAE_F=   25.21 meV / A
2025-04-23 15:45:57.320 INFO: Epoch 45: head: train, loss=0.00253865, MAE_E=  355.20 meV, MAE_F=   17.32 meV / A
2025-04-23 15:45:58.150 INFO: Epoch 45: head: validation, loss=0.00956710, MAE_E=  357.95 meV, MAE_F=   24.89 meV / A
2025-04-23 15:46:04.335 INFO: Epoch 46: head: train, loss=0.00248564, MAE_E=  344.02 meV, MAE_F=   17.10 meV / A
2025-04-23 15:46:05.247 INFO: Epoch 46: head: validation, loss=0.00944976, MAE_E=  348.66 meV, MAE_F=   24.66 meV / A
2025-04-23 15:46:11.059 INFO: Epoch 47: head: train, loss=0.00239115, MAE_E=  338.94 meV, MAE_F=   16.90 meV / A
2025-04-23 15:46:11.956 INFO: Epoch 47: head: validation, loss=0.00943714, MAE_E=  344.57 meV, MAE_F=   24.44 meV / A
2025-04-23 15:46:17.749 INFO: Epoch 48: head: train, loss=0.00230524, MAE_E=  337.21 meV, MAE_F=   16.64 meV / A
2025-04-23 15:46:18.691 INFO: Epoch 48: head: validation, loss=0.00931127, MAE_E=  340.20 meV, MAE_F=   24.17 meV / A
2025-04-23 15:46:24.277 INFO: Epoch 49: head: train, loss=0.00218265, MAE_E=  329.49 meV, MAE_F=   16.24 meV / A
2025-04-23 15:46:25.085 INFO: Epoch 49: head: validation, loss=0.00922055, MAE_E=  333.36 meV, MAE_F=   23.97 meV / A
2025-04-23 15:46:30.561 INFO: Epoch 50: head: train, loss=0.00212945, MAE_E=  326.70 meV, MAE_F=   16.08 meV / A
2025-04-23 15:46:31.508 INFO: Epoch 50: head: validation, loss=0.00903990, MAE_E=  332.11 meV, MAE_F=   23.77 meV / A
2025-04-23 15:46:36.856 INFO: Epoch 51: head: train, loss=0.00203881, MAE_E=  323.70 meV, MAE_F=   15.85 meV / A
2025-04-23 15:46:37.741 INFO: Epoch 51: head: validation, loss=0.00903447, MAE_E=  328.61 meV, MAE_F=   23.43 meV / A
2025-04-23 15:46:43.066 INFO: Epoch 52: head: train, loss=0.00193394, MAE_E=  315.41 meV, MAE_F=   15.45 meV / A
2025-04-23 15:46:43.878 INFO: Epoch 52: head: validation, loss=0.00897587, MAE_E=  320.52 meV, MAE_F=   23.08 meV / A
2025-04-23 15:46:49.097 INFO: Epoch 53: head: train, loss=0.00188216, MAE_E=  313.75 meV, MAE_F=   15.29 meV / A
2025-04-23 15:46:50.014 INFO: Epoch 53: head: validation, loss=0.00891740, MAE_E=  318.91 meV, MAE_F=   22.96 meV / A
2025-04-23 15:46:55.253 INFO: Epoch 54: head: train, loss=0.00175942, MAE_E=  304.49 meV, MAE_F=   14.93 meV / A
2025-04-23 15:46:56.092 INFO: Epoch 54: head: validation, loss=0.00887348, MAE_E=  309.64 meV, MAE_F=   22.77 meV / A
2025-04-23 15:47:01.442 INFO: Epoch 55: head: train, loss=0.00170990, MAE_E=  296.96 meV, MAE_F=   14.79 meV / A
2025-04-23 15:47:02.320 INFO: Epoch 55: head: validation, loss=0.00877533, MAE_E=  300.93 meV, MAE_F=   22.56 meV / A
2025-04-23 15:47:07.671 INFO: Epoch 56: head: train, loss=0.00164646, MAE_E=  289.70 meV, MAE_F=   14.57 meV / A
2025-04-23 15:47:08.510 INFO: Epoch 56: head: validation, loss=0.00872341, MAE_E=  295.04 meV, MAE_F=   22.37 meV / A
2025-04-23 15:47:13.881 INFO: Epoch 57: head: train, loss=0.00157662, MAE_E=  280.47 meV, MAE_F=   14.32 meV / A
2025-04-23 15:47:14.712 INFO: Epoch 57: head: validation, loss=0.00872486, MAE_E=  286.41 meV, MAE_F=   22.23 meV / A
2025-04-23 15:47:19.812 INFO: Epoch 58: head: train, loss=0.00154801, MAE_E=  282.79 meV, MAE_F=   14.19 meV / A
2025-04-23 15:47:20.645 INFO: Epoch 58: head: validation, loss=0.00868467, MAE_E=  288.28 meV, MAE_F=   22.10 meV / A
2025-04-23 15:47:26.022 INFO: Epoch 59: head: train, loss=0.00151696, MAE_E=  276.66 meV, MAE_F=   14.06 meV / A
2025-04-23 15:47:26.921 INFO: Epoch 59: head: validation, loss=0.00870203, MAE_E=  282.48 meV, MAE_F=   22.01 meV / A
2025-04-23 15:47:32.523 INFO: Epoch 60: head: train, loss=0.00144552, MAE_E=  273.83 meV, MAE_F=   13.83 meV / A
2025-04-23 15:47:33.413 INFO: Epoch 60: head: validation, loss=0.00859678, MAE_E=  280.27 meV, MAE_F=   21.81 meV / A
2025-04-23 15:47:38.955 INFO: Epoch 61: head: train, loss=0.00140692, MAE_E=  267.39 meV, MAE_F=   13.60 meV / A
2025-04-23 15:47:39.786 INFO: Epoch 61: head: validation, loss=0.00856339, MAE_E=  273.74 meV, MAE_F=   21.62 meV / A
2025-04-23 15:47:45.284 INFO: Epoch 62: head: train, loss=0.00137263, MAE_E=  269.98 meV, MAE_F=   13.54 meV / A
2025-04-23 15:47:46.171 INFO: Epoch 62: head: validation, loss=0.00852974, MAE_E=  276.62 meV, MAE_F=   21.60 meV / A
2025-04-23 15:47:51.616 INFO: Epoch 63: head: train, loss=0.00133570, MAE_E=  266.61 meV, MAE_F=   13.33 meV / A
2025-04-23 15:47:52.552 INFO: Epoch 63: head: validation, loss=0.00844380, MAE_E=  272.56 meV, MAE_F=   21.44 meV / A
2025-04-23 15:47:58.321 INFO: Epoch 64: head: train, loss=0.00129044, MAE_E=  261.98 meV, MAE_F=   13.15 meV / A
2025-04-23 15:47:59.142 INFO: Epoch 64: head: validation, loss=0.00845494, MAE_E=  268.34 meV, MAE_F=   21.28 meV / A
2025-04-23 15:48:04.388 INFO: Epoch 65: head: train, loss=0.00124400, MAE_E=  253.27 meV, MAE_F=   12.94 meV / A
2025-04-23 15:48:05.208 INFO: Epoch 65: head: validation, loss=0.00844116, MAE_E=  260.11 meV, MAE_F=   21.13 meV / A
2025-04-23 15:48:10.692 INFO: Epoch 66: head: train, loss=0.00119492, MAE_E=  248.50 meV, MAE_F=   12.71 meV / A
2025-04-23 15:48:11.649 INFO: Epoch 66: head: validation, loss=0.00837593, MAE_E=  255.63 meV, MAE_F=   20.94 meV / A
2025-04-23 15:48:16.939 INFO: Epoch 67: head: train, loss=0.00115539, MAE_E=  244.50 meV, MAE_F=   12.55 meV / A
2025-04-23 15:48:17.803 INFO: Epoch 67: head: validation, loss=0.00830997, MAE_E=  251.08 meV, MAE_F=   20.82 meV / A
2025-04-23 15:48:23.151 INFO: Epoch 68: head: train, loss=0.00110509, MAE_E=  241.29 meV, MAE_F=   12.38 meV / A
2025-04-23 15:48:24.011 INFO: Epoch 68: head: validation, loss=0.00835616, MAE_E=  249.39 meV, MAE_F=   20.73 meV / A
2025-04-23 15:48:29.401 INFO: Epoch 69: head: train, loss=0.00110601, MAE_E=  235.08 meV, MAE_F=   12.35 meV / A
2025-04-23 15:48:30.326 INFO: Epoch 69: head: validation, loss=0.00837496, MAE_E=  243.13 meV, MAE_F=   20.66 meV / A
2025-04-23 15:48:35.722 INFO: Epoch 70: head: train, loss=0.00111372, MAE_E=  240.64 meV, MAE_F=   12.36 meV / A
2025-04-23 15:48:36.563 INFO: Epoch 70: head: validation, loss=0.00826682, MAE_E=  249.20 meV, MAE_F=   20.62 meV / A
2025-04-23 15:48:41.913 INFO: Epoch 71: head: train, loss=0.00115255, MAE_E=  259.04 meV, MAE_F=   12.54 meV / A
2025-04-23 15:48:42.741 INFO: Epoch 71: head: validation, loss=0.00818492, MAE_E=  267.03 meV, MAE_F=   20.68 meV / A
2025-04-23 15:48:48.019 INFO: Epoch 72: head: train, loss=0.00113984, MAE_E=  264.57 meV, MAE_F=   12.48 meV / A
2025-04-23 15:48:48.934 INFO: Epoch 72: head: validation, loss=0.00812653, MAE_E=  270.36 meV, MAE_F=   20.55 meV / A
2025-04-23 15:48:54.669 INFO: Epoch 73: head: train, loss=0.00112099, MAE_E=  266.69 meV, MAE_F=   12.39 meV / A
2025-04-23 15:48:55.587 INFO: Epoch 73: head: validation, loss=0.00809545, MAE_E=  273.21 meV, MAE_F=   20.51 meV / A
2025-04-23 15:49:01.013 INFO: Epoch 74: head: train, loss=0.00107432, MAE_E=  256.11 meV, MAE_F=   12.20 meV / A
2025-04-23 15:49:01.858 INFO: Epoch 74: head: validation, loss=0.00811600, MAE_E=  263.69 meV, MAE_F=   20.43 meV / A
2025-04-23 15:49:07.125 INFO: Epoch 75: head: train, loss=0.00103133, MAE_E=  250.29 meV, MAE_F=   11.98 meV / A
2025-04-23 15:49:07.942 INFO: Epoch 75: head: validation, loss=0.00811268, MAE_E=  256.92 meV, MAE_F=   20.28 meV / A
2025-04-23 15:49:13.162 INFO: Epoch 76: head: train, loss=0.00098976, MAE_E=  239.79 meV, MAE_F=   11.78 meV / A
2025-04-23 15:49:13.982 INFO: Epoch 76: head: validation, loss=0.00808576, MAE_E=  248.01 meV, MAE_F=   20.14 meV / A
2025-04-23 15:49:19.358 INFO: Epoch 77: head: train, loss=0.00095541, MAE_E=  238.08 meV, MAE_F=   11.66 meV / A
2025-04-23 15:49:20.206 INFO: Epoch 77: head: validation, loss=0.00808826, MAE_E=  245.60 meV, MAE_F=   20.03 meV / A
2025-04-23 15:49:25.512 INFO: Epoch 78: head: train, loss=0.00092155, MAE_E=  228.28 meV, MAE_F=   11.46 meV / A
2025-04-23 15:49:26.353 INFO: Epoch 78: head: validation, loss=0.00805101, MAE_E=  235.23 meV, MAE_F=   19.84 meV / A
2025-04-23 15:49:31.921 INFO: Epoch 79: head: train, loss=0.00087214, MAE_E=  219.20 meV, MAE_F=   11.23 meV / A
2025-04-23 15:49:32.755 INFO: Epoch 79: head: validation, loss=0.00809470, MAE_E=  227.38 meV, MAE_F=   19.79 meV / A
2025-04-23 15:49:38.072 INFO: Epoch 80: head: train, loss=0.00085685, MAE_E=  215.45 meV, MAE_F=   11.12 meV / A
2025-04-23 15:49:38.906 INFO: Epoch 80: head: validation, loss=0.00811806, MAE_E=  223.41 meV, MAE_F=   19.74 meV / A
2025-04-23 15:49:44.342 INFO: Epoch 81: head: train, loss=0.00083241, MAE_E=  218.65 meV, MAE_F=   11.03 meV / A
2025-04-23 15:49:45.145 INFO: Epoch 81: head: validation, loss=0.00804564, MAE_E=  226.42 meV, MAE_F=   19.61 meV / A
2025-04-23 15:49:50.472 INFO: Epoch 82: head: train, loss=0.00080870, MAE_E=  213.33 meV, MAE_F=   10.89 meV / A
2025-04-23 15:49:51.351 INFO: Epoch 82: head: validation, loss=0.00801441, MAE_E=  221.16 meV, MAE_F=   19.48 meV / A
2025-04-23 15:49:56.711 INFO: Epoch 83: head: train, loss=0.00080148, MAE_E=  208.94 meV, MAE_F=   10.84 meV / A
2025-04-23 15:49:57.538 INFO: Epoch 83: head: validation, loss=0.00803880, MAE_E=  216.72 meV, MAE_F=   19.48 meV / A
2025-04-23 15:50:02.990 INFO: Epoch 84: head: train, loss=0.00080523, MAE_E=  210.13 meV, MAE_F=   10.83 meV / A
2025-04-23 15:50:03.832 INFO: Epoch 84: head: validation, loss=0.00799699, MAE_E=  218.24 meV, MAE_F=   19.41 meV / A
2025-04-23 15:50:09.151 INFO: Epoch 85: head: train, loss=0.00077663, MAE_E=  205.11 meV, MAE_F=   10.68 meV / A
2025-04-23 15:50:10.011 INFO: Epoch 85: head: validation, loss=0.00796809, MAE_E=  213.39 meV, MAE_F=   19.35 meV / A
2025-04-23 15:50:16.019 INFO: Epoch 86: head: train, loss=0.00075248, MAE_E=  197.99 meV, MAE_F=   10.56 meV / A
2025-04-23 15:50:16.839 INFO: Epoch 86: head: validation, loss=0.00795641, MAE_E=  206.83 meV, MAE_F=   19.21 meV / A
2025-04-23 15:50:22.451 INFO: Epoch 87: head: train, loss=0.00074634, MAE_E=  195.39 meV, MAE_F=   10.50 meV / A
2025-04-23 15:50:23.382 INFO: Epoch 87: head: validation, loss=0.00796239, MAE_E=  203.98 meV, MAE_F=   19.13 meV / A
2025-04-23 15:50:28.713 INFO: Epoch 88: head: train, loss=0.00072885, MAE_E=  191.55 meV, MAE_F=   10.42 meV / A
2025-04-23 15:50:29.546 INFO: Epoch 88: head: validation, loss=0.00797389, MAE_E=  200.15 meV, MAE_F=   19.09 meV / A
2025-04-23 15:50:34.976 INFO: Epoch 89: head: train, loss=0.00071802, MAE_E=  186.10 meV, MAE_F=   10.34 meV / A
2025-04-23 15:50:35.788 INFO: Epoch 89: head: validation, loss=0.00796713, MAE_E=  196.42 meV, MAE_F=   19.08 meV / A
2025-04-23 15:50:41.224 INFO: Epoch 90: head: train, loss=0.00069443, MAE_E=  186.48 meV, MAE_F=   10.24 meV / A
2025-04-23 15:50:42.072 INFO: Epoch 90: head: validation, loss=0.00800659, MAE_E=  194.29 meV, MAE_F=   19.02 meV / A
2025-04-23 15:50:47.501 INFO: Epoch 91: head: train, loss=0.00067129, MAE_E=  177.93 meV, MAE_F=   10.08 meV / A
2025-04-23 15:50:48.300 INFO: Epoch 91: head: validation, loss=0.00799920, MAE_E=  186.87 meV, MAE_F=   18.92 meV / A
2025-04-23 15:50:53.697 INFO: Epoch 92: head: train, loss=0.00065060, MAE_E=  173.23 meV, MAE_F=    9.94 meV / A
2025-04-23 15:50:54.621 INFO: Epoch 92: head: validation, loss=0.00799425, MAE_E=  181.88 meV, MAE_F=   18.81 meV / A
2025-04-23 15:51:00.195 INFO: Epoch 93: head: train, loss=0.00063532, MAE_E=  169.77 meV, MAE_F=    9.86 meV / A
2025-04-23 15:51:01.066 INFO: Epoch 93: head: validation, loss=0.00797761, MAE_E=  178.32 meV, MAE_F=   18.77 meV / A
2025-04-23 15:51:06.436 INFO: Epoch 94: head: train, loss=0.00063200, MAE_E=  170.08 meV, MAE_F=    9.84 meV / A
2025-04-23 15:51:07.285 INFO: Epoch 94: head: validation, loss=0.00796690, MAE_E=  179.16 meV, MAE_F=   18.76 meV / A
2025-04-23 15:51:12.653 INFO: Epoch 95: head: train, loss=0.00064227, MAE_E=  167.44 meV, MAE_F=    9.91 meV / A
2025-04-23 15:51:13.466 INFO: Epoch 95: head: validation, loss=0.00791435, MAE_E=  177.29 meV, MAE_F=   18.77 meV / A
2025-04-23 15:51:19.115 INFO: Epoch 96: head: train, loss=0.00064815, MAE_E=  171.17 meV, MAE_F=    9.96 meV / A
2025-04-23 15:51:19.956 INFO: Epoch 96: head: validation, loss=0.00786851, MAE_E=  179.80 meV, MAE_F=   18.88 meV / A
2025-04-23 15:51:25.220 INFO: Epoch 97: head: train, loss=0.00064795, MAE_E=  169.30 meV, MAE_F=    9.95 meV / A
2025-04-23 15:51:26.059 INFO: Epoch 97: head: validation, loss=0.00788028, MAE_E=  178.58 meV, MAE_F=   18.84 meV / A
2025-04-23 15:51:31.297 INFO: Epoch 98: head: train, loss=0.00062853, MAE_E=  173.25 meV, MAE_F=    9.81 meV / A
2025-04-23 15:51:32.117 INFO: Epoch 98: head: validation, loss=0.00792504, MAE_E=  181.82 meV, MAE_F=   18.75 meV / A
2025-04-23 15:51:37.367 INFO: Epoch 99: head: train, loss=0.00063222, MAE_E=  174.87 meV, MAE_F=    9.87 meV / A
2025-04-23 15:51:38.180 INFO: Epoch 99: head: validation, loss=0.00791953, MAE_E=  183.73 meV, MAE_F=   18.75 meV / A
2025-04-23 15:51:43.472 INFO: Epoch 100: head: train, loss=0.00064081, MAE_E=  180.11 meV, MAE_F=    9.86 meV / A
2025-04-23 15:51:44.362 INFO: Epoch 100: head: validation, loss=0.00785154, MAE_E=  188.74 meV, MAE_F=   18.73 meV / A
2025-04-23 15:51:49.618 INFO: Epoch 101: head: train, loss=0.00063645, MAE_E=  182.67 meV, MAE_F=    9.82 meV / A
2025-04-23 15:51:50.416 INFO: Epoch 101: head: validation, loss=0.00792870, MAE_E=  191.50 meV, MAE_F=   18.73 meV / A
2025-04-23 15:51:55.754 INFO: Epoch 102: head: train, loss=0.00061758, MAE_E=  183.90 meV, MAE_F=    9.71 meV / A
2025-04-23 15:51:56.582 INFO: Epoch 102: head: validation, loss=0.00786933, MAE_E=  192.17 meV, MAE_F=   18.65 meV / A
2025-04-23 15:52:01.868 INFO: Epoch 103: head: train, loss=0.00059350, MAE_E=  180.05 meV, MAE_F=    9.55 meV / A
2025-04-23 15:52:02.692 INFO: Epoch 103: head: validation, loss=0.00784032, MAE_E=  188.48 meV, MAE_F=   18.48 meV / A
2025-04-23 15:52:08.053 INFO: Epoch 104: head: train, loss=0.00058627, MAE_E=  174.12 meV, MAE_F=    9.48 meV / A
2025-04-23 15:52:08.953 INFO: Epoch 104: head: validation, loss=0.00778981, MAE_E=  181.82 meV, MAE_F=   18.40 meV / A
2025-04-23 15:52:14.801 INFO: Epoch 105: head: train, loss=0.00056800, MAE_E=  171.49 meV, MAE_F=    9.38 meV / A
2025-04-23 15:52:15.632 INFO: Epoch 105: head: validation, loss=0.00780100, MAE_E=  179.68 meV, MAE_F=   18.34 meV / A
2025-04-23 15:52:21.001 INFO: Epoch 106: head: train, loss=0.00055516, MAE_E=  170.14 meV, MAE_F=    9.27 meV / A
2025-04-23 15:52:21.839 INFO: Epoch 106: head: validation, loss=0.00778565, MAE_E=  179.61 meV, MAE_F=   18.26 meV / A
2025-04-23 15:52:27.035 INFO: Epoch 107: head: train, loss=0.00055028, MAE_E=  166.45 meV, MAE_F=    9.24 meV / A
2025-04-23 15:52:27.867 INFO: Epoch 107: head: validation, loss=0.00776739, MAE_E=  174.84 meV, MAE_F=   18.20 meV / A
2025-04-23 15:52:33.183 INFO: Epoch 108: head: train, loss=0.00052992, MAE_E=  162.12 meV, MAE_F=    9.11 meV / A
2025-04-23 15:52:34.114 INFO: Epoch 108: head: validation, loss=0.00781972, MAE_E=  170.79 meV, MAE_F=   18.19 meV / A
2025-04-23 15:52:39.519 INFO: Epoch 109: head: train, loss=0.00051862, MAE_E=  161.09 meV, MAE_F=    9.07 meV / A
2025-04-23 15:52:40.336 INFO: Epoch 109: head: validation, loss=0.00783207, MAE_E=  168.70 meV, MAE_F=   18.14 meV / A
2025-04-23 15:52:45.673 INFO: Epoch 110: head: train, loss=0.00052056, MAE_E=  159.41 meV, MAE_F=    9.05 meV / A
2025-04-23 15:52:46.483 INFO: Epoch 110: head: validation, loss=0.00780222, MAE_E=  167.15 meV, MAE_F=   18.09 meV / A
2025-04-23 15:52:52.029 INFO: Epoch 111: head: train, loss=0.00051525, MAE_E=  157.94 meV, MAE_F=    8.99 meV / A
2025-04-23 15:52:52.899 INFO: Epoch 111: head: validation, loss=0.00792290, MAE_E=  165.92 meV, MAE_F=   18.15 meV / A
2025-04-23 15:52:58.258 INFO: Epoch 112: head: train, loss=0.00051550, MAE_E=  155.16 meV, MAE_F=    8.97 meV / A
2025-04-23 15:52:59.105 INFO: Epoch 112: head: validation, loss=0.00792796, MAE_E=  163.95 meV, MAE_F=   18.17 meV / A
2025-04-23 15:53:04.781 INFO: Epoch 113: head: train, loss=0.00051835, MAE_E=  151.60 meV, MAE_F=    8.93 meV / A
2025-04-23 15:53:05.614 INFO: Epoch 113: head: validation, loss=0.00784230, MAE_E=  160.40 meV, MAE_F=   18.04 meV / A
2025-04-23 15:53:10.840 INFO: Epoch 114: head: train, loss=0.00050225, MAE_E=  148.93 meV, MAE_F=    8.91 meV / A
2025-04-23 15:53:11.706 INFO: Epoch 114: head: validation, loss=0.00784122, MAE_E=  157.78 meV, MAE_F=   17.99 meV / A
2025-04-23 15:53:17.167 INFO: Epoch 115: head: train, loss=0.00050670, MAE_E=  150.48 meV, MAE_F=    8.96 meV / A
2025-04-23 15:53:17.993 INFO: Epoch 115: head: validation, loss=0.00786688, MAE_E=  159.36 meV, MAE_F=   18.03 meV / A
2025-04-23 15:53:23.307 INFO: Epoch 116: head: train, loss=0.00050876, MAE_E=  154.37 meV, MAE_F=    8.90 meV / A
2025-04-23 15:53:24.105 INFO: Epoch 116: head: validation, loss=0.00787663, MAE_E=  162.27 meV, MAE_F=   17.98 meV / A
2025-04-23 15:53:29.510 INFO: Epoch 117: head: train, loss=0.00049406, MAE_E=  152.38 meV, MAE_F=    8.83 meV / A
2025-04-23 15:53:30.382 INFO: Epoch 117: head: validation, loss=0.00781274, MAE_E=  160.07 meV, MAE_F=   17.90 meV / A
2025-04-23 15:53:35.721 INFO: Epoch 118: head: train, loss=0.00047854, MAE_E=  148.21 meV, MAE_F=    8.69 meV / A
2025-04-23 15:53:36.575 INFO: Epoch 118: head: validation, loss=0.00779848, MAE_E=  156.75 meV, MAE_F=   17.82 meV / A
2025-04-23 15:53:41.683 INFO: Epoch 119: head: train, loss=0.00048086, MAE_E=  147.62 meV, MAE_F=    8.69 meV / A
2025-04-23 15:53:42.616 INFO: Epoch 119: head: validation, loss=0.00774619, MAE_E=  157.18 meV, MAE_F=   17.77 meV / A
2025-04-23 15:53:48.039 INFO: Epoch 120: head: train, loss=0.00047436, MAE_E=  147.59 meV, MAE_F=    8.70 meV / A
2025-04-23 15:53:48.917 INFO: Epoch 120: head: validation, loss=0.00776975, MAE_E=  156.57 meV, MAE_F=   17.78 meV / A
2025-04-23 15:53:54.147 INFO: Epoch 121: head: train, loss=0.00047332, MAE_E=  146.65 meV, MAE_F=    8.70 meV / A
2025-04-23 15:53:54.985 INFO: Epoch 121: head: validation, loss=0.00776964, MAE_E=  155.17 meV, MAE_F=   17.77 meV / A
2025-04-23 15:54:00.448 INFO: Epoch 122: head: train, loss=0.00047161, MAE_E=  148.98 meV, MAE_F=    8.67 meV / A
2025-04-23 15:54:01.262 INFO: Epoch 122: head: validation, loss=0.00778267, MAE_E=  156.83 meV, MAE_F=   17.73 meV / A
2025-04-23 15:54:06.610 INFO: Epoch 123: head: train, loss=0.00046328, MAE_E=  145.23 meV, MAE_F=    8.60 meV / A
2025-04-23 15:54:07.494 INFO: Epoch 123: head: validation, loss=0.00777508, MAE_E=  155.17 meV, MAE_F=   17.74 meV / A
2025-04-23 15:54:12.933 INFO: Epoch 124: head: train, loss=0.00044896, MAE_E=  146.84 meV, MAE_F=    8.50 meV / A
2025-04-23 15:54:13.796 INFO: Epoch 124: head: validation, loss=0.00776381, MAE_E=  154.85 meV, MAE_F=   17.68 meV / A
2025-04-23 15:54:19.048 INFO: Epoch 125: head: train, loss=0.00043626, MAE_E=  143.07 meV, MAE_F=    8.39 meV / A
2025-04-23 15:54:19.881 INFO: Epoch 125: head: validation, loss=0.00782941, MAE_E=  151.12 meV, MAE_F=   17.62 meV / A
2025-04-23 15:54:25.101 INFO: Epoch 126: head: train, loss=0.00042942, MAE_E=  138.23 meV, MAE_F=    8.30 meV / A
2025-04-23 15:54:25.960 INFO: Epoch 126: head: validation, loss=0.00782346, MAE_E=  147.04 meV, MAE_F=   17.54 meV / A
2025-04-23 15:54:31.364 INFO: Epoch 127: head: train, loss=0.00042019, MAE_E=  135.42 meV, MAE_F=    8.23 meV / A
2025-04-23 15:54:32.194 INFO: Epoch 127: head: validation, loss=0.00782318, MAE_E=  144.29 meV, MAE_F=   17.52 meV / A
2025-04-23 15:54:37.510 INFO: Epoch 128: head: train, loss=0.00041167, MAE_E=  132.03 meV, MAE_F=    8.19 meV / A
2025-04-23 15:54:38.325 INFO: Epoch 128: head: validation, loss=0.00782527, MAE_E=  141.03 meV, MAE_F=   17.51 meV / A
2025-04-23 15:54:43.668 INFO: Epoch 129: head: train, loss=0.00042355, MAE_E=  134.99 meV, MAE_F=    8.28 meV / A
2025-04-23 15:54:44.551 INFO: Epoch 129: head: validation, loss=0.00780550, MAE_E=  143.96 meV, MAE_F=   17.57 meV / A
2025-04-23 15:54:49.997 INFO: Epoch 130: head: train, loss=0.00042595, MAE_E=  139.28 meV, MAE_F=    8.28 meV / A
2025-04-23 15:54:50.911 INFO: Epoch 130: head: validation, loss=0.00782080, MAE_E=  147.85 meV, MAE_F=   17.52 meV / A
2025-04-23 15:54:56.169 INFO: Epoch 131: head: train, loss=0.00042504, MAE_E=  142.51 meV, MAE_F=    8.29 meV / A
2025-04-23 15:54:56.984 INFO: Epoch 131: head: validation, loss=0.00774313, MAE_E=  150.37 meV, MAE_F=   17.43 meV / A
2025-04-23 15:55:02.441 INFO: Epoch 132: head: train, loss=0.00041641, MAE_E=  140.31 meV, MAE_F=    8.22 meV / A
2025-04-23 15:55:03.273 INFO: Epoch 132: head: validation, loss=0.00775348, MAE_E=  147.74 meV, MAE_F=   17.41 meV / A
2025-04-23 15:55:08.586 INFO: Epoch 133: head: train, loss=0.00041164, MAE_E=  137.15 meV, MAE_F=    8.16 meV / A
2025-04-23 15:55:09.513 INFO: Epoch 133: head: validation, loss=0.00769796, MAE_E=  146.16 meV, MAE_F=   17.41 meV / A
2025-04-23 15:55:14.998 INFO: Epoch 134: head: train, loss=0.00041168, MAE_E=  136.61 meV, MAE_F=    8.15 meV / A
2025-04-23 15:55:15.863 INFO: Epoch 134: head: validation, loss=0.00768195, MAE_E=  145.54 meV, MAE_F=   17.30 meV / A
2025-04-23 15:55:21.373 INFO: Epoch 135: head: train, loss=0.00041976, MAE_E=  137.42 meV, MAE_F=    8.22 meV / A
2025-04-23 15:55:22.195 INFO: Epoch 135: head: validation, loss=0.00771192, MAE_E=  145.56 meV, MAE_F=   17.32 meV / A
2025-04-23 15:55:27.609 INFO: Epoch 136: head: train, loss=0.00045568, MAE_E=  149.37 meV, MAE_F=    8.53 meV / A
2025-04-23 15:55:28.443 INFO: Epoch 136: head: validation, loss=0.00763451, MAE_E=  157.93 meV, MAE_F=   17.53 meV / A
2025-04-23 15:55:33.914 INFO: Epoch 137: head: train, loss=0.00049552, MAE_E=  166.19 meV, MAE_F=    8.83 meV / A
2025-04-23 15:55:34.763 INFO: Epoch 137: head: validation, loss=0.00768791, MAE_E=  174.86 meV, MAE_F=   17.89 meV / A
2025-04-23 15:55:40.085 INFO: Epoch 138: head: train, loss=0.00051150, MAE_E=  180.86 meV, MAE_F=    8.91 meV / A
2025-04-23 15:55:40.885 INFO: Epoch 138: head: validation, loss=0.00770984, MAE_E=  187.85 meV, MAE_F=   17.92 meV / A
2025-04-23 15:55:46.194 INFO: Epoch 139: head: train, loss=0.00048185, MAE_E=  178.73 meV, MAE_F=    8.69 meV / A
2025-04-23 15:55:47.005 INFO: Epoch 139: head: validation, loss=0.00768226, MAE_E=  185.66 meV, MAE_F=   17.70 meV / A
2025-04-23 15:55:52.969 INFO: Epoch 140: head: train, loss=0.00044620, MAE_E=  172.76 meV, MAE_F=    8.40 meV / A
2025-04-23 15:55:53.768 INFO: Epoch 140: head: validation, loss=0.00770774, MAE_E=  180.84 meV, MAE_F=   17.49 meV / A
2025-04-23 15:55:59.102 INFO: Epoch 141: head: train, loss=0.00041977, MAE_E=  163.30 meV, MAE_F=    8.20 meV / A
2025-04-23 15:55:59.921 INFO: Epoch 141: head: validation, loss=0.00772858, MAE_E=  171.01 meV, MAE_F=   17.35 meV / A
2025-04-23 15:56:05.191 INFO: Epoch 142: head: train, loss=0.00039361, MAE_E=  155.07 meV, MAE_F=    7.98 meV / A
2025-04-23 15:56:06.041 INFO: Epoch 142: head: validation, loss=0.00772222, MAE_E=  162.87 meV, MAE_F=   17.23 meV / A
2025-04-23 15:56:11.345 INFO: Epoch 143: head: train, loss=0.00038175, MAE_E=  145.07 meV, MAE_F=    7.87 meV / A
2025-04-23 15:56:12.156 INFO: Epoch 143: head: validation, loss=0.00772233, MAE_E=  153.28 meV, MAE_F=   17.12 meV / A
2025-04-23 15:56:17.402 INFO: Epoch 144: head: train, loss=0.00036617, MAE_E=  137.93 meV, MAE_F=    7.74 meV / A
2025-04-23 15:56:18.229 INFO: Epoch 144: head: validation, loss=0.00777027, MAE_E=  145.85 meV, MAE_F=   17.08 meV / A
2025-04-23 15:56:23.584 INFO: Epoch 145: head: train, loss=0.00036010, MAE_E=  129.71 meV, MAE_F=    7.66 meV / A
2025-04-23 15:56:24.406 INFO: Epoch 145: head: validation, loss=0.00776674, MAE_E=  138.57 meV, MAE_F=   17.01 meV / A
2025-04-23 15:56:29.814 INFO: Epoch 146: head: train, loss=0.00035263, MAE_E=  125.24 meV, MAE_F=    7.62 meV / A
2025-04-23 15:56:30.725 INFO: Epoch 146: head: validation, loss=0.00778110, MAE_E=  133.98 meV, MAE_F=   16.97 meV / A
2025-04-23 15:56:36.371 INFO: Epoch 147: head: train, loss=0.00034416, MAE_E=  120.48 meV, MAE_F=    7.55 meV / A
2025-04-23 15:56:37.194 INFO: Epoch 147: head: validation, loss=0.00777668, MAE_E=  129.38 meV, MAE_F=   16.93 meV / A
2025-04-23 15:56:42.657 INFO: Epoch 148: head: train, loss=0.00033955, MAE_E=  114.37 meV, MAE_F=    7.50 meV / A
2025-04-23 15:56:43.464 INFO: Epoch 148: head: validation, loss=0.00775909, MAE_E=  124.01 meV, MAE_F=   16.90 meV / A
2025-04-23 15:56:48.778 INFO: Epoch 149: head: train, loss=0.00033496, MAE_E=  113.72 meV, MAE_F=    7.47 meV / A
2025-04-23 15:56:49.664 INFO: Epoch 149: head: validation, loss=0.00774802, MAE_E=  122.21 meV, MAE_F=   16.87 meV / A
2025-04-23 15:56:55.387 INFO: Epoch 150: head: train, loss=0.00033053, MAE_E=  111.48 meV, MAE_F=    7.42 meV / A
2025-04-23 15:56:56.302 INFO: Epoch 150: head: validation, loss=0.00773759, MAE_E=  120.02 meV, MAE_F=   16.83 meV / A
2025-04-23 15:57:01.812 INFO: Epoch 151: head: train, loss=0.00032722, MAE_E=  109.05 meV, MAE_F=    7.40 meV / A
2025-04-23 15:57:02.730 INFO: Epoch 151: head: validation, loss=0.00775219, MAE_E=  117.70 meV, MAE_F=   16.81 meV / A
2025-04-23 15:57:08.047 INFO: Epoch 152: head: train, loss=0.00032501, MAE_E=  107.39 meV, MAE_F=    7.36 meV / A
2025-04-23 15:57:08.897 INFO: Epoch 152: head: validation, loss=0.00772087, MAE_E=  115.61 meV, MAE_F=   16.78 meV / A
2025-04-23 15:57:14.021 INFO: Epoch 153: head: train, loss=0.00032110, MAE_E=  105.05 meV, MAE_F=    7.30 meV / A
2025-04-23 15:57:14.860 INFO: Epoch 153: head: validation, loss=0.00773956, MAE_E=  113.29 meV, MAE_F=   16.79 meV / A
2025-04-23 15:57:20.052 INFO: Epoch 154: head: train, loss=0.00032036, MAE_E=  103.51 meV, MAE_F=    7.29 meV / A
2025-04-23 15:57:20.898 INFO: Epoch 154: head: validation, loss=0.00777720, MAE_E=  111.08 meV, MAE_F=   16.80 meV / A
2025-04-23 15:57:26.209 INFO: Epoch 155: head: train, loss=0.00031497, MAE_E=  103.00 meV, MAE_F=    7.28 meV / A
2025-04-23 15:57:27.046 INFO: Epoch 155: head: validation, loss=0.00775077, MAE_E=  110.52 meV, MAE_F=   16.80 meV / A
2025-04-23 15:57:32.401 INFO: Epoch 156: head: train, loss=0.00031706, MAE_E=  102.70 meV, MAE_F=    7.32 meV / A
2025-04-23 15:57:33.232 INFO: Epoch 156: head: validation, loss=0.00776397, MAE_E=  109.79 meV, MAE_F=   16.78 meV / A
2025-04-23 15:57:33.233 INFO: Stopping optimization after 20 epochs without improvement
2025-04-23 15:57:33.233 INFO: Training complete
2025-04-23 15:57:33.238 INFO: 
2025-04-23 15:57:33.238 INFO: ===========FINISHED TRAINING===========
2025-04-23 15:57:33.238 INFO: eveluation
2025-04-23 15:57:33.239 INFO: The scale is [0.6658663] and shift is -0.5178610778005078
2025-04-23 15:57:33.688 INFO: Energy Mean: -40340.96465520575, Variance: 309520383.56437427
2025-04-23 15:57:33.976 INFO: Energy RMSE: 0.20164169371128082
2025-04-23 15:57:33.976 INFO: Energy R2: 0.9999999998686375
2025-04-23 15:57:33.976 INFO: Energy MAE: 0.1171923354268074
2025-04-23 15:57:33.979 INFO: Forces RMSE: 0.08545426605626322
2025-04-23 15:57:33.980 INFO: Forces R2: 0.994503357734625
2025-04-23 15:57:35.868 INFO: Energy Mean: -40955.17762197362, Variance: 319743131.31966674
2025-04-23 15:57:36.015 INFO: Loading checkpoint: ./logs//sample_3//checkpoints/bi0_run-123_epoch-136.pt
2025-04-23 15:57:36.065 INFO: Loaded Stage one model from epoch 136 for evaluation
2025-04-23 15:57:36.065 INFO: Saving model to logs/sample_3/checkpoints/bi0_run-123.model
2025-04-23 15:57:36.232 INFO: Compiling model, saving metadata to logs/sample_3/bi0_compiled.model
2025-04-23 15:57:36.331 INFO: Done
