cuequivariance or cuequivariance_torch is not available. Cuequivariance acceleration will be disabled.
False
Results directory samples/ already exists. Exiting.
Reading data from:  ./raw/bi4-2_parsed.csv
['./raw/bi4-2_parsed.csv']
Reading data from:  ./raw/bi4-2_parsed.csv
[-23366.054471764663]
(4, 3)
Loading saved bootstrap sample 0
Training model 0
Using latent charge and penalty 1
2025-04-29 14:20:59.744 INFO: ===========VERIFYING SETTINGS===========
2025-04-29 14:20:59.744 INFO: MACE version: 0.3.10
2025-04-29 14:20:59.809 INFO: CUDA version: 12.1, CUDA device: 0
default
2025-04-29 14:20:59.898 INFO: ===========LOADING INPUT DATA===========
2025-04-29 14:20:59.898 INFO: Using heads: ['default']
2025-04-29 14:20:59.899 INFO: =============    Processing head default     ===========
2025-04-29 14:20:59.899 INFO: Total number of configurations: train=360, valid=90, 
2025-04-29 14:20:59.907 INFO: Atomic Numbers used: [83]
2025-04-29 14:20:59.907 INFO: Computing average Atomic Energies using least squares regression
{'default': {83: -5841.466799587673}}
2025-04-29 14:20:59.913 INFO: Atomic Energies used (z: eV) for head default: {83: -5841.466799587673}
2025-04-29 14:21:00.032 INFO: Computing average number of neighbors
2025-04-29 14:21:02.351 INFO: Average number of neighbors: 3.0
2025-04-29 14:21:02.352 INFO: During training the following quantities will be reported: energy, forces
2025-04-29 14:21:02.352 INFO: ===========MODEL DETAILS===========
2025-04-29 14:21:02.352 INFO: Building model
2025-04-29 14:21:02.352 INFO: Message passing with 128 channels and max_L=1 (128x0e+128x1o)
2025-04-29 14:21:02.352 INFO: 2 layers, each with correlation order: 3 (body order: 4) and spherical harmonics up to: l=3
2025-04-29 14:21:02.352 INFO: 8 radial and 5 basis functions
2025-04-29 14:21:02.352 INFO: Radial cutoff: 9.0 A (total receptive field for each atom: 18.0 A)
2025-04-29 14:21:02.352 INFO: Distance transform for radial basis functions: None
2025-04-29 14:21:02.352 INFO: Hidden irreps: 128x0e+128x1o
2025-04-29 14:21:02.641 INFO: Mean: 0.0006380331635062413, Std: [0.8443222]
0.0 [0.8443222]
2025-04-29 14:21:02.642 INFO: Scale: [0.8443222], Shift: 0.0
2025-04-29 14:21:04.076 INFO: Total number of parameters: 509618
2025-04-29 14:21:04.076 INFO: 
2025-04-29 14:21:04.076 INFO: ===========OPTIMIZER INFORMATION===========
2025-04-29 14:21:04.076 INFO: Using ADAM as parameter optimizer
2025-04-29 14:21:04.076 INFO: Batch size: 32
2025-04-29 14:21:04.076 INFO: Using Exponential Moving Average with decay: 0.99
2025-04-29 14:21:04.076 INFO: Number of gradient updates: 2250
2025-04-29 14:21:04.076 INFO: Learning rate: 0.01, weight decay: 5e-07
2025-04-29 14:21:04.076 INFO: WeightedEnergyForcesChargeLoss(energy_weight=1.000, forces_weight=100.000, charge_penalty_weight=1.000)
2025-04-29 14:21:04.080 INFO: Using gradient clipping with tolerance=10.000
2025-04-29 14:21:04.080 INFO: 
2025-04-29 14:21:04.080 INFO: ===========TRAINING===========
2025-04-29 14:21:04.080 INFO: Started training, reporting errors on validation set
2025-04-29 14:21:04.080 INFO: Loss metrics on validation set
2025-04-29 14:21:06.834 INFO: Initial: head: validation, loss=5.58691295, MAE_E= 8461.94 meV, MAE_F=  509.75 meV / A
2025-04-29 14:21:12.099 INFO: Epoch 0: head: train, loss=0.36261085, MAE_E=  201.54 meV, MAE_F=  195.20 meV / A
2025-04-29 14:21:13.350 INFO: Epoch 0: head: validation, loss=0.30729052, MAE_E=  206.23 meV, MAE_F=  172.28 meV / A
2025-04-29 14:21:15.458 INFO: Epoch 1: head: train, loss=1.04204935, MAE_E= 1918.03 meV, MAE_F=  306.22 meV / A
2025-04-29 14:21:15.933 INFO: Epoch 1: head: validation, loss=0.98099897, MAE_E= 1924.67 meV, MAE_F=  280.51 meV / A
2025-04-29 14:21:18.106 INFO: Epoch 2: head: train, loss=0.15084704, MAE_E= 2773.09 meV, MAE_F=  136.78 meV / A
2025-04-29 14:21:18.641 INFO: Epoch 2: head: validation, loss=0.13250954, MAE_E= 2776.55 meV, MAE_F=  125.16 meV / A
2025-04-29 14:21:20.736 INFO: Epoch 3: head: train, loss=0.06666381, MAE_E=  901.30 meV, MAE_F=  102.40 meV / A
2025-04-29 14:21:21.251 INFO: Epoch 3: head: validation, loss=0.06243813, MAE_E=  898.98 meV, MAE_F=   94.48 meV / A
2025-04-29 14:21:23.495 INFO: Epoch 4: head: train, loss=0.09713038, MAE_E=  689.88 meV, MAE_F=  111.20 meV / A
2025-04-29 14:21:24.007 INFO: Epoch 4: head: validation, loss=0.08582293, MAE_E=  696.05 meV, MAE_F=   99.53 meV / A
2025-04-29 14:21:26.106 INFO: Epoch 5: head: train, loss=0.11295872, MAE_E=  634.54 meV, MAE_F=  107.00 meV / A
2025-04-29 14:21:26.645 INFO: Epoch 5: head: validation, loss=0.09347749, MAE_E=  641.22 meV, MAE_F=   96.24 meV / A
2025-04-29 14:21:28.749 INFO: Epoch 6: head: train, loss=0.06957174, MAE_E=  102.83 meV, MAE_F=   92.04 meV / A
2025-04-29 14:21:29.255 INFO: Epoch 6: head: validation, loss=0.05206702, MAE_E=   97.55 meV, MAE_F=   80.47 meV / A
2025-04-29 14:21:31.381 INFO: Epoch 7: head: train, loss=0.08459082, MAE_E=   21.62 meV, MAE_F=   96.51 meV / A
2025-04-29 14:21:31.837 INFO: Epoch 7: head: validation, loss=0.06425989, MAE_E=   19.18 meV, MAE_F=   85.07 meV / A
2025-04-29 14:21:33.867 INFO: Epoch 8: head: train, loss=0.12910486, MAE_E=  149.86 meV, MAE_F=  151.99 meV / A
2025-04-29 14:21:34.438 INFO: Epoch 8: head: validation, loss=0.11783020, MAE_E=  145.50 meV, MAE_F=  144.67 meV / A
2025-04-29 14:21:36.633 INFO: Epoch 9: head: train, loss=0.22100751, MAE_E=  134.74 meV, MAE_F=  174.46 meV / A
2025-04-29 14:21:37.215 INFO: Epoch 9: head: validation, loss=0.20360474, MAE_E=  140.27 meV, MAE_F=  167.76 meV / A
2025-04-29 14:21:39.305 INFO: Epoch 10: head: train, loss=0.15114271, MAE_E=   59.66 meV, MAE_F=  140.94 meV / A
2025-04-29 14:21:39.910 INFO: Epoch 10: head: validation, loss=0.13021013, MAE_E=   62.86 meV, MAE_F=  132.55 meV / A
2025-04-29 14:21:41.909 INFO: Epoch 11: head: train, loss=0.09165751, MAE_E=   27.10 meV, MAE_F=  118.86 meV / A
2025-04-29 14:21:42.369 INFO: Epoch 11: head: validation, loss=0.08170456, MAE_E=   26.65 meV, MAE_F=  111.98 meV / A
2025-04-29 14:21:44.535 INFO: Epoch 12: head: train, loss=0.08666515, MAE_E=   48.93 meV, MAE_F=  119.37 meV / A
2025-04-29 14:21:45.015 INFO: Epoch 12: head: validation, loss=0.07548677, MAE_E=   48.32 meV, MAE_F=  109.06 meV / A
2025-04-29 14:21:47.145 INFO: Epoch 13: head: train, loss=0.09628208, MAE_E=   50.24 meV, MAE_F=  111.48 meV / A
2025-04-29 14:21:47.655 INFO: Epoch 13: head: validation, loss=0.07790217, MAE_E=   45.86 meV, MAE_F=  102.08 meV / A
2025-04-29 14:21:49.698 INFO: Epoch 14: head: train, loss=0.06360690, MAE_E=   80.68 meV, MAE_F=  100.97 meV / A
2025-04-29 14:21:50.230 INFO: Epoch 14: head: validation, loss=0.05130564, MAE_E=   78.23 meV, MAE_F=   91.39 meV / A
2025-04-29 14:21:52.307 INFO: Epoch 15: head: train, loss=0.04650322, MAE_E=  580.03 meV, MAE_F=   84.08 meV / A
2025-04-29 14:21:52.928 INFO: Epoch 15: head: validation, loss=0.03734683, MAE_E=  582.70 meV, MAE_F=   75.23 meV / A
2025-04-29 14:21:55.220 INFO: Epoch 16: head: train, loss=0.05579694, MAE_E=   28.45 meV, MAE_F=   93.25 meV / A
2025-04-29 14:21:55.695 INFO: Epoch 16: head: validation, loss=0.04382684, MAE_E=   25.07 meV, MAE_F=   83.13 meV / A
2025-04-29 14:21:57.919 INFO: Epoch 17: head: train, loss=0.05365088, MAE_E=  235.34 meV, MAE_F=   92.69 meV / A
2025-04-29 14:21:58.465 INFO: Epoch 17: head: validation, loss=0.04242792, MAE_E=  237.88 meV, MAE_F=   82.69 meV / A
2025-04-29 14:22:00.610 INFO: Epoch 18: head: train, loss=0.04101811, MAE_E=  535.53 meV, MAE_F=   86.96 meV / A
2025-04-29 14:22:01.090 INFO: Epoch 18: head: validation, loss=0.03655320, MAE_E=  536.20 meV, MAE_F=   79.24 meV / A
2025-04-29 14:22:03.297 INFO: Epoch 19: head: train, loss=0.04766038, MAE_E=  427.90 meV, MAE_F=   90.81 meV / A
2025-04-29 14:22:03.800 INFO: Epoch 19: head: validation, loss=0.03966763, MAE_E=  430.36 meV, MAE_F=   81.72 meV / A
2025-04-29 14:22:05.870 INFO: Epoch 20: head: train, loss=0.06793023, MAE_E=  424.09 meV, MAE_F=  101.77 meV / A
2025-04-29 14:22:06.371 INFO: Epoch 20: head: validation, loss=0.05293567, MAE_E=  427.29 meV, MAE_F=   91.35 meV / A
2025-04-29 14:22:08.458 INFO: Epoch 21: head: train, loss=0.06540245, MAE_E=  442.26 meV, MAE_F=  101.14 meV / A
2025-04-29 14:22:09.126 INFO: Epoch 21: head: validation, loss=0.05060175, MAE_E=  445.30 meV, MAE_F=   90.36 meV / A
2025-04-29 14:22:11.160 INFO: Epoch 22: head: train, loss=0.05344740, MAE_E=  560.25 meV, MAE_F=   93.17 meV / A
2025-04-29 14:22:11.735 INFO: Epoch 22: head: validation, loss=0.04311545, MAE_E=  563.75 meV, MAE_F=   83.85 meV / A
2025-04-29 14:22:13.933 INFO: Epoch 23: head: train, loss=0.05388019, MAE_E=  759.12 meV, MAE_F=   98.10 meV / A
2025-04-29 14:22:14.566 INFO: Epoch 23: head: validation, loss=0.04661709, MAE_E=  757.06 meV, MAE_F=   88.85 meV / A
2025-04-29 14:22:16.769 INFO: Epoch 24: head: train, loss=0.05729803, MAE_E=  819.12 meV, MAE_F=   93.99 meV / A
2025-04-29 14:22:17.250 INFO: Epoch 24: head: validation, loss=0.04603365, MAE_E=  824.31 meV, MAE_F=   84.69 meV / A
2025-04-29 14:22:19.501 INFO: Epoch 25: head: train, loss=0.04500091, MAE_E=  127.54 meV, MAE_F=   90.44 meV / A
2025-04-29 14:22:20.024 INFO: Epoch 25: head: validation, loss=0.03664881, MAE_E=  131.28 meV, MAE_F=   80.66 meV / A
2025-04-29 14:22:22.150 INFO: Epoch 26: head: train, loss=0.05527338, MAE_E=  330.63 meV, MAE_F=   88.21 meV / A
2025-04-29 14:22:22.674 INFO: Epoch 26: head: validation, loss=0.04363781, MAE_E=  325.69 meV, MAE_F=   78.34 meV / A
2025-04-29 14:22:24.854 INFO: Epoch 27: head: train, loss=0.04479363, MAE_E=  358.94 meV, MAE_F=   80.69 meV / A
2025-04-29 14:22:25.450 INFO: Epoch 27: head: validation, loss=0.03587102, MAE_E=  354.71 meV, MAE_F=   71.98 meV / A
2025-04-29 14:22:27.549 INFO: Epoch 28: head: train, loss=0.03870985, MAE_E=  167.37 meV, MAE_F=   75.20 meV / A
2025-04-29 14:22:28.030 INFO: Epoch 28: head: validation, loss=0.03194260, MAE_E=  163.53 meV, MAE_F=   67.10 meV / A
2025-04-29 14:22:30.142 INFO: Epoch 29: head: train, loss=0.03035129, MAE_E=   35.46 meV, MAE_F=   68.70 meV / A
2025-04-29 14:22:30.682 INFO: Epoch 29: head: validation, loss=0.02551246, MAE_E=   37.47 meV, MAE_F=   61.61 meV / A
2025-04-29 14:22:32.872 INFO: Epoch 30: head: train, loss=0.02318839, MAE_E=  118.40 meV, MAE_F=   62.62 meV / A
2025-04-29 14:22:33.390 INFO: Epoch 30: head: validation, loss=0.02021849, MAE_E=  121.24 meV, MAE_F=   56.94 meV / A
2025-04-29 14:22:35.468 INFO: Epoch 31: head: train, loss=0.01960148, MAE_E=   29.86 meV, MAE_F=   57.77 meV / A
2025-04-29 14:22:36.013 INFO: Epoch 31: head: validation, loss=0.01726670, MAE_E=   31.37 meV, MAE_F=   52.60 meV / A
2025-04-29 14:22:38.268 INFO: Epoch 32: head: train, loss=0.01607238, MAE_E=   15.96 meV, MAE_F=   53.56 meV / A
2025-04-29 14:22:38.823 INFO: Epoch 32: head: validation, loss=0.01462002, MAE_E=   16.91 meV, MAE_F=   49.51 meV / A
2025-04-29 14:22:40.971 INFO: Epoch 33: head: train, loss=0.01359511, MAE_E=   21.26 meV, MAE_F=   49.11 meV / A
2025-04-29 14:22:41.557 INFO: Epoch 33: head: validation, loss=0.01256642, MAE_E=   22.51 meV, MAE_F=   45.80 meV / A
2025-04-29 14:22:43.799 INFO: Epoch 34: head: train, loss=0.01210537, MAE_E=   10.83 meV, MAE_F=   46.43 meV / A
2025-04-29 14:22:44.366 INFO: Epoch 34: head: validation, loss=0.01127632, MAE_E=   11.65 meV, MAE_F=   43.24 meV / A
2025-04-29 14:22:46.487 INFO: Epoch 35: head: train, loss=0.01099815, MAE_E=   34.93 meV, MAE_F=   43.51 meV / A
2025-04-29 14:22:46.972 INFO: Epoch 35: head: validation, loss=0.01050062, MAE_E=   36.27 meV, MAE_F=   40.70 meV / A
2025-04-29 14:22:49.067 INFO: Epoch 36: head: train, loss=0.00967350, MAE_E=   17.01 meV, MAE_F=   40.95 meV / A
2025-04-29 14:22:49.663 INFO: Epoch 36: head: validation, loss=0.00945611, MAE_E=   18.01 meV, MAE_F=   38.71 meV / A
2025-04-29 14:22:51.891 INFO: Epoch 37: head: train, loss=0.00928277, MAE_E=   18.80 meV, MAE_F=   38.49 meV / A
2025-04-29 14:22:52.483 INFO: Epoch 37: head: validation, loss=0.00905948, MAE_E=   19.90 meV, MAE_F=   36.29 meV / A
2025-04-29 14:22:54.842 INFO: Epoch 38: head: train, loss=0.00776212, MAE_E=    7.95 meV, MAE_F=   35.16 meV / A
2025-04-29 14:22:55.315 INFO: Epoch 38: head: validation, loss=0.00762872, MAE_E=    7.44 meV, MAE_F=   33.38 meV / A
2025-04-29 14:22:57.455 INFO: Epoch 39: head: train, loss=0.00736195, MAE_E=    8.27 meV, MAE_F=   32.52 meV / A
2025-04-29 14:22:58.031 INFO: Epoch 39: head: validation, loss=0.00703331, MAE_E=    8.84 meV, MAE_F=   29.94 meV / A
2025-04-29 14:23:00.228 INFO: Epoch 40: head: train, loss=0.00637666, MAE_E=   61.53 meV, MAE_F=   30.33 meV / A
2025-04-29 14:23:00.720 INFO: Epoch 40: head: validation, loss=0.00619563, MAE_E=   60.22 meV, MAE_F=   28.16 meV / A
2025-04-29 14:23:02.859 INFO: Epoch 41: head: train, loss=0.00553905, MAE_E=   11.17 meV, MAE_F=   28.70 meV / A
2025-04-29 14:23:03.387 INFO: Epoch 41: head: validation, loss=0.00545306, MAE_E=   12.12 meV, MAE_F=   27.18 meV / A
2025-04-29 14:23:05.496 INFO: Epoch 42: head: train, loss=0.00546500, MAE_E=   60.16 meV, MAE_F=   28.93 meV / A
2025-04-29 14:23:06.004 INFO: Epoch 42: head: validation, loss=0.00544842, MAE_E=   61.30 meV, MAE_F=   27.95 meV / A
2025-04-29 14:23:08.191 INFO: Epoch 43: head: train, loss=0.00554799, MAE_E=   14.59 meV, MAE_F=   27.88 meV / A
2025-04-29 14:23:08.789 INFO: Epoch 43: head: validation, loss=0.00539448, MAE_E=   15.61 meV, MAE_F=   25.95 meV / A
2025-04-29 14:23:10.931 INFO: Epoch 44: head: train, loss=0.00551109, MAE_E=   50.91 meV, MAE_F=   27.83 meV / A
2025-04-29 14:23:11.455 INFO: Epoch 44: head: validation, loss=0.00525356, MAE_E=   52.20 meV, MAE_F=   25.83 meV / A
2025-04-29 14:23:13.634 INFO: Epoch 45: head: train, loss=0.00467868, MAE_E=   43.99 meV, MAE_F=   25.88 meV / A
2025-04-29 14:23:14.136 INFO: Epoch 45: head: validation, loss=0.00459949, MAE_E=   45.01 meV, MAE_F=   24.45 meV / A
2025-04-29 14:23:16.286 INFO: Epoch 46: head: train, loss=0.00429699, MAE_E=   98.99 meV, MAE_F=   24.93 meV / A
2025-04-29 14:23:16.947 INFO: Epoch 46: head: validation, loss=0.00442245, MAE_E=   99.97 meV, MAE_F=   23.92 meV / A
2025-04-29 14:23:19.133 INFO: Epoch 47: head: train, loss=0.00515694, MAE_E=   57.95 meV, MAE_F=   29.04 meV / A
2025-04-29 14:23:19.623 INFO: Epoch 47: head: validation, loss=0.00502260, MAE_E=   56.23 meV, MAE_F=   27.80 meV / A
2025-04-29 14:23:21.780 INFO: Epoch 48: head: train, loss=0.00847728, MAE_E=  217.26 meV, MAE_F=   36.32 meV / A
2025-04-29 14:23:22.281 INFO: Epoch 48: head: validation, loss=0.00751073, MAE_E=  218.66 meV, MAE_F=   33.84 meV / A
2025-04-29 14:23:24.402 INFO: Epoch 49: head: train, loss=0.00951779, MAE_E=   85.19 meV, MAE_F=   41.20 meV / A
2025-04-29 14:23:24.932 INFO: Epoch 49: head: validation, loss=0.00846312, MAE_E=   86.21 meV, MAE_F=   38.32 meV / A
2025-04-29 14:23:27.214 INFO: Epoch 50: head: train, loss=0.00943913, MAE_E=   41.42 meV, MAE_F=   42.16 meV / A
2025-04-29 14:23:27.715 INFO: Epoch 50: head: validation, loss=0.00858277, MAE_E=   42.29 meV, MAE_F=   39.38 meV / A
2025-04-29 14:23:29.940 INFO: Epoch 51: head: train, loss=0.00975266, MAE_E=   13.04 meV, MAE_F=   42.99 meV / A
2025-04-29 14:23:30.454 INFO: Epoch 51: head: validation, loss=0.00939023, MAE_E=   13.21 meV, MAE_F=   40.92 meV / A
2025-04-29 14:23:32.565 INFO: Epoch 52: head: train, loss=0.00847691, MAE_E=   45.85 meV, MAE_F=   40.83 meV / A
2025-04-29 14:23:33.081 INFO: Epoch 52: head: validation, loss=0.00801791, MAE_E=   44.97 meV, MAE_F=   38.54 meV / A
2025-04-29 14:23:35.246 INFO: Epoch 53: head: train, loss=0.02969885, MAE_E=   48.72 meV, MAE_F=   74.96 meV / A
2025-04-29 14:23:35.720 INFO: Epoch 53: head: validation, loss=0.02995579, MAE_E=   48.81 meV, MAE_F=   73.41 meV / A
2025-04-29 14:23:37.769 INFO: Epoch 54: head: train, loss=0.05861268, MAE_E=  285.21 meV, MAE_F=   97.55 meV / A
2025-04-29 14:23:38.275 INFO: Epoch 54: head: validation, loss=0.05985313, MAE_E=  284.16 meV, MAE_F=   96.04 meV / A
2025-04-29 14:23:40.406 INFO: Epoch 55: head: train, loss=0.05781174, MAE_E=  394.05 meV, MAE_F=   98.18 meV / A
2025-04-29 14:23:40.943 INFO: Epoch 55: head: validation, loss=0.05995621, MAE_E=  393.42 meV, MAE_F=   97.47 meV / A
2025-04-29 14:23:42.978 INFO: Epoch 56: head: train, loss=0.05116012, MAE_E=  441.81 meV, MAE_F=   92.85 meV / A
2025-04-29 14:23:43.555 INFO: Epoch 56: head: validation, loss=0.05413203, MAE_E=  441.17 meV, MAE_F=   93.38 meV / A
2025-04-29 14:23:45.727 INFO: Epoch 57: head: train, loss=0.04046686, MAE_E=  476.55 meV, MAE_F=   84.38 meV / A
2025-04-29 14:23:46.338 INFO: Epoch 57: head: validation, loss=0.04344875, MAE_E=  476.37 meV, MAE_F=   85.21 meV / A
2025-04-29 14:23:48.361 INFO: Epoch 58: head: train, loss=0.03163235, MAE_E=  475.71 meV, MAE_F=   76.34 meV / A
2025-04-29 14:23:48.949 INFO: Epoch 58: head: validation, loss=0.03435724, MAE_E=  475.76 meV, MAE_F=   77.06 meV / A
2025-04-29 14:23:51.038 INFO: Epoch 59: head: train, loss=0.02287104, MAE_E=  445.87 meV, MAE_F=   66.86 meV / A
2025-04-29 14:23:51.549 INFO: Epoch 59: head: validation, loss=0.02511681, MAE_E=  446.34 meV, MAE_F=   67.46 meV / A
2025-04-29 14:23:53.747 INFO: Epoch 60: head: train, loss=0.01860839, MAE_E=  403.21 meV, MAE_F=   60.59 meV / A
2025-04-29 14:23:54.292 INFO: Epoch 60: head: validation, loss=0.02044889, MAE_E=  403.84 meV, MAE_F=   61.15 meV / A
2025-04-29 14:23:56.484 INFO: Epoch 61: head: train, loss=0.01843411, MAE_E=  426.32 meV, MAE_F=   56.38 meV / A
2025-04-29 14:23:56.985 INFO: Epoch 61: head: validation, loss=0.02009352, MAE_E=  426.93 meV, MAE_F=   56.81 meV / A
2025-04-29 14:23:59.147 INFO: Epoch 62: head: train, loss=0.01465343, MAE_E=  354.90 meV, MAE_F=   50.03 meV / A
2025-04-29 14:23:59.716 INFO: Epoch 62: head: validation, loss=0.01607306, MAE_E=  355.12 meV, MAE_F=   50.63 meV / A
2025-04-29 14:24:01.883 INFO: Epoch 63: head: train, loss=0.01451847, MAE_E=  317.14 meV, MAE_F=   47.56 meV / A
2025-04-29 14:24:02.485 INFO: Epoch 63: head: validation, loss=0.01606675, MAE_E=  317.05 meV, MAE_F=   48.90 meV / A
2025-04-29 14:24:04.852 INFO: Epoch 64: head: train, loss=0.03345335, MAE_E=  659.85 meV, MAE_F=   69.21 meV / A
2025-04-29 14:24:05.369 INFO: Epoch 64: head: validation, loss=0.03553894, MAE_E=  658.46 meV, MAE_F=   70.05 meV / A
2025-04-29 14:24:07.611 INFO: Epoch 65: head: train, loss=0.04856270, MAE_E=  544.72 meV, MAE_F=   82.13 meV / A
2025-04-29 14:24:08.106 INFO: Epoch 65: head: validation, loss=0.05088350, MAE_E=  542.57 meV, MAE_F=   82.18 meV / A
2025-04-29 14:24:10.201 INFO: Epoch 66: head: train, loss=0.05168753, MAE_E=  493.82 meV, MAE_F=   85.54 meV / A
2025-04-29 14:24:10.744 INFO: Epoch 66: head: validation, loss=0.05356391, MAE_E=  491.22 meV, MAE_F=   85.10 meV / A
2025-04-29 14:24:10.745 INFO: Stopping optimization after 20 epochs without improvement
2025-04-29 14:24:10.745 INFO: Training complete
!!!!!!!!!!!!!!!!!!!!!!!!!!!!!!!!!!!!!!!!!!!!!!!!
!!!!!!!!!!!!!!!!!!!!!!!!!!!!!!!!!!!!!!!!!!!!!!!
tensor([0.8443], device='cuda:0') tensor(0., device='cuda:0')
2025-04-29 14:24:10.765 INFO: 
2025-04-29 14:24:10.765 INFO: ===========FINISHED TRAINING===========
2025-04-29 14:24:10.765 INFO: eveluation
2025-04-29 14:24:10.766 INFO: The scale is [0.8443222] and shift is 0.0
2025-04-29 14:24:10.893 INFO: Energy Mean: -23365.89924045139, Variance: 0.034499265411753716
2025-04-29 14:24:11.185 INFO: Energy RMSE: 0.2772343158721924
2025-04-29 14:24:11.185 INFO: Energy R2: -1.2278404677517711
2025-04-29 14:24:11.185 INFO: Energy MAE: 0.27547743916511536
90
(90, 4, 3)
torch.Size([90, 4, 3])
2025-04-29 14:24:11.186 INFO: Forces RMSE: 0.2723919119603322
2025-04-29 14:24:11.186 INFO: Forces R2: 0.9684011828360733
2025-04-29 14:24:11.681 INFO: Energy Mean: -23365.867198350694, Variance: 0.04158130210122945
2025-04-29 14:24:11.810 INFO: Loading checkpoint: results/latent_charge_embed/bi4-2_logs//sample_0//checkpoints/bi4-2_run-123_epoch-46.pt
2025-04-29 14:24:11.855 INFO: Loaded Stage one model from epoch 46 for evaluation
2025-04-29 14:24:11.855 INFO: Saving model to results/latent_charge_embed/bi4-2_logs/sample_0/checkpoints/bi4-2_run-123.model
2025-04-29 14:24:12.023 INFO: Compiling model, saving metadata to results/latent_charge_embed/bi4-2_logs/sample_0/bi4-2_compiled.model
2025-04-29 14:24:12.121 INFO: Done
Loading saved bootstrap sample 1
Training model 1
Using latent charge and penalty 1
2025-04-29 14:24:12.692 INFO: ===========VERIFYING SETTINGS===========
2025-04-29 14:24:12.693 INFO: MACE version: 0.3.10
2025-04-29 14:24:12.693 INFO: CUDA version: 12.1, CUDA device: 0
default
2025-04-29 14:24:12.698 INFO: ===========LOADING INPUT DATA===========
2025-04-29 14:24:12.698 INFO: Using heads: ['default']
2025-04-29 14:24:12.698 INFO: =============    Processing head default     ===========
2025-04-29 14:24:12.698 INFO: Total number of configurations: train=360, valid=90, 
2025-04-29 14:24:12.702 INFO: Atomic Numbers used: [83]
2025-04-29 14:24:12.702 INFO: Computing average Atomic Energies using least squares regression
{'default': {83: -5841.4734090169295}}
2025-04-29 14:24:12.707 INFO: Atomic Energies used (z: eV) for head default: {83: -5841.4734090169295}
2025-04-29 14:24:12.824 INFO: Computing average number of neighbors
2025-04-29 14:24:13.347 INFO: Average number of neighbors: 3.0
2025-04-29 14:24:13.347 INFO: During training the following quantities will be reported: energy, forces
2025-04-29 14:24:13.347 INFO: ===========MODEL DETAILS===========
2025-04-29 14:24:13.349 INFO: Building model
2025-04-29 14:24:13.349 INFO: Message passing with 128 channels and max_L=1 (128x0e+128x1o)
2025-04-29 14:24:13.349 INFO: 2 layers, each with correlation order: 3 (body order: 4) and spherical harmonics up to: l=3
2025-04-29 14:24:13.349 INFO: 8 radial and 5 basis functions
2025-04-29 14:24:13.349 INFO: Radial cutoff: 9.0 A (total receptive field for each atom: 18.0 A)
2025-04-29 14:24:13.349 INFO: Distance transform for radial basis functions: None
2025-04-29 14:24:13.349 INFO: Hidden irreps: 128x0e+128x1o
2025-04-29 14:24:13.829 INFO: Mean: -0.0002598617991845293, Std: [0.7573009]
0.0 [0.7573009]
2025-04-29 14:24:13.829 INFO: Scale: [0.7573009], Shift: 0.0
2025-04-29 14:24:15.068 INFO: Total number of parameters: 509618
2025-04-29 14:24:15.068 INFO: 
2025-04-29 14:24:15.068 INFO: ===========OPTIMIZER INFORMATION===========
2025-04-29 14:24:15.068 INFO: Using ADAM as parameter optimizer
2025-04-29 14:24:15.068 INFO: Batch size: 32
2025-04-29 14:24:15.068 INFO: Using Exponential Moving Average with decay: 0.99
2025-04-29 14:24:15.068 INFO: Number of gradient updates: 2250
2025-04-29 14:24:15.069 INFO: Learning rate: 0.01, weight decay: 5e-07
2025-04-29 14:24:15.069 INFO: WeightedEnergyForcesChargeLoss(energy_weight=1.000, forces_weight=100.000, charge_penalty_weight=1.000)
2025-04-29 14:24:15.070 INFO: Using gradient clipping with tolerance=10.000
2025-04-29 14:24:15.070 INFO: 
2025-04-29 14:24:15.070 INFO: ===========TRAINING===========
2025-04-29 14:24:15.070 INFO: Started training, reporting errors on validation set
2025-04-29 14:24:15.070 INFO: Loss metrics on validation set
2025-04-29 14:24:15.940 INFO: Initial: head: validation, loss=6.11451439, MAE_E= 7511.61 meV, MAE_F=  561.58 meV / A
2025-04-29 14:24:18.175 INFO: Epoch 0: head: train, loss=0.37179476, MAE_E= 4035.89 meV, MAE_F=  183.45 meV / A
2025-04-29 14:24:18.924 INFO: Epoch 0: head: validation, loss=0.46190630, MAE_E= 4037.86 meV, MAE_F=  196.72 meV / A
2025-04-29 14:24:21.157 INFO: Epoch 1: head: train, loss=0.09692691, MAE_E=  366.06 meV, MAE_F=  108.78 meV / A
2025-04-29 14:24:21.749 INFO: Epoch 1: head: validation, loss=0.15959810, MAE_E=  359.91 meV, MAE_F=  120.78 meV / A
2025-04-29 14:24:24.084 INFO: Epoch 2: head: train, loss=0.03090594, MAE_E=  138.30 meV, MAE_F=   72.03 meV / A
2025-04-29 14:24:24.683 INFO: Epoch 2: head: validation, loss=0.05430540, MAE_E=  139.06 meV, MAE_F=   82.87 meV / A
2025-04-29 14:24:27.004 INFO: Epoch 3: head: train, loss=0.05746121, MAE_E=  295.12 meV, MAE_F=  103.55 meV / A
2025-04-29 14:24:27.691 INFO: Epoch 3: head: validation, loss=0.07839343, MAE_E=  297.09 meV, MAE_F=  108.70 meV / A
2025-04-29 14:24:29.932 INFO: Epoch 4: head: train, loss=0.02378014, MAE_E=   28.99 meV, MAE_F=   61.23 meV / A
2025-04-29 14:24:30.544 INFO: Epoch 4: head: validation, loss=0.03394782, MAE_E=   27.85 meV, MAE_F=   68.30 meV / A
2025-04-29 14:24:32.814 INFO: Epoch 5: head: train, loss=0.09229688, MAE_E=  599.20 meV, MAE_F=  123.92 meV / A
2025-04-29 14:24:33.392 INFO: Epoch 5: head: validation, loss=0.11810332, MAE_E=  600.45 meV, MAE_F=  130.71 meV / A
2025-04-29 14:24:35.753 INFO: Epoch 6: head: train, loss=0.19570076, MAE_E= 1492.50 meV, MAE_F=  158.60 meV / A
2025-04-29 14:24:36.342 INFO: Epoch 6: head: validation, loss=0.28448469, MAE_E= 1482.12 meV, MAE_F=  169.02 meV / A
2025-04-29 14:24:38.617 INFO: Epoch 7: head: train, loss=0.07444263, MAE_E=  438.14 meV, MAE_F=  101.11 meV / A
2025-04-29 14:24:39.332 INFO: Epoch 7: head: validation, loss=0.11742894, MAE_E=  437.36 meV, MAE_F=  107.96 meV / A
2025-04-29 14:24:41.661 INFO: Epoch 8: head: train, loss=0.05350009, MAE_E=  291.47 meV, MAE_F=   89.36 meV / A
2025-04-29 14:24:42.205 INFO: Epoch 8: head: validation, loss=0.08555068, MAE_E=  291.75 meV, MAE_F=   96.54 meV / A
2025-04-29 14:24:44.532 INFO: Epoch 9: head: train, loss=0.03129909, MAE_E=   70.49 meV, MAE_F=   71.57 meV / A
2025-04-29 14:24:45.150 INFO: Epoch 9: head: validation, loss=0.05121170, MAE_E=   69.47 meV, MAE_F=   78.50 meV / A
2025-04-29 14:24:47.381 INFO: Epoch 10: head: train, loss=0.03222248, MAE_E=  538.24 meV, MAE_F=   71.39 meV / A
2025-04-29 14:24:48.086 INFO: Epoch 10: head: validation, loss=0.05286367, MAE_E=  538.19 meV, MAE_F=   76.44 meV / A
2025-04-29 14:24:50.391 INFO: Epoch 11: head: train, loss=0.04037785, MAE_E=  459.20 meV, MAE_F=   79.91 meV / A
2025-04-29 14:24:51.058 INFO: Epoch 11: head: validation, loss=0.05303963, MAE_E=  453.82 meV, MAE_F=   87.71 meV / A
2025-04-29 14:24:53.293 INFO: Epoch 12: head: train, loss=0.04939403, MAE_E=   29.39 meV, MAE_F=   78.20 meV / A
2025-04-29 14:24:53.920 INFO: Epoch 12: head: validation, loss=0.08109084, MAE_E=   35.82 meV, MAE_F=   85.08 meV / A
2025-04-29 14:24:56.183 INFO: Epoch 13: head: train, loss=0.05345422, MAE_E=   53.23 meV, MAE_F=   82.83 meV / A
2025-04-29 14:24:56.772 INFO: Epoch 13: head: validation, loss=0.08674342, MAE_E=   58.27 meV, MAE_F=   89.58 meV / A
2025-04-29 14:24:58.968 INFO: Epoch 14: head: train, loss=0.03781915, MAE_E=   61.13 meV, MAE_F=   75.70 meV / A
2025-04-29 14:24:59.598 INFO: Epoch 14: head: validation, loss=0.06052994, MAE_E=   64.55 meV, MAE_F=   80.62 meV / A
2025-04-29 14:25:01.802 INFO: Epoch 15: head: train, loss=0.02993348, MAE_E=   85.89 meV, MAE_F=   69.64 meV / A
2025-04-29 14:25:02.404 INFO: Epoch 15: head: validation, loss=0.04796469, MAE_E=   87.35 meV, MAE_F=   74.41 meV / A
2025-04-29 14:25:04.809 INFO: Epoch 16: head: train, loss=0.03407259, MAE_E=  154.63 meV, MAE_F=   72.07 meV / A
2025-04-29 14:25:05.577 INFO: Epoch 16: head: validation, loss=0.05308474, MAE_E=  153.46 meV, MAE_F=   77.14 meV / A
2025-04-29 14:25:07.921 INFO: Epoch 17: head: train, loss=0.02625519, MAE_E=   18.36 meV, MAE_F=   64.52 meV / A
2025-04-29 14:25:08.575 INFO: Epoch 17: head: validation, loss=0.04273763, MAE_E=   25.18 meV, MAE_F=   68.76 meV / A
2025-04-29 14:25:10.917 INFO: Epoch 18: head: train, loss=0.02194128, MAE_E=  596.38 meV, MAE_F=   61.90 meV / A
2025-04-29 14:25:11.512 INFO: Epoch 18: head: validation, loss=0.03326713, MAE_E=  598.26 meV, MAE_F=   67.25 meV / A
2025-04-29 14:25:13.786 INFO: Epoch 19: head: train, loss=0.03427971, MAE_E=  193.74 meV, MAE_F=   72.17 meV / A
2025-04-29 14:25:14.371 INFO: Epoch 19: head: validation, loss=0.05734275, MAE_E=  194.67 meV, MAE_F=   79.42 meV / A
2025-04-29 14:25:16.531 INFO: Epoch 20: head: train, loss=0.04399833, MAE_E=  426.92 meV, MAE_F=   82.48 meV / A
2025-04-29 14:25:17.238 INFO: Epoch 20: head: validation, loss=0.06992589, MAE_E=  428.12 meV, MAE_F=   89.22 meV / A
2025-04-29 14:25:19.445 INFO: Epoch 21: head: train, loss=0.06253319, MAE_E=  210.32 meV, MAE_F=   87.67 meV / A
2025-04-29 14:25:20.050 INFO: Epoch 21: head: validation, loss=0.09843183, MAE_E=  207.15 meV, MAE_F=   94.01 meV / A
2025-04-29 14:25:22.480 INFO: Epoch 22: head: train, loss=0.10775129, MAE_E=  439.48 meV, MAE_F=  116.90 meV / A
2025-04-29 14:25:23.032 INFO: Epoch 22: head: validation, loss=0.16814184, MAE_E=  434.06 meV, MAE_F=  124.17 meV / A
2025-04-29 14:25:25.452 INFO: Epoch 23: head: train, loss=0.08894688, MAE_E=  594.08 meV, MAE_F=  107.74 meV / A
2025-04-29 14:25:26.072 INFO: Epoch 23: head: validation, loss=0.13804750, MAE_E=  593.22 meV, MAE_F=  115.77 meV / A
2025-04-29 14:25:28.439 INFO: Epoch 24: head: train, loss=0.06449826, MAE_E=  253.94 meV, MAE_F=   97.68 meV / A
2025-04-29 14:25:29.079 INFO: Epoch 24: head: validation, loss=0.10279134, MAE_E=  255.35 meV, MAE_F=  105.64 meV / A
2025-04-29 14:25:31.277 INFO: Epoch 25: head: train, loss=0.05136795, MAE_E=  194.52 meV, MAE_F=   90.19 meV / A
2025-04-29 14:25:31.838 INFO: Epoch 25: head: validation, loss=0.08203153, MAE_E=  196.55 meV, MAE_F=   98.24 meV / A
2025-04-29 14:25:34.079 INFO: Epoch 26: head: train, loss=0.04278182, MAE_E=  450.55 meV, MAE_F=   83.35 meV / A
2025-04-29 14:25:34.769 INFO: Epoch 26: head: validation, loss=0.06759178, MAE_E=  452.34 meV, MAE_F=   89.72 meV / A
2025-04-29 14:25:37.063 INFO: Epoch 27: head: train, loss=0.04027797, MAE_E=   58.16 meV, MAE_F=   79.83 meV / A
2025-04-29 14:25:37.676 INFO: Epoch 27: head: validation, loss=0.06429061, MAE_E=   62.47 meV, MAE_F=   85.38 meV / A
2025-04-29 14:25:40.090 INFO: Epoch 28: head: train, loss=0.03673814, MAE_E=  113.71 meV, MAE_F=   78.28 meV / A
2025-04-29 14:25:40.671 INFO: Epoch 28: head: validation, loss=0.05649759, MAE_E=  115.10 meV, MAE_F=   83.21 meV / A
2025-04-29 14:25:42.845 INFO: Epoch 29: head: train, loss=0.05527100, MAE_E= 1456.89 meV, MAE_F=   98.00 meV / A
2025-04-29 14:25:43.491 INFO: Epoch 29: head: validation, loss=0.07616021, MAE_E= 1458.20 meV, MAE_F=  101.92 meV / A
2025-04-29 14:25:45.826 INFO: Epoch 30: head: train, loss=0.06602698, MAE_E= 1239.99 meV, MAE_F=  107.18 meV / A
2025-04-29 14:25:46.520 INFO: Epoch 30: head: validation, loss=0.08360890, MAE_E= 1244.79 meV, MAE_F=  111.04 meV / A
2025-04-29 14:25:48.807 INFO: Epoch 31: head: train, loss=0.05576257, MAE_E=  120.29 meV, MAE_F=  100.35 meV / A
2025-04-29 14:25:49.392 INFO: Epoch 31: head: validation, loss=0.08341828, MAE_E=  122.16 meV, MAE_F=  104.92 meV / A
2025-04-29 14:25:51.632 INFO: Epoch 32: head: train, loss=0.07964760, MAE_E=  513.81 meV, MAE_F=  115.81 meV / A
2025-04-29 14:25:52.191 INFO: Epoch 32: head: validation, loss=0.09397817, MAE_E=  522.78 meV, MAE_F=  121.32 meV / A
2025-04-29 14:25:54.348 INFO: Epoch 33: head: train, loss=0.09561081, MAE_E=  132.06 meV, MAE_F=  130.23 meV / A
2025-04-29 14:25:54.943 INFO: Epoch 33: head: validation, loss=0.11594812, MAE_E=  144.38 meV, MAE_F=  137.76 meV / A
2025-04-29 14:25:57.279 INFO: Epoch 34: head: train, loss=0.07500918, MAE_E=   86.28 meV, MAE_F=  120.00 meV / A
2025-04-29 14:25:57.864 INFO: Epoch 34: head: validation, loss=0.09291319, MAE_E=   80.29 meV, MAE_F=  128.20 meV / A
2025-04-29 14:26:00.172 INFO: Epoch 35: head: train, loss=0.08385965, MAE_E=  283.21 meV, MAE_F=  125.54 meV / A
2025-04-29 14:26:00.752 INFO: Epoch 35: head: validation, loss=0.10209538, MAE_E=  272.19 meV, MAE_F=  132.92 meV / A
2025-04-29 14:26:03.214 INFO: Epoch 36: head: train, loss=0.08985967, MAE_E=  778.60 meV, MAE_F=  120.94 meV / A
2025-04-29 14:26:03.812 INFO: Epoch 36: head: validation, loss=0.10700517, MAE_E=  789.02 meV, MAE_F=  127.82 meV / A
2025-04-29 14:26:06.250 INFO: Epoch 37: head: train, loss=0.10043799, MAE_E=  154.04 meV, MAE_F=  113.08 meV / A
2025-04-29 14:26:06.911 INFO: Epoch 37: head: validation, loss=0.11468699, MAE_E=  163.64 meV, MAE_F=  119.05 meV / A
2025-04-29 14:26:09.215 INFO: Epoch 38: head: train, loss=0.09066094, MAE_E=  416.06 meV, MAE_F=  102.13 meV / A
2025-04-29 14:26:09.866 INFO: Epoch 38: head: validation, loss=0.10296967, MAE_E=  424.45 meV, MAE_F=  107.86 meV / A
2025-04-29 14:26:09.867 INFO: Stopping optimization after 20 epochs without improvement
2025-04-29 14:26:09.867 INFO: Training complete
!!!!!!!!!!!!!!!!!!!!!!!!!!!!!!!!!!!!!!!!!!!!!!!!
!!!!!!!!!!!!!!!!!!!!!!!!!!!!!!!!!!!!!!!!!!!!!!!
tensor([0.7573], device='cuda:0') tensor(0., device='cuda:0')
2025-04-29 14:26:09.870 INFO: 
2025-04-29 14:26:09.870 INFO: ===========FINISHED TRAINING===========
2025-04-29 14:26:09.870 INFO: eveluation
2025-04-29 14:26:09.870 INFO: The scale is [0.7573009] and shift is 0.0
2025-04-29 14:26:09.998 INFO: Energy Mean: -23365.84236111111, Variance: 0.05109085459768037
2025-04-29 14:26:10.260 INFO: Energy RMSE: 1.8059210777282715
2025-04-29 14:26:10.260 INFO: Energy R2: -62.834345562988815
2025-04-29 14:26:10.260 INFO: Energy MAE: 1.8058159351348877
90
(90, 4, 3)
torch.Size([90, 4, 3])
2025-04-29 14:26:10.261 INFO: Forces RMSE: 0.18579809330702274
2025-04-29 14:26:10.261 INFO: Forces R2: 0.9885194710168066
2025-04-29 14:26:12.450 INFO: Energy Mean: -23365.893636067707, Variance: 0.025777788956960042
2025-04-29 14:26:12.574 INFO: Loading checkpoint: results/latent_charge_embed/bi4-2_logs//sample_1//checkpoints/bi4-2_run-123_epoch-18.pt
2025-04-29 14:26:12.623 INFO: Loaded Stage one model from epoch 18 for evaluation
2025-04-29 14:26:12.623 INFO: Saving model to results/latent_charge_embed/bi4-2_logs/sample_1/checkpoints/bi4-2_run-123.model
2025-04-29 14:26:12.789 INFO: Compiling model, saving metadata to results/latent_charge_embed/bi4-2_logs/sample_1/bi4-2_compiled.model
2025-04-29 14:26:12.881 INFO: Done
Loading saved bootstrap sample 2
Training model 2
Using latent charge and penalty 1
2025-04-29 14:26:13.465 INFO: ===========VERIFYING SETTINGS===========
2025-04-29 14:26:13.465 INFO: MACE version: 0.3.10
2025-04-29 14:26:13.465 INFO: CUDA version: 12.1, CUDA device: 0
default
2025-04-29 14:26:13.470 INFO: ===========LOADING INPUT DATA===========
2025-04-29 14:26:13.470 INFO: Using heads: ['default']
2025-04-29 14:26:13.470 INFO: =============    Processing head default     ===========
2025-04-29 14:26:13.470 INFO: Total number of configurations: train=360, valid=90, 
2025-04-29 14:26:13.474 INFO: Atomic Numbers used: [83]
2025-04-29 14:26:13.474 INFO: Computing average Atomic Energies using least squares regression
{'default': {83: -5841.468911404081}}
2025-04-29 14:26:13.479 INFO: Atomic Energies used (z: eV) for head default: {83: -5841.468911404081}
2025-04-29 14:26:13.599 INFO: Computing average number of neighbors
2025-04-29 14:26:14.134 INFO: Average number of neighbors: 3.0
2025-04-29 14:26:14.134 INFO: During training the following quantities will be reported: energy, forces
2025-04-29 14:26:14.134 INFO: ===========MODEL DETAILS===========
2025-04-29 14:26:14.136 INFO: Building model
2025-04-29 14:26:14.136 INFO: Message passing with 128 channels and max_L=1 (128x0e+128x1o)
2025-04-29 14:26:14.136 INFO: 2 layers, each with correlation order: 3 (body order: 4) and spherical harmonics up to: l=3
2025-04-29 14:26:14.136 INFO: 8 radial and 5 basis functions
2025-04-29 14:26:14.136 INFO: Radial cutoff: 9.0 A (total receptive field for each atom: 18.0 A)
2025-04-29 14:26:14.137 INFO: Distance transform for radial basis functions: None
2025-04-29 14:26:14.137 INFO: Hidden irreps: 128x0e+128x1o
2025-04-29 14:26:14.685 INFO: Mean: -0.0005945995587601581, Std: [0.79704188]
0.0 [0.79704188]
2025-04-29 14:26:14.685 INFO: Scale: [0.79704188], Shift: 0.0
2025-04-29 14:26:15.929 INFO: Total number of parameters: 509618
2025-04-29 14:26:15.929 INFO: 
2025-04-29 14:26:15.929 INFO: ===========OPTIMIZER INFORMATION===========
2025-04-29 14:26:15.929 INFO: Using ADAM as parameter optimizer
2025-04-29 14:26:15.929 INFO: Batch size: 32
2025-04-29 14:26:15.930 INFO: Using Exponential Moving Average with decay: 0.99
2025-04-29 14:26:15.930 INFO: Number of gradient updates: 2250
2025-04-29 14:26:15.930 INFO: Learning rate: 0.01, weight decay: 5e-07
2025-04-29 14:26:15.930 INFO: WeightedEnergyForcesChargeLoss(energy_weight=1.000, forces_weight=100.000, charge_penalty_weight=1.000)
2025-04-29 14:26:15.931 INFO: Using gradient clipping with tolerance=10.000
2025-04-29 14:26:15.931 INFO: 
2025-04-29 14:26:15.931 INFO: ===========TRAINING===========
2025-04-29 14:26:15.931 INFO: Started training, reporting errors on validation set
2025-04-29 14:26:15.931 INFO: Loss metrics on validation set
2025-04-29 14:26:16.826 INFO: Initial: head: validation, loss=5.26567225, MAE_E= 7995.62 meV, MAE_F=  496.14 meV / A
2025-04-29 14:26:19.172 INFO: Epoch 0: head: train, loss=0.50395840, MAE_E=  435.34 meV, MAE_F=  229.08 meV / A
2025-04-29 14:26:19.959 INFO: Epoch 0: head: validation, loss=0.38311373, MAE_E=  451.40 meV, MAE_F=  200.37 meV / A
2025-04-29 14:26:22.428 INFO: Epoch 1: head: train, loss=0.38326560, MAE_E= 1968.67 meV, MAE_F=  243.37 meV / A
2025-04-29 14:26:23.032 INFO: Epoch 1: head: validation, loss=0.36303007, MAE_E= 1967.64 meV, MAE_F=  233.58 meV / A
2025-04-29 14:26:25.370 INFO: Epoch 2: head: train, loss=0.18462817, MAE_E=  259.25 meV, MAE_F=  154.56 meV / A
2025-04-29 14:26:25.989 INFO: Epoch 2: head: validation, loss=0.13596179, MAE_E=  250.50 meV, MAE_F=  134.69 meV / A
2025-04-29 14:26:28.278 INFO: Epoch 3: head: train, loss=0.10338221, MAE_E=  442.35 meV, MAE_F=  126.49 meV / A
2025-04-29 14:26:28.917 INFO: Epoch 3: head: validation, loss=0.08944486, MAE_E=  442.72 meV, MAE_F=  118.32 meV / A
2025-04-29 14:26:31.417 INFO: Epoch 4: head: train, loss=0.06003095, MAE_E=   32.26 meV, MAE_F=   93.63 meV / A
2025-04-29 14:26:32.041 INFO: Epoch 4: head: validation, loss=0.04811128, MAE_E=   30.01 meV, MAE_F=   87.86 meV / A
2025-04-29 14:26:34.345 INFO: Epoch 5: head: train, loss=0.04567083, MAE_E=   35.60 meV, MAE_F=   82.73 meV / A
2025-04-29 14:26:35.033 INFO: Epoch 5: head: validation, loss=0.03578360, MAE_E=   35.23 meV, MAE_F=   76.25 meV / A
2025-04-29 14:26:37.544 INFO: Epoch 6: head: train, loss=0.04993420, MAE_E=  234.58 meV, MAE_F=   90.68 meV / A
2025-04-29 14:26:38.200 INFO: Epoch 6: head: validation, loss=0.04838120, MAE_E=  237.26 meV, MAE_F=   87.67 meV / A
2025-04-29 14:26:40.613 INFO: Epoch 7: head: train, loss=0.02314565, MAE_E=   65.81 meV, MAE_F=   61.43 meV / A
2025-04-29 14:26:41.309 INFO: Epoch 7: head: validation, loss=0.02001412, MAE_E=   65.66 meV, MAE_F=   57.76 meV / A
2025-04-29 14:26:43.630 INFO: Epoch 8: head: train, loss=0.01963231, MAE_E=  256.24 meV, MAE_F=   57.25 meV / A
2025-04-29 14:26:44.193 INFO: Epoch 8: head: validation, loss=0.01729223, MAE_E=  256.50 meV, MAE_F=   52.98 meV / A
2025-04-29 14:26:46.473 INFO: Epoch 9: head: train, loss=0.02628906, MAE_E=  432.58 meV, MAE_F=   61.04 meV / A
2025-04-29 14:26:47.117 INFO: Epoch 9: head: validation, loss=0.02048032, MAE_E=  430.04 meV, MAE_F=   53.46 meV / A
2025-04-29 14:26:49.452 INFO: Epoch 10: head: train, loss=0.03829416, MAE_E=  134.99 meV, MAE_F=   70.75 meV / A
2025-04-29 14:26:50.178 INFO: Epoch 10: head: validation, loss=0.02700325, MAE_E=  137.64 meV, MAE_F=   61.31 meV / A
2025-04-29 14:26:52.369 INFO: Epoch 11: head: train, loss=0.02465428, MAE_E=  117.95 meV, MAE_F=   59.12 meV / A
2025-04-29 14:26:52.960 INFO: Epoch 11: head: validation, loss=0.01785665, MAE_E=  116.28 meV, MAE_F=   52.80 meV / A
2025-04-29 14:26:55.261 INFO: Epoch 12: head: train, loss=0.01719602, MAE_E=  248.49 meV, MAE_F=   53.01 meV / A
2025-04-29 14:26:55.851 INFO: Epoch 12: head: validation, loss=0.01400486, MAE_E=  248.19 meV, MAE_F=   48.30 meV / A
2025-04-29 14:26:58.169 INFO: Epoch 13: head: train, loss=0.02697154, MAE_E= 1005.32 meV, MAE_F=   73.29 meV / A
2025-04-29 14:26:58.838 INFO: Epoch 13: head: validation, loss=0.02675962, MAE_E= 1007.00 meV, MAE_F=   70.84 meV / A
2025-04-29 14:27:01.198 INFO: Epoch 14: head: train, loss=0.01882850, MAE_E=  611.06 meV, MAE_F=   59.96 meV / A
2025-04-29 14:27:01.894 INFO: Epoch 14: head: validation, loss=0.01686831, MAE_E=  611.44 meV, MAE_F=   55.56 meV / A
2025-04-29 14:27:04.074 INFO: Epoch 15: head: train, loss=0.01610638, MAE_E=  505.37 meV, MAE_F=   52.24 meV / A
2025-04-29 14:27:04.738 INFO: Epoch 15: head: validation, loss=0.01258512, MAE_E=  504.94 meV, MAE_F=   46.49 meV / A
2025-04-29 14:27:07.139 INFO: Epoch 16: head: train, loss=0.01349788, MAE_E=  454.82 meV, MAE_F=   46.82 meV / A
2025-04-29 14:27:07.801 INFO: Epoch 16: head: validation, loss=0.01020038, MAE_E=  454.11 meV, MAE_F=   40.88 meV / A
2025-04-29 14:27:10.230 INFO: Epoch 17: head: train, loss=0.14211790, MAE_E= 2362.57 meV, MAE_F=  175.53 meV / A
2025-04-29 14:27:10.832 INFO: Epoch 17: head: validation, loss=0.15389021, MAE_E= 2357.61 meV, MAE_F=  178.61 meV / A
2025-04-29 14:27:13.065 INFO: Epoch 18: head: train, loss=0.17602378, MAE_E= 2219.57 meV, MAE_F=  189.03 meV / A
2025-04-29 14:27:13.732 INFO: Epoch 18: head: validation, loss=0.18424724, MAE_E= 2215.15 meV, MAE_F=  189.03 meV / A
2025-04-29 14:27:16.079 INFO: Epoch 19: head: train, loss=0.10004879, MAE_E= 1064.71 meV, MAE_F=  138.64 meV / A
2025-04-29 14:27:16.766 INFO: Epoch 19: head: validation, loss=0.09357301, MAE_E= 1064.07 meV, MAE_F=  132.29 meV / A
2025-04-29 14:27:19.098 INFO: Epoch 20: head: train, loss=0.05918803, MAE_E=  251.60 meV, MAE_F=  106.20 meV / A
2025-04-29 14:27:19.745 INFO: Epoch 20: head: validation, loss=0.05146178, MAE_E=  251.45 meV, MAE_F=   99.49 meV / A
2025-04-29 14:27:22.117 INFO: Epoch 21: head: train, loss=0.03971750, MAE_E=  291.73 meV, MAE_F=   88.04 meV / A
2025-04-29 14:27:22.728 INFO: Epoch 21: head: validation, loss=0.03404172, MAE_E=  290.95 meV, MAE_F=   81.48 meV / A
2025-04-29 14:27:25.110 INFO: Epoch 22: head: train, loss=0.04577404, MAE_E=  139.83 meV, MAE_F=   79.39 meV / A
2025-04-29 14:27:25.692 INFO: Epoch 22: head: validation, loss=0.04147866, MAE_E=  138.79 meV, MAE_F=   72.31 meV / A
2025-04-29 14:27:28.002 INFO: Epoch 23: head: train, loss=0.03649243, MAE_E=  140.67 meV, MAE_F=   75.14 meV / A
2025-04-29 14:27:28.640 INFO: Epoch 23: head: validation, loss=0.03135205, MAE_E=  140.42 meV, MAE_F=   67.82 meV / A
2025-04-29 14:27:30.889 INFO: Epoch 24: head: train, loss=0.03067440, MAE_E=   86.82 meV, MAE_F=   66.96 meV / A
2025-04-29 14:27:31.602 INFO: Epoch 24: head: validation, loss=0.02670837, MAE_E=   86.34 meV, MAE_F=   61.25 meV / A
2025-04-29 14:27:33.980 INFO: Epoch 25: head: train, loss=0.02686346, MAE_E=  102.26 meV, MAE_F=   67.12 meV / A
2025-04-29 14:27:34.719 INFO: Epoch 25: head: validation, loss=0.02236360, MAE_E=  102.21 meV, MAE_F=   61.32 meV / A
2025-04-29 14:27:37.101 INFO: Epoch 26: head: train, loss=0.02028156, MAE_E=   75.58 meV, MAE_F=   60.97 meV / A
2025-04-29 14:27:37.682 INFO: Epoch 26: head: validation, loss=0.01797392, MAE_E=   75.06 meV, MAE_F=   57.28 meV / A
2025-04-29 14:27:39.974 INFO: Epoch 27: head: train, loss=0.02202729, MAE_E=   14.27 meV, MAE_F=   63.55 meV / A
2025-04-29 14:27:40.634 INFO: Epoch 27: head: validation, loss=0.01903246, MAE_E=   13.19 meV, MAE_F=   59.11 meV / A
2025-04-29 14:27:42.843 INFO: Epoch 28: head: train, loss=0.02411598, MAE_E=   42.65 meV, MAE_F=   62.97 meV / A
2025-04-29 14:27:43.502 INFO: Epoch 28: head: validation, loss=0.02227485, MAE_E=   42.14 meV, MAE_F=   59.39 meV / A
2025-04-29 14:27:45.886 INFO: Epoch 29: head: train, loss=0.02186567, MAE_E=   18.29 meV, MAE_F=   61.51 meV / A
2025-04-29 14:27:46.576 INFO: Epoch 29: head: validation, loss=0.01967529, MAE_E=   17.25 meV, MAE_F=   57.91 meV / A
2025-04-29 14:27:48.999 INFO: Epoch 30: head: train, loss=0.02728081, MAE_E=  193.41 meV, MAE_F=   65.04 meV / A
2025-04-29 14:27:49.679 INFO: Epoch 30: head: validation, loss=0.02299085, MAE_E=  193.97 meV, MAE_F=   59.80 meV / A
2025-04-29 14:27:52.107 INFO: Epoch 31: head: train, loss=0.02485516, MAE_E=   14.92 meV, MAE_F=   62.37 meV / A
2025-04-29 14:27:52.694 INFO: Epoch 31: head: validation, loss=0.01995809, MAE_E=   13.01 meV, MAE_F=   57.37 meV / A
2025-04-29 14:27:54.989 INFO: Epoch 32: head: train, loss=0.02140208, MAE_E=   60.59 meV, MAE_F=   59.76 meV / A
2025-04-29 14:27:55.600 INFO: Epoch 32: head: validation, loss=0.01763663, MAE_E=   61.44 meV, MAE_F=   55.11 meV / A
2025-04-29 14:27:57.965 INFO: Epoch 33: head: train, loss=0.01765464, MAE_E=   43.33 meV, MAE_F=   56.64 meV / A
2025-04-29 14:27:58.623 INFO: Epoch 33: head: validation, loss=0.01585174, MAE_E=   43.78 meV, MAE_F=   53.54 meV / A
2025-04-29 14:28:00.817 INFO: Epoch 34: head: train, loss=0.02574455, MAE_E=   81.39 meV, MAE_F=   64.53 meV / A
2025-04-29 14:28:01.401 INFO: Epoch 34: head: validation, loss=0.02128918, MAE_E=   80.96 meV, MAE_F=   59.33 meV / A
2025-04-29 14:28:03.741 INFO: Epoch 35: head: train, loss=0.03346185, MAE_E=   53.90 meV, MAE_F=   72.47 meV / A
2025-04-29 14:28:04.466 INFO: Epoch 35: head: validation, loss=0.02762192, MAE_E=   55.07 meV, MAE_F=   66.60 meV / A
2025-04-29 14:28:06.659 INFO: Epoch 36: head: train, loss=0.03183299, MAE_E=   16.66 meV, MAE_F=   70.19 meV / A
2025-04-29 14:28:07.329 INFO: Epoch 36: head: validation, loss=0.02573540, MAE_E=   14.56 meV, MAE_F=   64.46 meV / A
2025-04-29 14:28:07.330 INFO: Stopping optimization after 20 epochs without improvement
2025-04-29 14:28:07.330 INFO: Training complete
!!!!!!!!!!!!!!!!!!!!!!!!!!!!!!!!!!!!!!!!!!!!!!!!
!!!!!!!!!!!!!!!!!!!!!!!!!!!!!!!!!!!!!!!!!!!!!!!
tensor([0.7970], device='cuda:0') tensor(0., device='cuda:0')
2025-04-29 14:28:07.333 INFO: 
2025-04-29 14:28:07.333 INFO: ===========FINISHED TRAINING===========
2025-04-29 14:28:07.333 INFO: eveluation
2025-04-29 14:28:07.333 INFO: The scale is [0.79704188] and shift is 0.0
2025-04-29 14:28:07.461 INFO: Energy Mean: -23365.903233506946, Variance: 0.01869584495638624
2025-04-29 14:28:07.716 INFO: Energy RMSE: 0.058374881744384766
2025-04-29 14:28:07.716 INFO: Energy R2: 0.8177334755499435
2025-04-29 14:28:07.716 INFO: Energy MAE: 0.05199652910232544
90
(90, 4, 3)
torch.Size([90, 4, 3])
2025-04-29 14:28:07.717 INFO: Forces RMSE: 0.2613026734715979
2025-04-29 14:28:07.717 INFO: Forces R2: 0.9673857762815151
2025-04-29 14:28:08.199 INFO: Energy Mean: -23365.87564561632, Variance: 0.03776935645091681
2025-04-29 14:28:08.312 INFO: Loading checkpoint: results/latent_charge_embed/bi4-2_logs//sample_2//checkpoints/bi4-2_run-123_epoch-16.pt
2025-04-29 14:28:08.363 INFO: Loaded Stage one model from epoch 16 for evaluation
2025-04-29 14:28:08.364 INFO: Saving model to results/latent_charge_embed/bi4-2_logs/sample_2/checkpoints/bi4-2_run-123.model
2025-04-29 14:28:08.527 INFO: Compiling model, saving metadata to results/latent_charge_embed/bi4-2_logs/sample_2/bi4-2_compiled.model
2025-04-29 14:28:08.619 INFO: Done
Loading saved bootstrap sample 3
Training model 3
Using latent charge and penalty 1
2025-04-29 14:28:09.009 INFO: ===========VERIFYING SETTINGS===========
2025-04-29 14:28:09.010 INFO: MACE version: 0.3.10
2025-04-29 14:28:09.010 INFO: CUDA version: 12.1, CUDA device: 0
default
2025-04-29 14:28:09.015 INFO: ===========LOADING INPUT DATA===========
2025-04-29 14:28:09.015 INFO: Using heads: ['default']
2025-04-29 14:28:09.015 INFO: =============    Processing head default     ===========
2025-04-29 14:28:09.015 INFO: Total number of configurations: train=360, valid=90, 
2025-04-29 14:28:09.019 INFO: Atomic Numbers used: [83]
2025-04-29 14:28:09.019 INFO: Computing average Atomic Energies using least squares regression
{'default': {83: -5841.468412272136}}
2025-04-29 14:28:09.023 INFO: Atomic Energies used (z: eV) for head default: {83: -5841.468412272136}
2025-04-29 14:28:09.138 INFO: Computing average number of neighbors
2025-04-29 14:28:09.700 INFO: Average number of neighbors: 3.0
2025-04-29 14:28:09.701 INFO: During training the following quantities will be reported: energy, forces
2025-04-29 14:28:09.701 INFO: ===========MODEL DETAILS===========
2025-04-29 14:28:09.703 INFO: Building model
2025-04-29 14:28:09.703 INFO: Message passing with 128 channels and max_L=1 (128x0e+128x1o)
2025-04-29 14:28:09.703 INFO: 2 layers, each with correlation order: 3 (body order: 4) and spherical harmonics up to: l=3
2025-04-29 14:28:09.703 INFO: 8 radial and 5 basis functions
2025-04-29 14:28:09.703 INFO: Radial cutoff: 9.0 A (total receptive field for each atom: 18.0 A)
2025-04-29 14:28:09.703 INFO: Distance transform for radial basis functions: None
2025-04-29 14:28:09.703 INFO: Hidden irreps: 128x0e+128x1o
2025-04-29 14:28:10.306 INFO: Mean: 0.0003877581982372001, Std: [0.83276752]
0.0 [0.83276752]
2025-04-29 14:28:10.307 INFO: Scale: [0.83276752], Shift: 0.0
2025-04-29 14:28:11.789 INFO: Total number of parameters: 509618
2025-04-29 14:28:11.790 INFO: 
2025-04-29 14:28:11.790 INFO: ===========OPTIMIZER INFORMATION===========
2025-04-29 14:28:11.790 INFO: Using ADAM as parameter optimizer
2025-04-29 14:28:11.790 INFO: Batch size: 32
2025-04-29 14:28:11.790 INFO: Using Exponential Moving Average with decay: 0.99
2025-04-29 14:28:11.790 INFO: Number of gradient updates: 2250
2025-04-29 14:28:11.790 INFO: Learning rate: 0.01, weight decay: 5e-07
2025-04-29 14:28:11.790 INFO: WeightedEnergyForcesChargeLoss(energy_weight=1.000, forces_weight=100.000, charge_penalty_weight=1.000)
2025-04-29 14:28:11.792 INFO: Using gradient clipping with tolerance=10.000
2025-04-29 14:28:11.792 INFO: 
2025-04-29 14:28:11.792 INFO: ===========TRAINING===========
2025-04-29 14:28:11.792 INFO: Started training, reporting errors on validation set
2025-04-29 14:28:11.792 INFO: Loss metrics on validation set
2025-04-29 14:28:12.706 INFO: Initial: head: validation, loss=5.79779295, MAE_E= 8334.46 meV, MAE_F=  524.74 meV / A
2025-04-29 14:28:15.016 INFO: Epoch 0: head: train, loss=0.38398479, MAE_E= 3880.50 meV, MAE_F=  205.54 meV / A
2025-04-29 14:28:15.889 INFO: Epoch 0: head: validation, loss=0.36096824, MAE_E= 3889.72 meV, MAE_F=  189.12 meV / A
2025-04-29 14:28:18.387 INFO: Epoch 1: head: train, loss=0.18294452, MAE_E=  168.36 meV, MAE_F=  132.28 meV / A
2025-04-29 14:28:19.107 INFO: Epoch 1: head: validation, loss=0.17762494, MAE_E=  173.95 meV, MAE_F=  123.62 meV / A
2025-04-29 14:28:21.418 INFO: Epoch 2: head: train, loss=0.25885088, MAE_E=  843.07 meV, MAE_F=  177.89 meV / A
2025-04-29 14:28:22.020 INFO: Epoch 2: head: validation, loss=0.25608196, MAE_E=  835.96 meV, MAE_F=  168.19 meV / A
2025-04-29 14:28:24.355 INFO: Epoch 3: head: train, loss=0.09059430, MAE_E= 1421.86 meV, MAE_F=  113.88 meV / A
2025-04-29 14:28:24.978 INFO: Epoch 3: head: validation, loss=0.09072785, MAE_E= 1417.48 meV, MAE_F=  107.38 meV / A
2025-04-29 14:28:27.400 INFO: Epoch 4: head: train, loss=0.04093074, MAE_E=  717.07 meV, MAE_F=   79.76 meV / A
2025-04-29 14:28:28.089 INFO: Epoch 4: head: validation, loss=0.03943067, MAE_E=  714.75 meV, MAE_F=   76.39 meV / A
2025-04-29 14:28:30.519 INFO: Epoch 5: head: train, loss=0.04600035, MAE_E=  560.22 meV, MAE_F=   82.44 meV / A
2025-04-29 14:28:31.099 INFO: Epoch 5: head: validation, loss=0.04579162, MAE_E=  558.60 meV, MAE_F=   78.47 meV / A
2025-04-29 14:28:33.464 INFO: Epoch 6: head: train, loss=0.05036586, MAE_E=   47.40 meV, MAE_F=   76.82 meV / A
2025-04-29 14:28:34.088 INFO: Epoch 6: head: validation, loss=0.05167583, MAE_E=   46.92 meV, MAE_F=   75.39 meV / A
2025-04-29 14:28:36.409 INFO: Epoch 7: head: train, loss=0.05299379, MAE_E=   27.12 meV, MAE_F=   70.07 meV / A
2025-04-29 14:28:37.012 INFO: Epoch 7: head: validation, loss=0.05325287, MAE_E=   26.32 meV, MAE_F=   67.69 meV / A
2025-04-29 14:28:39.422 INFO: Epoch 8: head: train, loss=0.02026197, MAE_E=   17.21 meV, MAE_F=   55.84 meV / A
2025-04-29 14:28:40.088 INFO: Epoch 8: head: validation, loss=0.01935092, MAE_E=   17.89 meV, MAE_F=   52.91 meV / A
2025-04-29 14:28:42.442 INFO: Epoch 9: head: train, loss=0.01777037, MAE_E=   33.22 meV, MAE_F=   53.93 meV / A
2025-04-29 14:28:43.052 INFO: Epoch 9: head: validation, loss=0.01670918, MAE_E=   33.93 meV, MAE_F=   50.01 meV / A
2025-04-29 14:28:45.516 INFO: Epoch 10: head: train, loss=0.02143546, MAE_E=   51.37 meV, MAE_F=   57.07 meV / A
2025-04-29 14:28:46.149 INFO: Epoch 10: head: validation, loss=0.02199795, MAE_E=   51.53 meV, MAE_F=   55.79 meV / A
2025-04-29 14:28:48.478 INFO: Epoch 11: head: train, loss=0.02903144, MAE_E=  285.03 meV, MAE_F=   58.62 meV / A
2025-04-29 14:28:49.101 INFO: Epoch 11: head: validation, loss=0.02807688, MAE_E=  286.36 meV, MAE_F=   54.00 meV / A
2025-04-29 14:28:51.363 INFO: Epoch 12: head: train, loss=0.07007563, MAE_E=   48.89 meV, MAE_F=   92.04 meV / A
2025-04-29 14:28:52.004 INFO: Epoch 12: head: validation, loss=0.06814637, MAE_E=   52.59 meV, MAE_F=   85.41 meV / A
2025-04-29 14:28:54.346 INFO: Epoch 13: head: train, loss=0.05033579, MAE_E=  126.31 meV, MAE_F=   79.87 meV / A
2025-04-29 14:28:54.955 INFO: Epoch 13: head: validation, loss=0.04848501, MAE_E=  128.90 meV, MAE_F=   73.17 meV / A
2025-04-29 14:28:57.189 INFO: Epoch 14: head: train, loss=0.04047346, MAE_E=  125.76 meV, MAE_F=   72.16 meV / A
2025-04-29 14:28:57.813 INFO: Epoch 14: head: validation, loss=0.04020951, MAE_E=  127.58 meV, MAE_F=   67.50 meV / A
2025-04-29 14:29:00.157 INFO: Epoch 15: head: train, loss=0.02888843, MAE_E=  320.26 meV, MAE_F=   69.26 meV / A
2025-04-29 14:29:00.740 INFO: Epoch 15: head: validation, loss=0.02846455, MAE_E=  318.68 meV, MAE_F=   64.54 meV / A
2025-04-29 14:29:03.110 INFO: Epoch 16: head: train, loss=0.05941941, MAE_E=  167.32 meV, MAE_F=   83.94 meV / A
2025-04-29 14:29:03.742 INFO: Epoch 16: head: validation, loss=0.05654174, MAE_E=  170.31 meV, MAE_F=   76.58 meV / A
2025-04-29 14:29:06.047 INFO: Epoch 17: head: train, loss=0.05728637, MAE_E=  609.55 meV, MAE_F=   84.20 meV / A
2025-04-29 14:29:06.652 INFO: Epoch 17: head: validation, loss=0.05493495, MAE_E=  612.07 meV, MAE_F=   77.35 meV / A
2025-04-29 14:29:08.984 INFO: Epoch 18: head: train, loss=0.04429445, MAE_E=  241.92 meV, MAE_F=   76.37 meV / A
2025-04-29 14:29:09.606 INFO: Epoch 18: head: validation, loss=0.04257493, MAE_E=  244.13 meV, MAE_F=   69.83 meV / A
2025-04-29 14:29:11.863 INFO: Epoch 19: head: train, loss=0.02905431, MAE_E=   24.09 meV, MAE_F=   65.54 meV / A
2025-04-29 14:29:12.489 INFO: Epoch 19: head: validation, loss=0.02836738, MAE_E=   25.92 meV, MAE_F=   61.01 meV / A
2025-04-29 14:29:14.826 INFO: Epoch 20: head: train, loss=0.02548332, MAE_E=   15.58 meV, MAE_F=   64.80 meV / A
2025-04-29 14:29:15.486 INFO: Epoch 20: head: validation, loss=0.02525040, MAE_E=   17.20 meV, MAE_F=   61.36 meV / A
2025-04-29 14:29:17.626 INFO: Epoch 21: head: train, loss=0.02672821, MAE_E=   41.70 meV, MAE_F=   62.71 meV / A
2025-04-29 14:29:18.236 INFO: Epoch 21: head: validation, loss=0.02561152, MAE_E=   43.58 meV, MAE_F=   58.38 meV / A
2025-04-29 14:29:20.660 INFO: Epoch 22: head: train, loss=0.02697232, MAE_E=   51.67 meV, MAE_F=   64.39 meV / A
2025-04-29 14:29:21.370 INFO: Epoch 22: head: validation, loss=0.02620452, MAE_E=   50.34 meV, MAE_F=   59.99 meV / A
2025-04-29 14:29:23.826 INFO: Epoch 23: head: train, loss=0.02764370, MAE_E=  168.68 meV, MAE_F=   64.95 meV / A
2025-04-29 14:29:24.628 INFO: Epoch 23: head: validation, loss=0.02753228, MAE_E=  167.82 meV, MAE_F=   60.54 meV / A
2025-04-29 14:29:27.016 INFO: Epoch 24: head: train, loss=0.02910217, MAE_E=  139.45 meV, MAE_F=   66.34 meV / A
2025-04-29 14:29:27.663 INFO: Epoch 24: head: validation, loss=0.02886307, MAE_E=  138.59 meV, MAE_F=   61.80 meV / A
2025-04-29 14:29:30.119 INFO: Epoch 25: head: train, loss=0.02662085, MAE_E=  185.51 meV, MAE_F=   61.75 meV / A
2025-04-29 14:29:30.766 INFO: Epoch 25: head: validation, loss=0.02590125, MAE_E=  184.68 meV, MAE_F=   56.80 meV / A
2025-04-29 14:29:33.024 INFO: Epoch 26: head: train, loss=0.02956362, MAE_E=  102.82 meV, MAE_F=   69.66 meV / A
2025-04-29 14:29:33.772 INFO: Epoch 26: head: validation, loss=0.02876773, MAE_E=  101.48 meV, MAE_F=   64.72 meV / A
2025-04-29 14:29:36.095 INFO: Epoch 27: head: train, loss=0.02072074, MAE_E=  111.73 meV, MAE_F=   58.03 meV / A
2025-04-29 14:29:36.752 INFO: Epoch 27: head: validation, loss=0.01917842, MAE_E=  111.51 meV, MAE_F=   54.84 meV / A
2025-04-29 14:29:39.239 INFO: Epoch 28: head: train, loss=0.02572677, MAE_E=  124.30 meV, MAE_F=   67.39 meV / A
2025-04-29 14:29:40.000 INFO: Epoch 28: head: validation, loss=0.02473285, MAE_E=  123.86 meV, MAE_F=   63.71 meV / A
2025-04-29 14:29:42.474 INFO: Epoch 29: head: train, loss=0.02512413, MAE_E=   17.16 meV, MAE_F=   64.60 meV / A
2025-04-29 14:29:43.174 INFO: Epoch 29: head: validation, loss=0.02452693, MAE_E=   16.80 meV, MAE_F=   60.64 meV / A
2025-04-29 14:29:43.174 INFO: Stopping optimization after 20 epochs without improvement
2025-04-29 14:29:43.174 INFO: Training complete
!!!!!!!!!!!!!!!!!!!!!!!!!!!!!!!!!!!!!!!!!!!!!!!!
!!!!!!!!!!!!!!!!!!!!!!!!!!!!!!!!!!!!!!!!!!!!!!!
tensor([0.8328], device='cuda:0') tensor(0., device='cuda:0')
2025-04-29 14:29:43.177 INFO: 
2025-04-29 14:29:43.178 INFO: ===========FINISHED TRAINING===========
2025-04-29 14:29:43.178 INFO: eveluation
2025-04-29 14:29:43.178 INFO: The scale is [0.83276752] and shift is 0.0
2025-04-29 14:29:43.315 INFO: Energy Mean: -23365.889756944445, Variance: 0.03649538770134066
2025-04-29 14:29:43.616 INFO: Energy RMSE: 2.511200189590454
2025-04-29 14:29:43.616 INFO: Energy R2: -171.79242701412824
2025-04-29 14:29:43.616 INFO: Energy MAE: 2.5106120109558105
90
(90, 4, 3)
torch.Size([90, 4, 3])
2025-04-29 14:29:43.617 INFO: Forces RMSE: 0.39936103913209936
2025-04-29 14:29:43.617 INFO: Forces R2: 0.9388003253443046
2025-04-29 14:29:44.147 INFO: Energy Mean: -23365.873649088542, Variance: 0.04534395827187432
2025-04-29 14:29:44.284 INFO: Loading checkpoint: results/latent_charge_embed/bi4-2_logs//sample_3//checkpoints/bi4-2_run-123_epoch-9.pt
2025-04-29 14:29:44.338 INFO: Loaded Stage one model from epoch 9 for evaluation
2025-04-29 14:29:44.338 INFO: Saving model to results/latent_charge_embed/bi4-2_logs/sample_3/checkpoints/bi4-2_run-123.model
2025-04-29 14:29:44.507 INFO: Compiling model, saving metadata to results/latent_charge_embed/bi4-2_logs/sample_3/bi4-2_compiled.model
2025-04-29 14:29:44.601 INFO: Done
Loading saved bootstrap sample 4
Training model 4
Using latent charge and penalty 1
2025-04-29 14:29:45.020 INFO: ===========VERIFYING SETTINGS===========
2025-04-29 14:29:45.020 INFO: MACE version: 0.3.10
2025-04-29 14:29:45.020 INFO: CUDA version: 12.1, CUDA device: 0
default
2025-04-29 14:29:45.026 INFO: ===========LOADING INPUT DATA===========
2025-04-29 14:29:45.026 INFO: Using heads: ['default']
2025-04-29 14:29:45.026 INFO: =============    Processing head default     ===========
2025-04-29 14:29:45.026 INFO: Total number of configurations: train=360, valid=90, 
2025-04-29 14:29:45.030 INFO: Atomic Numbers used: [83]
2025-04-29 14:29:45.030 INFO: Computing average Atomic Energies using least squares regression
{'default': {83: -5841.471866861981}}
2025-04-29 14:29:45.035 INFO: Atomic Energies used (z: eV) for head default: {83: -5841.471866861981}
2025-04-29 14:29:45.154 INFO: Computing average number of neighbors
2025-04-29 14:29:45.758 INFO: Average number of neighbors: 3.0
2025-04-29 14:29:45.758 INFO: During training the following quantities will be reported: energy, forces
2025-04-29 14:29:45.758 INFO: ===========MODEL DETAILS===========
2025-04-29 14:29:45.760 INFO: Building model
2025-04-29 14:29:45.760 INFO: Message passing with 128 channels and max_L=1 (128x0e+128x1o)
2025-04-29 14:29:45.760 INFO: 2 layers, each with correlation order: 3 (body order: 4) and spherical harmonics up to: l=3
2025-04-29 14:29:45.760 INFO: 8 radial and 5 basis functions
2025-04-29 14:29:45.760 INFO: Radial cutoff: 9.0 A (total receptive field for each atom: 18.0 A)
2025-04-29 14:29:45.760 INFO: Distance transform for radial basis functions: None
2025-04-29 14:29:45.760 INFO: Hidden irreps: 128x0e+128x1o
2025-04-29 14:29:46.406 INFO: Mean: 0.00018162583017494234, Std: [0.77533286]
0.0 [0.77533286]
2025-04-29 14:29:46.406 INFO: Scale: [0.77533286], Shift: 0.0
2025-04-29 14:29:47.896 INFO: Total number of parameters: 509618
2025-04-29 14:29:47.896 INFO: 
2025-04-29 14:29:47.896 INFO: ===========OPTIMIZER INFORMATION===========
2025-04-29 14:29:47.896 INFO: Using ADAM as parameter optimizer
2025-04-29 14:29:47.896 INFO: Batch size: 32
2025-04-29 14:29:47.896 INFO: Using Exponential Moving Average with decay: 0.99
2025-04-29 14:29:47.896 INFO: Number of gradient updates: 2250
2025-04-29 14:29:47.896 INFO: Learning rate: 0.01, weight decay: 5e-07
2025-04-29 14:29:47.896 INFO: WeightedEnergyForcesChargeLoss(energy_weight=1.000, forces_weight=100.000, charge_penalty_weight=1.000)
2025-04-29 14:29:47.897 INFO: Using gradient clipping with tolerance=10.000
2025-04-29 14:29:47.898 INFO: 
2025-04-29 14:29:47.898 INFO: ===========TRAINING===========
2025-04-29 14:29:47.898 INFO: Started training, reporting errors on validation set
2025-04-29 14:29:47.898 INFO: Loss metrics on validation set
2025-04-29 14:29:48.877 INFO: Initial: head: validation, loss=5.54242063, MAE_E= 7745.01 meV, MAE_F=  515.79 meV / A
2025-04-29 14:29:51.309 INFO: Epoch 0: head: train, loss=0.30375077, MAE_E= 4138.87 meV, MAE_F=  189.13 meV / A
2025-04-29 14:29:52.143 INFO: Epoch 0: head: validation, loss=0.32547911, MAE_E= 4137.50 meV, MAE_F=  190.53 meV / A
2025-04-29 14:29:54.733 INFO: Epoch 1: head: train, loss=0.21142486, MAE_E= 3506.84 meV, MAE_F=  178.68 meV / A
2025-04-29 14:29:55.392 INFO: Epoch 1: head: validation, loss=0.23351567, MAE_E= 3508.63 meV, MAE_F=  180.88 meV / A
2025-04-29 14:29:57.773 INFO: Epoch 2: head: train, loss=0.06035354, MAE_E=  962.42 meV, MAE_F=   99.89 meV / A
2025-04-29 14:29:58.470 INFO: Epoch 2: head: validation, loss=0.07237383, MAE_E=  960.35 meV, MAE_F=  104.36 meV / A
2025-04-29 14:30:00.905 INFO: Epoch 3: head: train, loss=0.03797934, MAE_E= 1083.60 meV, MAE_F=   77.37 meV / A
2025-04-29 14:30:01.616 INFO: Epoch 3: head: validation, loss=0.04649604, MAE_E= 1085.90 meV, MAE_F=   81.43 meV / A
2025-04-29 14:30:04.073 INFO: Epoch 4: head: train, loss=0.02461162, MAE_E=  536.79 meV, MAE_F=   65.50 meV / A
2025-04-29 14:30:04.713 INFO: Epoch 4: head: validation, loss=0.03023215, MAE_E=  534.65 meV, MAE_F=   68.18 meV / A
2025-04-29 14:30:07.063 INFO: Epoch 5: head: train, loss=0.02772657, MAE_E=   14.92 meV, MAE_F=   59.58 meV / A
2025-04-29 14:30:07.797 INFO: Epoch 5: head: validation, loss=0.03286497, MAE_E=   17.13 meV, MAE_F=   62.17 meV / A
2025-04-29 14:30:10.173 INFO: Epoch 6: head: train, loss=0.01492033, MAE_E=  141.75 meV, MAE_F=   53.15 meV / A
2025-04-29 14:30:10.905 INFO: Epoch 6: head: validation, loss=0.01778213, MAE_E=  140.22 meV, MAE_F=   55.17 meV / A
2025-04-29 14:30:13.445 INFO: Epoch 7: head: train, loss=0.02128040, MAE_E=  249.68 meV, MAE_F=   65.58 meV / A
2025-04-29 14:30:14.120 INFO: Epoch 7: head: validation, loss=0.02316062, MAE_E=  250.43 meV, MAE_F=   66.33 meV / A
2025-04-29 14:30:16.511 INFO: Epoch 8: head: train, loss=0.01644420, MAE_E=   66.88 meV, MAE_F=   52.28 meV / A
2025-04-29 14:30:17.107 INFO: Epoch 8: head: validation, loss=0.01622913, MAE_E=   66.48 meV, MAE_F=   50.89 meV / A
2025-04-29 14:30:19.440 INFO: Epoch 9: head: train, loss=0.01500822, MAE_E=  108.82 meV, MAE_F=   48.34 meV / A
2025-04-29 14:30:20.055 INFO: Epoch 9: head: validation, loss=0.01556299, MAE_E=  108.79 meV, MAE_F=   47.51 meV / A
2025-04-29 14:30:22.465 INFO: Epoch 10: head: train, loss=0.01659109, MAE_E=   67.15 meV, MAE_F=   52.95 meV / A
2025-04-29 14:30:23.178 INFO: Epoch 10: head: validation, loss=0.01792177, MAE_E=   67.10 meV, MAE_F=   51.57 meV / A
2025-04-29 14:30:25.598 INFO: Epoch 11: head: train, loss=0.01277052, MAE_E=   24.80 meV, MAE_F=   44.47 meV / A
2025-04-29 14:30:26.233 INFO: Epoch 11: head: validation, loss=0.01425109, MAE_E=   24.02 meV, MAE_F=   44.92 meV / A
2025-04-29 14:30:28.580 INFO: Epoch 12: head: train, loss=0.01326807, MAE_E=   21.95 meV, MAE_F=   44.71 meV / A
2025-04-29 14:30:29.246 INFO: Epoch 12: head: validation, loss=0.01500620, MAE_E=   20.96 meV, MAE_F=   45.44 meV / A
2025-04-29 14:30:31.579 INFO: Epoch 13: head: train, loss=0.01135384, MAE_E=   24.08 meV, MAE_F=   44.56 meV / A
2025-04-29 14:30:32.205 INFO: Epoch 13: head: validation, loss=0.01329261, MAE_E=   22.68 meV, MAE_F=   45.69 meV / A
2025-04-29 14:30:34.547 INFO: Epoch 14: head: train, loss=0.01215842, MAE_E=   51.93 meV, MAE_F=   46.42 meV / A
2025-04-29 14:30:35.175 INFO: Epoch 14: head: validation, loss=0.01426720, MAE_E=   50.61 meV, MAE_F=   47.52 meV / A
2025-04-29 14:30:37.515 INFO: Epoch 15: head: train, loss=0.01409489, MAE_E=   66.74 meV, MAE_F=   48.75 meV / A
2025-04-29 14:30:38.106 INFO: Epoch 15: head: validation, loss=0.01683001, MAE_E=   65.35 meV, MAE_F=   50.35 meV / A
2025-04-29 14:30:40.410 INFO: Epoch 16: head: train, loss=0.01601761, MAE_E=   75.88 meV, MAE_F=   49.40 meV / A
2025-04-29 14:30:41.177 INFO: Epoch 16: head: validation, loss=0.01890548, MAE_E=   74.67 meV, MAE_F=   50.81 meV / A
2025-04-29 14:30:43.567 INFO: Epoch 17: head: train, loss=0.01848238, MAE_E=  113.49 meV, MAE_F=   51.89 meV / A
2025-04-29 14:30:44.272 INFO: Epoch 17: head: validation, loss=0.02153715, MAE_E=  112.12 meV, MAE_F=   53.08 meV / A
2025-04-29 14:30:46.703 INFO: Epoch 18: head: train, loss=0.01997068, MAE_E=  124.38 meV, MAE_F=   54.71 meV / A
2025-04-29 14:30:47.434 INFO: Epoch 18: head: validation, loss=0.02379486, MAE_E=  122.74 meV, MAE_F=   56.80 meV / A
2025-04-29 14:30:49.975 INFO: Epoch 19: head: train, loss=0.02409124, MAE_E=  168.16 meV, MAE_F=   58.26 meV / A
2025-04-29 14:30:50.611 INFO: Epoch 19: head: validation, loss=0.02762216, MAE_E=  166.72 meV, MAE_F=   59.40 meV / A
2025-04-29 14:30:53.041 INFO: Epoch 20: head: train, loss=0.02406779, MAE_E=  126.22 meV, MAE_F=   59.47 meV / A
2025-04-29 14:30:53.717 INFO: Epoch 20: head: validation, loss=0.02912277, MAE_E=  124.34 meV, MAE_F=   61.67 meV / A
2025-04-29 14:30:56.120 INFO: Epoch 21: head: train, loss=0.01649216, MAE_E=  150.14 meV, MAE_F=   51.39 meV / A
2025-04-29 14:30:56.758 INFO: Epoch 21: head: validation, loss=0.02022014, MAE_E=  152.07 meV, MAE_F=   53.28 meV / A
2025-04-29 14:30:59.031 INFO: Epoch 22: head: train, loss=0.01414994, MAE_E=  295.62 meV, MAE_F=   48.78 meV / A
2025-04-29 14:30:59.760 INFO: Epoch 22: head: validation, loss=0.01720644, MAE_E=  297.10 meV, MAE_F=   50.28 meV / A
2025-04-29 14:31:02.001 INFO: Epoch 23: head: train, loss=0.02382932, MAE_E=  408.82 meV, MAE_F=   63.07 meV / A
2025-04-29 14:31:02.676 INFO: Epoch 23: head: validation, loss=0.02816744, MAE_E=  410.24 meV, MAE_F=   64.50 meV / A
2025-04-29 14:31:05.064 INFO: Epoch 24: head: train, loss=0.05088467, MAE_E=  619.03 meV, MAE_F=   91.03 meV / A
2025-04-29 14:31:05.808 INFO: Epoch 24: head: validation, loss=0.05706610, MAE_E=  619.91 meV, MAE_F=   92.10 meV / A
2025-04-29 14:31:08.126 INFO: Epoch 25: head: train, loss=0.04723105, MAE_E=  161.70 meV, MAE_F=   89.68 meV / A
2025-04-29 14:31:08.777 INFO: Epoch 25: head: validation, loss=0.05260241, MAE_E=  161.93 meV, MAE_F=   90.09 meV / A
2025-04-29 14:31:11.138 INFO: Epoch 26: head: train, loss=0.04070135, MAE_E=   16.49 meV, MAE_F=   79.15 meV / A
2025-04-29 14:31:11.855 INFO: Epoch 26: head: validation, loss=0.04472315, MAE_E=   18.15 meV, MAE_F=   78.43 meV / A
2025-04-29 14:31:14.338 INFO: Epoch 27: head: train, loss=0.03802183, MAE_E=   24.42 meV, MAE_F=   79.52 meV / A
2025-04-29 14:31:14.977 INFO: Epoch 27: head: validation, loss=0.04297452, MAE_E=   25.68 meV, MAE_F=   80.02 meV / A
2025-04-29 14:31:17.366 INFO: Epoch 28: head: train, loss=0.03892441, MAE_E=  401.88 meV, MAE_F=   74.84 meV / A
2025-04-29 14:31:17.924 INFO: Epoch 28: head: validation, loss=0.04506919, MAE_E=  400.52 meV, MAE_F=   76.23 meV / A
2025-04-29 14:31:20.245 INFO: Epoch 29: head: train, loss=0.04219642, MAE_E=  581.99 meV, MAE_F=   79.23 meV / A
2025-04-29 14:31:20.875 INFO: Epoch 29: head: validation, loss=0.04820172, MAE_E=  580.90 meV, MAE_F=   80.16 meV / A
2025-04-29 14:31:23.308 INFO: Epoch 30: head: train, loss=0.03765013, MAE_E=   65.83 meV, MAE_F=   79.21 meV / A
2025-04-29 14:31:23.924 INFO: Epoch 30: head: validation, loss=0.04443264, MAE_E=   64.94 meV, MAE_F=   81.09 meV / A
2025-04-29 14:31:26.323 INFO: Epoch 31: head: train, loss=0.02984236, MAE_E=  251.93 meV, MAE_F=   74.01 meV / A
2025-04-29 14:31:26.908 INFO: Epoch 31: head: validation, loss=0.03628922, MAE_E=  253.37 meV, MAE_F=   76.34 meV / A
2025-04-29 14:31:29.249 INFO: Epoch 32: head: train, loss=0.02917315, MAE_E=  662.57 meV, MAE_F=   71.68 meV / A
2025-04-29 14:31:29.970 INFO: Epoch 32: head: validation, loss=0.03438165, MAE_E=  664.08 meV, MAE_F=   73.07 meV / A
2025-04-29 14:31:32.450 INFO: Epoch 33: head: train, loss=0.05000990, MAE_E= 1544.66 meV, MAE_F=   97.00 meV / A
2025-04-29 14:31:33.066 INFO: Epoch 33: head: validation, loss=0.05674551, MAE_E= 1543.56 meV, MAE_F=   98.00 meV / A
2025-04-29 14:31:33.066 INFO: Stopping optimization after 20 epochs without improvement
2025-04-29 14:31:33.066 INFO: Training complete
!!!!!!!!!!!!!!!!!!!!!!!!!!!!!!!!!!!!!!!!!!!!!!!!
!!!!!!!!!!!!!!!!!!!!!!!!!!!!!!!!!!!!!!!!!!!!!!!
tensor([0.7753], device='cuda:0') tensor(0., device='cuda:0')
2025-04-29 14:31:33.069 INFO: 
2025-04-29 14:31:33.069 INFO: ===========FINISHED TRAINING===========
2025-04-29 14:31:33.069 INFO: eveluation
2025-04-29 14:31:33.069 INFO: The scale is [0.77533286] and shift is 0.0
2025-04-29 14:31:33.202 INFO: Energy Mean: -23365.88513454861, Variance: 0.029448351918915167
2025-04-29 14:31:33.472 INFO: Energy RMSE: 5.1542887687683105
2025-04-29 14:31:33.472 INFO: Energy R2: -901.1452853055722
2025-04-29 14:31:33.472 INFO: Energy MAE: 5.153602600097656
90
(90, 4, 3)
torch.Size([90, 4, 3])
2025-04-29 14:31:33.473 INFO: Forces RMSE: 0.7803840091097193
2025-04-29 14:31:33.473 INFO: Forces R2: 0.7470084912343122
2025-04-29 14:31:33.985 INFO: Energy Mean: -23365.887467447916, Variance: 0.0316636519961887
2025-04-29 14:31:34.104 INFO: Loading checkpoint: results/latent_charge_embed/bi4-2_logs//sample_4//checkpoints/bi4-2_run-123_epoch-13.pt
2025-04-29 14:31:34.151 INFO: Loaded Stage one model from epoch 13 for evaluation
2025-04-29 14:31:34.151 INFO: Saving model to results/latent_charge_embed/bi4-2_logs/sample_4/checkpoints/bi4-2_run-123.model
2025-04-29 14:31:34.317 INFO: Compiling model, saving metadata to results/latent_charge_embed/bi4-2_logs/sample_4/bi4-2_compiled.model
2025-04-29 14:31:34.407 INFO: Done

============================= JOB FEEDBACK =============================

Job ID: 3118327
Cluster: hk
User/Group: hv3694/hk-project-aimat2
Account: hk-project-aimat2
State: COMPLETED (exit code 0)
Partition: accelerated
Nodes: 1
Cores per node: 8
Nodelist: hkn0521
CPU Utilized: 00:19:04
CPU Efficiency: 21.41% of 01:29:04 core-walltime
Job Wall-clock time: 00:11:08
Starttime: Tue Apr 29 14:20:27 2025
Endtime: Tue Apr 29 14:31:35 2025
Memory Utilized: 1.88 GB
Memory Efficiency: 0.00% of 0.00 MB
Energy Consumed: 684033 Joule / 190.009166666667 Watthours
Average node power draw: 1024.00149700599 Watt
